#2018-03-15 10:02:15.414503
#Timestamp[ms]	Reset time[s]	TRIGGER	IN0	IN1	IN2	IN3	IN4	IN5	IN6	IN7	AND0	AND1	AND2
1521108153.041408 19 0 67 61 67 0 0 0 138 83 0 0 0
1521108163.077904 29 0 108 91 87 0 0 0 207 127 0 0 0 
1521108173.033271 39 0 134 126 118 0 0 0 279 158 0 0 0 
1521108183.035739 49 0 157 142 148 0 0 0 354 192 0 0 0 
1521108193.044602 59 0 197 166 184 0 0 0 410 239 0 0 0 
1521108203.03577 68 0 222 195 216 0 0 0 479 280 0 0 0 
1521108213.067305 78 0 262 230 248 0 0 0 525 316 0 0 0 
1521108223.066773 88 0 297 256 285 0 0 0 583 355 0 0 0 
1521108233.051145 98 0 335 280 317 0 0 0 651 392 0 0 0 
1521108243.041147 107 0 359 305 358 0 0 0 702 428 0 0 0 
1521108253.042283 117 0 400 331 397 0 0 0 754 468 0 0 0 
1521108263.041533 127 0 432 359 428 0 0 0 815 505 0 0 0 
1521108273.090447 137 0 470 388 461 0 0 0 877 538 0 0 0 
1521108283.039002 146 0 501 412 488 0 0 0 945 574 0 0 0 
1521108293.050643 156 0 529 448 516 0 0 0 994 630 0 0 0 
1521108303.055441 166 0 561 479 545 0 0 0 1050 678 0 0 0 
1521108313.057576 176 0 589 514 583 0 0 0 1126 713 0 0 0 
1521108323.052585 185 0 625 540 615 0 0 0 1177 748 0 0 0 
1521108333.045975 195 0 663 579 648 0 0 0 1244 788 0 0 0 
1521108343.049223 205 0 707 619 680 0 0 0 1303 824 0 0 0 
1521108353.054889 215 0 732 656 712 0 0 0 1361 863 0 0 0 
1521108363.051876 225 0 761 697 747 0 0 0 1437 902 0 0 0 
1521108373.053747 234 0 792 727 777 0 0 0 1497 935 0 0 0 
1521108383.054108 244 0 825 762 805 0 0 0 1565 970 0 0 0 
1521108393.042625 254 0 855 787 833 0 0 0 1621 1011 0 0 0 
1521108403.044869 264 0 886 819 862 0 0 0 1681 1040 0 0 0 
1521108413.069347 273 0 913 837 886 0 0 0 1752 1079 0 0 0 
1521108423.044567 283 0 948 881 921 0 0 0 1807 1118 0 0 0 
1521108433.054991 293 0 986 912 950 0 0 0 1871 1166 0 0 0 
1521108443.061026 303 0 1021 940 985 0 0 0 1936 1197 0 0 0 
1521108453.070173 312 0 1051 976 1022 0 0 0 1992 1233 0 0 0 
1521108463.061242 322 0 1092 1002 1066 0 0 0 2051 1277 0 0 0 
1521108473.063105 332 0 1129 1027 1108 0 0 0 2114 1333 0 0 0 
1521108483.051437 342 0 1163 1052 1142 0 0 0 2177 1376 0 0 0 
1521108493.05281 351 0 1192 1081 1176 0 0 0 2234 1416 0 0 0 
1521108503.08437 361 0 1218 1107 1206 0 0 0 2297 1460 0 0 0 
1521108513.062436 371 0 1251 1134 1233 0 0 0 2351 1490 0 0 0 
1521108523.065067 381 0 1288 1165 1260 0 0 0 2414 1528 0 0 0 
1521108533.054888 391 0 1317 1196 1293 0 0 0 2476 1568 0 0 0 
1521108543.103207 400 0 1355 1222 1329 0 0 0 2545 1601 0 0 0 
1521108553.070795 410 0 1390 1249 1357 0 0 0 2613 1633 0 0 0 
1521108563.05428 420 0 1418 1284 1398 0 0 0 2686 1672 0 0 0 
1521108573.063189 430 0 1455 1328 1425 0 0 0 2732 1723 0 0 0 
1521108583.091194 439 0 1488 1351 1456 0 0 0 2782 1757 0 0 0 
1521108593.059712 449 0 1522 1385 1493 0 0 0 2845 1794 0 0 0 
1521108603.056508 459 0 1555 1412 1518 0 0 0 2906 1833 0 0 0 
1521108613.062722 469 0 1597 1441 1546 0 0 0 2975 1874 0 0 0 
1521108623.061996 478 0 1638 1473 1594 0 0 0 3041 1909 0 0 0 
1521108633.099282 488 0 1667 1500 1622 0 0 0 3099 1946 0 0 0 
1521108643.054389 498 0 1699 1529 1648 0 0 0 3158 1990 0 0 0 
1521108653.062752 508 0 1736 1568 1688 0 0 0 3235 2025 0 0 0 
1521108663.064895 517 0 1775 1588 1729 0 0 0 3297 2061 0 0 0 
1521108673.062297 527 0 1814 1618 1762 0 0 0 3378 2100 0 0 0 
1521108683.056772 537 0 1847 1638 1789 0 0 0 3434 2146 0 0 0 
1521108693.084215 547 0 1878 1671 1821 0 0 0 3490 2189 0 0 0 
1521108703.063083 557 0 1910 1705 1865 0 0 0 3551 2228 0 0 0 
1521108713.058623 566 0 1941 1735 1903 0 0 0 3604 2268 0 0 0 
1521108723.072218 576 0 1978 1764 1932 0 0 0 3663 2307 0 0 0 
1521108733.063279 586 0 2009 1792 1963 0 0 0 3722 2347 0 0 0 
1521108743.073373 596 0 2041 1814 2004 0 0 0 3790 2372 0 0 0 
1521108753.068683 605 0 2068 1838 2044 0 0 0 3851 2416 0 0 0 
1521108763.069919 615 0 2101 1863 2072 0 0 0 3907 2444 0 0 0 
1521108773.061702 625 0 2141 1891 2113 0 0 0 3977 2487 0 0 0 
1521108783.082003 635 0 2167 1917 2150 0 0 0 4040 2524 0 0 0 
1521108793.083019 644 0 2202 1951 2180 0 0 0 4099 2562 0 0 0 
1521108803.073086 654 0 2235 1978 2219 0 0 0 4149 2606 0 0 0 
1521108813.064425 664 0 2269 2021 2252 0 0 0 4218 2648 0 0 0 
1521108823.064481 674 0 2299 2044 2284 0 0 0 4276 2689 0 0 0 
1521108833.082354 684 0 2342 2074 2319 0 0 0 4345 2721 0 0 0 
1521108843.109234 693 0 2377 2101 2358 0 0 0 4400 2764 0 0 0 
1521108853.064677 703 0 2402 2125 2389 0 0 0 4456 2796 0 0 0 
1521108863.068181 713 0 2431 2157 2425 0 0 0 4517 2831 0 0 0 
1521108873.088948 723 0 2460 2183 2452 0 0 0 4579 2872 0 0 0 
1521108883.091884 732 0 2486 2216 2472 0 0 0 4626 2909 0 0 0 
1521108893.076027 742 0 2523 2248 2509 0 0 0 4693 2938 0 0 0 
1521108903.074346 752 0 2551 2273 2546 0 0 0 4749 2985 0 0 0 
1521108913.100338 762 0 2577 2303 2583 0 0 0 4813 3017 0 0 0 
1521108923.074128 771 0 2615 2328 2614 0 0 0 4883 3051 0 0 0 
1521108933.071588 781 0 2643 2358 2643 0 0 0 4949 3091 0 0 0 
1521108943.077076 791 0 2672 2397 2677 0 0 0 4996 3126 0 0 0 
1521108953.072406 801 0 2703 2428 2715 0 0 0 5053 3174 0 0 0 
1521108963.090512 810 0 2735 2458 2752 0 0 0 5110 3207 0 0 0 
1521108973.080987 820 0 2772 2486 2792 0 0 0 5157 3238 0 0 0 
1521108983.070869 830 0 2808 2511 2827 0 0 0 5217 3275 0 0 0 
1521108993.075564 840 0 2841 2538 2859 0 0 0 5277 3314 0 0 0 
1521109003.071929 850 0 2885 2565 2898 0 0 0 5332 3354 0 0 0 
1521109013.064363 859 0 2921 2597 2930 0 0 0 5397 3402 0 0 0 
1521109023.0771 869 0 2954 2619 2961 0 0 0 5457 3437 0 0 0 
1521109033.102549 879 0 2987 2661 2991 0 0 0 5522 3481 0 0 0 
1521109043.073841 889 0 3025 2688 3024 0 0 0 5557 3526 0 0 0 
1521109053.078969 898 0 3055 2719 3063 0 0 0 5616 3570 0 0 0 
1521109063.075896 908 0 3088 2747 3095 0 0 0 5686 3610 0 0 0 
1521109073.075283 918 0 3120 2776 3130 0 0 0 5742 3650 0 0 0 
1521109083.093203 928 0 3158 2814 3164 0 0 0 5794 3697 0 0 0 
1521109093.086614 937 0 3184 2850 3198 0 0 0 5843 3726 0 0 0 
1521109103.075331 947 0 3212 2888 3230 0 0 0 5900 3761 0 0 0 
1521109113.081557 957 0 3239 2905 3274 0 0 0 5968 3796 0 0 0 
1521109123.109948 967 0 3263 2942 3311 0 0 0 6019 3835 0 0 0 
1521109133.093861 976 0 3308 2975 3355 0 0 0 6086 3879 0 0 0 
1521109143.081331 986 0 3335 3012 3400 0 0 0 6132 3913 0 0 0 
1521109153.08715 996 0 3366 3040 3433 0 0 0 6192 3961 0 0 0 
1521109163.081236 1006 0 3401 3069 3454 0 0 0 6240 3996 0 0 0 
1521109173.111188 1016 0 3425 3099 3490 0 0 0 6306 4035 0 0 0 
1521109183.083177 1025 0 3451 3127 3523 0 0 0 6363 4068 0 0 0 
1521109193.082562 1035 0 3474 3150 3554 0 0 0 6418 4108 0 0 0 
1521109203.090146 1045 0 3496 3189 3589 0 0 0 6486 4153 0 0 0 
1521109213.092366 1055 0 3530 3223 3615 0 0 0 6552 4190 0 0 0 
1521109223.084496 1064 0 3559 3245 3663 0 0 0 6613 4233 0 0 0 
1521109233.084709 1074 0 3587 3282 3704 0 0 0 6661 4274 0 0 0 
1521109243.089279 1084 0 3628 3307 3737 0 0 0 6722 4303 0 0 0 
1521109253.085187 1094 0 3661 3330 3770 0 0 0 6779 4352 0 0 0 
1521109263.119781 1103 0 3693 3367 3810 0 0 0 6831 4380 0 0 0 
1521109273.077965 1113 0 3731 3385 3843 0 0 0 6893 4419 0 0 0 
1521109283.090264 1123 0 3763 3415 3877 0 0 0 6957 4459 0 0 0 
1521109293.092637 1133 0 3792 3444 3909 0 0 0 7022 4497 0 0 0 
1521109303.086447 1142 0 3818 3470 3934 0 0 0 7081 4544 0 0 0 
1521109313.090592 1152 0 3855 3501 3967 0 0 0 7151 4580 0 0 0 
1521109323.095752 1162 0 3886 3523 3994 0 0 0 7217 4609 0 0 0 
1521109333.078572 1172 0 3327 3561 4040 0 0 0 7280 4655 0 0 0 
1521109343.090377 1182 0 3956 3598 4080 0 0 0 7337 4703 0 0 0 
1521109353.102489 1191 0 3977 3630 4113 0 0 0 7410 4753 0 0 0 
1521109363.107616 1201 0 4011 3654 4149 0 0 0 7478 4789 0 0 0 
1521109373.094923 1211 0 4039 3684 4173 0 0 0 7534 4836 0 0 0 
1521109383.094014 1221 0 4068 3718 4223 0 0 0 7588 4872 0 0 0 
1521109393.089723 1230 0 4106 3762 4262 0 0 0 7646 4901 0 0 0 
1521109403.087129 1240 0 4131 3796 4292 0 0 0 7695 4950 0 0 0 
1521109413.104043 1250 0 4157 3823 4317 0 0 0 7758 4980 0 0 0 
1521109423.092516 1260 0 4190 3851 4344 0 0 0 7809 5025 0 0 0 
1521109433.090686 1269 0 4218 3887 4386 0 0 0 7885 5057 0 0 0 
1521109443.090028 1279 0 4251 3913 4407 0 0 0 7940 5102 0 0 0 
1521109453.096442 1289 0 4290 3942 4446 0 0 0 8001 5148 0 0 0 
1521109463.116346 1299 0 4324 3987 4473 0 0 0 8071 5182 0 0 0 
1521109473.128262 1309 0 4358 4012 4514 0 0 0 8148 5226 0 0 0 
1521109483.087887 1318 0 4391 4038 4545 0 0 0 8205 5262 0 0 0 
1521109493.101566 1328 0 4436 4071 4585 0 0 0 8259 5302 0 0 0 
1521109503.088854 1338 0 4463 4091 4610 0 0 0 8345 5340 0 0 0 
1521109513.088949 1348 0 4495 4122 4647 0 0 0 8414 5377 0 0 0 
1521109523.116752 1357 0 4519 4154 4675 0 0 0 8484 5413 0 0 0 
1521109533.084547 1367 0 4548 4178 4705 0 0 0 8532 5452 0 0 0 
1521109543.096908 1377 0 4587 4211 4739 0 0 0 8604 5497 0 0 0 
1521109553.095084 1387 0 4619 4237 4775 0 0 0 8664 5542 0 0 0 
1521109563.121611 1396 0 4651 4271 4815 0 0 0 8722 5572 0 0 0 
1521109573.102478 1406 0 4689 4302 4853 0 0 0 8798 5613 0 0 0 
1521109583.10184 1416 0 4725 4335 4888 0 0 0 8861 5651 0 0 0 
1521109593.094545 1426 0 4747 4369 4925 0 0 0 8920 5689 0 0 0 
1521109603.163068 1435 0 4781 4400 4955 0 0 0 8981 5727 0 0 0 
1521109613.110466 1445 0 4810 4437 4986 0 0 0 9051 5761 0 0 0 
1521109623.104249 1455 0 4840 4458 5013 0 0 0 9103 5802 0 0 0 
1521109633.110254 1465 0 4874 4486 5047 0 0 0 9159 5832 0 0 0 
1521109643.173334 1475 0 4909 4517 5095 0 0 0 9225 5870 0 0 0 
1521109653.145394 1484 0 4937 4553 5131 0 0 0 9280 5904 0 0 0 
1521109663.104705 1494 0 4959 4581 5156 0 0 0 9339 5937 0 0 0 
1521109673.133616 1504 0 5002 4620 5186 0 0 0 9393 5978 0 0 0 
1521109683.116163 1514 0 5044 4639 5218 0 0 0 9451 6005 0 0 0 
1521109693.112759 1523 0 5074 4662 5249 0 0 0 9508 6048 0 0 0 
1521109703.122962 1533 0 5104 4693 5287 0 0 0 9556 6084 0 0 0 
1521109713.106405 1543 0 5143 4725 5327 0 0 0 9609 6129 0 0 0 
1521109723.125889 1553 0 5177 4748 5366 0 0 0 9678 6168 0 0 0 
1521109733.103521 1562 0 5209 4782 5406 0 0 0 9733 6214 0 0 0 
1521109743.161236 1572 0 5244 4805 5434 0 0 0 9794 6255 0 0 0 
1521109753.131604 1582 0 5281 4834 5469 0 0 0 9857 6289 0 0 0 
1521109763.110472 1592 0 5308 4863 5509 0 0 0 9915 6327 0 0 0 
1521109773.134937 1601 0 5334 4887 5548 0 0 0 9978 6364 0 0 0 
1521109783.098017 1611 0 5363 4915 5586 0 0 0 10068 6415 0 0 0 
1521109793.098214 1621 0 5396 4940 5613 0 0 0 10137 6456 0 0 0 
1521109803.114513 1631 0 5437 4973 5650 0 0 0 10200 6507 0 0 0 
1521109813.105308 1641 0 5462 4999 5684 0 0 0 10256 6544 0 0 0 
1521109823.120687 1650 0 5504 5028 5714 0 0 0 10321 6571 0 0 0 
1521109833.147068 1660 0 5537 5059 5761 0 0 0 10388 6612 0 0 0 
1521109843.104713 1670 0 5578 5085 5792 0 0 0 10447 6669 0 0 0 
1521109853.114443 1680 0 5609 5113 5822 0 0 0 10511 6704 0 0 0 
1521109863.114747 1689 0 5641 5150 5860 0 0 0 10578 6739 0 0 0 
1521109873.107528 1699 0 5669 5182 5893 0 0 0 10640 6769 0 0 0 
1521109883.137342 1709 0 5696 5215 5934 0 0 0 10709 6818 0 0 0 
1521109893.127982 1719 0 5727 5239 5966 0 0 0 10767 6858 0 0 0 
1521109903.109719 1728 0 5760 5264 5994 0 0 0 10831 6902 0 0 0 
1521109913.11957 1738 0 5793 5301 6037 0 0 0 10897 6931 0 0 0 
1521109923.11392 1748 0 5824 5324 6070 0 0 0 10974 6966 0 0 0 
1521109933.115384 1758 0 5862 5357 6097 0 0 0 11040 7001 0 0 0 
1521109943.13977 1767 0 5898 5387 6134 0 0 0 11109 7040 0 0 0 
1521109953.109504 1777 0 5928 5420 6171 0 0 0 11167 7082 0 0 0 
1521109963.114782 1787 0 5957 5453 6204 0 0 0 11235 7106 0 0 0 
1521109973.120865 1797 0 5991 5494 6237 0 0 0 11301 7146 0 0 0 
1521109983.112585 1807 0 6021 5526 6277 0 0 0 11368 7181 0 0 0 
1521109993.112912 1816 0 6051 5556 6317 0 0 0 11446 7227 0 0 0 
1521110003.155968 1826 0 6086 5586 6354 0 0 0 11501 7268 0 0 0 
1521110013.11278 1836 0 6117 5618 6383 0 0 0 11569 7309 0 0 0 
1521110023.114679 1846 0 6152 5657 6412 0 0 0 11640 7339 0 0 0 
1521110033.130351 1855 0 6189 5685 6456 0 0 0 11700 7380 0 0 0 
1521110043.120162 1865 0 6225 5720 6486 0 0 0 11768 7411 0 0 0 
1521110053.132304 1875 0 6266 5742 6519 0 0 0 11837 7468 0 0 0 
1521110063.154651 1885 0 6300 5779 6559 0 0 0 11903 7508 0 0 0 
1521110073.116222 1894 0 6333 5802 6604 0 0 0 11967 7554 0 0 0 
1521110083.124308 1904 0 6372 5831 6636 0 0 0 12035 7593 0 0 0 
1521110093.114694 1914 0 6403 5861 6664 0 0 0 12088 7641 0 0 0 
1521110103.121509 1924 0 6440 5897 6697 0 0 0 12147 7682 0 0 0 
1521110113.120497 1934 0 6468 5928 6732 0 0 0 12215 7724 0 0 0 
1521110123.144849 1943 0 6514 5967 6761 0 0 0 12283 7752 0 0 0 
1521110133.134561 1953 0 6551 6005 6801 0 0 0 12355 7807 0 0 0 
1521110143.12814 1963 0 6590 6030 6833 0 0 0 12422 7852 0 0 0 
1521110153.120458 1973 0 6628 6062 6869 0 0 0 12500 7896 0 0 0 
1521110163.11681 1982 0 6667 6090 6901 0 0 0 12560 7939 0 0 0 
1521110173.134361 1992 0 6698 6132 6934 0 0 0 12637 7976 0 0 0 
1521110183.140982 2002 0 6729 6168 6968 0 0 0 12698 8005 0 0 0 
1521110193.131744 2012 0 6769 6205 7007 0 0 0 12771 8051 0 0 0 
1521110203.119049 2021 0 6799 6237 7052 0 0 0 12839 8104 0 0 0 
1521110213.124235 2031 0 6836 6264 7092 0 0 0 12909 8151 0 0 0 
1521110223.132523 2041 0 6872 6294 7125 0 0 0 12974 8185 0 0 0 
1521110233.115106 2051 0 6900 6321 7155 0 0 0 13024 8228 0 0 0 
1521110243.159313 2060 0 6932 6357 7190 0 0 0 13095 8268 0 0 0 
1521110253.14223 2070 0 6971 6385 7215 0 0 0 13161 8313 0 0 0 
1521110263.123868 2080 0 7016 6417 7249 0 0 0 13228 8363 0 0 0 
1521110273.118952 2090 0 7053 6447 7282 0 0 0 13294 8403 0 0 0 
1521110283.13402 2100 0 7086 6482 7318 0 0 0 13365 8443 0 0 0 
1521110293.135937 2109 0 7128 6512 7363 0 0 0 13430 8480 0 0 0 
1521110303.124621 2119 0 7160 6545 7402 0 0 0 13487 8521 0 0 0 
1521110313.138974 2129 0 7188 6575 7444 0 0 0 13557 8554 0 0 0 
1521110323.124393 2139 0 7228 6604 7483 0 0 0 13636 8587 0 0 0 
1521110333.124278 2148 0 7266 6630 7522 0 0 0 13688 8624 0 0 0 
1521110343.114396 2158 0 7293 6661 7561 0 0 0 13742 8663 0 0 0 
1521110353.160297 2168 0 7328 6691 7600 0 0 0 13803 8697 0 0 0 
1521110363.135494 2178 0 7367 6724 7634 0 0 0 13862 8740 0 0 0 
1521110373.120928 2187 0 7402 6744 7668 0 0 0 13924 8782 0 0 0 
1521110383.121286 2197 0 7434 6782 7698 0 0 0 13978 8820 0 0 0 
1521110393.154212 2207 0 7460 6815 7726 0 0 0 14031 8863 0 0 0 
1521110403.140338 2217 0 7497 6853 7767 0 0 0 14110 8892 0 0 0 
1521110413.132797 2226 0 7527 6885 7808 0 0 0 14186 8935 0 0 0 
1521110423.139282 2236 0 7561 6921 7836 0 0 0 14256 8983 0 0 0 
1521110433.124679 2246 0 7601 6956 7864 0 0 0 14331 9020 0 0 0 
1521110443.152365 2256 0 7644 6989 7897 0 0 0 14396 9051 0 0 0 
1521110453.148676 2266 0 7683 7014 7935 0 0 0 14457 9092 0 0 0 
1521110463.127036 2275 0 7715 7041 7976 0 0 0 14520 9124 0 0 0 
1521110473.125084 2285 0 7747 7069 8015 0 0 0 14579 9159 0 0 0 
1521110483.131118 2295 0 7778 7098 8050 0 0 0 14649 9201 0 0 0 
1521110493.138057 2305 0 7806 7136 8086 0 0 0 14725 9246 0 0 0 
1521110503.157128 2314 0 7833 7165 8116 0 0 0 14801 9291 0 0 0 
1521110513.127704 2324 0 7876 7188 8148 0 0 0 14871 9318 0 0 0 
1521110523.134677 2334 0 7908 7218 8181 0 0 0 14958 9358 0 0 0 
1521110533.141943 2344 0 7935 7248 8218 0 0 0 15027 9408 0 0 0 
1521110543.133046 2353 0 7968 7286 8256 0 0 0 15087 9436 0 0 0 
1521110553.174126 2363 0 7998 7326 8295 0 0 0 15145 9463 0 0 0 
1521110563.142175 2373 0 8049 7354 8325 0 0 0 15218 9509 0 0 0 
1521110573.135409 2383 0 8086 7378 8360 0 0 0 15272 9552 0 0 0 
1521110583.13052 2392 0 8121 7406 8399 0 0 0 15336 9589 0 0 0 
1521110593.130473 2402 0 8156 7445 8430 0 0 0 15395 9626 0 0 0 
1521110603.1705 2412 0 8185 7482 8467 0 0 0 15458 9661 0 0 0 
1521110613.148384 2422 0 8221 7523 8501 0 0 0 15520 9705 0 0 0 
1521110623.133556 2432 0 8248 7561 8530 0 0 0 15597 9744 0 0 0 
1521110633.140596 2441 0 8287 7587 8559 0 0 0 15665 9784 0 0 0 
1521110643.180493 2451 0 8326 7633 8597 0 0 0 15720 9825 0 0 0 
1521110653.142266 2461 0 8360 7663 8630 0 0 0 15781 9872 0 0 0 
1521110663.142963 2471 0 8387 7692 8663 0 0 0 15856 9907 0 0 0 
1521110673.134395 2480 0 8427 7720 8710 0 0 0 15928 9954 0 0 0 
1521110683.141393 2490 0 8459 7760 8759 0 0 0 15996 9991 0 0 0 
1521110693.179729 2500 0 8496 7792 8788 0 0 0 16068 10035 0 0 0 
1521110703.137627 2510 0 8532 7823 8823 0 0 0 16132 10082 0 0 0 
1521110713.141799 2519 0 8585 7847 8860 0 0 0 16190 10133 0 0 0 
1521110723.144385 2529 0 8612 7878 8896 0 0 0 16253 10175 0 0 0 
1521110733.142189 2539 0 8648 7920 8941 0 0 0 16320 10218 0 0 0 
1521110743.160367 2549 0 8689 7949 8973 0 0 0 16387 10261 0 0 0 
1521110753.15615 2559 0 8731 7977 9005 0 0 0 16456 10296 0 0 0 
1521110763.140308 2568 0 8773 8004 9034 0 0 0 16512 10345 0 0 0 
1521110773.137087 2578 0 8811 8030 9065 0 0 0 16577 10388 0 0 0 
1521110783.144207 2588 0 8848 8073 9095 0 0 0 16650 10435 0 0 0 
1521110793.140457 2598 0 8891 8107 9133 0 0 0 16725 10475 0 0 0 
1521110803.144038 2607 0 8928 8139 9169 0 0 0 16790 10523 0 0 0 
1521110813.226676 2617 0 8971 8164 9203 0 0 0 16855 10569 0 0 0 
1521110823.143378 2627 0 9001 8198 9236 0 0 0 16908 10622 0 0 0 
1521110833.151277 2637 0 9034 8222 9273 0 0 0 16973 10668 0 0 0 
1521110843.142227 2646 0 9069 8248 9310 0 0 0 17037 10709 0 0 0 
1521110853.171371 2656 0 9102 8270 9345 0 0 0 17088 10751 0 0 0 
1521110863.154191 2666 0 9138 8298 9387 0 0 0 17152 10785 0 0 0 
1521110873.145682 2676 0 9181 8323 9423 0 0 0 17221 10828 0 0 0 
1521110883.14238 2685 0 9217 8344 9459 0 0 0 17274 10875 0 0 0 
1521110893.18296 2695 0 9254 8380 9486 0 0 0 17346 10918 0 0 0 
1521110903.146704 2705 0 9290 8410 9525 0 0 0 17394 10962 0 0 0 
1521110913.151251 2715 0 9330 8433 9559 0 0 0 17445 11018 0 0 0 
1521110923.147458 2725 0 9353 8464 9592 0 0 0 17503 11060 0 0 0 
1521110933.160661 2734 0 9391 8499 9628 0 0 0 17557 11093 0 0 0 
1521110943.180963 2744 0 9431 8527 9672 0 0 0 17623 11132 0 0 0 
1521110953.146299 2754 0 9460 8558 9705 0 0 0 17695 11173 0 0 0 
1521110963.142979 2764 0 9490 8584 9754 0 0 0 17754 11224 0 0 0 
1521110973.157098 2773 0 9523 8616 9788 0 0 0 17825 11258 0 0 0 
1521110983.147029 2783 0 9554 8647 9822 0 0 0 17893 11298 0 0 0 
1521110993.171561 2793 0 9594 8672 9868 0 0 0 17960 11339 0 0 0 
1521111003.162359 2803 0 9623 8699 9910 0 0 0 18045 11368 0 0 0 
1521111013.151429 2812 0 9653 8735 9946 0 0 0 18111 11402 0 0 0 
1521111023.155913 2822 0 9672 8764 9978 0 0 0 18181 11435 0 0 0 
1521111033.17671 2832 0 9708 8790 10012 0 0 0 18255 11480 0 0 0 
1521111043.18074 2842 0 9739 8821 10048 0 0 0 18330 11528 0 0 0 
1521111053.159414 2851 0 9781 8847 10083 0 0 0 18389 11568 0 0 0 
1521111063.174538 2861 0 9808 8887 10112 0 0 0 18454 11609 0 0 0 
1521111073.155872 2871 0 9835 8914 10150 0 0 0 18514 11648 0 0 0 
1521111083.156425 2881 0 9869 8946 10192 0 0 0 18578 11676 0 0 0 
1521111093.194633 2891 0 9996 8983 10227 0 0 0 18624 11713 0 0 0 
1521111103.152645 2900 0 9926 9014 10260 0 0 0 18680 11758 0 0 0 
1521111113.158899 2910 0 9958 9046 10295 0 0 0 18747 11789 0 0 0 
1521111123.150426 2920 0 9988 9077 10335 0 0 0 18805 11835 0 0 0 
1521111133.161925 2930 0 10014 9110 10364 0 0 0 18874 11884 0 0 0 
1521111143.182433 2939 0 10052 9138 10400 0 0 0 18951 11918 0 0 0 
1521111153.156124 2949 0 10089 9172 10437 0 0 0 19016 11951 0 0 0 
1521111163.158253 2959 0 10123 9204 10472 0 0 0 19081 11994 0 0 0 
1521111173.180326 2969 0 10155 9241 10511 0 0 0 19151 12023 0 0 0 
1521111183.181952 2978 0 10199 9269 10550 0 0 0 19203 12050 0 0 0 
1521111193.15955 2988 0 10231 9298 10591 0 0 0 19274 12078 0 0 0 
1521111203.159362 2998 0 10250 9329 10633 0 0 0 19348 12127 0 0 0 
1521111213.166294 3008 0 10283 9359 10682 0 0 0 19413 12163 0 0 0 
1521111223.157364 3017 0 10321 9391 10707 0 0 0 19476 12203 0 0 0 
1521111233.174582 3027 0 10359 9422 10750 0 0 0 19537 12238 0 0 0 
1521111243.158984 3037 0 10394 9455 10793 0 0 0 19602 12283 0 0 0 
1521111253.169298 3047 0 10430 9485 10825 0 0 0 19666 12310 0 0 0 
1521111263.160442 3057 0 10462 9512 10852 0 0 0 19746 12352 0 0 0 
1521111273.160113 3066 0 10501 9542 10876 0 0 0 19817 12380 0 0 0 
1521111283.190634 3076 0 10528 9565 10910 0 0 0 19885 12414 0 0 0 
1521111293.160651 3086 0 10563 9593 10954 0 0 0 19937 12457 0 0 0 
1521111303.166377 3096 0 10591 9623 10991 0 0 0 19992 12504 0 0 0 
1521111313.172414 3105 0 10625 9645 11023 0 0 0 20065 12551 0 0 0 
1521111323.16347 3115 0 10659 9678 11055 0 0 0 20120 12584 0 0 0 
1521111333.164598 3125 0 10695 9705 11087 0 0 0 20183 12609 0 0 0 
1521111343.171445 3135 0 10727 9742 11119 0 0 0 20253 12641 0 0 0 
1521111353.196713 3144 0 10766 9779 11154 0 0 0 20319 12680 0 0 0 
1521111363.167469 3154 0 10798 9805 11186 0 0 0 20372 12720 0 0 0 
1521111373.180958 3164 0 10825 9832 11226 0 0 0 20435 12751 0 0 0 
1521111383.156514 3174 0 10855 9858 11260 0 0 0 20480 12787 0 0 0 
1521111393.156126 3184 0 10897 9898 11304 0 0 0 20547 12830 0 0 0 
1521111403.164303 3193 0 10932 9930 11345 0 0 0 20613 12870 0 0 0 
1521111413.168852 3203 0 10961 9954 11381 0 0 0 20674 12903 0 0 0 
1521111423.184776 3213 0 11003 10000 11414 0 0 0 20719 12937 0 0 0 
1521111433.193356 3223 0 11035 10030 11445 0 0 0 20792 12976 0 0 0 
1521111443.180465 3232 0 11080 10057 11474 0 0 0 20850 13015 0 0 0 
1521111453.178637 3242 0 11111 10087 11508 0 0 0 20920 13048 0 0 0 
1521111463.164117 3252 0 11134 10112 11535 0 0 0 20993 13080 0 0 0 
1521111473.207108 3262 0 11175 10149 11568 0 0 0 21074 13117 0 0 0 
1521111483.177745 3271 0 11212 10175 11598 0 0 0 21131 13154 0 0 0 
1521111493.179913 3281 0 11251 10214 11623 0 0 0 21208 13190 0 0 0 
1521111503.171939 3291 0 11293 10252 11648 0 0 0 21280 13237 0 0 0 
1521111513.18144 3301 0 11327 10275 11701 0 0 0 21347 13275 0 0 0 
1521111523.190994 3310 0 11358 10315 11743 0 0 0 21401 13313 0 0 0 
1521111533.182124 3320 0 11380 10343 11786 0 0 0 21458 13337 0 0 0 
1521111543.174275 3330 0 11411 10378 11810 0 0 0 21526 13375 0 0 0 
1521111553.199848 3340 0 11437 10406 11848 0 0 0 21593 13407 0 0 0 
1521111563.20329 3350 0 11471 10447 11877 0 0 0 21671 13449 0 0 0 
1521111573.179268 3359 0 11498 10473 11915 0 0 0 21740 13493 0 0 0 
1521111583.174715 3369 0 11536 10508 11941 0 0 0 21802 13532 0 0 0 
1521111593.174484 3379 0 11559 10542 11974 0 0 0 21857 13566 0 0 0 
1521111603.181268 3389 0 11604 10584 11995 0 0 0 21902 13621 0 0 0 
1521111613.181442 3398 0 11632 10625 12033 0 0 0 21959 13655 0 0 0 
1521111623.204359 3408 0 11657 10658 12065 0 0 0 22024 13693 0 0 0 
1521111633.175622 3418 0 11687 10697 12094 0 0 0 22086 13733 0 0 0 
1521111643.182065 3428 0 11712 10720 12138 0 0 0 22155 13775 0 0 0 
1521111653.184042 3437 0 11744 10745 12169 0 0 0 22222 13819 0 0 0 
1521111663.183698 3447 0 11785 10776 12207 0 0 0 22281 13856 0 0 0 
1521111673.184507 3457 0 11819 10800 12243 0 0 0 22356 13898 0 0 0 
1521111683.189908 3467 0 11850 10830 12286 0 0 0 22430 13938 0 0 0 
1521111693.180244 3476 0 11887 10852 12316 0 0 0 22511 13982 0 0 0 
1521111703.176611 3486 0 11932 10885 12352 0 0 0 22570 14019 0 0 0 
1521111713.175685 3496 0 11969 10914 12380 0 0 0 22634 14070 0 0 0 
1521111723.18115 3506 0 11998 10954 12406 0 0 0 22690 14117 0 0 0 
1521111733.184745 3516 0 12029 10983 12447 0 0 0 22745 14154 0 0 0 
1521111743.184019 3525 0 12053 11013 12474 0 0 0 22808 14204 0 0 0 
1521111753.184964 3535 0 12083 11044 12503 0 0 0 22875 14245 0 0 0 
1521111763.183168 3545 0 12127 11084 12543 0 0 0 22936 14275 0 0 0 
1521111773.230428 3555 0 12157 11101 12572 0 0 0 22992 14321 0 0 0 
1521111783.20538 3564 0 12184 11127 12609 0 0 0 23059 14354 0 0 0 
1521111793.182403 3574 0 12217 11159 12643 0 0 0 23142 14399 0 0 0 
1521111803.192712 3584 0 12250 11199 12668 0 0 0 23204 14447 0 0 0 
1521111813.192387 3594 0 12291 11228 12697 0 0 0 23279 14492 0 0 0 
1521111823.182186 3603 0 12334 11258 12730 0 0 0 23352 14526 0 0 0 
1521111833.221607 3613 0 12356 11291 12759 0 0 0 23425 14571 0 0 0 
1521111843.194109 3623 0 12403 11330 12796 0 0 0 23498 14623 0 0 0 
1521111853.183911 3633 0 12441 11353 12839 0 0 0 23566 14651 0 0 0 
1521111863.186708 3642 0 12477 11377 12869 0 0 0 23629 14693 0 0 0 
1521111873.206157 3652 0 12513 11417 12904 0 0 0 23700 14732 0 0 0 
1521111883.231399 3662 0 12545 11448 12937 0 0 0 23773 14769 0 0 0 
1521111893.192838 3672 0 12577 11470 12960 0 0 0 23835 14814 0 0 0 
1521111903.191957 3682 0 12609 11495 12994 0 0 0 23914 14852 0 0 0 
1521111913.184207 3691 0 12643 11524 13024 0 0 0 23972 14892 0 0 0 
1521111923.208176 3701 0 12673 11553 13057 0 0 0 24045 14933 0 0 0 
1521111933.19024 3711 0 12703 11581 13105 0 0 0 24122 14983 0 0 0 
1521111943.191389 3721 0 12741 11612 13141 0 0 0 24194 15019 0 0 0 
1521111953.187377 3730 0 12777 11642 13170 0 0 0 24244 15057 0 0 0 
1521111963.191997 3740 0 12811 11677 13220 0 0 0 24307 15097 0 0 0 
1521111973.20028 3750 0 12845 11707 13265 0 0 0 24381 15137 0 0 0 
1521111983.205068 3760 0 12883 11745 13299 0 0 0 24453 15173 0 0 0 
1521111993.190015 3769 0 12913 11777 13356 0 0 0 24519 15215 0 0 0 
1521112003.190218 3779 0 12945 11819 13392 0 0 0 24599 15261 0 0 0 
1521112013.229839 3789 0 12972 11846 13431 0 0 0 24675 15306 0 0 0 
1521112023.230702 3799 0 13009 11879 13469 0 0 0 24740 15349 0 0 0 
1521112033.202333 3809 0 13050 11904 13497 0 0 0 24810 15388 0 0 0 
1521112043.195893 3818 0 13087 11942 13532 0 0 0 24868 15432 0 0 0 
1521112053.191318 3828 0 13126 11970 13567 0 0 0 24931 15459 0 0 0 
1521112063.232011 3838 0 13155 12010 13612 0 0 0 24993 15506 0 0 0 
1521112073.182438 3848 0 13188 12048 13645 0 0 0 25073 15547 0 0 0 
1521112083.20255 3857 0 13229 12083 13681 0 0 0 25150 15595 0 0 0 
1521112093.202863 3867 0 13263 12103 13717 0 0 0 25221 15652 0 0 0 
1521112103.19044 3877 0 13290 12129 13744 0 0 0 25289 15687 0 0 0 
1521112113.22765 3887 0 13324 12160 13779 0 0 0 25346 15727 0 0 0 
1521112123.195753 3896 0 13363 12197 13803 0 0 0 25406 15771 0 0 0 
1521112133.213297 3906 0 13391 12232 13840 0 0 0 25467 15813 0 0 0 
1521112143.204751 3916 0 13428 12261 13872 0 0 0 25543 15849 0 0 0 
1521112153.193659 3926 0 13458 12290 13909 0 0 0 25615 15894 0 0 0 
1521112163.204056 3935 0 13492 12322 13944 0 0 0 25688 15935 0 0 0 
1521112173.206534 3945 0 13530 12358 13977 0 0 0 25751 15974 0 0 0 
1521112183.202507 3955 0 13575 12400 14018 0 0 0 25813 16005 0 0 0 
1521112193.194734 3965 0 13610 12424 14053 0 0 0 25894 16040 0 0 0 
1521112203.235138 3975 0 13656 12459 14084 0 0 0 25971 16086 0 0 0 
1521112213.224281 3984 0 13691 12494 14109 0 0 0 26034 16137 0 0 0 
1521112223.204772 3994 0 13728 12519 14147 0 0 0 26112 16171 0 0 0 
1521112233.203648 4004 0 13757 12552 14176 0 0 0 26177 16210 0 0 0 
1521112243.202311 4014 0 13795 12586 14212 0 0 0 26258 16253 0 0 0 
1521112253.22432 4023 0 13827 12626 14255 0 0 0 26327 16290 0 0 0 
1521112263.197911 4033 0 13857 12652 14285 0 0 0 26390 16328 0 0 0 
1521112273.205362 4043 0 13889 12684 14319 0 0 0 26446 16373 0 0 0 
1521112283.2113 4053 0 13933 12714 14351 0 0 0 26513 16420 0 0 0 
1521112293.202143 4062 0 13970 12736 14381 0 0 0 26585 16455 0 0 0 
1521112303.21036 4072 0 14012 12774 14420 0 0 0 26663 16503 0 0 0 
1521112313.219757 4082 0 14040 12805 14447 0 0 0 26738 16545 0 0 0 
1521112323.204522 4092 0 14071 12853 14492 0 0 0 26810 16587 0 0 0 
1521112333.204802 4101 0 14113 12876 14530 0 0 0 26876 16624 0 0 0 
1521112343.202367 4111 0 14154 12909 14566 0 0 0 26947 16667 0 0 0 
1521112353.206606 4121 0 14189 12945 14601 0 0 0 27012 16718 0 0 0 
1521112363.24985 4131 0 14221 12976 14636 0 0 0 27091 16777 0 0 0 
1521112373.203726 4141 0 14255 13018 14681 0 0 0 27148 16811 0 0 0 
1521112383.20043 4150 0 14286 13060 14711 0 0 0 27219 16851 0 0 0 
1521112393.22004 4160 0 14317 13088 14744 0 0 0 27290 16886 0 0 0 
1521112403.218318 4170 0 14353 13122 14785 0 0 0 27352 16932 0 0 0 
1521112413.220503 4180 0 14391 13162 14822 0 0 0 27411 16985 0 0 0 
1521112423.21387 4189 0 14423 13194 14862 0 0 0 27481 17030 0 0 0 
1521112433.220566 4199 0 14468 13223 14898 0 0 0 27552 17069 0 0 0 
1521112443.232962 4209 0 14501 13256 14933 0 0 0 27619 17114 0 0 0 
1521112453.201875 4219 0 14541 13290 14969 0 0 0 27672 17161 0 0 0 
1521112463.204255 4228 0 14579 13316 15001 0 0 0 27750 17211 0 0 0 
1521112473.20855 4238 0 14617 13348 15038 0 0 0 27819 17265 0 0 0 
1521112483.205309 4248 0 14641 13385 15071 0 0 0 27882 17307 0 0 0 
1521112493.207821 4258 0 14681 13423 15111 0 0 0 27948 17361 0 0 0 
1521112503.20688 4267 0 14711 13449 15158 0 0 0 28016 17409 0 0 0 
1521112513.206685 4277 0 14753 13491 15198 0 0 0 28073 17451 0 0 0 
1521112523.205102 4287 0 14786 13530 15242 0 0 0 28139 17503 0 0 0 
1521112533.2064 4297 0 14827 13557 15274 0 0 0 28194 17550 0 0 0 
1521112543.219499 4307 0 14863 13593 15307 0 0 0 28266 17595 0 0 0 
1521112553.225511 4316 0 14895 13614 15338 0 0 0 28327 17640 0 0 0 
1521112563.221696 4326 0 14927 13653 15366 0 0 0 28393 17685 0 0 0 
1521112573.24015 4336 0 14964 13694 15401 0 0 0 28469 17744 0 0 0 
1521112583.210701 4346 0 14993 13729 15428 0 0 0 28528 17791 0 0 0 
1521112593.211748 4355 0 15036 13771 15459 0 0 0 28596 17828 0 0 0 
1521112603.211855 4365 0 15072 13815 15488 0 0 0 28682 17880 0 0 0 
1521112613.208963 4375 0 15111 13844 15530 0 0 0 28735 17928 0 0 0 
1521112623.22022 4385 0 15143 13880 15569 0 0 0 28805 17986 0 0 0 
1521112633.210007 4394 0 15187 13904 15601 0 0 0 28869 18034 0 0 0 
1521112643.204442 4404 0 15228 13938 15636 0 0 0 28946 18084 0 0 0 
1521112653.213697 4414 0 15254 13960 15680 0 0 0 29018 18127 0 0 0 
1521112663.220137 4424 0 15306 13999 15715 0 0 0 29075 18168 0 0 0 
1521112673.205694 4434 0 15343 14033 15772 0 0 0 29154 18218 0 0 0 
1521112683.203369 4443 0 15371 14067 15810 0 0 0 29222 18267 0 0 0 
1521112693.20248 4453 0 15399 14096 15841 0 0 0 29295 18316 0 0 0 
1521112703.221971 4463 0 15424 14140 15865 0 0 0 29359 18371 0 0 0 
1521112713.210617 4473 0 15461 14172 15891 0 0 0 29426 18409 0 0 0 
1521112723.227763 4482 0 15500 14212 15930 0 0 0 29488 18456 0 0 0 
1521112733.216368 4492 0 15536 14251 15966 0 0 0 29561 18505 0 0 0 
1521112743.223827 4502 0 15573 14281 16002 0 0 0 29629 18550 0 0 0 
1521112753.215695 4512 0 15619 14305 16037 0 0 0 29699 18594 0 0 0 
1521112763.214234 4521 0 15654 14332 16065 0 0 0 29776 18649 0 0 0 
1521112773.212251 4531 0 15687 14367 16104 0 0 0 29865 18688 0 0 0 
1521112783.214964 4541 0 15721 14392 16139 0 0 0 29925 18726 0 0 0 
1521112793.230239 4551 0 15762 14428 16196 0 0 0 30004 18766 0 0 0 
1521112803.21252 4560 0 15803 14456 16234 0 0 0 30067 18810 0 0 0 
1521112813.242573 4570 0 15835 14491 16266 0 0 0 30143 18847 0 0 0 
1521112823.225195 4580 0 15859 14528 16303 0 0 0 30218 18882 0 0 0 
1521112833.242286 4590 0 15883 14561 16337 0 0 0 30294 18931 0 0 0 
1521112843.221286 4600 0 15923 14594 16359 0 0 0 30375 18968 0 0 0 
1521112853.21549 4609 0 15963 14624 16394 0 0 0 30466 19018 0 0 0 
1521112863.220727 4619 0 15986 14654 16428 0 0 0 30534 19053 0 0 0 
1521112873.220889 4629 0 16021 14682 16463 0 0 0 30607 19099 0 0 0 
1521112883.230157 4639 0 16055 14713 16489 0 0 0 30676 19145 0 0 0 
1521112893.207114 4648 0 16091 14748 16524 0 0 0 30756 19190 0 0 0 
1521112903.213788 4658 0 16122 14783 16562 0 0 0 30810 19240 0 0 0 
1521112913.22703 4668 0 16152 14813 16593 0 0 0 30868 19287 0 0 0 
1521112923.220489 4678 0 16187 14843 16620 0 0 0 30941 19334 0 0 0 
1521112933.220298 4687 0 16220 14873 16654 0 0 0 31009 19375 0 0 0 
1521112943.222816 4697 0 16251 14909 16690 0 0 0 31066 19412 0 0 0 
1521112953.222432 4707 0 16286 14947 16730 0 0 0 31127 19459 0 0 0 
1521112963.253415 4717 0 16315 14989 16765 0 0 0 31198 19499 0 0 0 
1521112973.227339 4726 0 16345 15017 16793 0 0 0 31264 19529 0 0 0 
1521112983.236699 4736 0 16383 15048 16822 0 0 0 31341 19567 0 0 0 
1521112993.226303 4746 0 16412 15098 16860 0 0 0 31402 19601 0 0 0 
1521113003.224449 4756 0 16438 15129 16898 0 0 0 31463 19650 0 0 0 
1521113013.226395 4766 0 16470 15163 16931 0 0 0 31526 19710 0 0 0 
1521113023.220686 4775 0 16494 15208 16958 0 0 0 31584 19750 0 0 0 
1521113033.230067 4785 0 16528 15241 16991 0 0 0 31643 19793 0 0 0 
1521113043.230126 4795 0 16563 15270 17027 0 0 0 31703 19823 0 0 0 
1521113053.223126 4805 0 16605 15298 17072 0 0 0 31763 19853 0 0 0 
1521113063.219121 4814 0 16638 15332 17103 0 0 0 31822 19892 0 0 0 
1521113073.223768 4824 0 16680 15370 17137 0 0 0 31884 19935 0 0 0 
1521113083.233194 4834 0 16716 15407 17173 0 0 0 31942 19977 0 0 0 
1521113093.23523 4844 0 16752 15442 17211 0 0 0 32014 20016 0 0 0 
1521113103.23072 4853 0 16795 15461 17245 0 0 0 32089 20059 0 0 0 
1521113113.236891 4863 0 16829 15488 17294 0 0 0 32159 20099 0 0 0 
1521113123.225157 4873 0 16865 15514 17338 0 0 0 32221 20143 0 0 0 
1521113133.221785 4883 0 16907 15544 17378 0 0 0 32276 20188 0 0 0 
1521113143.24126 4892 0 16942 15571 17406 0 0 0 32337 20219 0 0 0 
1521113153.223595 4902 0 16975 15603 17432 0 0 0 32395 20256 0 0 0 
1521113163.221635 4912 0 17006 15642 17468 0 0 0 32472 20288 0 0 0 
1521113173.234961 4922 0 17035 15664 17501 0 0 0 32543 20334 0 0 0 
1521113183.225609 4932 0 17069 15708 17528 0 0 0 32594 20368 0 0 0 
1521113193.225684 4941 0 17112 15740 17561 0 0 0 32667 20409 0 0 0 
1521113203.266386 4951 0 17159 15770 17590 0 0 0 32729 20455 0 0 0 
1521113213.231517 4961 0 17200 15803 17613 0 0 0 32810 20495 0 0 0 
1521113223.244675 4971 0 17235 15837 17639 0 0 0 32883 20548 0 0 0 
1521113233.23679 4980 0 17283 15874 17671 0 0 0 32953 20600 0 0 0 
1521113243.230331 4990 0 17325 15910 17707 0 0 0 33009 20640 0 0 0 
1521113253.236774 5000 0 17356 15940 17735 0 0 0 33078 20685 0 0 0 
1521113263.25018 5010 0 17392 15969 17764 0 0 0 33139 20732 0 0 0 
1521113273.230217 5019 0 17431 15997 17798 0 0 0 33189 20775 0 0 0 
1521113283.241886 5029 0 17469 16028 17827 0 0 0 33271 20824 0 0 0 
1521113293.238495 5039 0 17505 16064 17872 0 0 0 33334 20864 0 0 0 
1521113303.234628 5049 0 17538 16098 17909 0 0 0 33392 20900 0 0 0 
1521113313.244326 5059 0 17573 16131 17937 0 0 0 33478 20942 0 0 0 
1521113323.231933 5068 0 17608 16158 17970 0 0 0 33549 20976 0 0 0 
1521113333.261985 5078 0 17640 16193 18007 0 0 0 33628 21029 0 0 0 
1521113343.239211 5088 0 17678 16223 18043 0 0 0 33699 21072 0 0 0 
1521113353.257079 5098 0 17726 16254 18092 0 0 0 33753 21116 0 0 0 
1521113363.238041 5107 0 17760 16289 18128 0 0 0 33817 21149 0 0 0 
1521113373.243131 5117 0 17796 16315 18166 0 0 0 33888 21189 0 0 0 
1521113383.232329 5127 0 17828 16341 18203 0 0 0 33958 21232 0 0 0 
1521113393.230795 5137 0 17863 16369 18246 0 0 0 34052 21284 0 0 0 
1521113403.257077 5146 0 17893 16403 18289 0 0 0 34113 21316 0 0 0 
1521113413.236326 5156 0 17927 16429 18322 0 0 0 34176 21351 0 0 0 
1521113423.233736 5166 0 17953 16457 18358 0 0 0 34242 21394 0 0 0 
1521113433.259361 5176 0 17988 16485 18391 0 0 0 34309 21433 0 0 0 
1521113443.240642 5185 0 18016 16512 18427 0 0 0 34397 21480 0 0 0 
1521113453.24196 5195 0 18047 16549 18460 0 0 0 34482 21527 0 0 0 
1521113463.273891 5205 0 18081 16580 18505 0 0 0 34543 21563 0 0 0 
1521113473.241211 5215 0 18118 16609 18536 0 0 0 34615 21601 0 0 0 
1521113483.250096 5225 0 18160 16642 18563 0 0 0 34691 21648 0 0 0 
1521113493.247333 5234 0 18188 16665 18602 0 0 0 34756 21678 0 0 0 
1521113503.247502 5244 0 18226 16695 18633 0 0 0 34834 21727 0 0 0 
1521113513.252519 5254 0 18255 16720 18677 0 0 0 34897 21770 0 0 0 
1521113523.244737 5264 0 18286 16744 18707 0 0 0 34991 21809 0 0 0 
1521113533.248534 5273 0 18326 16779 18733 0 0 0 35059 21849 0 0 0 
1521113543.252027 5283 0 18361 16823 18762 0 0 0 35122 21891 0 0 0 
1521113553.237098 5293 0 18406 16851 18793 0 0 0 35184 21927 0 0 0 
1521113563.239662 5303 0 18444 16878 18829 0 0 0 35269 21970 0 0 0 
1521113573.252863 5312 0 18478 16915 18860 0 0 0 35335 22004 0 0 0 
1521113583.242081 5322 0 18516 16949 18913 0 0 0 35418 22061 0 0 0 
1521113593.261225 5332 0 18552 16977 18946 0 0 0 35487 22106 0 0 0 
1521113603.255905 5342 0 18592 17014 18973 0 0 0 35548 22150 0 0 0 
1521113613.262794 5351 0 18637 17048 19009 0 0 0 35613 22194 0 0 0 
1521113623.246316 5361 0 18664 17072 19042 0 0 0 35694 22234 0 0 0 
1521113633.267473 5371 0 18702 17113 19081 0 0 0 35764 22270 0 0 0 
1521113643.245851 5381 0 18737 17143 19115 0 0 0 35840 22311 0 0 0 
1521113653.257735 5391 0 18767 17180 19155 0 0 0 35921 22344 0 0 0 
1521113663.263932 5400 0 18802 17221 19191 0 0 0 35982 22378 0 0 0 
1521113673.250503 5410 0 18838 17256 19233 0 0 0 36055 22416 0 0 0 
1521113683.252154 5420 0 18867 17290 19266 0 0 0 36128 22468 0 0 0 
1521113693.251203 5430 0 18907 17332 19304 0 0 0 36198 22510 0 0 0 
1521113703.244468 5439 0 18946 17361 19330 0 0 0 36258 22556 0 0 0 
1521113713.244935 5449 0 18973 17386 19368 0 0 0 36310 22602 0 0 0 
1521113723.259101 5459 0 19018 17421 19399 0 0 0 36372 22641 0 0 0 
1521113733.250504 5469 0 19050 17451 19428 0 0 0 36449 22688 0 0 0 
1521113743.252575 5478 0 19082 17480 19475 0 0 0 36508 22730 0 0 0 
1521113753.259637 5488 0 19123 17512 19507 0 0 0 36575 22781 0 0 0 
1521113763.253717 5498 0 19158 17536 19535 0 0 0 36637 22816 0 0 0 
1521113773.250138 5508 0 19197 17571 19572 0 0 0 36687 22855 0 0 0 
1521113783.256949 5517 0 19227 17600 19617 0 0 0 36758 22906 0 0 0 
1521113793.253603 5527 0 19260 17632 19652 0 0 0 36830 22951 0 0 0 
1521113803.28135 5537 0 19294 17671 19683 0 0 0 36907 22988 0 0 0 
1521113813.248939 5547 0 19334 17701 19712 0 0 0 36970 23025 0 0 0 
1521113823.283851 5557 0 19376 17730 19746 0 0 0 37041 23074 0 0 0 
1521113833.259246 5566 0 19408 17759 19779 0 0 0 37117 23119 0 0 0 
1521113843.275072 5576 0 19441 17791 19815 0 0 0 37194 23169 0 0 0 
1521113853.262251 5586 0 19467 17820 19853 0 0 0 37281 23213 0 0 0 
1521113863.256881 5596 0 19508 17844 19884 0 0 0 37346 23253 0 0 0 
1521113873.25246 5605 0 19540 17870 19914 0 0 0 37407 23302 0 0 0 
1521113883.249155 5615 0 19570 17899 19956 0 0 0 37482 23343 0 0 0 
1521113893.260718 5625 0 19604 17932 19991 0 0 0 37543 23383 0 0 0 
1521113903.253013 5635 0 19631 17971 20034 0 0 0 37611 23425 0 0 0 
1521113913.256421 5644 0 19676 17998 20065 0 0 0 37683 23472 0 0 0 
1521113923.266831 5654 0 19718 18029 20102 0 0 0 37747 23525 0 0 0 
1521113933.273692 5664 0 19765 18059 20141 0 0 0 37821 23551 0 0 0 
1521113943.266265 5674 0 19799 18096 20169 0 0 0 37903 23605 0 0 0 
1521113953.281338 5684 0 19845 18124 20199 0 0 0 37977 23637 0 0 0 
1521113963.259049 5693 0 19877 18159 20238 0 0 0 38047 23685 0 0 0 
1521113973.257404 5703 0 19908 18183 20293 0 0 0 38115 23734 0 0 0 
1521113983.267591 5713 0 19944 18219 20324 0 0 0 38172 23772 0 0 0 
1521113993.26183 5723 0 19971 18248 20351 0 0 0 38253 23817 0 0 0 
1521114003.259972 5732 0 20006 18277 20380 0 0 0 38327 23858 0 0 0 
1521114013.257405 5742 0 20035 18306 20417 0 0 0 38390 23911 0 0 0 
1521114023.263779 5752 0 20069 18335 20454 0 0 0 38467 23970 0 0 0 
1521114033.269504 5762 0 20101 18368 20491 0 0 0 38536 24017 0 0 0 
1521114043.273507 5771 0 20142 18396 20531 0 0 0 38609 24055 0 0 0 
1521114053.263527 5781 0 20174 18435 20573 0 0 0 38676 24098 0 0 0 
1521114063.298294 5791 0 20204 18470 20612 0 0 0 38736 24137 0 0 0 
1521114073.255964 5801 0 20238 18501 20644 0 0 0 38812 24193 0 0 0 
1521114083.261818 5810 0 20264 18541 20680 0 0 0 38873 24240 0 0 0 
1521114093.277635 5820 0 20303 18568 20705 0 0 0 38935 24275 0 0 0 
1521114103.264681 5830 0 20335 18594 20745 0 0 0 39002 24320 0 0 0 
1521114113.269274 5840 0 20362 18630 20780 0 0 0 39070 24357 0 0 0 
1521114123.262917 5850 0 20404 18659 20807 0 0 0 39127 24400 0 0 0 
1521114133.27747 5859 0 20446 18683 20842 0 0 0 39198 24449 0 0 0 
1521114143.269546 5869 0 20488 18721 20878 0 0 0 39269 24496 0 0 0 
1521114153.301871 5879 0 20524 18748 20915 0 0 0 39336 24529 0 0 0 
1521114163.265511 5889 0 20560 18779 20947 0 0 0 39408 24569 0 0 0 
1521114173.28932 5898 0 20601 18819 20980 0 0 0 39464 24615 0 0 0 
1521114183.268144 5908 0 20634 18863 21009 0 0 0 39530 24663 0 0 0 
1521114193.300417 5918 0 20659 18887 21051 0 0 0 39586 24698 0 0 0 
1521114203.27397 5928 0 20696 18908 21083 0 0 0 39646 24751 0 0 0 
1521114213.274208 5937 0 20732 18930 21132 0 0 0 39712 24786 0 0 0 
1521114223.266554 5947 0 20763 18971 21172 0 0 0 39777 24827 0 0 0 
1521114233.283428 5957 0 20798 19009 21202 0 0 0 39857 24873 0 0 0 
1521114243.267091 5967 0 20843 19038 21239 0 0 0 39934 24917 0 0 0 
1521114253.278133 5976 0 20883 19063 21277 0 0 0 40010 24962 0 0 0 
1521114263.288058 5986 0 20914 19097 21311 0 0 0 40078 25009 0 0 0 
1521114273.2697 5996 0 20938 19144 21348 0 0 0 40147 25050 0 0 0 
1521114283.278384 6006 0 20978 19179 21390 0 0 0 40216 25099 0 0 0 
1521114293.286854 6016 0 21017 19214 21425 0 0 0 40295 25140 0 0 0 
1521114303.282971 6025 0 21059 19238 21456 0 0 0 40356 25169 0 0 0 
1521114313.281558 6035 0 21091 19274 21489 0 0 0 40420 25203 0 0 0 
1521114323.280576 6045 0 21139 19304 21521 0 0 0 40493 25248 0 0 0 
1521114333.266986 6055 0 21170 19330 21549 0 0 0 40566 25281 0 0 0 
1521114343.26708 6064 0 21217 19354 21575 0 0 0 40629 25316 0 0 0 
1521114353.290183 6074 0 21252 19390 21610 0 0 0 40718 25375 0 0 0 
1521114363.272108 6084 0 21297 19413 21648 0 0 0 40787 25415 0 0 0 
1521114373.291084 6094 0 21343 19448 21689 0 0 0 40868 25466 0 0 0 
1521114383.27272 6103 0 21376 19479 21733 0 0 0 40934 25517 0 0 0 
1521114393.307004 6113 0 21416 19508 21773 0 0 0 40993 25547 0 0 0 
1521114403.2791 6123 0 21452 19524 21821 0 0 0 41065 25589 0 0 0 
1521114413.301277 6133 0 21490 19549 21844 0 0 0 41128 25630 0 0 0 
1521114423.277237 6142 0 21532 19586 21876 0 0 0 41189 25663 0 0 0 
1521114433.284177 6152 0 21558 19611 21911 0 0 0 41274 25706 0 0 0 
1521114443.272537 6162 0 21605 19632 21953 0 0 0 41343 25753 0 0 0 
1521114453.273738 6172 0 21642 19664 21994 0 0 0 41406 25796 0 0 0 
1521114463.283986 6182 0 21676 19697 22035 0 0 0 41475 25827 0 0 0 
1521114473.275693 6191 0 21723 19731 22068 0 0 0 41546 25870 0 0 0 
1521114483.271686 6201 0 21759 19765 22099 0 0 0 41606 25909 0 0 0 
1521114493.288444 6211 0 21804 19797 22139 0 0 0 41683 25946 0 0 0 
1521114503.28759 6221 0 21843 19835 22169 0 0 0 41759 25982 0 0 0 
1521114513.276784 6230 0 21884 19866 22204 0 0 0 41832 26025 0 0 0 
1521114523.311292 6240 0 21927 19904 22245 0 0 0 41891 26078 0 0 0 
1521114533.280058 6250 0 21958 19935 22270 0 0 0 41954 26114 0 0 0 
1521114543.312109 6260 0 21985 19969 22310 0 0 0 42021 26157 0 0 0 
1521114553.299574 6269 0 22030 20006 22348 0 0 0 42076 26196 0 0 0 
1521114563.276993 6279 0 22058 20040 22387 0 0 0 42136 26250 0 0 0 
1521114573.290093 6289 0 22093 20075 22420 0 0 0 42208 26296 0 0 0 
1521114583.292147 6299 0 22123 20104 22448 0 0 0 42274 26345 0 0 0 
1521114593.280134 6309 0 22160 20138 22483 0 0 0 42337 26397 0 0 0 
1521114603.287951 6318 0 22206 20176 22518 0 0 0 42404 26440 0 0 0 
1521114613.290118 6328 0 22243 20194 22553 0 0 0 42471 26482 0 0 0 
1521114623.279701 6338 0 22290 20215 22585 0 0 0 42554 26525 0 0 0 
1521114633.29215 6348 0 22326 20248 22617 0 0 0 42630 26570 0 0 0 
1521114643.281781 6357 0 22366 20283 22636 0 0 0 42696 26613 0 0 0 
1521114653.308084 6367 0 22408 20326 22664 0 0 0 42769 26650 0 0 0 
1521114663.288412 6377 0 22445 20346 22697 0 0 0 42838 26696 0 0 0 
1521114673.287356 6387 0 22471 20379 22733 0 0 0 42909 26739 0 0 0 
1521114683.287999 6396 0 22497 20412 22762 0 0 0 42967 26776 0 0 0 
1521114693.287152 6406 0 22525 20448 22798 0 0 0 43041 26828 0 0 0 
1521114703.284752 6416 0 22553 20471 22825 0 0 0 43105 26879 0 0 0 
1521114713.286657 6426 0 22593 20503 22856 0 0 0 43166 26915 0 0 0 
1521114723.300636 6435 0 22626 20536 22891 0 0 0 43241 26955 0 0 0 
1521114733.288417 6445 0 22680 20565 22929 0 0 0 43316 27011 0 0 0 
1521114743.292026 6455 0 22715 20604 22961 0 0 0 43381 27049 0 0 0 
1521114753.287429 6465 0 22747 20636 23002 0 0 0 43441 27090 0 0 0 
1521114763.309999 6475 0 22784 20675 23028 0 0 0 43514 27120 0 0 0 
1521114773.289616 6484 0 22819 20711 23062 0 0 0 43575 27166 0 0 0 
1521114783.326047 6494 0 22854 20745 23090 0 0 0 43657 27202 0 0 0 
1521114793.287275 6504 0 22889 20774 23138 0 0 0 43729 27240 0 0 0 
1521114803.2947 6514 0 22929 20817 23180 0 0 0 43802 27285 0 0 0 
1521114813.302459 6523 0 22963 20848 23211 0 0 0 43876 27326 0 0 0 
1521114823.29856 6533 0 22989 20878 23258 0 0 0 43943 27367 0 0 0 
1521114833.309602 6543 0 23019 20905 23302 0 0 0 43996 27410 0 0 0 
1521114843.307297 6553 0 23057 20939 23346 0 0 0 44056 27454 0 0 0 
1521114853.293282 6562 0 23102 20956 23382 0 0 0 44117 27504 0 0 0 
1521114863.297812 6572 0 23130 20993 23403 0 0 0 44176 27552 0 0 0 
1521114873.289454 6582 0 23148 21023 23445 0 0 0 44247 27590 0 0 0 
1521114883.294738 6592 0 23184 21059 23476 0 0 0 44310 27635 0 0 0 
1521114893.301871 6601 0 23215 21088 23506 0 0 0 44383 27681 0 0 0 
1521114903.286941 6611 0 23247 21118 23555 0 0 0 44457 27724 0 0 0 
1521114913.288235 6621 0 23272 21154 23589 0 0 0 44535 27763 0 0 0 
1521114923.304966 6631 0 23306 21176 23617 0 0 0 44605 27802 0 0 0 
1521114933.293092 6641 0 23352 21202 23647 0 0 0 44680 27848 0 0 0 
1521114943.295104 6650 0 23398 21235 23686 0 0 0 44749 27872 0 0 0 
1521114953.331859 6660 0 23439 21282 23720 0 0 0 44816 27912 0 0 0 
1521114963.293172 6670 0 23469 21313 23752 0 0 0 44883 27950 0 0 0 
1521114973.351725 6680 0 23500 21355 23797 0 0 0 44936 27997 0 0 0 
1521114983.304623 6689 0 23534 21382 23837 0 0 0 44999 28042 0 0 0 
1521114993.306056 6699 0 23569 21408 23867 0 0 0 45048 28077 0 0 0 
1521115003.314934 6709 0 23604 21433 23912 0 0 0 45117 28115 0 0 0 
1521115013.30433 6719 0 23639 21468 23950 0 0 0 45191 28159 0 0 0 
1521115023.296953 6728 0 23675 21497 23994 0 0 0 45247 28222 0 0 0 
1521115033.309876 6738 0 23701 21535 24022 0 0 0 45323 28268 0 0 0 
1521115043.306381 6748 0 23738 21574 24062 0 0 0 45376 28296 0 0 0 
1521115053.301354 6758 0 23771 21610 24100 0 0 0 45445 28332 0 0 0 
1521115063.326942 6767 0 23794 21646 24132 0 0 0 45524 28382 0 0 0 
1521115073.306552 6777 0 23824 21679 24162 0 0 0 45584 28427 0 0 0 
1521115083.325504 6787 0 23863 21702 24213 0 0 0 45639 28468 0 0 0 
1521115093.311249 6797 0 23897 21728 24250 0 0 0 45704 28502 0 0 0 
1521115103.308494 6807 0 23928 21765 24282 0 0 0 45773 28537 0 0 0 
1521115113.305076 6816 0 23970 21794 24308 0 0 0 45825 28586 0 0 0 
1521115123.311634 6826 0 24008 21828 24343 0 0 0 45900 28620 0 0 0 
1521115133.299115 6836 0 24038 21862 24378 0 0 0 45966 28653 0 0 0 
1521115143.298429 6846 0 24076 21891 24404 0 0 0 46036 28699 0 0 0 
1521115153.313149 6855 0 24116 21924 24441 0 0 0 46102 28745 0 0 0 
1521115163.303913 6865 0 24143 21952 24482 0 0 0 46164 28782 0 0 0 
1521115173.305894 6875 0 24181 21988 24523 0 0 0 46237 28816 0 0 0 
1521115183.313924 6885 0 24217 22018 24568 0 0 0 46306 28857 0 0 0 
1521115193.324655 6894 0 24259 22050 24601 0 0 0 46361 28895 0 0 0 
1521115203.308669 6904 0 24291 22075 24641 0 0 0 46430 28935 0 0 0 
1521115213.350029 6914 0 24335 22111 24668 0 0 0 46497 28984 0 0 0 
1521115223.306952 6924 0 24373 22143 24695 0 0 0 46573 29027 0 0 0 
1521115233.303993 6934 0 24422 22177 24733 0 0 0 46644 29070 0 0 0 
1521115243.313628 6943 0 24463 22207 24774 0 0 0 46696 29122 0 0 0 
1521115253.313108 6953 0 24487 22233 24810 0 0 0 46763 29165 0 0 0 
1521115263.314614 6963 0 24508 22258 24845 0 0 0 46838 29219 0 0 0 
1521115273.307511 6973 0 24543 22289 24891 0 0 0 46911 29270 0 0 0 
1521115283.313186 6982 0 24579 22319 24919 0 0 0 46969 29316 0 0 0 
1521115293.306883 6992 0 24616 22348 24949 0 0 0 47041 29357 0 0 0 
1521115303.312163 7002 0 24642 22382 24992 0 0 0 47102 29398 0 0 0 
1521115313.309475 7012 0 24673 22415 25029 0 0 0 47172 29439 0 0 0 
1521115323.314008 7021 0 24708 22446 25063 0 0 0 47237 29486 0 0 0 
1521115333.310889 7031 0 24752 22478 25090 0 0 0 47313 29521 0 0 0 
1521115343.340885 7041 0 24789 22503 25126 0 0 0 47393 29576 0 0 0 
1521115353.31861 7051 0 24829 22539 25172 0 0 0 47451 29617 0 0 0 
1521115363.320758 7060 0 24857 22571 25198 0 0 0 47528 29655 0 0 0 
1521115373.317952 7070 0 24887 22609 25232 0 0 0 47590 29694 0 0 0 
1521115383.324133 7080 0 24925 22645 25264 0 0 0 47673 29733 0 0 0 
1521115393.306994 7090 0 24962 22672 25300 0 0 0 47737 29787 0 0 0 
1521115403.316674 7100 0 24998 22719 25337 0 0 0 47802 29837 0 0 0 
1521115413.318452 7109 0 25029 22749 25379 0 0 0 47872 29873 0 0 0 
1521115423.31562 7119 0 25061 22781 25416 0 0 0 47947 29922 0 0 0 
1521115433.330255 7129 0 25096 22813 25453 0 0 0 48027 29962 0 0 0 
1521115443.318473 7139 0 25132 22856 25487 0 0 0 48105 29993 0 0 0 
1521115453.345737 7148 0 25160 22881 25517 0 0 0 48179 30037 0 0 0 
1521115463.3237 7158 0 25206 22909 25555 0 0 0 48236 30083 0 0 0 
1521115473.330235 7168 0 25261 22940 25597 0 0 0 48285 30123 0 0 0 
1521115483.315157 7178 0 25293 22975 25633 0 0 0 48349 30171 0 0 0 
1521115493.320295 7187 0 25335 23005 25675 0 0 0 48420 30215 0 0 0 
1521115503.321376 7197 0 25379 23047 25717 0 0 0 48495 30248 0 0 0 
1521115513.316372 7207 0 25427 23076 25750 0 0 0 48565 30292 0 0 0 
1521115523.318113 7217 0 25469 23109 25791 0 0 0 48625 30329 0 0 0 
1521115533.322811 7226 0 25505 23141 25833 0 0 0 48691 30371 0 0 0 
1521115543.34593 7236 0 25538 23170 25860 0 0 0 48746 30425 0 0 0 
1521115553.325561 7246 0 25570 23202 25898 0 0 0 48807 30470 0 0 0 
1521115563.346767 7256 0 25609 23232 25930 0 0 0 48886 30519 0 0 0 
1521115573.323787 7266 0 25648 23257 25965 0 0 0 48970 30562 0 0 0 
1521115583.332948 7275 0 25689 23288 25996 0 0 0 49026 30613 0 0 0 
1521115593.317322 7285 0 25720 23311 26031 0 0 0 49083 30656 0 0 0 
1521115603.332093 7295 0 25760 23339 26058 0 0 0 49142 30699 0 0 0 
1521115613.313108 7305 0 25797 23368 26097 0 0 0 49197 30743 0 0 0 
1521115623.31417 7314 0 25826 23409 26133 0 0 0 49273 30787 0 0 0 
1521115633.332652 7324 0 25860 23433 26173 0 0 0 49341 30824 0 0 0 
1521115643.330107 7334 0 25894 23469 26196 0 0 0 49416 30858 0 0 0 
1521115653.321516 7344 0 25915 23516 26235 0 0 0 49503 30905 0 0 0 
1521115663.330396 7353 0 25958 23545 26271 0 0 0 49572 30955 0 0 0 
1521115673.320562 7363 0 25993 23578 26318 0 0 0 49629 30993 0 0 0 
1521115683.32086 7373 0 26031 23613 26348 0 0 0 49700 31044 0 0 0 
1521115693.329426 7383 0 26072 23639 26384 0 0 0 49767 31084 0 0 0 
1521115703.325987 7392 0 26103 23670 26420 0 0 0 49840 31133 0 0 0 
1521115713.365128 7402 0 26146 23700 26457 0 0 0 49924 31184 0 0 0 
1521115723.317045 7412 0 26175 23731 26495 0 0 0 50004 31232 0 0 0 
1521115733.352833 7422 0 26217 23773 26526 0 0 0 50077 31271 0 0 0 
1521115743.333057 7432 0 26249 23802 26567 0 0 0 50138 31306 0 0 0 
1521115753.333115 7441 0 26285 23831 26590 0 0 0 50224 31365 0 0 0 
1521115763.327392 7451 0 26310 23853 26627 0 0 0 50299 31410 0 0 0 
1521115773.329322 7461 0 26339 23886 26662 0 0 0 50372 31456 0 0 0 
1521115783.329196 7471 0 26378 23912 26702 0 0 0 50450 31512 0 0 0 
1521115793.333721 7480 0 26409 23950 26730 0 0 0 50515 31555 0 0 0 
1521115803.336851 7490 0 26439 23986 26763 0 0 0 50581 31597 0 0 0 
1521115813.32932 7500 0 26463 24008 26798 0 0 0 50651 31632 0 0 0 
1521115823.33313 7510 0 26503 24056 26824 0 0 0 50721 31676 0 0 0 
1521115833.345241 7519 0 26549 24090 26869 0 0 0 50786 31731 0 0 0 
1521115843.332908 7529 0 26584 24118 26901 0 0 0 50855 31775 0 0 0 
1521115853.330649 7539 0 26611 24142 26937 0 0 0 50918 31827 0 0 0 
1521115863.356861 7549 0 26642 24178 26985 0 0 0 50983 31874 0 0 0 
1521115873.334047 7559 0 26674 24203 27016 0 0 0 51054 31923 0 0 0 
1521115883.366127 7568 0 26717 24232 27042 0 0 0 51119 31965 0 0 0 
1521115893.331946 7578 0 26751 24258 27073 0 0 0 51190 32012 0 0 0 
1521115903.36716 7588 0 26786 24290 27107 0 0 0 51262 32060 0 0 0 
1521115913.339368 7598 0 26818 24320 27146 0 0 0 51321 32101 0 0 0 
1521115923.357189 7607 0 26858 24355 27186 0 0 0 51385 32147 0 0 0 
1521115933.335346 7617 0 26888 24389 27226 0 0 0 51446 32196 0 0 0 
1521115943.352127 7627 0 26929 24429 27257 0 0 0 51522 32250 0 0 0 
1521115953.330757 7637 0 26971 24465 27292 0 0 0 51588 32294 0 0 0 
1521115963.346889 7646 0 27006 24492 27329 0 0 0 51650 32336 0 0 0 
1521115973.350657 7656 0 27040 24519 27358 0 0 0 51717 32373 0 0 0 
1521115983.343341 7666 0 27073 24550 27390 0 0 0 51774 32415 0 0 0 
1521115993.342094 7676 0 27108 24581 27429 0 0 0 51858 32460 0 0 0 
1521116003.341959 7685 0 27139 24615 27464 0 0 0 51928 32500 0 0 0 
1521116013.339883 7695 0 27162 24653 27498 0 0 0 51993 32530 0 0 0 
1521116023.336474 7705 0 27198 24681 27532 0 0 0 52049 32579 0 0 0 
1521116033.341537 7715 0 27228 24712 27566 0 0 0 52121 32624 0 0 0 
1521116043.333972 7725 0 27262 24744 27604 0 0 0 52194 32666 0 0 0 
1521116053.351195 7734 0 27298 24775 27638 0 0 0 52255 32712 0 0 0 
1521116063.338446 7744 0 27323 24807 27664 0 0 0 52309 32759 0 0 0 
1521116073.339389 7754 0 27364 24838 27705 0 0 0 52383 32822 0 0 0 
1521116083.339967 7764 0 27394 24867 27752 0 0 0 52468 32865 0 0 0 
1521116093.337263 7773 0 27428 24896 27786 0 0 0 52543 32905 0 0 0 
1521116103.335914 7783 0 27465 24920 27816 0 0 0 52603 32946 0 0 0 
1521116113.349221 7793 0 27507 24956 27851 0 0 0 52667 32979 0 0 0 
1521116123.343148 7803 0 27544 24987 27887 0 0 0 52745 33019 0 0 0 
1521116133.344019 7812 0 27578 25014 27926 0 0 0 52812 33054 0 0 0 
1521116143.340973 7822 0 27618 25044 27956 0 0 0 52886 33107 0 0 0 
1521116153.34285 7832 0 27649 25076 27993 0 0 0 52952 33145 0 0 0 
1521116163.343566 7842 0 27685 25108 28013 0 0 0 53013 33195 0 0 0 
1521116173.367019 7851 0 27715 25138 28051 0 0 0 53083 33239 0 0 0 
1521116183.344833 7861 0 27755 25166 28087 0 0 0 53140 33279 0 0 0 
1521116193.345973 7871 0 27784 25201 28125 0 0 0 53204 33317 0 0 0 
1521116203.343594 7881 0 27817 25225 28161 0 0 0 53277 33355 0 0 0 
1521116213.350876 7891 0 27857 25250 28194 0 0 0 53350 33384 0 0 0 
1521116223.351374 7900 0 27888 25280 28230 0 0 0 53419 33429 0 0 0 
1521116233.345949 7910 0 27928 25312 28276 0 0 0 53484 33471 0 0 0 
1521116243.352817 7920 0 27964 25352 28310 0 0 0 53553 33523 0 0 0 
1521116253.346283 7930 0 27998 25392 28347 0 0 0 53620 33576 0 0 0 
1521116263.356152 7939 0 28037 25418 28377 0 0 0 53673 33625 0 0 0 
1521116273.355571 7949 0 28074 25445 28415 0 0 0 53743 33661 0 0 0 
1521116283.360471 7959 0 28112 25480 28442 0 0 0 53807 33696 0 0 0 
1521116293.346497 7969 0 28137 25514 28475 0 0 0 53884 33729 0 0 0 
1521116303.361138 7978 0 28172 25551 28511 0 0 0 53961 33777 0 0 0 
1521116313.337209 7988 0 28209 25576 28550 0 0 0 54042 33822 0 0 0 
1521116323.338336 7998 0 28239 25610 28579 0 0 0 54119 33860 0 0 0 
1521116333.356208 8008 0 28274 25646 28619 0 0 0 54177 33898 0 0 0 
1521116343.353497 8017 0 28304 25675 28667 0 0 0 54238 33936 0 0 0 
1521116353.352019 8027 0 28333 25710 28704 0 0 0 54291 33977 0 0 0 
1521116363.348822 8037 0 28377 25737 28743 0 0 0 54346 34019 0 0 0 
1521116373.348279 8047 0 28408 25761 28791 0 0 0 54414 34069 0 0 0 
1521116383.350369 8057 0 28442 25794 28836 0 0 0 54477 34116 0 0 0 
1521116393.386009 8066 0 28475 25833 28867 0 0 0 54532 34151 0 0 0 
1521116403.352145 8076 0 28504 25859 28899 0 0 0 54599 34191 0 0 0 
1521116413.364536 8086 0 28533 25894 28937 0 0 0 54673 34226 0 0 0 
1521116423.354185 8096 0 28566 25925 28971 0 0 0 54740 34269 0 0 0 
1521116433.349948 8105 0 28595 25948 29001 0 0 0 54809 34305 0 0 0 
1521116443.350007 8115 0 28628 25972 29041 0 0 0 54877 34335 0 0 0 
1521116453.360311 8125 0 28667 26011 29078 0 0 0 54941 34377 0 0 0 
1521116463.35074 8135 0 28700 26036 29114 0 0 0 55019 34424 0 0 0 
1521116473.363409 8144 0 28732 26066 29145 0 0 0 55078 34468 0 0 0 
1521116483.347261 8154 0 28762 26105 29177 0 0 0 55151 34523 0 0 0 
1521116493.349614 8164 0 28803 26134 29209 0 0 0 55220 34571 0 0 0 
1521116503.368958 8174 0 28840 26169 29247 0 0 0 55288 34614 0 0 0 
1521116513.355614 8184 0 28873 26202 29279 0 0 0 55343 34643 0 0 0 
1521116523.386816 8193 0 28905 26227 29316 0 0 0 55417 34684 0 0 0 
1521116533.365881 8203 0 28939 26257 29350 0 0 0 55478 34726 0 0 0 
1521116543.365765 8213 0 28964 26289 29373 0 0 0 55548 34759 0 0 0 
1521116553.359375 8223 0 28997 26320 29401 0 0 0 55616 34811 0 0 0 
1521116563.366444 8232 0 29027 26349 29442 0 0 0 55672 34851 0 0 0 
1521116573.359183 8242 0 29066 26383 29484 0 0 0 55745 34885 0 0 0 
1521116583.362361 8252 0 29093 26411 29517 0 0 0 55832 34922 0 0 0 
1521116593.370156 8262 0 29132 26432 29550 0 0 0 55892 34952 0 0 0 
1521116603.35475 8271 0 29163 26459 29579 0 0 0 55961 34998 0 0 0 
1521116613.354318 8281 0 29200 26489 29626 0 0 0 56030 35034 0 0 0 
1521116623.364189 8291 0 29239 26517 29655 0 0 0 56114 35081 0 0 0 
1521116633.367855 8301 0 29270 26545 29690 0 0 0 56182 35122 0 0 0 
1521116643.366043 8310 0 29297 26582 29724 0 0 0 56248 35162 0 0 0 
1521116653.358249 8320 0 29329 26614 29752 0 0 0 56311 35212 0 0 0 
1521116663.378532 8330 0 29356 26644 29785 0 0 0 56369 35251 0 0 0 
1521116673.383409 8340 0 29392 26677 29818 0 0 0 56437 35296 0 0 0 
1521116683.362708 8350 0 29427 26708 29850 0 0 0 56515 35337 0 0 0 
1521116693.398029 8359 0 29463 26743 29878 0 0 0 56579 35365 0 0 0 
1521116703.373672 8369 0 29503 26776 29917 0 0 0 56649 35410 0 0 0 
1521116713.380186 8379 0 29522 26805 29957 0 0 0 56718 35445 0 0 0 
1521116723.367806 8389 0 29548 26836 29991 0 0 0 56784 35490 0 0 0 
1521116733.377928 8398 0 29578 26866 30022 0 0 0 56844 35528 0 0 0 
1521116743.363161 8408 0 29618 26901 30054 0 0 0 56907 35574 0 0 0 
1521116753.371541 8418 0 29658 26930 30092 0 0 0 56968 35614 0 0 0 
1521116763.362656 8428 0 29702 26969 30124 0 0 0 57051 35659 0 0 0 
1521116773.365479 8437 0 29743 26996 30148 0 0 0 57133 35696 0 0 0 
1521116783.366629 8447 0 29777 27030 30179 0 0 0 57188 35728 0 0 0 
1521116793.371733 8457 0 29808 27062 30204 0 0 0 57247 35770 0 0 0 
1521116803.363727 8467 0 29850 27098 30227 0 0 0 57321 35816 0 0 0 
1521116813.376622 8476 0 29881 27130 30271 0 0 0 57389 35843 0 0 0 
1521116823.373178 8486 0 29917 27170 30303 0 0 0 57477 35891 0 0 0 
1521116833.395199 8496 0 29950 27196 30342 0 0 0 57546 35930 0 0 0 
1521116843.38739 8506 0 29985 27224 30367 0 0 0 57622 35965 0 0 0 
1521116853.378923 8516 0 30020 27270 30396 0 0 0 57681 36012 0 0 0 
1521116863.382635 8525 0 30055 27296 30437 0 0 0 57740 36049 0 0 0 
1521116873.378044 8535 0 30096 27333 30472 0 0 0 57815 36093 0 0 0 
1521116883.400348 8545 0 30132 27360 30510 0 0 0 57884 36133 0 0 0 
1521116893.461701 8555 0 30175 27389 30543 0 0 0 57946 36178 0 0 0 
1521116903.382917 8564 0 30210 27421 30574 0 0 0 58002 36226 0 0 0 
1521116913.381346 8574 0 30239 27451 30606 0 0 0 58061 36260 0 0 0 
1521116923.392256 8584 0 30266 27488 30643 0 0 0 58129 36304 0 0 0 
1521116933.384743 8594 0 30303 27520 30670 0 0 0 58195 36351 0 0 0 
1521116943.410526 8603 0 30337 27553 30702 0 0 0 58261 36389 0 0 0 
1521116953.384773 8613 0 30368 27588 30745 0 0 0 58327 36421 0 0 0 
1521116963.383385 8623 0 30396 27620 30771 0 0 0 58404 36471 0 0 0 
1521116973.389669 8633 0 30424 27650 30802 0 0 0 58470 36505 0 0 0 
1521116983.389469 8642 0 30455 27680 30839 0 0 0 58547 36538 0 0 0 
1521116993.403917 8652 0 30497 27711 30872 0 0 0 58603 36568 0 0 0 
1521117003.406702 8662 0 30531 27734 30918 0 0 0 58666 36597 0 0 0 
1521117013.376707 8672 0 30569 27757 30958 0 0 0 58724 36639 0 0 0 
1521117023.390348 8682 0 30602 27785 30988 0 0 0 58795 36681 0 0 0 
1521117033.395859 8691 0 30634 27812 31014 0 0 0 58862 36728 0 0 0 
1521117043.384032 8701 0 30664 27837 31043 0 0 0 58931 36761 0 0 0 
1521117053.394866 8711 0 30689 27864 31073 0 0 0 59010 36796 0 0 0 
1521117063.417783 8721 0 30721 27911 31107 0 0 0 59077 36827 0 0 0 
1521117073.385928 8730 0 30753 27941 31143 0 0 0 59131 36868 0 0 0 
1521117083.394293 8740 0 30802 27975 31167 0 0 0 59216 36899 0 0 0 
1521117093.392249 8750 0 30840 28010 31208 0 0 0 59285 36939 0 0 0 
1521117103.390311 8760 0 30869 28043 31245 0 0 0 59355 36981 0 0 0 
1521117113.407373 8769 0 30909 28071 31282 0 0 0 59417 37023 0 0 0 
1521117123.385474 8779 0 30946 28094 31308 0 0 0 59478 37058 0 0 0 
1521117133.385053 8789 0 30972 28125 31347 0 0 0 59552 37088 0 0 0 
1521117143.396817 8799 0 31007 28156 31383 0 0 0 59608 37123 0 0 0 
1521117153.389598 8809 0 31038 28184 31414 0 0 0 59690 37162 0 0 0 
1521117163.430655 8818 0 31068 28200 31452 0 0 0 59756 37206 0 0 0 
1521117173.401287 8828 0 31095 28225 31494 0 0 0 59821 37240 0 0 0 
1521117183.391817 8838 0 31133 28265 31531 0 0 0 59904 37275 0 0 0 
1521117193.402514 8848 0 31163 28301 31567 0 0 0 59969 37301 0 0 0 
#1521117206.00275
