#giorno
#timestamp	kalmanX	kalmanY	gyroXangle	AccXangle	CFangleX	gyroYangle	AccYangle	CFangleY
3	  1.694	 -0.867	  0.006	 86.137	  2.590	  0.084	-48.434	 -1.372
2	  4.878	 -2.461	 -0.024	 86.000	  5.063	  0.140	-44.100	 -2.599
2	  9.343	 -4.450	 -0.007	 85.899	  7.505	  0.228	-40.210	 -3.642
2	 14.806	 -6.401	  0.057	 86.879	  9.948	  0.335	-33.871	 -4.445
2	 20.689	 -8.525	  0.108	 85.707	 12.270	  0.410	-33.043	 -5.230
2	 26.737	-10.858	  0.080	 86.124	 14.459	  0.442	-33.977	 -6.061
2	 32.695	-14.100	  0.024	 85.997	 16.550	  0.442	-42.833	 -7.164
2	 38.548	-17.257	 -0.013	 87.058	 18.630	  0.449	-43.315	 -8.242
2	 43.952	-19.961	 -0.080	 86.597	 20.604	  0.475	-41.236	 -9.208
2	 48.897	-21.923	 -0.133	 86.270	 22.522	  0.525	-36.973	 -9.992
2	 53.555	-23.561	  0.011	 86.270	 24.575	  0.623	-36.142	-10.681
2	 57.935	-28.104	  0.185	 87.704	 26.637	  0.650	-60.446	-12.148
2	 61.817	-32.715	  0.305	 87.964	 28.594	  0.617	-64.558	-13.752
2	 65.184	-35.548	  0.384	 87.731	 30.444	  0.564	-54.605	-15.029
2	 67.863	-37.703	  0.423	 85.776	 32.142	  0.560	-52.306	-16.151
2	 70.402	-39.144	  0.547	 86.648	 33.898	  0.536	-48.681	-17.150
2	 72.677	-42.034	  0.573	 87.733	 35.537	  0.538	-61.390	-18.476
2	 74.608	-44.392	  0.550	 87.616	 37.078	  0.568	-60.317	-19.701
2	 76.319	-46.774	  0.538	 87.754	 38.586	  0.664	-63.221	-20.915
2	 77.809	-48.968	  0.518	 87.793	 40.043	  0.749	-64.069	-22.126
2	 79.174	-52.040	  0.476	 88.453	 41.455	  0.785	-72.591	-23.605
2	 80.194	-52.692	  0.405	 87.377	 42.763	  0.790	-56.997	-24.603
2	 81.345	-54.696	  0.438	 88.687	 44.173	  0.694	-67.270	-25.975
2	 82.119	-55.379	  0.375	 87.609	 45.415	  0.689	-59.816	-26.996
2	 82.830	-57.283	  0.253	 88.283	 46.583	  0.752	-70.219	-28.231
2	 83.404	-58.718	  0.113	 88.073	 47.692	  0.813	-68.537	-29.381
2	 83.887	-59.897	 -0.028	 87.955	 48.763	  0.839	-67.788	-30.509
2	 84.364	-59.015	 -0.133	 88.161	 49.843	  0.808	-52.970	-31.212
2	 84.805	-59.575	 -0.181	 87.979	 50.941	  0.767	-62.949	-32.204
2	 85.200	-60.093	 -0.204	 87.910	 52.027	  0.763	-63.435	-33.145
2	 85.513	-60.537	 -0.246	 87.810	 53.060	  0.799	-63.654	-34.025
2	 85.775	-61.207	 -0.322	 87.950	 54.033	  0.833	-65.794	-34.945
2	 86.023	-62.304	 -0.412	 88.197	 54.971	  0.861	-69.661	-35.960
2	 86.240	-63.146	 -0.479	 88.066	 55.899	  0.871	-68.703	-36.932
2	 86.433	-63.790	 -0.550	 88.123	 56.796	  0.864	-67.932	-37.869
2	 86.609	-64.347	 -0.629	 88.236	 57.663	  0.872	-68.009	-38.765
2	 86.752	-64.857	 -0.700	 88.115	 58.508	  0.917	-68.459	-39.613
2	 86.874	-65.446	 -0.799	 88.285	 59.304	  0.962	-69.558	-40.467
2	 86.954	-65.676	 -0.904	 88.121	 60.067	  1.000	-67.380	-41.238
2	 87.002	-65.907	 -1.021	 88.031	 60.793	  1.033	-67.595	-41.996
2	 87.071	-66.194	 -1.117	 88.109	 61.519	  1.074	-68.286	-42.746
2	 87.137	-66.404	 -1.214	 88.160	 62.225	  1.117	-68.018	-43.462
2	 87.194	-66.494	 -1.305	 88.113	 62.913	  1.142	-67.190	-44.149
2	 87.239	-66.233	 -1.380	 87.983	 63.592	  1.161	-64.581	-44.744
2	 87.285	-66.682	 -1.490	 88.252	 64.226	  1.191	-69.775	-45.465
2	 87.230	-66.052	 -1.641	 87.810	 64.787	  1.221	-62.049	-45.934
2	 87.180	-65.582	 -1.774	 87.676	 65.344	  1.242	-62.577	-46.413
2	 87.223	-65.845	 -1.886	 88.188	 65.921	  1.274	-67.730	-47.022
2	 87.190	-65.784	 -2.010	 87.736	 66.454	  1.315	-65.592	-47.539
2	 87.210	-65.857	 -2.073	 87.703	 67.031	  1.361	-66.584	-48.066
2	 87.211	-65.204	 -2.118	 87.460	 67.600	  1.414	-61.209	-48.409
2	 87.274	-64.721	 -2.145	 87.812	 68.181	  1.460	-61.805	-48.766
2	 87.341	-65.016	 -2.190	 88.019	 68.732	  1.512	-67.235	-49.269
2	 87.406	-65.676	 -2.241	 88.120	 69.264	  1.550	-70.201	-49.861
2	 87.402	-65.835	 -2.328	 87.891	 69.738	  1.555	-66.861	-50.365
2	 87.471	-66.623	 -2.409	 88.403	 70.220	  1.574	-71.862	-50.993
2	 87.528	-67.481	 -2.514	 88.533	 70.667	  1.599	-73.210	-51.635
2	 87.465	-67.374	 -2.654	 87.916	 71.049	  1.610	-66.682	-52.075
2	 87.456	-67.945	 -2.782	 88.179	 71.439	  1.600	-71.565	-52.669
2	 87.411	-67.039	 -2.855	 87.532	 71.851	  1.581	-60.900	-52.935
2	 87.404	-66.760	 -2.940	 87.862	 72.249	  1.558	-64.722	-53.311
2	 87.378	-65.871	 -3.009	 87.600	 72.643	  1.572	-60.068	-53.500
2	 87.319	-65.236	 -3.128	 87.659	 72.978	  1.604	-61.232	-53.701
2	 87.305	-65.064	 -3.230	 87.822	 73.324	  1.667	-64.290	-53.957
2	 87.275	-64.878	 -3.340	 87.749	 73.650	  1.705	-63.853	-54.217
2	 87.258	-64.705	 -3.434	 87.704	 73.980	  1.723	-63.642	-54.482
2	 87.248	-64.695	 -3.529	 87.744	 74.301	  1.735	-64.654	-54.777
2	 87.247	-64.411	 -3.613	 87.736	 74.622	  1.744	-62.560	-55.001
2	 87.321	-65.141	 -3.695	 88.281	 74.953	  1.772	-70.058	-55.425
2	 87.333	-65.352	 -3.779	 87.902	 75.260	  1.799	-66.861	-55.742
2	 87.320	-65.319	 -3.889	 87.895	 75.532	  1.816	-65.158	-56.009
2	 87.320	-65.398	 -4.000	 87.983	 75.798	  1.842	-66.038	-56.284
2	 87.291	-64.828	 -4.105	 87.733	 76.055	  1.859	-61.144	-56.413
2	 87.255	-64.233	 -4.206	 87.612	 76.303	  1.865	-60.317	-56.525
2	 87.298	-64.371	 -4.285	 88.039	 76.578	  1.869	-65.260	-56.783
2	 87.267	-64.512	 -4.404	 87.783	 76.799	  1.879	-65.445	-57.033
2	 87.263	-64.712	 -4.530	 87.998	 77.013	  1.918	-66.233	-57.271
2	 87.214	-64.392	 -4.669	 87.741	 77.200	  1.932	-62.333	-57.409
2	 87.125	-62.994	 -4.784	 87.224	 77.389	  1.971	-54.048	-57.271
2	 87.105	-62.512	 -4.869	 87.472	 77.609	  2.005	-59.534	-57.306
2	 87.121	-62.387	 -4.953	 87.713	 77.831	  2.026	-61.666	-57.416
2	 87.137	-62.292	 -5.088	 88.053	 78.007	  2.017	-61.579	-57.549
2	 87.062	-61.189	 -5.197	 87.224	 78.178	  2.036	-54.048	-57.427
2	 87.175	-62.376	 -5.292	 88.471	 78.394	  2.080	-70.416	-57.773
2	 87.287	-65.550	 -5.564	 89.728	 78.471	  2.447	-88.685	-58.344
2	 87.206	-66.099	 -5.799	 88.143	 78.533	  2.682	-71.175	-58.501
2	 86.880	-64.198	 -5.986	 85.902	 78.572	  2.870	-52.914	-58.152
2	 86.557	-64.217	 -6.286	 86.340	 78.514	  3.224	-66.609	-58.062
2	 86.488	-64.515	 -6.509	 87.423	 78.565	  3.389	-67.487	-58.184
2	 85.526	-56.471	 -7.220	 83.809	 78.033	  4.906	-13.699	-55.379
2	 85.232	-54.699	 -7.553	 85.424	 77.931	  5.496	-46.958	-54.553
2	 85.099	-54.540	 -7.834	 85.997	 77.900	  6.110	-57.503	-54.047
2	 84.481	-50.470	 -8.068	 81.900	 77.794	  6.814	-28.443	-52.596
2	 84.201	-49.905	 -8.305	 83.845	 77.746	  7.602	-51.380	-51.795
2	 84.193	-49.849	 -8.515	 85.446	 77.773	  8.243	-53.695	-51.230
2	 84.407	-51.832	 -8.786	 87.519	 77.802	  9.005	-69.791	-51.048
2	 84.571	-54.580	 -9.201	 88.276	 77.714	  9.811	-77.807	-51.069
2	 83.775	-52.150	 -9.533	 80.664	 77.481	 10.521	-40.867	-50.074
2	 83.617	-51.017	 -9.778	 84.111	 77.442	 11.180	-47.891	-49.369
2	 83.257	-48.190	 -9.965	 82.057	 77.399	 11.815	-33.833	-48.288
2	 83.156	-47.957	-10.151	 83.646	 77.405	 12.571	-51.378	-47.647
2	 79.119	-47.379	-10.529	 55.126	 76.370	 12.890	-45.674	-47.278
2	 79.564	-45.804	-10.639	 83.145	 76.468	 13.503	-39.512	-46.450
2	 79.843	-44.854	-10.772	 82.488	 76.519	 14.305	-43.895	-45.596
2	 80.482	-44.531	-10.861	 85.190	 76.693	 15.149	-47.941	-44.847
2	 80.853	-45.820	-11.059	 84.510	 76.736	 15.855	-58.849	-44.583
2	 80.947	-44.662	-11.299	 83.074	 76.692	 16.414	-40.726	-43.925
2	 80.695	-40.503	-11.829	 82.448	 76.351	 17.634	-21.297	-42.062
2	 79.848	-35.989	-12.240	 76.935	 75.970	 18.672	-13.285	-40.193
2	 79.194	-33.165	-12.676	 77.702	 75.599	 19.587	-20.746	-38.721
2	 79.037	-33.337	-13.103	 80.741	 75.339	 20.287	-39.094	-38.053
2	 78.633	-30.603	-13.517	 78.641	 75.036	 20.983	-17.342	-36.757
2	 78.282	-25.855	-14.013	 79.160	 74.679	 21.888	 -0.821	-34.802
2	 79.359	-33.393	-14.574	 90.000	 74.594	 23.002	-90.000	-35.377
2	 78.429	-30.048	-15.092	 75.661	 74.124	 24.034	-14.965	-33.763
2	 78.498	-29.222	-15.326	 80.394	 74.085	 24.790	-28.811	-32.882
2	 79.175	-32.781	-15.504	 84.684	 74.231	 25.201	-58.749	-33.258
2	 78.741	-27.231	-15.834	 77.975	 74.023	 25.658	  6.009	-31.638
2	 78.134	-23.821	-16.283	 77.024	 73.677	 26.456	 -6.828	-30.119
2	 77.587	-21.303	-16.632	 76.211	 73.415	 27.497	-11.754	-28.558
2	 77.620	-21.604	-16.876	 79.340	 73.356	 28.430	-29.745	-27.689
2	 77.323	-20.008	-17.007	 76.165	 73.313	 28.953	-13.096	-26.743
2	 76.924	-16.719	-17.212	 75.570	 73.182	 29.666	  0.000	-25.250
2	 76.312	-13.960	-17.765	 75.852	 72.726	 30.293	 -0.172	-23.889
2	 76.253	-12.363	-18.154	 78.330	 72.516	 31.059	 -7.076	-22.642
2	 75.705	 -9.907	-18.481	 74.180	 72.249	 31.794	  1.173	-21.215
2	 75.558	 -7.936	-18.809	 76.657	 72.063	 32.495	  0.180	-19.892
2	 75.532	 -5.260	-18.969	 76.325	 72.036	 33.163	  7.664	-18.418
2	 75.744	 -3.671	-19.116	 77.999	 72.072	 34.035	  0.807	-16.995
2	 75.752	  9.149	-19.214	 76.357	 72.106	 35.144	 85.322	-12.850
2	 75.391	 10.621	-19.459	 74.549	 71.942	 36.387	 11.787	-10.905
2	 74.853	  9.876	-19.810	 73.554	 71.649	 37.506	 -2.603	 -9.571
2	 74.817	  9.694	-20.138	 76.633	 71.481	 38.238	  3.430	 -8.471
2	 75.303	  7.797	-20.622	 81.544	 71.313	 38.317	 -5.380	 -8.302
2	 74.000	  9.287	-21.133	 68.739	 70.740	 38.506	 17.494	 -7.345
2	 73.455	  9.671	-21.479	 72.073	 70.445	 38.984	  8.766	 -6.397
2	 72.799	 10.946	-21.875	 71.015	 70.077	 39.574	 15.131	 -5.179
2	 72.380	 11.961	-22.268	 72.134	 69.757	 40.166	 14.425	 -4.017
2	 72.105	 12.128	-22.744	 73.330	 69.403	 40.975	  7.644	 -2.882
2	 71.819	  5.640	-23.121	 72.330	 69.125	 41.730	-41.852	 -3.319
2	 72.416	 -1.283	-23.454	 78.388	 69.080	 42.398	-50.955	 -4.101
2	 70.478	  5.639	-23.939	 60.910	 68.365	 42.979	 46.827	 -2.009
2	 70.344	  2.005	-24.538	 73.301	 67.932	 43.827	-27.394	 -1.948
2	 70.238	  3.014	-24.842	 71.438	 67.742	 43.782	  9.735	 -1.641
2	 70.463	  1.797	-25.064	 73.297	 67.693	 43.702	 -5.766	 -1.842
2	 71.039	  2.843	-25.122	 75.071	 67.859	 43.646	  9.872	 -1.545
2	 71.153	  4.370	-24.916	 70.462	 68.136	 43.557	 14.744	 -1.143
2	 71.531	  4.814	-24.800	 73.137	 68.399	 43.917	  5.194	 -0.604
2	 71.682	  6.015	-24.520	 70.744	 68.741	 44.603	  9.194	  0.355
2	 71.207	  8.204	-24.954	 70.844	 68.383	 44.695	 21.677	  1.085
2	 70.973	  9.092	-24.857	 68.723	 68.487	 44.734	 14.412	  1.523
2	 71.113	  9.828	-24.686	 70.816	 68.723	 44.794	 14.010	  1.956
2	 72.654	  9.851	-23.920	 77.606	 69.732	 44.415	 12.250	  1.896
2	 71.496	 12.611	-22.660	 55.653	 70.532	 43.903	 33.690	  2.353
2	 72.213	 14.301	-22.259	 74.197	 71.032	 44.013	 24.316	  3.119
2	 72.459	 11.644	-21.799	 70.995	 71.476	 43.999	 -5.839	  2.837
2	 73.136	 12.930	-21.358	 74.594	 71.997	 44.360	 18.693	  3.663
2	 72.855	 11.820	-21.307	 70.617	 72.006	 44.528	  3.242	  3.813
2	 72.565	 14.332	-21.935	 74.697	 71.477	 44.628	 29.785	  4.689
2	 73.398	 15.509	-22.396	 81.737	 71.338	 44.510	 23.658	  5.144
2	 73.308	 18.679	-22.802	 75.272	 71.062	 44.776	 37.288	  6.366
2	 73.370	 21.636	-23.414	 77.662	 70.667	 45.063	 38.683	  7.614
2	 72.865	 20.260	-23.832	 72.195	 70.307	 45.769	  6.355	  8.261
2	 72.158	 18.940	-24.445	 71.450	 69.746	 46.523	  5.117	  8.898
2	 72.249	 20.260	-24.877	 75.544	 69.502	 46.878	 26.234	  9.762
2	 73.116	 20.190	-24.941	 79.068	 69.726	 47.615	 14.621	 10.624
2	 74.784	 21.688	-24.377	 81.843	 70.637	 47.863	 29.512	 11.431
2	 76.693	 16.738	-23.521	 83.412	 71.850	 47.916	-16.120	 10.656
2	 76.205	 18.934	-21.882	 62.223	 73.152	 47.867	 33.277	 11.287
2	 76.766	 18.308	-21.582	 78.344	 73.598	 48.327	 10.966	 11.723
2	 76.054	 15.701	-21.175	 68.654	 73.845	 48.684	 -3.841	 11.602
2	 78.184	 23.534	-20.684	 88.730	 74.768	 48.598	 74.792	 13.415
2	 79.921	 25.710	-19.599	 84.037	 76.098	 49.048	 36.601	 14.546
2	 78.741	 27.743	-18.525	 63.952	 76.776	 49.382	 38.427	 15.587
2	 79.155	 31.343	-18.038	 78.574	 77.302	 49.438	 54.005	 16.794
2	 79.360	 32.443	-17.860	 79.428	 77.538	 49.713	 37.388	 17.678
2	 79.501	 35.333	-17.926	 80.739	 77.571	 50.378	 49.362	 19.274
2	 79.264	 34.638	-18.117	 78.868	 77.424	 51.058	 25.235	 20.113
2	 78.890	 32.249	-18.348	 77.847	 77.212	 51.439	 13.803	 20.293
2	 79.085	 30.662	-18.638	 82.131	 77.079	 51.540	 19.290	 20.360
2	 78.669	 29.360	-19.068	 78.649	 76.709	 51.821	 18.687	 20.583
2	 78.194	 27.445	-19.587	 78.371	 76.255	 52.150	 12.507	 20.660
2	 77.958	 24.899	-19.755	 77.404	 76.126	 52.597	  5.126	 20.627
2	 78.197	 16.820	-19.884	 80.478	 76.132	 53.008	-38.630	 19.249
2	 78.386	  8.006	-19.961	 79.997	 76.173	 52.833	-48.284	 17.053
2	 78.841	  1.939	-20.237	 83.473	 76.125	 52.503	-35.370	 15.160
2	 78.963	 -2.897	-20.385	 80.587	 76.115	 52.139	-31.912	 13.395
2	 79.333	 -6.443	-20.444	 81.992	 76.234	 51.860	-27.572	 11.895
2	 80.089	-11.358	-20.191	 83.216	 76.689	 51.528	-40.977	  9.987
2	 80.249	-14.594	-20.042	 80.178	 76.938	 50.950	-31.651	  8.177
2	 80.825	-11.694	-19.736	 82.427	 77.400	 50.616	  9.563	  7.894
2	 80.113	 -9.683	-19.683	 74.995	 77.379	 50.516	  4.216	  7.688
2	 79.941	 -8.283	-19.722	 78.943	 77.388	 50.288	  2.460	  7.309
2	 80.267	 -3.924	-19.727	 82.284	 77.530	 50.375	 23.962	  7.893
2	 80.611	 -6.492	-19.590	 81.816	 77.791	 50.264	-22.365	  6.878
2	 80.768	 -5.042	-19.743	 82.637	 77.789	 50.289	  4.322	  6.826
2	 81.439	  0.231	-19.837	 86.256	 77.952	 50.243	 34.862	  7.622
2	 81.859	  3.415	-19.719	 83.668	 78.237	 50.198	 24.390	  8.082
2	 81.939	  2.309	-19.671	 81.990	 78.396	 49.979	 -3.468	  7.522
2	 82.227	  4.178	-19.613	 83.554	 78.608	 49.533	 19.179	  7.440
2	 82.466	  7.381	-19.370	 82.283	 78.953	 49.120	 30.797	  7.740
2	 82.630	 13.338	-19.337	 83.311	 79.116	 48.912	 53.250	  8.903
2	 82.751	 18.567	-19.159	 82.219	 79.382	 48.926	 52.212	 10.216
2	 82.503	 23.689	-19.151	 80.670	 79.429	 49.099	 55.528	 11.744
2	 82.573	 27.908	-19.293	 83.798	 79.421	 49.155	 54.574	 13.083
2	 82.615	 31.268	-19.557	 84.429	 79.316	 49.178	 52.510	 14.287
2	 82.433	 31.276	-19.726	 82.187	 79.238	 49.071	 31.555	 14.702
2	 82.642	 35.276	-19.879	 84.820	 79.257	 49.155	 60.227	 16.149
2	 82.866	 39.274	-20.027	 85.109	 79.289	 49.507	 62.407	 17.878
2	 82.508	 34.502	-20.237	 81.370	 79.148	 49.878	  0.567	 17.719
2	 82.333	 31.332	-20.355	 81.791	 79.113	 50.086	  8.926	 17.657
2	 82.075	 31.202	-20.348	 80.186	 79.152	 50.177	 29.327	 18.096
2	 82.374	 35.206	-20.447	 84.785	 79.225	 50.236	 60.356	 19.420
2	 82.688	 30.504	-20.476	 84.746	 79.362	 50.371	 -1.353	 18.928
2	 82.826	 25.449	-20.357	 82.770	 79.579	 50.407	 -7.989	 18.155
2	 83.248	 25.536	-20.048	 83.796	 80.006	 50.380	 25.934	 18.363
2	 84.028	 25.246	-19.292	 84.006	 80.859	 50.490	 22.323	 18.588
2	 85.030	 29.990	-18.875	 88.640	 81.497	 50.420	 60.866	 19.788
2	 84.655	 30.015	-19.001	 82.854	 81.416	 50.338	 30.299	 20.025
2	 84.481	 29.114	-18.957	 82.885	 81.502	 50.421	 22.329	 20.174
2	 84.856	 29.467	-18.584	 84.686	 81.960	 50.588	 30.285	 20.639
2	 85.465	 28.570	-17.963	 85.212	 82.659	 50.900	 20.339	 20.933
2	 86.314	 24.555	-17.591	 89.226	 83.218	 51.080	 -3.013	 20.389
2	 86.463	 24.500	-17.587	 87.214	 83.342	 51.148	 23.405	 20.545
2	 86.365	 24.351	-17.599	 85.621	 83.398	 51.243	 22.463	 20.695
2	 86.572	 22.785	-17.399	 86.432	 83.683	 51.502	 10.660	 20.645
2	 86.827	 19.735	-17.280	 87.519	 83.913	 51.751	 -1.909	 20.210
2	 86.938	 16.389	-17.276	 87.444	 84.023	 51.895	 -6.442	 19.551
2	 87.052	 13.628	-17.343	 88.035	 84.079	 51.964	 -4.865	 18.885
2	 86.513	 13.278	-17.514	 83.940	 83.909	 52.016	 10.574	 18.686
2	 86.349	 14.238	-17.706	 86.338	 83.796	 52.058	 20.082	 18.768
2	 86.187	 12.793	-17.878	 86.073	 83.697	 52.136	  2.806	 18.365
2	 86.588	 -0.099	-18.011	 89.863	 83.753	 52.196	-84.094	 15.350
2	 52.793	-20.442	-19.240	-158.371	 75.297	 51.521	-147.736	  9.803
2	 57.875	 -5.747	-19.026	 89.762	 75.939	 51.643	 89.110	 12.300
2	 61.624	  2.315	-19.340	 88.202	 76.002	 51.744	 54.090	 13.652
2	 64.811	  3.084	-19.373	 85.870	 76.266	 51.758	  8.049	 13.497
2	 67.729	 -0.334	-19.215	 85.749	 76.704	 51.911	-23.398	 12.538
2	 70.493	  5.118	-19.272	 88.864	 77.013	 51.930	 40.426	 13.394
2	 72.404	  3.337	-19.916	 89.001	 76.748	 51.769	 -7.125	 12.622
2	 73.873	  5.088	-20.230	 85.419	 76.704	 51.691	 16.991	 12.677
2	 75.470	  5.614	-20.233	 85.810	 76.974	 51.771	  8.531	 12.630
2	 76.954	  4.491	-20.297	 86.928	 77.210	 51.821	 -3.094	 12.208
2	 78.194	  4.478	-20.461	 87.202	 77.351	 51.846	  4.268	 11.994
2	 78.597	 11.945	-21.064	 85.016	 76.996	 51.587	 62.008	 13.243
2	 78.663	  8.097	-21.669	 82.885	 76.586	 51.370	-15.507	 12.170
2	 79.486	  3.929	-21.874	 86.009	 76.670	 51.141	-21.595	 10.934
2	 80.394	  7.271	-21.960	 86.686	 76.887	 51.141	 28.940	 11.474
2	 81.256	 11.252	-21.913	 86.365	 77.217	 51.209	 36.560	 12.294
2	 80.998	  7.657	-21.854	 78.767	 77.321	 51.071	-14.806	 11.346
2	 81.221	  8.006	-22.096	 84.059	 77.288	 50.974	 10.856	 11.238
2	 80.929	  5.976	-22.418	 80.943	 77.085	 51.022	 -7.503	 10.722
2	 81.458	  7.214	-22.646	 86.180	 77.137	 51.043	 15.092	 10.873
2	 82.603	 17.876	-22.618	 89.638	 77.539	 51.219	 85.711	 13.289
2	 83.234	 15.918	-22.588	 86.907	 77.850	 51.568	  0.785	 13.252
2	 82.938	 13.720	-22.477	 80.089	 78.024	 51.937	 -3.057	 13.122
2	 83.036	  3.026	-22.799	 85.536	 77.937	 51.842	-65.681	 10.665
2	 83.069	  2.510	-22.670	 82.228	 78.191	 51.814	 -0.576	 10.301
2	 83.561	  3.135	-22.560	 85.812	 78.527	 51.779	  7.481	 10.182
2	 83.837	  3.837	-22.502	 85.028	 78.778	 51.659	  9.224	 10.037
2	 84.048	  5.265	-22.491	 85.113	 78.978	 51.491	 15.642	 10.042
2	 84.562	 11.103	-22.305	 86.448	 79.383	 51.558	 48.460	 11.260
2	 84.814	  6.404	-21.959	 83.977	 79.856	 51.670	-24.803	 10.286
2	 85.145	  7.210	-21.736	 85.611	 80.245	 51.526	 13.367	 10.239
2	 85.359	  5.719	-21.568	 85.424	 80.563	 51.316	 -2.579	  9.651
2	 85.692	  9.578	-21.519	 87.289	 80.813	 51.125	 35.776	 10.250
2	 85.926	 17.922	-21.511	 87.146	 81.011	 51.106	 71.960	 12.082
2	 85.720	 17.299	-21.459	 83.815	 81.145	 51.083	 13.196	 12.094
2	 85.772	 16.856	-21.536	 86.367	 81.227	 51.045	 14.036	 12.115
2	 85.820	 22.556	-21.665	 86.722	 81.267	 50.931	 59.967	 13.440
2	 86.245	 31.101	-21.788	 89.550	 81.396	 50.852	 86.566	 15.557
2	 86.021	 33.308	-21.924	 85.197	 81.378	 50.758	 47.726	 16.431
2	 85.989	 35.049	-22.008	 86.078	 81.438	 50.788	 45.616	 17.336
2	 86.013	 36.644	-22.070	 86.320	 81.525	 50.907	 45.659	 18.301
2	 86.108	 38.920	-22.236	 87.547	 81.544	 50.936	 52.896	 19.367
2	 85.747	 36.330	-22.366	 84.003	 81.491	 51.082	 18.052	 19.469
2	 85.673	 40.638	-22.455	 85.512	 81.526	 51.258	 66.801	 21.060
2	 85.724	 35.075	-22.536	 86.331	 81.592	 51.423	 -2.573	 20.511
2	 85.525	 27.337	-22.758	 85.429	 81.491	 51.565	-24.102	 19.310
2	 85.536	 18.994	-23.005	 86.947	 81.415	 51.724	-36.327	 17.796
2	 85.223	 11.297	-23.225	 84.373	 81.291	 51.866	-39.572	 16.212
2	 84.488	 10.489	-23.857	 83.576	 80.746	 51.883	  5.102	 15.895
2	 84.756	  3.253	-24.000	 87.160	 80.800	 51.976	-44.157	 14.184
2	 84.892	 -2.549	-24.175	 86.646	 80.805	 52.105	-40.778	 12.660
2	 84.820	 -4.027	-24.315	 85.001	 80.795	 52.244	-14.265	 11.987
2	 84.843	 -4.989	-24.419	 85.399	 80.833	 52.297	-11.310	 11.340
2	 85.033	 -5.591	-24.434	 86.096	 80.976	 52.398	 -9.866	 10.801
2	 84.763	 -4.439	-24.574	 83.660	 80.921	 52.492	  2.672	 10.648
2	 84.614	 -5.375	-24.651	 83.880	 80.935	 52.501	-11.232	 10.001
2	 84.925	 -4.406	-24.592	 86.297	 81.153	 52.531	  1.931	  9.788
2	 85.096	 -2.392	-24.665	 86.408	 81.240	 52.464	 11.310	  9.768
2	 85.101	 -2.311	-24.723	 85.233	 81.304	 52.452	 -1.507	  9.419
2	 85.255	 -2.696	-24.889	 87.062	 81.315	 52.441	 -4.899	  8.979
2	 85.229	 -2.536	-24.972	 85.315	 81.355	 52.405	 -1.051	  8.643
2	 85.277	 -2.299	-25.092	 86.091	 81.380	 52.413	 -0.616	  8.373
2	 85.204	 -1.751	-25.291	 85.738	 81.318	 52.378	  2.224	  8.155
2	 85.051	 -2.743	-25.388	 84.411	 81.317	 52.391	 -9.039	  7.651
2	 85.152	 -3.183	-25.439	 85.860	 81.403	 52.392	 -5.826	  7.248
2	 85.427	 -1.832	-25.343	 86.303	 81.644	 52.391	  7.125	  7.243
2	 85.567	 -2.327	-25.390	 86.496	 81.743	 52.408	 -5.440	  6.879
2	 85.486	 -2.449	-25.516	 85.496	 81.734	 52.430	 -3.180	  6.599
2	 85.341	 -1.881	-25.675	 85.136	 81.682	 52.436	  1.958	  6.465
2	 85.357	 -3.001	-25.733	 85.559	 81.741	 52.469	-10.257	  5.996
3	 85.729	 -2.913	-25.577	 86.832	 82.046	 52.489	 -2.260	  5.767
2	 85.867	 -3.896	-25.679	 87.131	 82.100	 52.464	 -9.866	  5.274
2	 85.809	 -3.155	-25.805	 85.959	 82.093	 52.475	  1.790	  5.180
2	 85.787	 -2.970	-25.859	 85.707	 82.149	 52.492	 -1.668	  4.991
2	 85.817	 -2.966	-25.901	 85.989	 82.223	 52.531	 -2.981	  4.790
2	 85.892	 -3.363	-25.943	 86.358	 82.306	 52.560	 -5.906	  4.497
2	 85.847	 -4.308	-26.040	 85.885	 82.320	 52.578	-10.305	  4.071
2	 85.723	 -4.169	-26.160	 85.406	 82.296	 52.592	 -3.122	  3.869
2	 85.709	 -3.946	-26.242	 85.852	 82.324	 52.599	 -2.314	  3.690
2	 85.716	 -4.030	-26.295	 85.813	 82.377	 52.634	 -4.574	  3.476
2	 85.842	 -4.739	-26.316	 86.494	 82.480	 52.693	 -9.462	  3.145
2	 85.832	 -4.358	-26.396	 85.989	 82.508	 52.714	 -1.790	  3.017
2	 85.697	 -4.079	-26.520	 85.337	 82.472	 52.716	 -2.045	  2.867
2	 86.090	 -4.268	-26.166	 86.042	 82.923	 52.739	 -5.412	  2.642
2	 86.237	 -5.273	-26.149	 86.781	 83.055	 52.773	-11.739	  2.243
2	 86.378	 -5.002	-26.153	 87.022	 83.170	 52.808	 -3.225	  2.113
2	 86.310	 -4.423	-26.235	 86.094	 83.179	 52.836	 -0.616	  2.058
2	 86.212	 -5.096	-26.299	 85.704	 83.192	 52.863	 -9.372	  1.741
2	 86.209	 -4.846	-26.345	 86.186	 83.237	 52.888	 -3.145	  1.619
2	 86.252	 -5.060	-26.407	 86.636	 83.279	 52.923	 -6.419	  1.412
2	 86.165	 -5.155	-26.547	 86.211	 83.231	 52.942	 -5.648	  1.219
2	 86.083	 -6.255	-26.617	 85.708	 83.238	 52.965	-13.241	  0.807
2	 86.161	 -7.658	-26.599	 86.247	 83.346	 53.005	-16.699	  0.321
2	 86.270	 -7.520	-26.656	 87.046	 83.401	 53.021	 -6.429	  0.133
2	 86.166	 -7.363	-26.748	 85.793	 83.383	 53.046	 -6.216	 -0.033
2	 86.094	 -7.817	-26.811	 85.742	 83.393	 53.061	-10.552	 -0.333
2	 86.205	 -8.137	-26.824	 86.702	 83.480	 53.085	-10.049	 -0.602
2	 86.329	 -8.583	-26.891	 87.268	 83.528	 53.110	-11.310	 -0.898
2	 86.318	 -7.984	-26.961	 86.395	 83.546	 53.133	 -3.945	 -0.968
2	 86.265	 -8.441	-27.014	 85.965	 83.567	 53.150	-11.195	 -1.259
2	 86.293	 -9.167	-27.049	 86.400	 83.618	 53.179	-13.722	 -1.604
2	 86.447	-10.170	-27.097	 87.447	 83.687	 53.199	-16.440	 -2.030
2	 86.524	-11.281	-27.152	 87.071	 83.736	 53.213	-18.189	 -2.501
2	 86.538	-11.167	-27.217	 86.744	 83.762	 53.231	-10.176	 -2.714
2	 86.522	-10.307	-27.251	 86.330	 83.806	 53.255	 -4.548	 -2.746
2	 86.543	-12.715	-27.212	 86.126	 83.914	 53.346	-28.482	 -3.430
2	 86.747	-12.746	-27.187	 87.593	 84.049	 53.392	-12.848	 -3.667
2	 86.672	-13.081	-27.315	 86.714	 84.004	 53.399	-14.886	 -3.997
2	 86.580	-13.524	-27.467	 86.656	 83.937	 53.409	-16.040	 -4.349
2	 86.579	-13.849	-27.516	 86.580	 83.968	 53.430	-15.668	 -4.668
2	 86.682	-13.330	-27.523	 87.084	 84.055	 53.456	 -9.728	 -4.794
2	 86.674	-13.596	-27.590	 86.751	 84.071	 53.481	-15.068	 -5.078
2	 86.661	-12.983	-27.665	 86.753	 84.078	 53.501	 -8.746	 -5.169
2	 86.704	-13.008	-27.724	 87.054	 84.110	 53.518	-12.875	 -5.384
2	 86.774	-13.924	-27.783	 87.292	 84.149	 53.526	-19.486	 -5.799
2	 86.763	-14.819	-27.873	 86.961	 84.146	 53.546	-20.298	 -6.215
2	 86.808	-15.321	-27.916	 87.062	 84.191	 53.556	-18.189	 -6.564
2	 86.835	-15.680	-27.999	 87.232	 84.203	 53.571	-17.650	 -6.882
2	 86.854	-14.883	-28.048	 86.974	 84.238	 53.598	 -9.462	 -6.934
2	 86.937	-14.457	-28.010	 86.917	 84.355	 53.626	-11.459	 -7.042
2	 86.990	-14.209	-27.999	 86.945	 84.444	 53.652	-12.362	 -7.176
2	 87.053	-14.396	-28.048	 87.456	 84.487	 53.712	-15.573	 -7.370
2	 87.113	-16.067	-28.136	 87.756	 84.499	 53.735	-26.565	 -7.924
2	 87.166	-15.953	-28.251	 87.927	 84.491	 53.750	-14.859	 -8.117
2	 87.168	-18.648	-28.323	 87.329	 84.505	 53.771	-35.707	 -8.924
2	 87.125	-16.440	-28.304	 86.403	 84.581	 53.822	 -2.021	 -8.668
2	 87.213	-16.576	-28.322	 87.579	 84.653	 53.859	-17.241	 -8.889
2	 87.268	-18.717	-28.461	 88.198	 84.625	 53.871	-32.125	 -9.575
2	 87.102	-19.228	-28.679	 87.117	 84.488	 53.882	-22.087	 -9.939
2	 87.018	-20.785	-28.756	 86.648	 84.478	 53.901	-30.434	-10.535
2	 87.154	-22.276	-28.760	 87.736	 84.572	 53.915	-31.430	-11.149
2	 87.320	-25.378	-28.769	 88.123	 84.670	 53.948	-45.000	-12.133
2	 87.385	-25.609	-28.837	 87.919	 84.701	 53.964	-26.565	-12.549
2	 87.373	-25.599	-28.918	 87.490	 84.706	 53.984	-25.017	-12.905
2	 87.401	-23.804	-28.904	 87.161	 84.793	 53.991	-11.634	-12.860
2	 87.466	-23.393	-28.910	 87.597	 84.872	 54.004	-20.225	-13.068
2	 87.268	-25.321	-29.018	 86.359	 84.812	 54.025	-37.284	-13.774
2	 87.233	-29.032	-29.191	 87.802	 84.733	 54.048	-52.472	-14.912
2	 87.149	-29.782	-29.288	 86.899	 84.705	 54.071	-34.046	-15.465
2	 87.358	-31.109	-29.260	 88.201	 84.837	 54.103	-39.144	-16.144
2	 87.468	-28.636	-29.196	 87.432	 84.977	 54.116	-12.031	-16.008
2	 87.570	-30.235	-29.165	 87.703	 85.089	 54.125	-39.908	-16.716
2	 87.659	-30.884	-29.177	 87.986	 85.163	 54.152	-34.509	-17.224
2	 87.743	-31.480	-29.242	 88.368	 85.197	 54.170	-34.695	-17.730
2	 87.784	-32.550	-29.331	 88.293	 85.203	 54.191	-38.830	-18.343
2	 87.678	-33.332	-29.508	 87.797	 85.110	 54.211	-37.725	-18.905
2	 87.642	-33.469	-29.613	 87.748	 85.087	 54.230	-33.690	-19.330
2	 87.617	-33.490	-29.669	 87.487	 85.105	 54.260	-33.024	-19.712
2	 87.782	-35.407	-29.660	 88.454	 85.213	 54.300	-47.231	-20.498
2	 87.883	-37.928	-29.719	 88.575	 85.257	 54.328	-53.531	-21.462
2	 87.835	-38.987	-29.870	 88.160	 85.198	 54.340	-45.000	-22.157
2	 87.742	-38.384	-29.996	 87.619	 85.148	 54.354	-33.690	-22.490
2	 87.794	-39.045	-30.023	 87.958	 85.207	 54.376	-42.563	-23.070
2	 87.848	-40.259	-30.055	 88.066	 85.261	 54.407	-47.386	-23.770
2	 87.872	-40.473	-30.115	 88.073	 85.287	 54.419	-41.009	-24.275
2	 87.882	-40.667	-30.183	 88.035	 85.304	 54.435	-41.100	-24.765
2	 87.889	-39.877	-30.237	 87.949	 85.331	 54.450	-33.959	-25.025
2	 87.904	-40.487	-30.330	 88.249	 85.329	 54.464	-43.603	-25.569
2	 87.804	-40.279	-30.493	 87.871	 85.246	 54.477	-38.108	-25.933
2	 87.792	-40.600	-30.589	 87.987	 85.236	 54.491	-41.855	-26.397
2	 87.838	-41.297	-30.633	 88.077	 85.278	 54.510	-45.000	-26.936
2	 87.899	-42.346	-30.685	 88.282	 85.318	 54.527	-48.289	-27.561
2	 87.969	-43.654	-30.769	 88.616	 85.335	 54.533	-51.170	-28.263
2	 87.699	-40.741	-30.894	 86.413	 85.246	 54.530	-20.993	-28.048
2	 87.726	-41.814	-30.976	 88.085	 85.252	 54.550	-47.951	-28.626
2	 87.821	-42.728	-30.954	 87.946	 85.354	 54.564	-47.779	-29.187
2	 88.023	-44.625	-30.950	 88.952	 85.466	 54.571	-55.954	-29.983
2	 87.962	-43.813	-31.038	 87.789	 85.450	 54.590	-37.725	-30.197
2	 87.947	-43.929	-31.102	 87.913	 85.462	 54.607	-43.831	-30.589
2	 88.020	-45.199	-31.158	 88.505	 85.499	 54.627	-52.549	-31.229
2	 88.193	-47.024	-31.178	 89.083	 85.587	 54.635	-57.848	-32.019
2	 88.175	-47.175	-31.294	 88.457	 85.561	 54.652	-47.231	-32.460
2	 88.144	-47.541	-31.409	 88.325	 85.532	 54.669	-48.991	-32.939
2	 88.156	-48.068	-31.466	 88.253	 85.558	 54.683	-50.528	-33.453
2	 88.265	-49.833	-31.501	 88.836	 85.622	 54.697	-60.255	-34.244
2	 88.289	-50.973	-31.592	 88.669	 85.626	 54.718	-57.381	-34.917
2	 88.303	-51.152	-31.665	 88.505	 85.641	 54.737	-51.340	-35.391
2	 88.347	-51.676	-31.745	 88.787	 85.658	 54.753	-54.058	-35.936
2	 88.402	-52.609	-31.826	 88.921	 85.677	 54.769	-57.619	-36.570
2	 88.405	-53.703	-31.945	 88.828	 85.657	 54.786	-59.744	-37.249
2	 88.399	-53.689	-32.022	 88.494	 85.667	 54.800	-52.549	-37.695
2	 88.450	-53.805	-32.067	 88.701	 85.714	 54.824	-53.569	-38.148
2	 88.542	-55.387	-32.129	 89.162	 85.758	 54.839	-64.537	-38.925
2	 88.477	-55.804	-32.280	 88.665	 85.699	 54.848	-57.381	-39.470
2	 88.381	-54.318	-32.399	 88.162	 85.657	 54.862	-43.668	-39.582
2	 88.343	-53.204	-32.472	 88.205	 85.663	 54.877	-45.000	-39.730
2	 88.450	-54.526	-32.494	 88.914	 85.739	 54.895	-62.049	-40.382
2	 88.570	-55.928	-32.516	 89.120	 85.819	 54.919	-63.970	-41.067
2	 88.559	-56.261	-32.602	 88.664	 85.821	 54.940	-57.381	-41.536
2	 88.491	-55.534	-32.715	 88.412	 85.789	 54.960	-49.821	-41.765
2	 88.499	-55.090	-32.784	 88.622	 85.807	 54.972	-51.170	-42.035
2	 88.558	-55.483	-32.826	 88.838	 85.857	 54.979	-56.929	-42.475
2	 88.611	-56.022	-32.838	 88.661	 85.929	 54.985	-58.393	-42.947
2	 88.693	-55.769	-32.861	 88.994	 86.000	 55.006	-53.130	-43.232
2	 88.708	-55.142	-32.903	 88.703	 86.040	 55.017	-50.042	-43.426
2	 88.760	-56.319	-32.971	 89.161	 86.067	 55.028	-62.850	-43.998
2	 88.719	-56.687	-33.074	 88.743	 86.048	 55.040	-57.995	-44.407
2	 88.735	-57.400	-33.151	 88.958	 86.061	 55.055	-60.945	-44.888
2	 88.789	-58.591	-33.187	 88.997	 86.113	 55.075	-65.225	-45.479
2	 88.805	-59.151	-33.278	 89.120	 86.115	 55.094	-61.699	-45.947
2	 88.740	-58.960	-33.396	 88.702	 86.079	 55.101	-56.592	-46.259
2	 88.766	-60.291	-33.491	 89.167	 86.079	 55.119	-67.797	-46.888
2	 88.812	-60.625	-33.551	 89.120	 86.112	 55.140	-61.699	-47.312
2	 88.859	-62.037	-33.636	 89.329	 86.126	 55.156	-70.017	-47.978
2	 88.823	-61.737	-33.732	 88.821	 86.114	 55.173	-58.671	-48.282
2	 88.831	-62.292	-33.802	 88.955	 86.132	 55.189	-64.747	-48.760
2	 88.831	-62.203	-33.873	 88.912	 86.146	 55.209	-60.524	-49.094
2	 88.851	-63.369	-33.954	 89.122	 86.156	 55.230	-69.775	-49.694
2	 88.859	-63.679	-34.054	 89.164	 86.150	 55.248	-64.537	-50.122
2	 88.804	-62.200	-34.178	 88.866	 86.111	 55.266	-51.546	-50.147
2	 88.797	-61.980	-34.282	 89.038	 86.098	 55.286	-59.470	-50.407
2	 88.767	-61.240	-34.374	 88.784	 86.089	 55.303	-55.376	-50.540
2	 88.803	-61.879	-34.441	 89.081	 86.114	 55.320	-64.916	-50.955
2	 88.778	-62.006	-34.534	 88.827	 86.105	 55.332	-61.699	-51.265
2	 88.725	-60.668	-34.650	 88.747	 86.072	 55.348	-50.964	-51.241
2	 88.689	-59.736	-34.742	 88.667	 86.060	 55.367	-52.696	-51.266
2	 88.728	-59.825	-34.812	 89.043	 86.082	 55.399	-59.470	-51.481
2	 88.790	-61.117	-34.888	 89.289	 86.105	 55.420	-68.429	-51.969
2	 88.765	-60.385	-34.990	 88.869	 86.088	 55.434	-54.605	-52.034
2	 88.723	-60.323	-35.083	 88.661	 86.076	 55.450	-58.878	-52.225
2	 88.762	-61.255	-35.154	 89.084	 86.097	 55.471	-66.251	-52.625
2	 88.807	-61.762	-35.225	 89.167	 86.120	 55.490	-63.997	-52.947
2	 88.829	-62.766	-35.329	 89.246	 86.113	 55.511	-68.199	-53.384
2	 88.823	-62.326	-35.423	 88.994	 86.109	 55.524	-58.393	-53.522
2	 88.850	-63.171	-35.512	 89.208	 86.115	 55.542	-67.557	-53.926
2	 88.838	-62.966	-35.598	 88.913	 86.116	 55.552	-60.524	-54.114
2	 88.840	-62.256	-35.648	 88.786	 86.147	 55.567	-56.611	-54.174
2	 88.957	-64.109	-35.676	 89.494	 86.220	 55.597	-75.069	-54.773
2	 89.000	-64.001	-35.727	 89.205	 86.261	 55.607	-62.176	-54.985
2	 89.070	-66.162	-35.811	 89.665	 86.281	 55.619	-78.959	-55.692
2	 89.040	-65.873	-35.903	 89.038	 86.275	 55.643	-62.928	-55.886
2	 89.067	-65.787	-35.979	 89.330	 86.293	 55.661	-64.134	-56.116
2	 89.050	-65.145	-36.063	 89.083	 86.295	 55.682	-59.931	-56.210
2	 89.013	-64.392	-36.140	 88.868	 86.298	 55.700	-58.465	-56.260
2	 89.055	-65.647	-36.210	 89.375	 86.322	 55.716	-72.646	-56.737
2	 89.047	-66.667	-36.298	 89.162	 86.322	 55.731	-72.121	-57.183
2	 89.005	-66.016	-36.407	 89.038	 86.297	 55.747	-60.709	-57.274
2	 88.982	-66.486	-36.527	 89.208	 86.268	 55.762	-68.405	-57.593
2	 88.939	-65.960	-36.635	 88.952	 86.244	 55.779	-61.477	-57.693
2	 88.955	-65.610	-36.708	 89.125	 86.260	 55.800	-62.301	-57.811
2	 88.949	-63.931	-36.733	 88.665	 86.307	 55.812	-52.028	-57.625
2	 88.942	-61.647	-36.739	 88.530	 86.369	 55.811	-45.807	-57.272
2	 88.976	-63.234	-36.809	 89.247	 86.387	 55.828	-72.474	-57.712
2	 89.033	-65.004	-36.887	 89.500	 86.404	 55.845	-75.379	-58.226
2	 89.009	-64.486	-36.978	 89.038	 86.395	 55.860	-60.101	-58.267
2	 89.017	-64.402	-37.055	 89.160	 86.403	 55.880	-62.850	-58.386
2	 89.103	-66.786	-37.120	 89.665	 86.439	 55.894	-81.085	-59.053
2	 89.164	-68.056	-37.167	 89.456	 86.483	 55.909	-75.141	-59.521
2	 89.204	-69.195	-37.236	 89.497	 86.507	 55.920	-75.379	-59.986
2	 89.228	-69.822	-37.304	 89.416	 86.528	 55.934	-72.718	-60.354
2	 89.240	-70.402	-37.377	 89.376	 86.543	 55.948	-72.979	-60.719
2	 89.184	-69.432	-37.456	 88.918	 86.538	 55.965	-62.049	-60.743
2	 89.214	-70.075	-37.520	 89.413	 86.561	 55.978	-73.072	-61.100
2	 89.217	-69.332	-37.586	 89.253	 86.578	 55.996	-63.435	-61.153
2	 89.275	-70.068	-37.626	 89.497	 86.627	 56.011	-73.686	-61.514
2	 89.313	-71.625	-37.706	 89.664	 86.640	 56.031	-80.538	-62.066
2	 89.297	-71.930	-37.806	 89.419	 86.627	 56.043	-72.718	-62.373
2	 89.284	-72.085	-37.890	 89.333	 86.627	 56.059	-71.917	-62.644
2	 89.329	-72.867	-37.934	 89.496	 86.670	 56.078	-76.759	-63.049
2	 89.380	-74.081	-37.992	 89.666	 86.704	 56.095	-80.727	-63.563
2	 89.367	-74.643	-38.095	 89.537	 86.688	 56.116	-77.093	-63.948
2	 89.355	-74.830	-38.188	 89.456	 86.682	 56.136	-74.846	-64.256
2	 89.322	-73.600	-38.254	 89.119	 86.691	 56.151	-64.486	-64.248
2	 89.352	-74.038	-38.311	 89.498	 86.720	 56.167	-75.677	-64.576
2	 89.368	-75.089	-38.405	 89.664	 86.717	 56.192	-80.727	-65.036
2	 89.368	-75.409	-38.510	 89.626	 86.702	 56.217	-76.329	-65.351
2	 89.345	-75.156	-38.602	 89.375	 86.693	 56.228	-72.300	-65.548
2	 89.363	-75.764	-38.683	 89.583	 86.701	 56.242	-78.465	-65.922
2	 89.350	-75.578	-38.777	 89.456	 86.692	 56.258	-73.179	-66.125
2	 89.373	-76.321	-38.865	 89.667	 86.696	 56.276	-79.919	-66.521
2	 89.370	-76.256	-38.940	 89.413	 86.706	 56.294	-74.650	-66.747
2	 89.380	-76.616	-39.026	 89.581	 86.708	 56.311	-77.735	-67.061
2	 89.382	-77.008	-39.140	 89.707	 86.688	 56.333	-78.366	-67.378
2	 89.248	-75.087	-39.287	 88.910	 86.612	 56.354	-61.557	-67.183
2	 89.214	-74.445	-39.404	 89.330	 86.579	 56.368	-69.146	-67.228
2	 89.272	-75.009	-39.473	 89.665	 86.605	 56.381	-77.471	-67.523
2	 89.312	-74.818	-39.528	 89.499	 86.639	 56.402	-72.474	-67.652
2	 89.317	-75.278	-39.623	 89.539	 86.634	 56.417	-77.093	-67.920
2	 89.250	-74.594	-39.754	 89.248	 86.585	 56.433	-69.044	-67.939
2	 89.212	-74.152	-39.864	 89.248	 86.559	 56.451	-70.201	-67.989
2	 89.295	-74.730	-39.897	 89.622	 86.618	 56.465	-77.320	-68.255
2	 89.366	-76.018	-39.959	 89.791	 86.653	 56.486	-83.211	-68.684
2	 89.343	-75.624	-40.053	 89.374	 86.644	 56.501	-71.940	-68.766
2	 89.354	-75.896	-40.131	 89.503	 86.654	 56.517	-76.504	-68.983
2	 89.398	-76.391	-40.181	 89.580	 86.693	 56.536	-78.465	-69.249
2	 89.421	-76.229	-40.237	 89.500	 86.722	 56.554	-74.055	-69.375
2	 89.407	-76.174	-40.338	 89.540	 86.709	 56.561	-74.624	-69.526
2	 89.341	-75.168	-40.450	 89.208	 86.675	 56.575	-67.557	-69.453
2	 89.314	-75.418	-40.579	 89.540	 86.636	 56.598	-75.964	-69.627
2	 89.350	-76.409	-40.671	 89.749	 86.640	 56.613	-81.674	-69.973
2	 89.293	-75.040	-40.782	 89.205	 86.610	 56.633	-65.136	-69.809
2	 89.197	-74.422	-40.939	 89.164	 86.534	 56.643	-69.326	-69.785
2	 88.644	-57.342	-41.156	 86.052	 86.309	 56.780	 52.753	-65.976
2	 88.755	-61.503	-41.278	 89.834	 86.297	 56.843	-87.898	-66.573
2	 88.823	-64.011	-41.394	 89.584	 86.283	 56.850	-79.315	-66.948
2	 88.765	-64.206	-41.587	 89.206	 86.183	 56.857	-64.592	-66.871
2	 88.663	-62.685	-41.756	 88.668	 86.093	 56.864	-52.028	-66.419
2	 88.579	-62.313	-41.888	 88.460	 86.037	 56.883	-59.172	-66.182
2	 88.549	-62.742	-42.041	 88.908	 85.975	 56.895	-64.699	-66.127
2	 88.403	-61.482	-42.266	 88.485	 85.832	 56.900	-52.549	-65.714
2	 88.213	-60.154	-42.547	 88.374	 85.635	 56.921	-50.906	-65.249
2	 88.066	-60.372	-42.804	 88.340	 85.468	 56.918	-60.945	-65.123
2	 87.922	-56.573	-43.007	 87.870	 85.343	 56.910	-31.293	-64.116
2	 87.803	-54.634	-43.267	 88.280	 85.178	 56.883	-41.285	-63.457
2	 87.579	-51.296	-43.469	 87.002	 85.037	 56.907	-29.320	-62.410
2	 87.467	-43.999	-43.621	 87.297	 84.957	 56.902	  3.521	-60.437
2	 87.140	-42.122	-43.785	 85.666	 84.820	 56.872	-29.458	-59.537
2	 87.181	-39.125	-43.861	 87.503	 84.827	 56.886	-19.592	-58.325
2	 87.237	-38.530	-43.980	 87.937	 84.805	 56.893	-34.461	-57.602
2	 87.187	-34.254	-44.080	 87.086	 84.775	 56.927	 -6.710	-56.043
2	 87.259	-27.878	-44.167	 87.852	 84.783	 57.007	 12.758	-53.901
2	 87.244	-29.606	-44.255	 87.285	 84.773	 57.026	-40.815	-53.490
2	 87.108	-31.319	-44.400	 86.733	 84.692	 57.089	-42.678	-53.104
2	 87.076	-33.204	-44.544	 87.367	 84.632	 57.056	-45.000	-52.894
2	 87.247	-33.595	-44.629	 88.465	 84.664	 57.036	-35.838	-52.401
2	 87.531	-22.089	-44.708	 89.425	 84.731	 57.021	 52.125	-49.280
2	 87.710	-20.633	-44.773	 88.846	 84.791	 57.065	-11.689	-48.109
2	 87.869	-25.463	-44.825	 88.779	 84.860	 57.011	-56.310	-48.408
2	 87.703	-26.017	-44.877	 86.516	 84.860	 56.981	-29.427	-47.867
2	 87.833	-22.295	-44.899	 88.370	 84.943	 56.995	  1.507	-46.372
2	 87.853	-13.704	-44.964	 87.947	 84.971	 57.333	 39.226	-43.477
2	 87.788	-12.211	-45.039	 87.409	 84.971	 57.330	 -2.911	-42.263
2	 87.781	-11.326	-45.156	 88.044	 84.950	 57.344	 -6.072	-41.163
2	 87.765	-15.161	-45.224	 87.655	 84.965	 57.331	-40.101	-41.144
2	 87.833	-16.600	-45.224	 87.822	 85.050	 57.267	-25.710	-40.743
2	 87.945	-17.008	-45.261	 88.457	 85.117	 57.187	-19.359	-40.179
2	 87.992	-15.564	-45.272	 87.916	 85.190	 57.063	 -5.711	-39.266
2	 87.986	-15.326	-45.289	 87.611	 85.247	 56.872	-12.848	-38.658
2	 88.117	 -6.946	-45.307	 88.626	 85.330	 56.739	 47.490	-36.203
2	 88.237	 -3.412	-45.301	 88.529	 85.432	 56.722	 18.925	-34.565
2	 88.229	 -7.395	-45.279	 87.580	 85.518	 56.595	-32.735	-34.634
2	 88.314	 -5.640	-45.291	 88.494	 85.595	 56.412	  6.340	-33.583
2	 88.467	 -3.349	-45.291	 89.004	 85.697	 56.270	 11.768	-32.359
2	 88.602	  3.090	-45.331	 89.272	 85.767	 56.099	 45.000	-30.204
2	 88.602	  6.812	-45.388	 88.519	 85.793	 55.835	 31.701	-28.604
2	 88.532	  2.420	-45.518	 88.469	 85.747	 55.125	-22.068	-29.096
2	 88.710	 11.714	-45.560	 89.675	 85.824	 54.785	 72.897	-26.366
2	 88.671	 18.402	-45.627	 88.396	 85.836	 54.660	 61.220	-23.859
2	 88.331	 15.155	-45.611	 85.588	 85.845	 54.389	 -5.092	-23.560
2	 88.663	 24.776	-45.549	 89.958	 86.028	 53.939	 88.452	-20.635
2	 88.742	 17.297	-45.576	 88.968	 86.091	 53.502	-29.249	-21.318
2	 88.996	 26.957	-45.555	 90.044	 86.230	 53.102	 90.503	-18.351
2	 88.909	 32.626	-45.646	 88.480	 86.209	 52.906	 68.962	-15.922
2	 88.727	 36.574	-45.755	 87.809	 86.151	 52.707	 61.736	-13.785
2	 88.576	 24.749	-45.864	 87.860	 86.096	 52.371	-50.659	-15.217
2	 88.763	 34.769	-45.963	 90.156	 86.122	 51.916	100.784	-12.179
2	 88.711	 40.203	-46.082	 88.693	 86.084	 51.722	 74.827	 -9.757
2	 88.618	 43.181	-46.229	 88.513	 86.014	 51.615	 61.327	 -7.728
2	 88.182	 37.813	-46.358	 85.758	 85.881	 51.447	  2.651	 -7.579
2	 88.046	 28.834	-46.498	 87.635	 85.798	 51.090	-28.179	 -8.544
2	 88.155	 34.996	-46.602	 89.083	 85.796	 50.659	 75.964	 -6.427
2	 88.250	 37.381	-46.651	 88.727	 85.836	 50.386	 52.907	 -4.912
2	 88.408	 37.352	-46.702	 89.316	 85.891	 50.182	 36.870	 -3.856
2	 88.354	 35.070	-46.772	 88.006	 85.886	 49.909	 20.556	 -3.389
2	 88.168	 33.096	-46.814	 86.795	 85.873	 49.608	 20.794	 -2.955
2	 88.061	 28.692	-46.851	 87.166	 85.876	 49.297	  0.881	 -3.142
2	 88.131	 26.911	-46.887	 88.377	 85.916	 48.973	 16.144	 -2.877
2	 88.177	 14.878	-46.960	 88.504	 85.923	 48.598	-61.390	 -4.996
2	 88.599	 -1.525	-46.966	 90.903	 86.067	 48.006	-104.191	 -8.546
2	 87.503	 -4.436	-46.959	 79.965	 85.891	 47.198	-18.637	 -9.633
2	 87.887	  2.635	-46.921	 89.698	 86.041	 46.469	 52.125	 -8.487
2	 87.901	 -2.908	-46.953	 87.766	 86.062	 45.906	-35.727	 -9.851
2	 87.934	  7.254	-46.977	 87.870	 86.093	 45.059	 77.297	 -8.058
2	 88.153	 -0.088	-46.904	 88.669	 86.241	 43.851	-40.462	-10.202
2	 88.619	-14.155	-46.792	 90.464	 86.476	 42.778	-98.455	-13.890
2	 89.273	  4.661	-46.676	 92.296	 86.764	 41.917	130.601	-10.390
2	 89.532	 -6.976	-46.513	 89.707	 87.009	 41.072	-77.276	-13.217
2	 89.220	 -2.136	-46.550	 87.000	 86.974	 40.200	 33.871	-12.650
2	 89.174	  7.189	-46.564	 88.531	 87.007	 39.512	 70.684	-10.817
2	 88.999	  9.037	-46.582	 87.556	 87.006	 38.856	 24.057	-10.408
2	 88.824	  6.969	-46.677	 87.874	 86.940	 38.241	 -3.504	-10.797
2	 89.128	 26.208	-46.827	 91.617	 86.935	 37.610	152.784	 -6.502
2	 89.042	 33.359	-47.044	 89.448	 86.799	 37.076	 81.158	 -4.389
2	 88.859	 36.623	-47.150	 87.930	 86.730	 36.673	 58.431	 -2.896
2	 89.057	 47.082	-47.206	 90.254	 86.782	 36.310	114.775	  0.283
2	 89.115	 27.320	-47.401	 90.299	 86.698	 35.830	-98.653	 -3.151
2	 89.229	  4.777	-47.640	 91.056	 86.597	 35.134	-137.203	 -7.848
2	 89.257	  1.502	-47.754	 89.713	 86.580	 34.408	-15.945	 -8.796
2	 89.322	 -6.952	-47.780	 89.461	 86.641	 33.779	-58.241	-10.889
2	 88.833	 -5.182	-47.925	 86.165	 86.487	 33.158	  9.367	-10.884
2	 88.707	  0.968	-48.070	 88.390	 86.403	 32.696	 42.581	 -9.728
2	 88.521	  6.600	-48.238	 87.960	 86.286	 32.019	 46.102	 -8.709
2	 88.619	 -8.098	-48.455	 90.204	 86.193	 31.518	-100.491	-11.949
2	 87.346	 -1.536	-48.917	 81.690	 85.610	 31.259	 41.464	-10.598
2	 87.163	  7.389	-49.137	 86.973	 85.438	 30.474	 68.782	 -8.978
2	 87.667	 27.791	-49.347	 91.832	 85.426	 29.732	162.408	 -4.556
2	 87.486	 28.368	-49.522	 87.011	 85.304	 29.016	 34.939	 -4.065
2	 87.912	 43.349	-49.610	 90.777	 85.382	 28.470	141.340	 -0.233
2	 88.173	 49.595	-49.697	 89.958	 85.435	 28.239	 89.076	  2.222
2	 87.852	 36.826	-49.806	 86.033	 85.347	 27.852	-45.000	  0.430
2	 87.947	 23.368	-49.946	 89.014	 85.322	 27.444	-62.447	 -1.852
2	 87.877	 22.149	-50.121	 88.099	 85.235	 26.960	 15.781	 -1.793
2	 88.027	  9.110	-50.323	 89.831	 85.178	 26.614	-74.055	 -4.296
2	 87.947	  3.331	-50.457	 87.836	 85.127	 26.279	-32.949	 -5.480
2	 88.198	-10.334	-50.592	 90.215	 85.149	 25.890	-96.789	 -8.597
2	 87.876	 -9.736	-50.753	 86.377	 85.030	 25.558	 -4.600	 -8.799
2	 87.655	 -6.288	-50.900	 86.716	 84.938	 25.350	 16.348	 -8.247
2	 87.679	 -1.024	-51.126	 88.835	 84.835	 25.211	 32.735	 -7.152
2	 87.861	 10.361	-51.311	 89.750	 84.803	 24.952	 84.094	 -4.666
2	 87.303	 11.639	-51.531	 84.662	 84.586	 24.583	 20.875	 -4.258
2	 87.257	 16.161	-51.784	 88.131	 84.446	 24.301	 45.630	 -3.034
2	 87.027	 15.679	-51.961	 86.216	 84.328	 24.097	 12.395	 -2.770
2	 86.975	 10.229	-52.176	 87.570	 84.216	 23.766	-24.146	 -3.731
2	 86.734	  9.075	-52.363	 85.920	 84.087	 23.359	  2.921	 -3.927
2	 86.509	 11.212	-52.561	 85.881	 83.948	 23.120	 25.145	 -3.287
2	 86.211	 10.587	-52.837	 85.611	 83.730	 22.968	  6.155	 -3.151
2	 86.013	 10.340	-53.133	 86.183	 83.517	 22.785	  8.561	 -2.977
2	 85.881	 10.441	-53.277	 85.507	 83.437	 22.715	 10.176	 -2.650
2	 86.099	  5.781	-53.372	 87.659	 83.471	 22.695	-25.388	 -3.352
2	 85.909	  4.897	-53.483	 84.934	 83.408	 22.583	 -1.302	 -3.399
2	 85.889	  0.870	-53.536	 85.652	 83.424	 22.466	-25.463	 -4.175
2	 85.679	  2.287	-53.610	 84.352	 83.380	 22.355	 10.981	 -3.827
2	 85.794	  6.607	-53.733	 86.871	 83.365	 22.280	 33.690	 -2.775
2	 85.686	  6.849	-53.887	 85.529	 83.280	 22.284	  7.125	 -2.474
2	 85.758	  2.616	-54.029	 86.677	 83.245	 22.308	-25.989	 -3.156
2	 85.618	  2.381	-54.058	 84.450	 83.253	 22.266	  0.000	 -3.102
2	 85.684	 -2.549	-54.188	 86.491	 83.224	 22.173	-34.765	 -4.142
2	 85.686	 -3.454	-54.295	 85.929	 83.201	 22.120	 -9.941	 -4.368
2	 85.688	 -3.642	-54.409	 85.981	 83.174	 22.156	 -6.072	 -4.383
3	 85.901	 -6.388	-54.442	 87.016	 83.258	 22.193	-25.241	 -4.974
2	 85.836	 -9.145	-54.607	 86.018	 83.180	 22.007	-26.565	 -5.802
2	 85.824	 -7.081	-54.755	 86.237	 83.128	 21.728	  7.125	 -5.685
2	 85.819	 -6.331	-54.895	 86.226	 83.085	 21.454	 -0.651	 -5.800
2	 86.115	-15.561	-55.109	 88.924	 83.052	 21.200	-74.141	 -8.096
2	 86.342	-21.813	-55.182	 87.789	 83.124	 20.957	-61.098	 -9.922
2	 86.211	-19.939	-55.284	 85.550	 83.098	 20.594	 -6.116	-10.160
2	 85.917	-20.922	-55.405	 84.318	 83.017	 20.370	-26.398	-10.864
2	 86.052	-25.303	-55.500	 87.061	 83.046	 20.324	-53.720	-12.195
2	 86.106	-27.112	-55.486	 85.885	 83.145	 20.185	-38.309	-13.112
2	 86.595	-32.875	-55.335	 88.286	 83.446	 20.240	-70.665	-14.786
2	 86.705	-34.607	-55.378	 87.208	 83.517	 20.213	-45.843	-15.744
2	 87.111	-41.870	-55.478	 89.875	 83.611	 20.208	-88.727	-17.938
2	 87.183	-42.682	-55.382	 86.537	 83.791	 20.153	-47.603	-18.881
2	 87.250	-41.483	-55.118	 85.487	 84.099	 20.208	-34.173	-19.287
2	 87.417	-42.036	-55.060	 87.635	 84.261	 20.107	-45.000	-20.156
2	 87.390	-43.697	-55.109	 87.046	 84.297	 20.096	-54.353	-21.193
2	 87.415	-45.819	-55.205	 87.704	 84.306	 20.128	-59.668	-22.316
2	 86.800	-39.335	-55.328	 83.149	 84.152	 19.886	  3.909	-21.764
2	 86.959	-39.914	-55.269	 87.135	 84.299	 19.877	-43.708	-22.431
2	 87.193	-42.188	-55.220	 87.904	 84.454	 19.839	-56.659	-23.494
2	 87.211	-42.598	-55.268	 87.154	 84.489	 19.859	-45.418	-24.133
2	 87.339	-45.217	-55.311	 87.964	 84.551	 19.880	-62.216	-25.255
2	 87.373	-45.218	-55.338	 87.290	 84.608	 19.848	-45.000	-25.879
2	 87.506	-46.690	-55.315	 87.735	 84.723	 19.876	-56.310	-26.764
2	 87.544	-46.730	-55.287	 87.133	 84.823	 19.891	-47.031	-27.357
2	 87.755	-49.209	-55.207	 88.120	 84.999	 19.932	-65.336	-28.457
2	 87.948	-51.926	-55.168	 88.460	 85.141	 19.971	-69.507	-29.651
2	 88.076	-54.048	-55.174	 88.453	 85.235	 19.996	-67.652	-30.767
2	 88.136	-55.876	-55.233	 88.417	 85.273	 19.989	-67.335	-31.870
2	 88.189	-57.113	-55.284	 88.374	 85.316	 19.998	-64.832	-32.851
2	 88.205	-57.880	-55.349	 88.239	 85.341	 19.968	-62.301	-33.763
2	 88.294	-59.252	-55.360	 88.457	 85.424	 19.989	-67.874	-34.766
2	 88.329	-59.486	-55.363	 88.087	 85.501	 20.048	-61.004	-35.496
2	 88.451	-60.840	-55.349	 88.658	 85.609	 20.079	-69.370	-36.482
2	 88.451	-61.532	-55.457	 88.658	 85.596	 20.056	-65.433	-37.373
2	 88.409	-61.662	-55.559	 88.315	 85.579	 20.033	-61.928	-38.132
2	 88.433	-61.935	-55.606	 88.407	 85.617	 20.058	-63.435	-38.867
2	 88.478	-62.160	-55.606	 88.283	 85.697	 20.097	-63.435	-39.566
2	 88.591	-63.574	-55.606	 88.829	 85.791	 20.117	-72.350	-40.531
2	 88.644	-64.646	-55.655	 88.820	 85.835	 20.128	-71.147	-41.438
2	 88.674	-64.665	-55.665	 88.438	 85.903	 20.178	-64.622	-42.085
2	 88.792	-65.718	-55.616	 88.753	 86.036	 20.198	-72.121	-42.967
2	 88.926	-67.686	-55.608	 89.248	 86.141	 20.210	-79.895	-44.063
2	 89.015	-69.675	-55.664	 89.457	 86.186	 20.220	-81.957	-45.190
2	 88.987	-70.203	-55.755	 88.904	 86.179	 20.250	-73.179	-46.001
2	 89.001	-70.577	-55.795	 88.868	 86.220	 20.282	-72.570	-46.767
2	 89.055	-71.442	-55.809	 89.001	 86.290	 20.282	-76.373	-47.655
2	 89.145	-73.114	-55.863	 89.580	 86.337	 20.269	-83.130	-48.732
2	 89.144	-73.914	-55.949	 89.205	 86.339	 20.300	-78.573	-49.597
2	 89.123	-74.112	-56.019	 88.952	 86.350	 20.342	-74.954	-50.317
2	 89.143	-74.774	-56.085	 89.204	 86.372	 20.363	-78.453	-51.141
2	 89.143	-75.289	-56.164	 89.161	 86.379	 20.380	-77.989	-51.930
2	 89.180	-75.827	-56.213	 89.242	 86.418	 20.401	-78.690	-52.712
2	 89.220	-76.430	-56.266	 89.329	 86.453	 20.439	-79.808	-53.488
2	 89.272	-77.460	-56.325	 89.497	 86.488	 20.423	-83.224	-54.395
2	 89.289	-78.028	-56.396	 89.371	 86.505	 20.412	-80.838	-55.200
2	 89.274	-78.384	-56.497	 89.329	 86.492	 20.418	-79.919	-55.936
2	 89.236	-78.003	-56.593	 89.123	 86.477	 20.443	-74.932	-56.481
2	 89.239	-78.362	-56.673	 89.286	 86.484	 20.469	-80.059	-57.163
2	 89.274	-79.245	-56.763	 89.581	 86.490	 20.495	-84.289	-57.952
2	 89.248	-79.650	-56.879	 89.336	 86.463	 20.489	-81.416	-58.661
2	 89.229	-79.285	-56.963	 89.159	 86.462	 20.489	-76.130	-59.185
2	 89.260	-79.687	-57.032	 89.410	 86.484	 20.499	-81.529	-59.846
2	 89.276	-80.085	-57.121	 89.457	 86.486	 20.517	-81.957	-60.492
2	 89.282	-80.557	-57.225	 89.499	 86.476	 20.544	-82.948	-61.140
2	 89.241	-80.398	-57.331	 89.165	 86.453	 20.565	-78.690	-61.646
2	 89.182	-80.099	-57.431	 88.952	 86.432	 20.556	-77.307	-62.124
2	 89.208	-80.484	-57.520	 89.455	 86.436	 20.539	-82.042	-62.738
2	 89.202	-79.953	-57.578	 89.039	 86.458	 20.528	-75.665	-63.136
2	 89.281	-80.811	-57.642	 89.710	 86.493	 20.492	-85.292	-63.836
2	 89.241	-80.170	-57.740	 89.120	 86.477	 20.472	-75.114	-64.194
2	 89.252	-79.995	-57.817	 89.325	 86.488	 20.476	-78.111	-64.607
2	 89.277	-79.979	-57.884	 89.371	 86.509	 20.502	-79.249	-65.022
2	 89.328	-80.415	-57.949	 89.581	 86.539	 20.527	-82.600	-65.525
2	 89.348	-80.393	-58.023	 89.454	 86.554	 20.530	-79.479	-65.941
2	 89.361	-80.675	-58.108	 89.497	 86.560	 20.510	-81.573	-66.429
2	 89.331	-80.389	-58.202	 89.248	 86.549	 20.488	-77.619	-66.786
2	 89.298	-79.815	-58.297	 89.202	 86.537	 20.497	-75.411	-67.035
2	 89.314	-79.743	-58.374	 89.413	 86.548	 20.524	-78.690	-67.359
2	 89.323	-80.061	-58.462	 89.455	 86.550	 20.534	-81.404	-67.771
2	 89.290	-79.384	-58.546	 89.118	 86.545	 20.546	-74.358	-67.957
2	 89.271	-79.075	-58.639	 89.246	 86.537	 20.544	-76.329	-68.210
2	 89.268	-78.996	-58.728	 89.330	 86.534	 20.551	-77.800	-68.491
2	 89.264	-78.357	-58.780	 89.077	 86.560	 20.570	-73.652	-68.627
2	 89.305	-78.438	-58.833	 89.416	 86.594	 20.588	-78.366	-68.902
2	 89.309	-79.037	-58.943	 89.541	 86.576	 20.573	-82.073	-69.312
2	 89.215	-77.409	-59.060	 88.865	 86.531	 20.556	-66.125	-69.232
2	 89.231	-77.601	-59.143	 89.369	 86.536	 20.569	-78.232	-69.490
2	 89.262	-77.756	-59.206	 89.371	 86.560	 20.594	-78.232	-69.728
2	 89.331	-78.603	-59.259	 89.623	 86.600	 20.640	-83.660	-70.101
2	 89.370	-79.641	-59.357	 89.749	 86.600	 20.640	-85.601	-70.566
2	 89.352	-79.599	-59.455	 89.371	 86.588	 20.653	-78.690	-70.798
2	 89.383	-80.071	-59.526	 89.541	 86.607	 20.678	-82.539	-71.125
2	 89.376	-80.078	-59.610	 89.372	 86.608	 20.677	-79.380	-71.374
2	 89.409	-80.864	-59.701	 89.708	 86.613	 20.675	-85.179	-71.790
2	 89.428	-81.275	-59.797	 89.663	 86.612	 20.679	-83.191	-72.128
2	 89.405	-80.601	-59.874	 89.246	 86.617	 20.688	-75.579	-72.223
2	 89.464	-81.236	-59.931	 89.709	 86.654	 20.691	-84.596	-72.592
2	 89.459	-81.576	-60.039	 89.624	 86.638	 20.684	-82.972	-72.910
2	 89.431	-81.311	-60.149	 89.456	 86.616	 20.684	-78.857	-73.088
2	 89.431	-81.224	-60.238	 89.496	 86.616	 20.695	-79.992	-73.285
2	 89.422	-80.896	-60.317	 89.371	 86.622	 20.723	-78.232	-73.406
2	 89.445	-81.049	-60.387	 89.541	 86.641	 20.761	-81.545	-73.613
2	 89.405	-80.451	-60.494	 89.326	 86.619	 20.773	-75.964	-73.672
2	 89.411	-80.554	-60.592	 89.580	 86.612	 20.779	-80.538	-73.872
2	 89.452	-81.013	-60.662	 89.664	 86.636	 20.800	-83.387	-74.137
2	 89.389	-79.590	-60.742	 88.993	 86.629	 20.845	-70.017	-73.970
2	 89.404	-79.329	-60.806	 89.412	 86.650	 20.892	-77.276	-74.023
2	 89.443	-79.456	-60.854	 89.498	 86.690	 20.931	-79.846	-74.160
2	 89.483	-80.246	-60.928	 89.709	 86.708	 20.957	-84.806	-74.455
2	 89.442	-79.856	-61.029	 89.327	 86.689	 20.972	-76.759	-74.509
2	 89.450	-80.129	-61.113	 89.537	 86.693	 21.008	-81.431	-74.681
2	 89.460	-80.318	-61.194	 89.541	 86.700	 21.063	-81.193	-74.824
2	 89.461	-80.215	-61.258	 89.376	 86.718	 21.102	-79.114	-74.914
2	 89.522	-80.523	-61.297	 89.662	 86.768	 21.133	-82.011	-75.097
2	 89.576	-81.214	-61.342	 89.709	 86.813	 21.158	-85.121	-75.374
2	 89.600	-81.558	-61.401	 89.623	 86.840	 21.174	-83.157	-75.592
2	 89.615	-81.876	-61.465	 89.624	 86.861	 21.207	-83.418	-75.794
2	 89.606	-82.193	-61.555	 89.621	 86.857	 21.242	-83.737	-75.999
2	 89.588	-82.342	-61.652	 89.582	 86.845	 21.276	-82.786	-76.170
2	 89.560	-82.009	-61.729	 89.369	 86.846	 21.293	-79.249	-76.246
2	 89.575	-81.929	-61.772	 89.452	 86.882	 21.304	-80.770	-76.371
2	 89.634	-82.744	-61.822	 89.833	 86.922	 21.319	-87.368	-76.686
2	 89.647	-83.307	-61.904	 89.749	 86.928	 21.337	-86.309	-76.957
2	 89.642	-83.682	-62.004	 89.749	 86.915	 21.368	-85.544	-77.184
2	 89.638	-84.052	-62.104	 89.747	 86.903	 21.405	-85.914	-77.411
2	 89.627	-84.022	-62.186	 89.580	 86.903	 21.438	-83.290	-77.555
2	 89.640	-84.073	-62.249	 89.624	 86.924	 21.476	-83.885	-77.708
2	 89.673	-84.613	-62.319	 89.833	 86.943	 21.500	-87.483	-77.978
2	 89.692	-85.243	-62.415	 89.917	 86.940	 21.522	-88.668	-78.277
2	 89.652	-84.760	-62.503	 89.454	 86.930	 21.539	-80.991	-78.342
2	 89.629	-84.324	-62.590	 89.537	 86.924	 21.567	-80.942	-78.393
2	 89.632	-84.530	-62.671	 89.665	 86.927	 21.610	-85.380	-78.561
2	 89.653	-85.010	-62.756	 89.832	 86.932	 21.633	-87.483	-78.807
2	 89.635	-85.110	-62.864	 89.707	 86.910	 21.644	-85.061	-78.983
2	 89.620	-85.048	-62.959	 89.624	 86.899	 21.676	-84.094	-79.105
2	 89.655	-85.631	-63.043	 89.916	 86.908	 21.693	-88.727	-79.378
2	 89.662	-85.790	-63.129	 89.748	 86.911	 21.673	-85.914	-79.593
2	 89.664	-86.122	-63.225	 89.791	 86.904	 21.596	-86.987	-79.889
2	 89.663	-86.211	-63.319	 89.746	 86.898	 21.574	-85.865	-80.090
2	 89.667	-86.203	-63.400	 89.706	 86.903	 21.594	-85.503	-80.234
2	 89.688	-86.335	-63.474	 89.790	 86.918	 21.622	-86.594	-80.397
2	 89.701	-86.483	-63.554	 89.791	 86.927	 21.647	-86.820	-80.566
2	 89.709	-86.698	-63.645	 89.832	 86.926	 21.679	-87.510	-80.743
2	 89.669	-86.385	-63.745	 89.541	 86.908	 21.687	-83.660	-80.822
2	 91.009	-96.394	-63.791	 99.401	 87.238	 21.830	-160.811	-83.083
2	 90.888	-95.562	-63.858	 90.000	 87.255	 21.953	-90.000	-83.171
2	 90.745	-94.311	-63.924	 89.708	 87.265	 22.018	-85.696	-83.185
2	 90.658	-93.860	-63.998	 90.042	 87.276	 22.119	-90.651	-83.311
2	 92.542	-98.206	-64.074	104.591	 87.723	 22.729	-129.084	-84.092
2	 92.264	-97.951	-64.148	 90.378	 87.730	 22.876	-96.189	-84.312
2	 91.885	-95.433	-64.211	 89.288	 87.716	 22.952	-78.690	-84.070
2	 91.378	-89.971	-64.278	 87.990	 87.659	 23.026	-54.382	-83.108
2	 91.311	-91.454	-64.363	 90.883	 87.673	 23.118	-100.713	-83.546
2	 90.952	-86.600	-64.443	 88.608	 87.623	 23.267	-55.491	-82.561
2	 90.835	-87.062	-64.520	 90.042	 87.621	 23.471	-90.567	-82.602
2	 90.760	-87.832	-64.593	 90.209	 87.628	 23.594	-92.779	-82.788
2	 90.634	-87.905	-64.683	 89.874	 87.609	 23.666	-88.025	-82.876
2	 90.491	-87.560	-64.779	 89.664	 87.577	 23.750	-85.083	-82.861
2	 90.340	-86.568	-64.869	 89.413	 87.545	 23.909	-80.426	-82.633
2	 90.206	-85.242	-64.914	 89.117	 87.549	 23.983	-76.430	-82.375
2	 90.203	-85.840	-64.960	 89.958	 87.576	 24.067	-89.479	-82.507
2	 90.224	-87.228	-65.049	 90.419	 87.574	 24.216	-96.340	-82.778
2	 90.287	-88.651	-65.107	 90.544	 87.608	 24.314	-97.633	-83.128
2	 90.190	-88.343	-65.203	 89.664	 87.576	 24.360	-85.840	-83.165
2	 90.136	-88.191	-65.278	 89.748	 87.569	 24.375	-86.496	-83.250
2	 90.072	-87.869	-65.364	 89.707	 87.549	 24.422	-85.292	-83.266
2	 90.012	-87.502	-65.451	 89.665	 87.528	 24.493	-84.806	-83.243
2	 90.001	-87.586	-65.516	 89.832	 87.535	 24.535	-87.614	-83.334
2	 89.902	-86.208	-65.584	 89.194	 87.518	 24.654	-77.335	-83.038
2	 89.952	-87.208	-65.679	 90.374	 87.511	 24.770	-93.627	-83.243
2	 88.239	-72.287	-65.798	 77.493	 87.095	 24.202	 27.948	-80.459
2	 88.301	-70.843	-65.878	 88.741	 87.067	 24.301	-61.821	-79.803
2	 88.459	-72.736	-65.975	 89.624	 87.050	 24.335	-84.753	-79.919
2	 88.672	-75.087	-66.042	 90.000	 87.074	 24.368	-90.000	-80.189
2	 88.852	-76.933	-66.097	 89.874	 87.105	 24.364	-88.299	-80.436
2	 90.402	-88.275	-66.182	100.418	 87.421	 24.367	-160.619	-82.839
2	 90.158	-87.044	-66.286	 88.731	 87.360	 24.506	-79.249	-82.597
2	 90.534	-90.639	-66.375	 93.008	 87.443	 24.605	-113.611	-83.431
2	 90.500	-90.951	-66.459	 90.293	 87.447	 24.833	-93.576	-83.514
2	 90.365	-90.090	-66.547	 89.539	 87.424	 24.923	-84.289	-83.450
2	 90.329	-90.458	-66.640	 90.167	 87.417	 24.984	-92.386	-83.659
2	 90.261	-90.250	-66.729	 89.874	 87.403	 25.011	-88.247	-83.770
2	 90.202	-90.023	-66.812	 89.833	 87.396	 25.039	-87.917	-83.868
2	 90.296	-91.471	-66.890	 90.880	 87.425	 24.963	-99.462	-84.409
2	 90.315	-92.455	-66.981	 90.503	 87.429	 24.816	-96.981	-84.929
2	 90.153	-90.652	-67.084	 89.245	 87.384	 24.748	-77.764	-84.780
2	 90.086	-90.040	-67.179	 89.747	 87.363	 24.769	-85.426	-84.779
2	 90.041	-89.908	-67.278	 89.874	 87.342	 24.794	-88.423	-84.864
2	 90.000	-89.382	-67.354	 89.705	 87.339	 24.823	-85.400	-84.852
2	 90.100	-91.068	-67.450	 90.840	 87.350	 24.788	-100.886	-85.367
2	 90.101	-91.394	-67.553	 90.250	 87.338	 24.804	-92.770	-85.574
2	 90.062	-90.834	-67.624	 89.749	 87.341	 24.811	-86.460	-85.594
2	 88.908	-87.901	-67.711	 81.539	 87.083	 24.808	-68.242	-85.076
2	 89.072	-88.423	-67.781	 90.085	 87.105	 24.850	-91.317	-85.222
2	 89.179	-88.541	-67.866	 89.917	 87.107	 24.885	-88.781	-85.295
2	 89.207	-87.767	-67.948	 89.416	 87.097	 24.928	-82.333	-85.164
2	 89.371	-88.728	-68.032	 90.464	 87.117	 24.972	-94.461	-85.401
2	 89.384	-87.616	-68.096	 89.377	 87.122	 24.854	-78.977	-85.322
2	 89.423	-87.207	-68.166	 89.622	 87.129	 24.784	-83.418	-85.333
2	 89.482	-87.361	-68.240	 89.832	 87.138	 24.773	-87.589	-85.412
2	 89.523	-87.514	-68.326	 89.833	 87.136	 24.788	-87.898	-85.471
2	 89.560	-87.557	-68.404	 89.791	 87.140	 24.814	-87.299	-85.502
2	 89.590	-87.604	-68.484	 89.791	 87.142	 24.823	-87.274	-85.545
2	 90.057	-91.661	-68.593	 93.251	 87.219	 24.777	-116.713	-86.525
2	 90.769	-96.692	-68.674	 95.344	 87.384	 24.774	-128.188	-87.778
2	 90.649	-95.404	-68.737	 89.747	 87.394	 24.807	-86.424	-87.706
2	 90.950	-98.163	-68.809	 92.802	 87.487	 24.896	-115.574	-88.455
2	 90.917	-98.240	-68.887	 90.671	 87.507	 24.938	-98.059	-88.702
2	 90.765	-96.902	-68.978	 89.833	 87.488	 25.005	-87.797	-88.610
2	 90.651	-96.196	-69.087	 90.084	 87.460	 25.054	-91.061	-88.636
2	 90.520	-94.996	-69.181	 89.747	 87.438	 25.080	-86.566	-88.550
2	 90.446	-94.348	-69.262	 89.958	 87.435	 25.095	-89.427	-88.561
2	 90.346	-93.543	-69.364	 89.832	 87.407	 25.136	-87.797	-88.499
2	 90.292	-93.134	-69.455	 90.000	 87.397	 25.185	-90.000	-88.496
2	 90.215	-92.437	-69.548	 89.790	 87.379	 25.232	-87.466	-88.419
2	 90.166	-91.900	-69.626	 89.832	 87.377	 25.256	-87.818	-88.378
2	 90.123	-91.582	-69.719	 89.916	 87.363	 25.276	-88.898	-88.375
2	 90.525	-101.454	-69.811	 93.180	 87.448	 25.256	-163.951	-90.661
2	 90.471	-99.833	-69.868	 89.957	 87.468	 25.355	-89.061	-90.516
2	 90.372	-97.917	-69.959	 89.790	 87.449	 25.533	-85.795	-90.202
2	 90.060	-86.769	-70.041	 88.047	 87.388	 25.586	-14.621	-87.883
2	 89.985	-86.545	-70.146	 89.660	 87.355	 25.599	-84.560	-87.771
2	 90.043	-87.630	-70.227	 90.418	 87.368	 25.544	-93.621	-88.000
2	 90.379	-91.081	-70.336	 92.718	 87.422	 25.451	-111.985	-88.810
2	 90.303	-90.934	-70.441	 89.958	 87.396	 25.484	-89.479	-88.798
2	 90.210	-90.284	-70.525	 89.621	 87.382	 25.546	-85.781	-88.648
2	 90.251	-90.914	-70.592	 90.422	 87.408	 25.596	-94.574	-88.776
2	 90.200	-90.621	-70.668	 89.832	 87.407	 25.525	-87.563	-88.809
2	 91.059	-96.370	-70.755	 96.608	 87.599	 25.340	-131.383	-90.266
2	 90.921	-95.742	-70.854	 90.127	 87.578	 25.428	-91.432	-90.215
2	 90.623	-92.599	-70.939	 88.710	 87.530	 25.508	-72.104	-89.594
2	 90.287	-91.056	-71.032	 88.190	 87.460	 25.682	-81.517	-89.184
2	 89.944	-87.353	-71.127	 87.823	 87.378	 25.770	-63.435	-88.326
2	 89.964	-88.034	-71.233	 90.255	 87.361	 25.938	-92.862	-88.299
2	 89.950	-88.355	-71.330	 89.958	 87.346	 25.920	-89.661	-88.357
2	 90.000	-89.035	-71.394	 90.213	 87.369	 25.780	-91.860	-88.598
2	 89.971	-88.427	-71.469	 89.743	 87.368	 25.764	-83.774	-88.468
2	 89.917	-87.902	-71.558	 89.622	 87.349	 25.864	-84.531	-88.254
2	 89.892	-88.034	-71.662	 89.873	 87.324	 25.920	-88.625	-88.211
2	 91.319	-97.184	-71.765	100.632	 87.623	 25.943	-155.454	-90.205
2	 91.746	-70.248	-71.883	 94.686	 87.721	 25.967	103.393	-84.374
2	 91.484	-72.869	-71.946	 89.636	 87.717	 25.782	-88.337	-84.672
2	 89.996	-62.490	-72.027	 80.407	 87.419	 25.834	  4.052	-81.960
2	 89.940	-42.015	-72.155	 89.873	 87.369	 25.913	 88.919	-76.758
2	 89.970	-49.112	-72.283	 90.465	 87.337	 25.952	-95.464	-77.281
2	 90.067	-57.661	-72.351	 90.601	 87.370	 26.065	-113.629	-78.261
2	 89.377	-57.602	-72.482	 85.259	 87.179	 26.372	-59.326	-77.396
2	 89.274	-49.318	-72.562	 88.618	 87.145	 26.676	  1.790	-74.726
2	 89.079	-43.958	-72.666	 87.985	 87.069	 26.935	-11.535	-72.579
2	 89.471	-51.916	-72.708	 91.753	 87.169	 26.943	-103.519	-73.499
2	 89.662	-56.807	-72.631	 89.883	 87.325	 26.898	-88.172	-73.982
2	 89.863	-63.947	-72.766	 91.511	 87.319	 26.720	-108.778	-75.199
2	 90.654	-39.240	-72.615	 94.242	 87.673	 26.516	120.743	-69.519
2	 90.707	-18.558	-72.761	 91.446	 87.645	 26.617	113.009	-63.945
2	 90.341	-26.556	-72.871	 88.164	 87.554	 26.685	-79.439	-64.343
2	 89.034	-27.428	-72.944	 80.585	 87.274	 26.723	-34.154	-63.401
2	 89.104	-14.300	-73.010	 89.478	 87.276	 26.585	 70.017	-59.533
2	 89.011	-23.263	-73.161	 88.888	 87.178	 26.558	-81.829	-60.228
2	 88.979	-28.789	-73.282	 89.049	 87.117	 26.650	-65.821	-60.306
2	 89.163	-37.874	-73.405	 90.638	 87.103	 26.746	-97.624	-61.333
2	 89.419	-45.910	-73.469	 90.972	 87.157	 26.883	-98.973	-62.329
2	 89.124	-44.831	-73.499	 86.911	 87.121	 26.897	-38.367	-61.597
2	 88.250	-45.307	-73.613	 82.875	 86.882	 26.921	-48.918	-61.193
2	 88.335	-50.750	-73.702	 88.969	 86.859	 26.951	-86.278	-61.916
2	 88.794	-59.374	-74.004	 93.200	 86.756	 27.047	-115.608	-63.434
2	 88.915	-63.475	-74.130	 90.000	 86.731	 27.073	-90.000	-64.205
2	 88.880	-65.216	-74.204	 88.632	 86.716	 26.954	-75.556	-64.661
2	 88.807	-57.494	-74.245	 88.095	 86.718	 26.748	 -6.483	-63.116
2	 89.313	-35.812	-74.390	 92.997	 86.766	 26.600	104.265	-58.238
2	 88.220	-30.201	-74.613	 82.120	 86.410	 26.513	  5.755	-56.403
2	 88.071	-36.067	-74.879	 88.329	 86.210	 26.519	-74.539	-56.941
2	 87.066	-27.988	-74.924	 80.417	 85.993	 26.727	 21.922	-54.373
2	 86.770	-32.800	-75.107	 85.579	 85.802	 27.084	-66.801	-54.400
2	 87.137	-20.398	-75.177	 89.485	 85.845	 27.329	 56.976	-50.821
2	 87.575	-28.068	-75.117	 89.529	 86.014	 27.633	-80.248	-51.409
2	 87.742	-17.513	-74.859	 86.687	 86.284	 27.867	 47.974	-48.201
2	 88.666	-35.609	-74.334	 90.754	 86.927	 28.174	-154.799	-51.101
2	 89.485	-45.394	-74.050	 92.435	 87.368	 28.186	-108.869	-52.822
2	 89.534	-50.813	-74.123	 89.824	 87.371	 28.029	-84.920	-53.937
2	 89.604	-57.990	-74.204	 90.085	 87.374	 27.994	-104.036	-55.474
2	 89.136	-50.413	-74.298	 86.236	 87.249	 28.113	 -2.545	-53.771
2	 89.632	-59.158	-74.309	 92.406	 87.392	 28.155	-115.769	-55.590
2	 89.652	-63.245	-74.414	 89.958	 87.368	 28.200	-89.753	-56.571
2	 89.650	-66.485	-74.502	 89.703	 87.352	 28.206	-87.198	-57.485
2	 89.526	-63.331	-74.172	 86.117	 87.636	 28.538	-45.000	-56.788
2	 90.356	-69.102	-74.061	 94.494	 87.949	 28.241	-104.114	-58.496
2	 85.750	-48.924	-78.918	 86.858	 83.205	 27.329	 86.747	-55.023
2	 86.752	-30.654	-78.392	 89.301	 83.898	 27.425	 85.774	-50.706
2	 87.001	-24.650	-78.452	 88.475	 83.977	 27.474	 12.875	-48.751
2	 87.243	-32.363	-78.649	 89.541	 83.953	 27.370	-82.073	-49.852
2	 87.483	-40.336	-78.890	 90.042	 83.902	 27.091	-90.403	-51.338
2	 87.724	-46.673	-79.061	 89.834	 83.914	 26.949	-86.906	-52.544
2	 87.893	-52.438	-79.293	 89.918	 83.869	 26.734	-88.386	-53.827
2	 88.629	-64.294	-79.460	 93.873	 84.007	 26.459	-138.814	-56.644
2	 88.547	-62.172	-79.681	 88.865	 83.939	 26.243	-47.045	-56.565
2	 88.505	-61.472	-79.831	 88.620	 83.934	 26.106	-56.041	-56.683
2	 88.394	-59.448	-80.021	 88.326	 83.881	 25.997	-45.707	-56.459
2	 88.265	-54.851	-80.202	 88.024	 83.830	 25.955	-25.084	-55.559
2	 88.138	-48.700	-80.297	 87.359	 83.843	 25.904	 -9.019	-54.211
2	 88.091	-44.299	-80.360	 87.621	 83.896	 25.906	-16.336	-53.074
2	 88.179	-42.110	-80.396	 88.409	 83.996	 25.897	-28.393	-52.342
2	 88.253	-35.539	-80.430	 88.369	 84.094	 25.950	  5.856	-50.544
2	 88.543	-42.218	-80.423	 89.786	 84.272	 25.934	-85.601	-51.612
2	 88.722	-46.489	-80.454	 89.495	 84.399	 25.887	-74.055	-52.330
2	 88.711	-44.839	-80.525	 88.520	 84.453	 25.866	-34.439	-51.814
2	 88.632	-32.556	-80.634	 88.245	 84.461	 25.803	 46.332	-48.931
2	 88.579	-28.698	-80.763	 88.493	 84.457	 25.827	 -4.764	-47.582
2	 88.526	-28.691	-80.850	 88.164	 84.484	 25.857	-29.604	-47.015
2	 88.601	-31.170	-80.881	 88.701	 84.581	 25.952	-48.468	-46.966
2	 88.734	-34.933	-80.871	 88.948	 84.721	 26.046	-60.396	-47.278
2	 88.833	-38.533	-80.881	 88.961	 84.839	 26.158	-62.969	-47.640
2	 88.907	-42.610	-80.924	 89.082	 84.924	 26.197	-69.550	-48.259
2	 88.951	-43.457	-80.984	 89.040	 84.989	 26.240	-49.574	-48.256
2	 88.972	-48.170	-81.148	 89.581	 84.968	 26.187	-78.465	-49.214
2	 88.795	-49.055	-81.362	 88.454	 84.865	 26.120	-54.567	-49.440
2	 88.787	-46.942	-81.453	 88.738	 84.893	 26.131	-33.690	-48.957
2	 88.912	-50.654	-81.504	 89.458	 84.981	 26.188	-75.141	-49.687
2	 88.937	-51.185	-81.565	 88.914	 85.039	 26.205	-54.904	-49.827
2	 88.888	-52.994	-81.638	 88.460	 85.071	 26.223	-64.904	-50.261
2	 88.924	-55.698	-81.743	 89.249	 85.095	 26.320	-73.811	-50.874
2	 88.859	-54.325	-81.805	 88.257	 85.130	 26.438	-46.332	-50.624
2	 88.956	-56.508	-81.850	 89.290	 85.211	 26.531	-71.222	-51.151
2	 89.115	-59.902	-81.880	 89.751	 85.317	 26.636	-82.405	-51.987
2	 89.202	-62.525	-81.924	 89.458	 85.399	 26.662	-79.479	-52.787
2	 89.246	-64.705	-81.997	 89.414	 85.449	 26.678	-78.690	-53.548
2	 89.348	-67.041	-82.034	 89.663	 85.539	 26.701	-82.011	-54.380
2	 89.368	-67.145	-82.054	 89.035	 85.625	 26.769	-68.025	-54.723
2	 89.367	-67.670	-82.082	 88.957	 85.698	 26.851	-71.333	-55.142
2	 89.262	-62.920	-82.167	 88.555	 85.701	 26.897	-32.471	-54.417
2	 89.326	-65.436	-82.226	 89.532	 85.758	 26.960	-81.870	-55.180
2	 89.662	-71.261	-82.272	 91.539	 85.887	 27.077	-109.220	-56.687
2	 89.738	-73.469	-82.298	 89.795	 85.980	 27.149	-87.763	-57.550
2	 89.821	-75.764	-82.334	 90.000	 86.065	 27.132	-90.000	-58.540
2	 89.778	-75.152	-82.379	 89.207	 86.116	 27.159	-70.942	-58.886
2	 89.755	-76.257	-82.435	 89.378	 86.160	 27.170	-82.991	-59.598
2	 89.822	-77.735	-82.460	 89.831	 86.245	 27.205	-86.987	-60.386
2	 89.780	-78.371	-82.543	 89.455	 86.261	 27.244	-82.208	-61.003
2	 89.741	-78.575	-82.596	 89.251	 86.299	 27.310	-79.796	-61.503
2	 89.804	-79.683	-82.615	 89.750	 86.384	 27.349	-86.532	-62.216
2	 89.834	-80.818	-82.676	 89.834	 86.429	 27.349	-87.563	-62.976
2	 89.788	-81.148	-82.767	 89.496	 86.433	 27.353	-82.725	-63.564
2	 89.812	-81.677	-82.803	 89.620	 86.493	 27.367	-84.588	-64.181
2	 89.813	-81.789	-82.830	 89.407	 86.555	 27.384	-82.030	-64.701
2	 89.823	-82.019	-82.877	 89.617	 86.600	 27.394	-82.972	-65.239
2	 89.863	-82.840	-82.922	 89.832	 86.654	 27.416	-87.663	-65.890
2	 89.895	-83.411	-82.964	 89.790	 86.707	 27.436	-86.594	-66.492
2	 89.939	-84.023	-82.993	 89.833	 86.773	 27.460	-87.483	-67.099
2	 89.923	-84.414	-83.072	 89.748	 86.786	 27.464	-86.309	-67.671
2	 89.904	-84.928	-83.170	 89.833	 86.782	 27.472	-87.639	-68.262
2	 89.898	-85.441	-83.261	 89.874	 86.787	 27.489	-88.191	-68.844
2	 89.899	-85.830	-83.339	 89.832	 86.802	 27.520	-87.859	-69.384
2	 89.870	-85.818	-83.426	 89.664	 86.804	 27.546	-85.236	-69.834
2	 89.865	-86.140	-83.516	 89.832	 86.808	 27.562	-87.639	-70.353
2	 89.843	-86.135	-83.605	 89.708	 86.808	 27.581	-85.553	-70.790
2	 89.874	-86.659	-83.677	 89.958	 86.833	 27.598	-89.459	-71.334
2	 89.869	-86.650	-83.740	 89.666	 86.857	 27.605	-85.950	-71.766
2	 89.896	-86.962	-83.798	 89.874	 86.890	 27.618	-88.363	-72.251
2	 89.909	-87.147	-83.863	 89.832	 86.916	 27.621	-87.663	-72.711
2	 89.936	-87.482	-83.922	 89.916	 86.949	 27.608	-88.866	-73.208
2	 89.956	-87.655	-83.978	 89.874	 86.982	 27.605	-88.047	-73.656
2	 90.040	-88.581	-84.022	 90.293	 87.038	 27.602	-93.814	-74.263
2	 90.069	-89.148	-84.098	 90.169	 87.059	 27.614	-92.141	-74.789
2	 90.048	-89.053	-84.175	 89.832	 87.067	 27.626	-87.797	-75.167
2	 90.046	-89.062	-84.239	 89.874	 87.089	 27.621	-88.363	-75.568
2	 90.054	-89.139	-84.300	 89.916	 87.116	 27.619	-88.898	-75.969
2	 90.088	-89.815	-84.379	 90.251	 87.132	 27.614	-93.400	-76.498
2	 90.108	-90.223	-84.458	 90.168	 87.147	 27.595	-91.992	-76.980
2	 90.105	-90.300	-84.533	 90.000	 87.159	 27.587	-90.000	-77.379
2	 90.112	-90.415	-84.605	 90.042	 87.177	 27.607	-90.535	-77.755
2	 90.082	-90.180	-84.685	 89.831	 87.179	 27.626	-88.059	-78.045
2	 90.057	-90.026	-84.770	 89.874	 87.177	 27.644	-88.423	-78.338
2	 90.079	-90.435	-84.857	 90.209	 87.184	 27.665	-92.468	-78.742
2	 90.095	-90.520	-84.921	 90.042	 87.207	 27.699	-90.551	-79.064
2	 90.112	-90.829	-85.002	 90.168	 87.217	 27.721	-92.224	-79.437
2	 90.070	-90.428	-85.089	 89.790	 87.210	 27.730	-87.166	-79.660
2	 90.077	-90.455	-85.159	 90.000	 87.226	 27.745	-90.000	-79.956
2	 90.086	-90.672	-85.245	 90.126	 87.230	 27.782	-91.577	-80.269
2	 90.096	-90.941	-85.334	 90.167	 87.231	 27.819	-92.182	-80.590
2	 90.087	-90.957	-85.425	 90.042	 87.227	 27.847	-90.507	-80.860
2	 90.091	-91.171	-85.522	 90.168	 87.222	 27.889	-92.083	-81.156
2	 90.070	-91.016	-85.614	 89.958	 87.214	 27.922	-89.488	-81.375
2	 90.083	-91.174	-85.697	 90.126	 87.221	 27.940	-91.577	-81.663
2	 88.671	-82.276	-85.771	 79.512	 86.918	 27.959	-24.546	-79.931
2	 88.846	-83.225	-85.845	 89.916	 86.936	 27.976	-88.919	-80.184
2	 89.027	-84.528	-85.932	 90.210	 86.950	 27.989	-92.447	-80.540
2	 89.202	-85.871	-86.019	 90.336	 86.968	 28.001	-94.014	-80.932
2	 89.369	-87.165	-86.100	 90.418	 86.992	 28.008	-94.927	-81.345
2	 89.472	-87.887	-86.191	 90.168	 86.999	 28.031	-92.045	-81.644
2	 89.506	-87.851	-86.288	 89.791	 86.989	 28.055	-87.138	-81.786
2	 89.555	-88.066	-86.381	 89.917	 86.986	 28.073	-88.929	-81.982
2	 89.640	-88.686	-86.465	 90.168	 87.000	 28.090	-92.141	-82.271
2	 89.685	-88.783	-86.544	 89.916	 87.012	 28.112	-88.898	-82.448
2	 89.716	-88.809	-86.624	 89.874	 87.020	 28.140	-88.506	-82.603
2	 89.755	-89.039	-86.710	 90.000	 87.025	 28.161	-90.000	-82.804
2	 89.803	-89.306	-86.787	 90.042	 87.041	 28.185	-90.516	-83.012
2	 89.814	-89.266	-86.873	 89.874	 87.043	 28.192	-88.394	-83.167
2	 89.819	-89.115	-86.951	 89.791	 87.050	 28.192	-87.489	-83.297
2	 89.901	-89.934	-87.024	 90.336	 87.078	 28.196	-94.574	-83.631
2	 91.332	-98.977	-87.117	100.544	 87.392	 28.213	-156.477	-85.800
2	 91.150	-97.795	-87.206	 89.958	 87.382	 28.238	-89.474	-85.886
2	 91.008	-96.854	-87.283	 90.000	 87.386	 28.245	-90.000	-86.002
2	 90.894	-96.043	-87.350	 90.000	 87.399	 28.245	-90.000	-86.122
2	 90.823	-95.806	-87.430	 90.294	 87.409	 28.237	-93.424	-86.350
2	 90.725	-95.199	-87.513	 90.042	 87.407	 28.246	-90.567	-86.467
2	 90.645	-94.830	-87.602	 90.125	 87.402	 28.266	-91.809	-86.608
2	 90.559	-94.275	-87.692	 90.000	 87.393	 28.276	-90.000	-86.700
2	 90.446	-93.728	-87.819	 89.958	 87.346	 28.286	-89.526	-86.775
2	 90.353	-92.750	-87.894	 89.658	 87.344	 28.549	-87.427	-86.540
2	 90.315	-92.446	-87.992	 90.125	 87.332	 28.825	-91.548	-86.422
2	 90.244	-91.783	-88.101	 89.916	 87.304	 29.089	-88.512	-86.228
2	 90.202	-91.321	-88.175	 89.834	 87.308	 29.162	-88.122	-86.215
2	 90.177	-91.099	-88.255	 89.958	 87.310	 29.215	-89.334	-86.257
2	 90.209	-92.832	-88.370	 90.585	 87.297	 29.334	-104.036	-86.674
2	 90.169	-92.251	-88.459	 89.916	 87.288	 29.502	-88.877	-86.578
2	 90.146	-91.984	-88.561	 90.084	 87.273	 29.763	-91.232	-86.465
2	 90.065	-90.106	-88.675	 89.706	 87.236	 30.149	-79.824	-85.891
2	 90.104	-90.162	-88.715	 90.042	 87.281	 30.247	-90.481	-85.933
2	 90.074	-89.611	-88.790	 89.790	 87.284	 30.597	-87.653	-85.645
2	 90.423	-54.441	-88.888	 92.728	 87.352	 30.871	170.248	-77.702
2	 90.324	-58.752	-89.007	 89.873	 87.313	 31.147	-88.409	-77.756
2	 90.132	-61.672	-89.124	 89.081	 87.252	 31.475	-82.626	-77.584
2	 90.058	-64.898	-89.214	 89.586	 87.235	 31.550	-86.108	-77.767
2	 89.996	-67.779	-89.326	 89.750	 87.202	 31.611	-86.600	-77.973
2	 89.963	-70.245	-89.407	 89.707	 87.198	 31.660	-86.257	-78.174
2	 89.952	-72.531	-89.481	 89.790	 87.204	 31.697	-87.248	-78.410
2	 89.889	-74.203	-89.590	 89.622	 87.170	 31.725	-84.857	-78.576
2	 89.814	-75.505	-89.723	 89.619	 87.115	 31.797	-84.026	-78.670
2	 89.787	-76.907	-89.819	 89.666	 87.099	 31.839	-85.840	-78.845
2	 89.803	-78.298	-89.883	 89.749	 87.116	 31.874	-87.089	-79.058
2	 89.811	-79.597	-89.966	 89.833	 87.117	 31.919	-87.818	-79.277
2	 89.799	-80.686	-90.064	 89.790	 87.103	 31.942	-87.397	-79.498
2	 89.712	-80.734	-90.173	 89.286	 87.062	 31.949	-80.628	-79.525
2	 89.728	-81.593	-90.247	 89.748	 87.071	 31.947	-86.634	-79.741
2	 90.312	-93.912	-90.281	 93.717	 87.238	 32.312	-174.864	-82.240
2	 90.230	-93.022	-90.377	 89.749	 87.219	 32.446	-87.378	-82.264
2	 90.175	-92.311	-90.468	 89.832	 87.209	 32.585	-87.859	-82.297
2	 90.120	-91.834	-90.580	 89.916	 87.182	 32.700	-88.755	-82.380
2	 90.068	-91.274	-90.678	 89.790	 87.165	 32.745	-87.221	-82.482
2	 90.096	-91.092	-90.737	 90.083	 87.196	 32.957	-90.564	-82.518
2	 90.092	-90.695	-90.796	 89.875	 87.219	 33.012	-87.769	-82.622
2	 90.019	-89.937	-90.876	 89.497	 87.210	 33.088	-84.844	-82.616
2	 89.953	-89.015	-91.004	 89.786	 87.162	 33.491	-84.987	-82.296
2	 89.957	-88.771	-91.056	 89.749	 87.190	 33.558	-86.961	-82.370
2	 89.912	-87.958	-91.098	 89.326	 87.213	 33.592	-82.278	-82.335
2	 89.895	-87.818	-91.174	 89.707	 87.214	 33.615	-86.424	-82.435
2	 89.739	-86.933	-91.297	 88.970	 87.148	 33.678	-81.009	-82.331
2	 89.747	-87.139	-91.389	 89.832	 87.138	 33.692	-87.936	-82.485
2	 89.741	-87.135	-91.478	 89.707	 87.130	 33.698	-86.517	-82.601
2	 89.756	-87.365	-91.569	 89.874	 87.124	 33.718	-88.348	-82.754
2	 89.760	-87.371	-91.650	 89.749	 87.124	 33.741	-86.934	-82.857
2	 89.788	-87.723	-91.735	 89.958	 87.126	 33.753	-89.433	-83.043
2	 89.806	-87.977	-91.829	 89.958	 87.120	 33.821	-89.415	-83.168
2	 89.776	-87.745	-91.968	 89.916	 87.070	 34.328	-88.877	-82.847
2	 89.772	-88.011	-92.115	 90.126	 87.019	 34.689	-91.397	-82.753
2	 89.691	-87.240	-92.241	 89.420	 86.968	 35.020	-83.758	-82.463
2	 89.566	-83.266	-92.336	 88.809	 86.931	 35.430	-59.744	-81.384
2	 89.783	-85.196	-92.396	 91.004	 86.995	 35.839	-99.660	-81.535
2	 89.926	-86.860	-92.466	 90.728	 87.039	 36.163	-99.028	-81.745
2	 89.637	-82.211	-92.553	 87.775	 86.977	 36.385	-53.130	-80.672
2	 89.558	-60.306	-92.743	 89.708	 86.874	 36.883	 77.661	-75.439
2	 89.567	-63.578	-92.837	 89.667	 86.867	 37.022	-85.471	-75.605
2	 89.423	-64.866	-92.939	 88.595	 86.820	 37.274	-74.667	-75.333
2	 89.462	-44.057	-93.058	 89.916	 86.797	 37.716	 86.820	-70.039
2	 89.382	-48.171	-93.165	 88.995	 86.760	 38.105	-77.471	-69.884
2	 89.333	-52.382	-93.254	 89.033	 86.741	 38.518	-82.340	-69.857
2	 89.223	-53.707	-93.369	 88.699	 86.689	 38.903	-64.841	-69.333
2	 88.587	-49.111	-93.501	 84.794	 86.504	 39.152	-21.318	-67.651
2	 88.776	-58.190	-93.627	 90.255	 86.495	 39.451	-118.610	-68.891
2	 88.791	-60.529	-93.765	 89.237	 86.442	 39.705	-77.164	-68.892
2	 88.661	-61.510	-93.881	 88.025	 86.377	 40.011	-69.692	-68.620
2	 88.748	-62.642	-93.953	 89.221	 86.393	 40.557	-73.301	-68.230
2	 88.762	-64.037	-94.056	 88.970	 86.370	 40.978	-75.548	-68.041
2	 88.792	-65.123	-94.138	 88.955	 86.369	 41.355	-74.310	-67.864
2	 88.629	-65.503	-94.243	 87.708	 86.307	 41.558	-69.015	-67.702
2	 88.774	-68.349	-94.334	 89.750	 86.322	 41.614	-86.730	-68.218
2	 88.669	-67.153	-94.391	 87.812	 86.311	 41.611	-59.133	-67.948
2	 88.718	-68.105	-94.462	 88.945	 86.321	 41.643	-74.141	-68.103
2	 88.798	-69.466	-94.530	 89.197	 86.342	 41.692	-78.207	-68.358
2	 88.800	-70.079	-94.611	 88.786	 86.337	 41.741	-73.980	-68.480
2	 88.851	-70.986	-94.681	 89.079	 86.351	 41.758	-76.551	-68.705
2	 88.865	-71.760	-94.754	 88.878	 86.356	 41.773	-76.446	-68.923
2	 88.944	-72.761	-94.807	 89.242	 86.391	 41.777	-78.811	-69.215
2	 88.991	-73.111	-94.873	 89.164	 86.410	 41.798	-75.069	-69.370
2	 88.994	-72.695	-94.923	 88.789	 86.433	 41.838	-69.842	-69.347
2	 89.033	-73.520	-95.003	 89.245	 86.440	 41.864	-78.566	-69.597
2	 88.995	-73.246	-95.094	 88.787	 86.422	 41.882	-71.162	-69.627
2	 89.007	-73.781	-95.186	 89.125	 86.413	 41.917	-77.005	-69.814
2	 88.955	-73.488	-95.279	 88.665	 86.391	 41.923	-71.200	-69.850
2	 88.980	-72.969	-95.342	 88.996	 86.408	 41.915	-69.146	-69.837
                                                                                                                                                                                                                                                                                                                                                                                                                                                                                                                                                                                                                                                                                                                                                                                                                                                                                                                                                                                                                                                                                                                                                                                                                                                                                                                                                                                                                                                                                                                                                                                                                                                                                                                                                                                                                                                                                                                                                                                                                                                                                                                                                                                                                                                                                                                                                 