#2021-10-27 18:08:12.400369
#Timestamp[ms]	Pressure[mbar]	Temp[°C]	Humidity[%]
2311694.781614, 1020, 21.1, 51 
2311755.788025, 1020, 21.2, 52 
2311815.849926, 1020, 21.2, 52 
2311875.911152, 1020, 21.2, 52 
2311935.919818, 1020, 21.2, 51 
2311995.979936, 1020, 21.1, 51 
2312056.039951, 1020, 21.1, 52 
2312116.049833, 1020, 21.1, 51 
2312176.059829, 1020, 21.1, 52 
2312236.123325, 1020, 21.1, 52 
2312296.186585, 1020, 21.2, 51 
2312356.199813, 1020, 21.2, 51 
2312416.263155, 1020, 21.1, 52 
2312476.326467, 1020, 21.1, 51 
2312536.389762, 1020, 21.1, 52 
2312596.453815, 1020, 21.1, 51 
2312656.51711, 1020, 21.1, 51 
2312716.539781, 1020, 21.2, 52 
2312776.603026, 1020, 21.1, 51 
2312836.666336, 1020, 21.2, 52 
2312896.729764, 1020, 21.2, 52 
2312956.793036, 1020, 21.1, 51 
2313016.85669, 1020, 21.1, 51 
2313076.921028, 1020, 21.1, 52 
2313136.979791, 1020, 21.1, 52 
2313197.039827, 1020, 21.2, 51 
2313257.103177, 1020, 21.1, 51 
2313317.166558, 1020, 21.1, 51 
2313377.22994, 1020, 21.1, 52 
2313437.239771, 1020, 21.1, 52 
2313497.299741, 1020, 21.2, 51 
2313557.363093, 1020, 21.1, 51 
2313617.426452, 1020, 21.1, 51 
2313677.489934, 1020, 21.1, 52 
2313737.553278, 1020, 21.1, 52 
2313797.616571, 1020, 21.1, 52 
2313857.680003, 1020, 21.2, 52 
2313917.743411, 1020, 21.1, 51 
2313977.806795, 1020, 21.1, 51 
2314037.825037, 1020, 21.2, 52 
2314097.835955, 1020, 21.1, 52 
2314157.899297, 1020, 21.2, 52 
2314217.962804, 1020, 21.2, 52 
2314278.02617, 1020, 21.1, 52 
2314338.089591, 1020, 21.1, 52 
2314398.152895, 1020, 21.2, 52 
2314458.170882, 1020, 21.1, 52 
2314518.234344, 1020, 21.1, 52 
2314578.297674, 1020, 21.1, 52 
2314638.361261, 1020, 21.1, 52 
2314698.424493, 1020, 21.1, 52 
2314758.487827, 1020, 21.2, 52 
2314818.549789, 1020, 21.1, 52 
2314878.613968, 1020, 21.2, 52 
2314938.677399, 1020, 21.2, 51 
2314998.740895, 1020, 21.2, 51 
2315058.80429, 1020, 21.1, 52 
2315118.862523, 1020, 21.2, 52 
2315178.925912, 1020, 21.2, 52 
2315238.9892, 1020, 21.2, 52 
2315299.052627, 1020, 21.1, 52 
2315359.115949, 1020, 21.2, 52 
2315419.119805, 1020, 21.2, 51 
2315479.183106, 1020, 21.2, 52 
2315539.199785, 1020, 21.2, 52 
2315599.26307, 1020, 21.2, 52 
2315659.326334, 1020, 21.2, 51 
2315719.389698, 1020, 21.2, 52 
2315779.453711, 1020, 21.2, 51 
2315839.5172, 1020, 21.2, 52 
2315899.580709, 1020, 21.2, 52 
2315959.643954, 1020, 21.2, 52 
2316019.707336, 1020, 21.2, 52 
2316079.770821, 1020, 21.2, 52 
2316139.834207, 1020, 21.2, 52 
2316199.893168, 1020, 21.2, 52 
2316259.957288, 1020, 21.2, 52 
2316320.019786, 1020, 21.2, 52 
2316380.069777, 1020, 21.2, 52 
2316440.129779, 1020, 21.2, 52 
2316500.149802, 1020, 21.2, 52 
2316560.20974, 1020, 21.2, 51 
2316620.273093, 1020, 21.2, 52 
2316680.336311, 1020, 21.1, 52 
2316740.389743, 1020, 21.2, 52 
2316800.453878, 1020, 21.2, 52 
2316860.51727, 1020, 21.2, 52 
2316920.580831, 1020, 21.1, 52 
2316980.644137, 1020, 21.2, 52 
2317040.707529, 1020, 21.2, 52 
2317100.770961, 1020, 21.2, 52 
2317160.829771, 1020, 21.2, 52 
2317220.89322, 1020, 21.2, 52 
2317280.956433, 1020, 21.2, 52 
2317340.97982, 1020, 21.2, 52 
2317401.043026, 1020, 21.2, 52 
2317461.100964, 1020, 21.2, 52 
2317521.159741, 1020, 21.2, 52 
2317581.223133, 1020, 21.2, 51 
2317641.286493, 1020, 21.2, 52 
2317701.349991, 1020, 21.2, 52 
2317761.413352, 1020, 21.2, 51 
2317821.469756, 1020, 21.2, 52 
2317881.533912, 1020, 21.2, 52 
2317941.597218, 1020, 21.2, 52 
2318001.66063, 1020, 21.2, 52 
2318061.687454, 1020, 21.2, 51 
2318121.750919, 1020, 21.2, 52 
2318181.809767, 1020, 21.2, 52 
2318241.873111, 1020, 21.2, 52 
2318301.93057, 1020, 21.2, 52 
2318361.995524, 1020, 21.2, 52 
2318422.049791, 1020, 21.2, 52 
2318482.109882, 1020, 21.1, 52 
2318542.17401, 1020, 21.2, 52 
2318602.237366, 1020, 21.2, 52 
2318662.298918, 1020, 21.1, 52 
2318722.360692, 1020, 21.2, 52 
2318782.424025, 1020, 21.2, 52 
2318842.487463, 1020, 21.2, 52 
2318902.550742, 1020, 21.2, 52 
2318962.559826, 1020, 21.2, 51 
2319022.623715, 1020, 21.2, 52 
2319082.685478, 1020, 21.2, 52 
2319142.748693, 1020, 21.2, 52 
2319202.81216, 1020, 21.2, 52 
2319262.875466, 1020, 21.2, 51 
2319322.937469, 1020, 21.2, 52 
2319383.001733, 1020, 21.2, 52 
2319443.029824, 1020, 21.2, 52 
2319503.093243, 1020, 21.2, 52 
2319563.099848, 1020, 21.2, 52 
2319623.159753, 1020, 21.2, 52 
2319683.223048, 1020, 21.2, 52 
2319743.28628, 1020, 21.2, 51 
2319803.349816, 1020, 21.1, 52 
2319863.364025, 1020, 21.2, 52 
2319923.427159, 1020, 21.2, 52 
2319983.489829, 1020, 21.2, 52 
2320043.553826, 1020, 21.2, 52 
2320103.617175, 1020, 21.2, 52 
2320163.629799, 1020, 21.2, 52 
2320223.693082, 1020, 21.2, 52 
2320283.756458, 1020, 21.2, 52 
2320343.819775, 1020, 21.2, 52 
2320403.883215, 1020, 21.2, 52 
2320463.946653, 1020, 21.2, 52 
2320524.010166, 1020, 21.2, 52 
2320584.029745, 1020, 21.2, 51 
2320644.039766, 1020, 21.2, 52 
2320704.099815, 1020, 21.2, 52 
2320764.109771, 1020, 21.2, 52 
2320824.169742, 1020, 21.2, 52 
2320884.233158, 1020, 21.2, 52 
2320944.296906, 1020, 21.2, 52 
2321004.360513, 1020, 21.2, 52 
2321064.36977, 1020, 21.2, 52 
2321124.433221, 1020, 21.2, 52 
2321184.449791, 1020, 21.2, 51 
2321244.503761, 1020, 21.2, 52 
2321304.567122, 1020, 21.2, 52 
2321364.630597, 1020, 21.2, 52 
2321424.689741, 1020, 21.2, 52 
2321484.753862, 1020, 21.2, 52 
2321544.817294, 1020, 21.2, 52 
2321604.88078, 1020, 21.2, 52 
2321664.944104, 1020, 21.2, 52 
2321724.949796, 1020, 21.2, 51 
2321785.009789, 1020, 21.2, 52 
2321845.07384, 1020, 21.2, 52 
2321905.137236, 1020, 21.2, 52 
2321965.200536, 1020, 21.2, 52 
2322025.263847, 1020, 21.2, 52 
2322085.327088, 1020, 21.2, 52 
2322145.390513, 1020, 21.2, 51 
2322205.44977, 1020, 21.2, 52 
2322265.513004, 1020, 21.2, 52 
2322325.576219, 1020, 21.2, 52 
2322385.639701, 1020, 21.2, 52 
2322445.703075, 1020, 21.2, 52 
2322505.766511, 1020, 21.2, 52 
2322565.829797, 1020, 21.2, 51 
2322625.893187, 1020, 21.2, 52 
2322685.95642, 1020, 21.2, 52 
2322746.019787, 1020, 21.2, 52 
2322806.079746, 1020, 21.2, 52 
2322866.143866, 1020, 21.2, 52 
2322926.207956, 1020, 21.2, 52 
2322986.271387, 1020, 21.2, 52 
2323046.329731, 1020, 21.2, 52 
2323106.39383, 1020, 21.2, 52 
2323166.449774, 1020, 21.2, 52 
2323226.513138, 1020, 21.2, 52 
2323286.576513, 1020, 21.2, 52 
2323346.64002, 1020, 21.2, 52 
2323406.703425, 1020, 21.2, 52 
2323466.766774, 1020, 21.2, 52 
2323526.830167, 1020, 21.2, 52 
2323586.893478, 1020, 21.2, 52 
2323646.956837, 1020, 21.2, 52 
2323707.020286, 1020, 21.2, 52 
2323767.079745, 1020, 21.2, 52 
2323827.144031, 1020, 21.2, 52 
2323887.207271, 1020, 21.2, 52 
2323947.211445, 1020, 21.2, 52 
2324007.275635, 1020, 21.2, 52 
2324067.339072, 1020, 21.2, 52 
2324127.348832, 1020, 21.2, 52 
2324187.409781, 1020, 21.2, 52 
2324247.473195, 1020, 21.2, 52 
2324307.509831, 1020, 21.2, 52 
2324367.529829, 1020, 21.2, 52 
2324427.539787, 1020, 21.2, 52 
2324487.599879, 1020, 21.2, 52 
2324547.659812, 1020, 21.2, 52 
2324607.719808, 1020, 21.2, 52 
2324667.779818, 1020, 21.2, 52 
2324727.843219, 1020, 21.2, 52 
2324787.899804, 1020, 21.2, 52 
2324847.963189, 1020, 21.2, 52 
2324907.969739, 1020, 21.2, 52 
2324968.029782, 1020, 21.2, 52 
2325028.093114, 1020, 21.2, 52 
2325088.099761, 1020, 21.2, 52 
2325148.163117, 1020, 21.2, 52 
2325208.224735, 1020, 21.2, 52 
2325268.288841, 1020, 21.2, 52 
2325328.299823, 1020, 21.2, 52 
2325388.363238, 1020, 21.2, 52 
2325448.426342, 1020, 21.2, 52 
2325508.490459, 1020, 21.2, 52 
2325568.553616, 1020, 21.2, 52 
2325628.579829, 1020, 21.2, 52 
2325688.643232, 1020, 21.2, 51 
2325748.706528, 1020, 21.2, 52 
2325808.770051, 1020, 21.2, 52 
2325868.833343, 1020, 21.2, 52 
2325928.896678, 1020, 21.2, 52 
2325988.960138, 1020, 21.2, 52 
2326048.969783, 1020, 21.2, 51 
2326109.033195, 1020, 21.2, 52 
2326169.094522, 1020, 21.2, 52 
2326229.158756, 1020, 21.2, 52 
2326289.222206, 1020, 21.2, 52 
2326349.285593, 1020, 21.2, 52 
2326409.348951, 1020, 21.2, 52 
2326469.409781, 1020, 21.2, 52 
2326529.473921, 1020, 21.2, 52 
2326589.537266, 1020, 21.2, 52 
2326649.559827, 1020, 21.2, 52 
2326709.623966, 1020, 21.2, 51 
2326769.629796, 1020, 21.2, 52 
2326829.693127, 1020, 21.2, 52 
2326889.756461, 1020, 21.2, 52 
2326949.820107, 1020, 21.2, 52 
2327009.883473, 1020, 21.2, 52 
2327069.939798, 1020, 21.2, 52 
2327129.959588, 1020, 21.2, 52 
2327190.021157, 1020, 21.2, 51 
2327250.082802, 1020, 21.2, 52 
2327310.139601, 1020, 21.2, 52 
2327370.199582, 1020, 21.2, 51 
2327430.259606, 1020, 21.2, 52 
2327490.320347, 1020, 21.2, 52 
2327550.381873, 1020, 21.2, 52 
2327610.392567, 1020, 21.2, 52 
2327670.449773, 1020, 21.2, 52 
2327730.459745, 1020, 21.2, 52 
2327790.48099, 1020, 21.2, 52 
2327850.542681, 1020, 21.2, 52 
2327910.599588, 1020, 21.2, 52 
2327970.661605, 1020, 21.2, 52 
2328030.724918, 1020, 21.2, 52 
2328090.788247, 1020, 21.2, 52 
2328150.851682, 1020, 21.2, 51 
2328210.915012, 1020, 21.2, 52 
2328270.969817, 1020, 21.2, 51 
2328331.033867, 1020, 21.2, 52 
2328391.08979, 1020, 21.2, 52 
2328451.14979, 1020, 21.2, 52 
2328511.195362, 1020, 21.2, 51 
2328571.249797, 1020, 21.2, 52 
2328631.259875, 1020, 21.2, 52 
2328691.324038, 1020, 21.2, 52 
2328751.387385, 1020, 21.2, 52 
2328811.449778, 1020, 21.2, 52 
2328871.513112, 1020, 21.2, 52 
2328931.551499, 1020, 21.2, 52 
2328991.609781, 1020, 21.2, 52 
2329051.669793, 1020, 21.2, 52 
2329111.729797, 1020, 21.2, 52 
2329171.793912, 1020, 21.2, 52 
2329231.809805, 1020, 21.2, 52 
2329291.869761, 1020, 21.2, 51 
2329351.879786, 1020, 21.2, 52 
2329411.943016, 1020, 21.2, 52 
2329472.006399, 1020, 21.2, 52 
2329532.06993, 1020, 21.2, 52 
2329592.132086, 1020, 21.2, 52 
2329652.195485, 1020, 21.2, 52 
2329712.258782, 1020, 21.2, 52 
2329772.322304, 1020, 21.2, 52 
2329832.385587, 1020, 21.2, 52 
2329892.389781, 1020, 21.2, 52 
2329952.44978, 1020, 21.2, 52 
2330012.513059, 1020, 21.2, 52 
2330072.572164, 1020, 21.2, 52 
2330132.629786, 1020, 21.2, 52 
2330192.693133, 1020, 21.2, 52 
2330252.749738, 1020, 21.2, 52 
2330312.809776, 1020, 21.2, 52 
2330372.873091, 1020, 21.2, 52 
2330432.936443, 1020, 21.2, 52 
2330492.999866, 1020, 21.2, 52 
2330553.009814, 1020, 21.2, 52 
2330613.06198, 1020, 21.2, 52 
2330673.125434, 1020, 21.2, 51 
2330733.139736, 1020, 21.2, 52 
2330793.200996, 1020, 21.2, 51 
2330853.264315, 1020, 21.2, 52 
2330913.319769, 1020, 21.2, 52 
2330973.382971, 1020, 21.2, 52 
2331033.439853, 1020, 21.2, 52 
2331093.499785, 1020, 21.2, 51 
2331153.559827, 1020, 21.2, 51 
2331213.619809, 1020, 21.2, 51 
2331273.679781, 1020, 21.2, 52 
2331333.743173, 1020, 21.2, 51 
2331393.79978, 1020, 21.2, 52 
2331453.863083, 1020, 21.2, 51 
2331513.869744, 1020, 21.2, 52 
2331573.933031, 1020, 21.2, 52 
2331633.989746, 1020, 21.2, 52 
2331694.049818, 1020, 21.2, 52 
2331754.059819, 1020, 21.2, 51 
2331814.119779, 1020, 21.2, 52 
2331874.172186, 1020, 21.2, 52 
2331934.229796, 1020, 21.2, 52 
2331994.249796, 1020, 21.2, 52 
2332054.309889, 1020, 21.2, 52 
2332114.319858, 1020, 21.2, 52 
2332174.383262, 1020, 21.2, 52 
2332234.446632, 1020, 21.2, 51 
2332294.510153, 1020, 21.2, 52 
2332354.573468, 1020, 21.2, 52 
2332414.636846, 1020, 21.2, 52 
2332474.699744, 1020, 21.2, 51 
2332534.759831, 1020, 21.2, 52 
2332594.819796, 1020, 21.2, 52 
2332654.879775, 1020, 21.2, 52 
2332714.94387, 1020, 21.2, 51 
2332775.007168, 1020, 21.2, 52 
2332835.069773, 1020, 21.2, 52 
2332895.133773, 1020, 21.2, 52 
2332955.149823, 1020, 21.2, 52 
2333015.209795, 1020, 21.2, 52 
2333075.273178, 1020, 21.2, 52 
2333135.33656, 1020, 21.2, 52 
2333195.39981, 1020, 21.2, 52 
2333255.409746, 1020, 21.2, 51 
2333315.469831, 1020, 21.2, 52 
2333375.533311, 1020, 21.2, 52 
2333435.596627, 1020, 21.2, 52 
2333495.660036, 1020, 21.2, 51 
2333555.721406, 1020, 21.2, 52 
2333615.779815, 1020, 21.2, 52 
2333675.84311, 1020, 21.2, 52 
2333735.899795, 1020, 21.2, 51 
2333795.963051, 1020, 21.2, 52 
2333856.027064, 1020, 21.2, 51 
2333916.089797, 1020, 21.2, 52 
2333976.149802, 1020, 21.2, 52 
2334036.209781, 1020, 21.2, 52 
2334096.269802, 1020, 21.2, 52 
2334156.32979, 1020, 21.2, 52 
2334216.392587, 1020, 21.2, 52 
2334276.449753, 1020, 21.2, 52 
2334336.513192, 1020, 21.2, 52 
2334396.569782, 1020, 21.2, 52 
2334456.579816, 1020, 21.2, 51 
2334516.643071, 1020, 21.2, 52 
2334576.706315, 1020, 21.2, 52 
2334636.709795, 1020, 21.2, 52 
2334696.773067, 1020, 21.2, 52 
2334756.83634, 1020, 21.2, 52 
2334816.899861, 1020, 21.2, 52 
2334876.963391, 1020, 21.2, 52 
2334937.026764, 1020, 21.2, 52 
2334997.090115, 1020, 21.2, 52 
2335057.109612, 1020, 21.2, 52 
2335117.169559, 1020, 21.2, 52 
2335177.231461, 1020, 21.2, 52 
2335237.292972, 1020, 21.2, 52 
2335297.349589, 1020, 21.2, 52 
2335357.409602, 1020, 21.2, 52 
2335417.471081, 1020, 21.2, 52 
2335477.532638, 1020, 21.2, 51 
2335537.594029, 1020, 21.2, 52 
2335597.655527, 1020, 21.2, 52 
2335657.717134, 1020, 21.2, 52 
2335717.780471, 1020, 21.2, 52 
2335777.843807, 1020, 21.2, 52 
2335837.907203, 1020, 21.2, 52 
2335897.970717, 1020, 21.2, 52 
2335958.034127, 1020, 21.2, 52 
2336018.097558, 1020, 21.2, 52 
2336078.161017, 1020, 21.2, 51 
2336138.224358, 1020, 21.2, 52 
2336198.24829, 1020, 21.2, 52 
2336258.311826, 1020, 21.2, 51 
2336318.375227, 1020, 21.2, 52 
2336378.438447, 1020, 21.2, 52 
2336438.501889, 1020, 21.2, 52 
2336498.565201, 1020, 21.2, 52 
2336558.628549, 1020, 21.2, 52 
2336618.691812, 1020, 21.2, 51 
2336678.755206, 1020, 21.2, 51 
2336738.818678, 1020, 21.2, 52 
2336798.829821, 1020, 21.2, 52 
2336858.89299, 1020, 21.2, 52 
2336918.949819, 1020, 21.2, 52 
2336979.013063, 1020, 21.2, 52 
2337039.076282, 1020, 21.2, 52 
2337099.13965, 1020, 21.2, 52 
2337159.20289, 1020, 21.2, 52 
2337219.265911, 1020, 21.2, 52 
2337279.327637, 1020, 21.2, 52 
2337339.391729, 1020, 21.2, 52 
2337399.454983, 1020, 21.2, 52 
2337459.509765, 1020, 21.2, 52 
2337519.569902, 1020, 21.2, 52 
2337579.593733, 1020, 21.2, 52 
2337639.657102, 1020, 21.2, 52 
2337699.720353, 1020, 21.2, 51 
2337759.783606, 1020, 21.2, 52 
2337819.847593, 1020, 21.2, 52 
2337879.911119, 1020, 21.2, 51 
2337939.974042, 1020, 21.2, 52 
2338000.030613, 1020, 21.2, 52 
2338060.049744, 1020, 21.2, 52 
2338120.113071, 1020, 21.2, 52 
2338180.176295, 1020, 21.2, 52 
2338240.229784, 1020, 21.2, 52 
2338300.289776, 1020, 21.2, 52 
2338360.35303, 1020, 21.2, 52 
2338420.409775, 1020, 21.2, 52 
2338480.469791, 1020, 21.2, 52 
2338540.533073, 1020, 21.2, 52 
2338600.595998, 1020, 21.2, 52 
2338660.655172, 1020, 21.2, 52 
2338720.709758, 1020, 21.2, 52 
2338780.773675, 1020, 21.2, 52 
2338840.836911, 1020, 21.2, 52 
2338900.900255, 1020, 21.2, 52 
2338960.963493, 1020, 21.2, 51 
2339021.026696, 1020, 21.2, 52 
2339081.089986, 1020, 21.2, 52 
2339141.149765, 1020, 21.2, 52 
2339201.2128, 1020, 21.2, 52 
2339261.275756, 1020, 21.2, 52 
2339321.338469, 1020, 21.2, 52 
2339381.401315, 1020, 21.2, 52 
2339441.4598, 1020, 21.2, 52 
2339501.519787, 1020, 21.2, 52 
2339561.57974, 1020, 21.2, 52 
2339621.643027, 1020, 21.2, 52 
2339681.706235, 1020, 21.2, 52 
2339741.769609, 1020, 21.2, 52 
2339801.832898, 1020, 21.3, 52 
2339861.896158, 1020, 21.2, 52 
2339921.95958, 1020, 21.3, 51 
2339982.022894, 1020, 21.2, 52 
2340042.086111, 1020, 21.2, 52 
2340102.149333, 1020, 21.2, 52 
2340162.209823, 1020, 21.2, 51 
2340222.229862, 1020, 21.2, 52 
2340282.293928, 1020, 21.2, 52 
2340342.349804, 1020, 21.2, 52 
2340402.409776, 1020, 21.2, 52 
2340462.469862, 1020, 21.2, 52 
2340522.529846, 1020, 21.2, 52 
2340582.593818, 1020, 21.2, 52 
2340642.657065, 1020, 21.3, 51 
2340702.679812, 1020, 21.2, 52 
2340762.74305, 1020, 21.2, 52 
2340822.80624, 1020, 21.2, 52 
2340882.869501, 1020, 21.2, 52 
2340942.932783, 1020, 21.3, 52 
2341002.995991, 1020, 21.2, 52 
2341063.059194, 1020, 21.2, 52 
2341123.122609, 1020, 21.2, 52 
2341183.185915, 1020, 21.2, 52 
2341243.214053, 1020, 21.2, 52 
2341303.269733, 1020, 21.2, 52 
2341363.329763, 1020, 21.2, 52 
2341423.349766, 1020, 21.2, 52 
2341483.356631, 1020, 21.2, 52 
2341543.419729, 1020, 21.2, 52 
2341603.483017, 1020, 21.2, 52 
2341663.544618, 1020, 21.2, 52 
2341723.607793, 1020, 21.2, 52 
2341783.671175, 1020, 21.2, 52 
2341843.729801, 1020, 21.2, 52 
2341903.789761, 1020, 21.2, 52 
2341963.852981, 1020, 21.3, 51 
2342023.903776, 1020, 21.2, 51 
2342083.939843, 1020, 21.2, 52 
2342143.999873, 1020, 21.2, 52 
2342204.006849, 1020, 21.3, 52 
2342264.070499, 1020, 21.3, 52 
2342324.133791, 1020, 21.2, 52 
2342384.197036, 1020, 21.2, 51 
2342444.259747, 1020, 21.2, 52 
2342504.323112, 1020, 21.2, 52 
2342564.386349, 1020, 21.2, 52 
2342624.449926, 1020, 21.2, 52 
2342684.513166, 1020, 21.2, 52 
2342744.576447, 1020, 21.2, 52 
2342804.639843, 1020, 21.2, 52 
2342864.701666, 1020, 21.3, 52 
2342924.764786, 1020, 21.3, 52 
2342984.819598, 1020, 21.2, 52 
2343044.879595, 1020, 21.2, 52 
2343104.941075, 1020, 21.2, 52 
2343165.002556, 1020, 21.2, 52 
2343225.01961, 1020, 21.2, 52 
2343285.081133, 1020, 21.2, 52 
2343345.142617, 1020, 21.2, 52 
2343405.204178, 1020, 21.2, 52 
2343465.262423, 1020, 21.3, 52 
2343525.32399, 1020, 21.2, 52 
2343585.36443, 1020, 21.2, 52 
2343645.419771, 1020, 21.2, 51 
2343705.481637, 1020, 21.2, 51 
2343765.539769, 1020, 21.2, 52 
2343825.60296, 1020, 21.2, 52 
2343885.666207, 1020, 21.2, 52 
2343945.729531, 1020, 21.2, 52 
2344005.789748, 1020, 21.2, 52 
2344065.853026, 1020, 21.2, 52 
2344125.916246, 1020, 21.2, 51 
2344185.979572, 1020, 21.2, 52 
2344246.042895, 1020, 21.2, 52 
2344306.106088, 1020, 21.3, 52 
2344366.169278, 1020, 21.2, 52 
2344426.232641, 1020, 21.2, 52 
2344486.295873, 1020, 21.3, 52 
2344546.359951, 1020, 21.3, 52 
2344606.423888, 1020, 21.2, 52 
2344666.487862, 1020, 21.2, 52 
2344726.499792, 1020, 21.2, 52 
2344786.559774, 1020, 21.2, 52 
2344846.6238, 1020, 21.2, 52 
2344906.687027, 1020, 21.2, 52 
2344966.749814, 1020, 21.3, 52 
2345026.809776, 1020, 21.2, 52 
2345086.872989, 1020, 21.2, 52 
2345146.936991, 1020, 21.2, 52 
2345206.99974, 1020, 21.2, 52 
2345267.009787, 1020, 21.2, 52 
2345327.073058, 1020, 21.2, 52 
2345387.089791, 1020, 21.2, 52 
2345447.153154, 1020, 21.2, 52 
2345507.217117, 1020, 21.2, 52 
2345567.280562, 1020, 21.3, 52 
2345627.344561, 1020, 21.2, 52 
2345687.407736, 1020, 21.2, 51 
2345747.471159, 1020, 21.2, 51 
2345807.534475, 1020, 21.2, 52 
2345867.597738, 1020, 21.2, 52 
2345927.619806, 1020, 21.2, 52 
2345987.683049, 1020, 21.3, 52 
2346047.746325, 1020, 21.2, 52 
2346107.809682, 1020, 21.2, 52 
2346167.869755, 1020, 21.2, 52 
2346227.932984, 1020, 21.2, 52 
2346287.989771, 1020, 21.2, 52 
2346348.053001, 1020, 21.2, 52 
2346408.116924, 1020, 21.2, 52 
2346468.180184, 1020, 21.2, 52 
2346528.239739, 1020, 21.3, 52 
2346588.303082, 1020, 21.2, 52 
2346648.367111, 1020, 21.2, 52 
2346708.430488, 1020, 21.3, 52 
2346768.489775, 1020, 21.2, 52 
2346828.553004, 1020, 21.3, 52 
2346888.616316, 1020, 21.2, 52 
2346948.679668, 1020, 21.2, 52 
2347008.742905, 1020, 21.2, 52 
2347068.769028, 1020, 21.2, 52 
2347128.832474, 1020, 21.3, 52 
2347188.895679, 1020, 21.2, 52 
2347248.949762, 1020, 21.2, 52 
2347308.95975, 1020, 21.3, 52 
2347369.022921, 1020, 21.3, 52 
2347429.079774, 1020, 21.2, 52 
2347489.14301, 1020, 21.2, 52 
2347549.206092, 1020, 21.2, 52 
2347609.269233, 1020, 21.2, 52 
2347669.299791, 1020, 21.3, 52 
2347729.363733, 1020, 21.3, 51 
2347789.427048, 1020, 21.2, 52 
2347849.490446, 1020, 21.2, 52 
2347909.553685, 1020, 21.2, 52 
2347969.559783, 1020, 21.3, 52 
2348029.608092, 1020, 21.3, 52 
2348089.629846, 1020, 21.2, 52 
2348149.688706, 1020, 21.2, 51 
2348209.752253, 1020, 21.3, 52 
2348269.760029, 1020, 21.2, 52 
2348329.779747, 1020, 21.3, 52 
2348389.843838, 1020, 21.2, 52 
2348449.849935, 1020, 21.2, 52 
2348509.909817, 1020, 21.2, 52 
2348569.973076, 1020, 21.3, 52 
2348629.989853, 1020, 21.2, 52 
2348690.050005, 1020, 21.3, 52 
2348750.114111, 1020, 21.3, 52 
2348810.170445, 1020, 21.3, 52 
2348870.229762, 1020, 21.2, 52 
2348930.293101, 1020, 21.2, 52 
2348990.356205, 1020, 21.3, 52 
2349050.379906, 1020, 21.3, 52 
2349110.443893, 1020, 21.3, 52 
2349170.494262, 1020, 21.2, 52 
2349230.539825, 1020, 21.3, 52 
2349290.603078, 1020, 21.3, 52 
2349350.666313, 1020, 21.3, 52 
2349410.728929, 1020, 21.3, 52 
2349470.792322, 1020, 21.3, 52 
2349530.800432, 1020, 21.3, 52 
2349590.81977, 1020, 21.2, 52 
2349650.879733, 1020, 21.3, 52 
2349710.895701, 1020, 21.2, 52 
2349770.958806, 1020, 21.2, 52 
2349830.97982, 1020, 21.3, 52 
2349891.043071, 1020, 21.2, 52 
2349951.106362, 1020, 21.2, 52 
2350011.169655, 1020, 21.2, 52 
2350071.229784, 1020, 21.2, 52 
2350131.293121, 1020, 21.3, 52 
2350191.355628, 1020, 21.3, 52 
2350251.418917, 1020, 21.3, 52 
2350311.479804, 1020, 21.3, 52 
2350371.543188, 1020, 21.3, 52 
2350431.606514, 1020, 21.3, 52 
2350491.669913, 1020, 21.2, 52 
2350551.729762, 1020, 21.2, 52 
2350611.79302, 1020, 21.3, 52 
2350671.856333, 1020, 21.2, 52 
2350731.919719, 1020, 21.3, 52 
2350791.979817, 1020, 21.2, 52 
2350852.043099, 1020, 21.2, 52 
2350912.106371, 1020, 21.3, 52 
2350972.169732, 1020, 21.3, 52 
2351032.229867, 1020, 21.3, 52 
2351092.289905, 1020, 21.2, 52 
2351152.349707, 1020, 21.3, 52 
2351212.4096, 1020, 21.2, 52 
2351272.469608, 1020, 21.2, 52 
2351332.531115, 1020, 21.2, 52 
2351392.573937, 1020, 21.2, 52 
2351452.635497, 1020, 21.2, 51 
2351512.638632, 1020, 21.3, 52 
2351572.700235, 1020, 21.2, 52 
2351632.729608, 1020, 21.2, 52 
2351692.79112, 1020, 21.2, 52 
2351752.852944, 1020, 21.2, 52 
2351812.909596, 1020, 21.2, 52 
2351872.971578, 1020, 21.3, 52 
2351933.009595, 1020, 21.2, 52 
2351993.06979, 1020, 21.2, 52 
2352053.133037, 1020, 21.2, 51 
2352113.179764, 1020, 21.3, 52 
2352173.229799, 1020, 21.3, 52 
2352233.293086, 1020, 21.3, 52 
2352293.349796, 1020, 21.3, 52 
2352353.413051, 1020, 21.2, 52 
2352413.476377, 1020, 21.2, 52 
2352473.479788, 1020, 21.3, 52 
2352533.539872, 1020, 21.3, 52 
2352593.559848, 1020, 21.3, 52 
2352653.623125, 1020, 21.3, 52 
2352713.686458, 1020, 21.3, 52 
2352773.739746, 1020, 21.2, 52 
2352833.80316, 1020, 21.2, 52 
2352893.866306, 1020, 21.2, 52 
2352953.929666, 1020, 21.2, 52 
2353013.979797, 1020, 21.2, 52 
2353074.043076, 1020, 21.3, 52 
2353134.106314, 1020, 21.3, 52 
2353194.169648, 1020, 21.3, 52 
2353254.22979, 1020, 21.2, 52 
2353314.292286, 1020, 21.3, 51 
2353374.356272, 1020, 21.3, 52 
2353434.419687, 1020, 21.3, 52 
2353494.479788, 1020, 21.2, 52 
2353554.543041, 1020, 21.3, 52 
2353614.606442, 1020, 21.2, 52 
2353674.669847, 1020, 21.2, 52 
2353734.729809, 1020, 21.3, 52 
2353794.749813, 1020, 21.3, 52 
2353854.813086, 1020, 21.3, 52 
2353914.846558, 1020, 21.3, 52 
2353974.859828, 1020, 21.3, 52 
2354034.923171, 1020, 21.3, 52 
2354094.979804, 1020, 21.2, 52 
2354155.043105, 1020, 21.3, 52 
2354215.099907, 1020, 21.3, 52 
2354275.163165, 1020, 21.3, 52 
2354335.226469, 1020, 21.3, 52 
2354395.229784, 1020, 21.2, 52 
2354455.254073, 1020, 21.3, 52 
2354515.317356, 1020, 21.3, 52 
2354575.380821, 1020, 21.3, 52 
2354635.444846, 1020, 21.3, 52 
2354695.479796, 1020, 21.3, 52 
2354755.543148, 1020, 21.3, 52 
2354815.599799, 1020, 21.3, 52 
2354875.663784, 1020, 21.2, 52 
2354935.719798, 1020, 21.3, 52 
2354995.729756, 1020, 21.3, 52 
2355055.793082, 1020, 21.3, 52 
2355115.849775, 1020, 21.2, 52 
2355175.909767, 1020, 21.3, 52 
2355235.929779, 1020, 21.3, 52 
2355295.97976, 1020, 21.3, 52 
2355356.043696, 1020, 21.3, 52 
2355416.106992, 1020, 21.3, 52 
2355476.170397, 1020, 21.3, 52 
2355536.229797, 1020, 21.3, 51 
2355596.293153, 1020, 21.3, 52 
2355656.299778, 1020, 21.2, 52 
2355716.309802, 1020, 21.3, 52 
2355776.37875, 1020, 21.3, 52 
2355836.442662, 1020, 21.3, 52 
2355896.499903, 1020, 21.3, 52 
2355956.563975, 1020, 21.3, 52 
2356016.619785, 1020, 21.3, 51 
2356076.683023, 1020, 21.3, 52 
2356136.746074, 1020, 21.3, 52 
2356196.809301, 1020, 21.3, 52 
2356256.872627, 1020, 21.3, 52 
2356316.93591, 1020, 21.3, 52 
2356376.999933, 1020, 21.2, 52 
2356437.05981, 1020, 21.3, 51 
2356497.12384, 1020, 21.3, 52 
2356557.187142, 1020, 21.2, 52 
2356617.250539, 1020, 21.3, 52 
2356677.313883, 1020, 21.3, 52 
2356737.377135, 1020, 21.3, 52 
2356797.399757, 1020, 21.3, 52 
2356857.459799, 1020, 21.2, 52 
2356917.523132, 1020, 21.3, 52 
2356977.58639, 1020, 21.3, 52 
2357037.649746, 1020, 21.3, 52 
2357097.712933, 1020, 21.3, 51 
2357157.776102, 1020, 21.3, 52 
2357217.839282, 1020, 21.3, 51 
2357277.899843, 1020, 21.2, 52 
2357337.963804, 1020, 21.3, 52 
2357398.027132, 1020, 21.3, 52 
2357458.090464, 1020, 21.3, 52 
2357518.150892, 1020, 21.3, 52 
2357578.214873, 1020, 21.3, 52 
2357638.278835, 1020, 21.2, 51 
2357698.335692, 1020, 21.2, 52 
2357758.39903, 1020, 21.2, 51 
2357818.462049, 1020, 21.3, 52 
2357878.525091, 1020, 21.3, 51 
2357938.58281, 1020, 21.3, 51 
2357998.589844, 1020, 21.2, 52 
2358058.649764, 1020, 21.3, 51 
2358118.712994, 1020, 21.3, 52 
2358178.776326, 1020, 21.3, 52 
2358238.779773, 1020, 21.3, 52 
2358298.843112, 1020, 21.3, 52 
2358358.906372, 1020, 21.2, 52 
2358418.919792, 1020, 21.3, 51 
2358478.983122, 1020, 21.3, 51 
2358539.046352, 1020, 21.3, 52 
2358599.109457, 1020, 21.3, 52 
2358659.172854, 1020, 21.3, 52 
2358719.189873, 1020, 21.3, 52 
2358779.20979, 1020, 21.3, 52 
2358839.269779, 1020, 21.3, 52 
2358899.279812, 1020, 21.3, 52 
2358959.339729, 1020, 21.3, 52 
2359019.359795, 1020, 21.3, 52 
2359079.419767, 1020, 21.2, 51 
2359139.479788, 1020, 21.3, 51 
2359199.543717, 1020, 21.2, 52 
2359259.607731, 1020, 21.3, 51 
2359319.669786, 1020, 21.3, 51 
2359379.733097, 1020, 21.3, 52 
2359439.796327, 1020, 21.3, 52 
2359499.849936, 1020, 21.3, 52 
2359559.91316, 1020, 21.3, 52 
2359619.969731, 1020, 21.3, 52 
2359680.029847, 1020, 21.3, 52 
2359740.093018, 1020, 21.3, 52 
2359800.154583, 1020, 21.2, 52 
2359860.216088, 1020, 21.3, 52 
2359920.269604, 1020, 21.2, 52 
2359980.329607, 1020, 21.2, 52 
2360040.391104, 1020, 21.3, 52 
2360100.449607, 1020, 21.3, 52 
2360160.510707, 1020, 21.3, 52 
2360220.569612, 1020, 21.3, 52 
2360280.589629, 1020, 21.3, 52 
2360340.592683, 1020, 21.3, 52 
2360400.656565, 1020, 21.3, 52 
2360460.718017, 1020, 21.3, 52 
2360520.779603, 1020, 21.2, 52 
2360580.841231, 1020, 21.2, 52 
2360640.904462, 1020, 21.3, 52 
2360700.95979, 1020, 21.2, 52 
2360760.979782, 1020, 21.3, 52 
2360821.043082, 1020, 21.3, 51 
2360881.099733, 1020, 21.3, 52 
2360941.163736, 1020, 21.3, 51 
2361001.21975, 1020, 21.3, 51 
2361061.239789, 1020, 21.3, 52 
2361121.30297, 1020, 21.2, 52 
2361181.309814, 1020, 21.2, 51 
2361241.37387, 1020, 21.3, 51 
2361301.437189, 1020, 21.3, 51 
2361361.500804, 1020, 21.3, 51 
2361421.563872, 1020, 21.2, 51 
2361481.627198, 1020, 21.3, 51 
2361541.690571, 1020, 21.3, 52 
2361601.753774, 1020, 21.3, 52 
2361661.809747, 1020, 21.3, 51 
2361721.872954, 1020, 21.3, 52 
2361781.936187, 1020, 21.3, 52 
2361841.999314, 1020, 21.3, 51 
2361902.062609, 1020, 21.3, 51 
2361962.125742, 1020, 21.3, 52 
2362022.171373, 1020, 21.3, 52 
2362082.234618, 1020, 21.3, 51 
2362142.289782, 1020, 21.3, 51 
2362202.353063, 1020, 21.3, 52 
2362262.416252, 1020, 21.3, 51 
2362322.479545, 1020, 21.3, 52 
2362382.539933, 1020, 21.2, 51 
2362442.602106, 1020, 21.3, 51 
2362502.665196, 1020, 21.3, 51 
2362562.728387, 1020, 21.3, 52 
2362622.7898, 1020, 21.3, 51 
2362682.853068, 1020, 21.3, 52 
2362742.916321, 1020, 21.3, 51 
2362802.919758, 1020, 21.2, 51 
2362862.982896, 1020, 21.3, 52 
2362923.039739, 1020, 21.3, 51 
2362983.099738, 1020, 21.3, 52 
2363043.159797, 1020, 21.3, 52 
2363103.219782, 1020, 21.3, 51 
2363163.283781, 1020, 21.3, 52 
2363223.347011, 1020, 21.3, 51 
2363283.409772, 1020, 21.3, 51 
2363343.473072, 1020, 21.3, 51 
2363403.536979, 1020, 21.3, 52 
2363463.551262, 1020, 21.2, 51 
2363523.614359, 1020, 21.3, 51 
2363583.669767, 1020, 21.3, 51 
2363643.733032, 1020, 21.3, 51 
2363703.796114, 1020, 21.3, 52 
2363763.859316, 1020, 21.3, 51 
2363823.922574, 1020, 21.3, 52 
2363883.979768, 1020, 21.3, 52 
2363944.043028, 1020, 21.3, 51 
2364004.049779, 1020, 21.3, 52 
2364064.112876, 1020, 21.3, 52 
2364124.176153, 1020, 21.3, 51 
2364184.189801, 1020, 21.3, 51 
2364244.199771, 1020, 21.3, 51 
2364304.263029, 1020, 21.3, 52 
2364364.326307, 1020, 21.3, 52 
2364424.379733, 1020, 21.2, 52 
2364484.439748, 1020, 21.3, 51 
2364544.503779, 1020, 21.3, 52 
2364604.567089, 1020, 21.3, 51 
2364664.630457, 1020, 21.3, 51 
2364724.693735, 1020, 21.3, 51 
2364784.757007, 1020, 21.3, 52 
2364844.820355, 1020, 21.3, 51 
2364904.829788, 1020, 21.3, 51 
2364964.889837, 1020, 21.2, 51 
2365024.953185, 1020, 21.3, 51 
2365085.016465, 1020, 21.3, 51 
2365145.079934, 1020, 21.3, 51 
2365205.143298, 1020, 21.3, 51 
2365265.206592, 1020, 21.3, 51 
2365325.269822, 1020, 21.3, 51 
2365385.299843, 1020, 21.3, 51 
2365445.363114, 1020, 21.3, 51 
2365505.3698, 1020, 21.3, 51 
2365565.433043, 1020, 21.3, 51 
2365625.496327, 1020, 21.3, 51 
2365685.499788, 1020, 21.3, 51 
2365745.563059, 1020, 21.3, 51 
2365805.62634, 1020, 21.3, 51 
2365865.679784, 1020, 21.3, 51 
2365925.743827, 1020, 21.3, 51 
2365985.807847, 1020, 21.3, 51 
2366045.871946, 1020, 21.3, 51 
2366105.935157, 1020, 21.3, 51 
2366165.999149, 1020, 21.3, 51 
2366226.063212, 1020, 21.3, 51 
2366286.126396, 1020, 21.3, 51 
2366346.179867, 1020, 21.3, 51 
2366406.239771, 1020, 21.3, 51 
2366466.299794, 1020, 21.3, 52 
2366526.363082, 1020, 21.3, 51 
2366586.426204, 1020, 21.2, 51 
2366646.489552, 1020, 21.2, 51 
2366706.552801, 1020, 21.3, 51 
2366766.616098, 1020, 21.3, 51 
2366826.679353, 1020, 21.3, 51 
2366886.743352, 1020, 21.3, 51 
2366946.806586, 1020, 21.3, 51 
2367006.869885, 1020, 21.3, 51 
2367066.933191, 1020, 21.3, 51 
2367126.989779, 1020, 21.3, 51 
2367187.040893, 1020, 21.3, 51 
2367247.049845, 1020, 21.3, 51 
2367307.113075, 1020, 21.3, 51 
2367367.169748, 1020, 21.3, 51 
2367427.232976, 1020, 21.3, 51 
2367487.296253, 1020, 21.3, 51 
2367547.349777, 1020, 21.3, 51 
2367607.409817, 1020, 21.3, 51 
2367667.473833, 1020, 21.3, 51 
2367727.537295, 1020, 21.3, 51 
2367787.600763, 1020, 21.3, 51 
2367847.659708, 1020, 21.3, 51 
2367907.721637, 1020, 21.2, 51 
2367967.783086, 1020, 21.3, 51 
2368027.839599, 1020, 21.3, 51 
2368087.901366, 1020, 21.3, 51 
2368147.959596, 1020, 21.3, 51 
2368208.019592, 1020, 21.3, 51 
2368268.081375, 1020, 21.3, 51 
2368328.089615, 1020, 21.3, 51 
2368388.099576, 1020, 21.3, 51 
2368448.161241, 1020, 21.3, 51 
2368508.219805, 1020, 21.3, 51 
2368568.283726, 1020, 21.3, 51 
2368628.3396, 1020, 21.3, 51 
2368688.402135, 1020, 21.3, 51 
2368748.465422, 1020, 21.2, 51 
2368808.528644, 1020, 21.3, 51 
2368868.59277, 1020, 21.2, 51 
2368928.649765, 1020, 21.3, 51 
2368988.713026, 1020, 21.3, 51 
2369048.776233, 1020, 21.3, 51 
2369108.834881, 1020, 21.3, 51 
2369168.889814, 1020, 21.3, 51 
2369228.949633, 1020, 21.3, 51 
2369289.011324, 1020, 21.3, 51 
2369349.069762, 1020, 21.3, 51 
2369409.12979, 1020, 21.3, 51 
2369469.193002, 1020, 21.3, 51 
2369529.249835, 1020, 21.3, 51 
2369589.309749, 1020, 21.3, 51 
2369649.373794, 1020, 21.3, 51 
2369709.437062, 1020, 21.3, 51 
2369769.500444, 1020, 21.3, 51 
2369829.564443, 1020, 21.3, 51 
2369889.627675, 1020, 21.2, 51 
2369949.691013, 1020, 21.3, 51 
2370009.749778, 1020, 21.3, 51 
2370069.813023, 1020, 21.3, 51 
2370129.876108, 1020, 21.3, 51 
2370189.939547, 1020, 21.3, 51 
2370250.00257, 1020, 21.3, 51 
2370310.065648, 1020, 21.3, 51 
2370370.119766, 1020, 21.3, 51 
2370430.182988, 1020, 21.3, 51 
2370490.246286, 1020, 21.3, 51 
2370550.302908, 1020, 21.3, 51 
2370610.366189, 1020, 21.3, 51 
2370670.429596, 1020, 21.3, 51 
2370730.43981, 1020, 21.3, 51 
2370790.503772, 1020, 21.3, 51 
2370850.567658, 1020, 21.3, 51 
2370910.631068, 1020, 21.3, 51 
2370970.694304, 1020, 21.3, 51 
2371030.70979, 1020, 21.3, 51 
2371090.719787, 1020, 21.3, 51 
2371150.783132, 1020, 21.3, 51 
2371210.84592, 1020, 21.3, 51 
2371270.909194, 1020, 21.3, 51 
2371330.972627, 1020, 21.3, 51 
2371391.035957, 1020, 21.3, 51 
2371451.099864, 1020, 21.3, 51 
2371511.155751, 1020, 21.3, 51 
2371571.219807, 1020, 21.3, 51 
2371631.279791, 1020, 21.3, 51 
2371691.339749, 1020, 21.3, 51 
2371751.399847, 1020, 21.3, 51 
2371811.46375, 1020, 21.3, 51 
2371871.51975, 1020, 21.3, 51 
2371931.583711, 1020, 21.3, 51 
2371991.646981, 1020, 21.3, 51 
2372051.710158, 1020, 21.3, 51 
2372111.773284, 1020, 21.3, 51 
2372171.836479, 1020, 21.3, 51 
2372231.849768, 1020, 21.3, 51 
2372291.869797, 1020, 21.3, 51 
2372351.933745, 1020, 21.3, 51 
2372411.997062, 1020, 21.3, 51 
2372472.060464, 1020, 21.3, 51 
2372532.123791, 1020, 21.3, 51 
2372592.129752, 1020, 21.3, 51 
2372652.19354, 1020, 21.3, 51 
2372712.249757, 1020, 21.2, 51 
2372772.309751, 1020, 21.3, 51 
2372832.369739, 1020, 21.3, 51 
2372892.433685, 1020, 21.3, 51 
2372952.439802, 1020, 21.3, 51 
2373012.459921, 1020, 21.3, 51 
2373072.469763, 1020, 21.3, 51 
2373132.53371, 1020, 21.3, 51 
2373192.596914, 1020, 21.3, 51 
2373252.660285, 1020, 21.3, 51 
2373312.719776, 1020, 21.3, 51 
2373372.783861, 1020, 21.3, 51 
2373432.836363, 1020, 21.3, 51 
2373492.899794, 1020, 21.3, 51 
2373552.959835, 1020, 21.3, 51 
2373612.969903, 1020, 21.3, 51 
2373673.033955, 1020, 21.3, 51 
2373733.069856, 1020, 21.3, 51 
2373793.079813, 1020, 21.3, 51 
2373853.0998, 1020, 21.3, 51 
2373913.163113, 1020, 21.3, 51 
2373973.219806, 1020, 21.3, 51 
2374033.282972, 1020, 21.3, 51 
2374093.346212, 1020, 21.3, 51 
2374153.409208, 1020, 21.3, 51 
2374213.472113, 1020, 21.3, 51 
2374273.535278, 1020, 21.2, 51 
2374333.598448, 1020, 21.3, 51 
2374393.661901, 1020, 21.3, 51 
2374453.725178, 1020, 21.3, 51 
2374513.788478, 1020, 21.3, 51 
2374573.799793, 1020, 21.3, 51 
2374633.863015, 1020, 21.3, 51 
2374693.91979, 1020, 21.3, 51 
2374753.979739, 1020, 21.3, 51 
2374814.039798, 1020, 21.3, 51 
2374874.099795, 1020, 21.3, 51 
2374934.159793, 1020, 21.3, 51 
2374994.199847, 1020, 21.3, 51 
2375054.2631, 1020, 21.3, 51 
2375114.301612, 1020, 21.3, 51 
2375174.364942, 1020, 21.3, 51 
2375234.428897, 1020, 21.3, 51 
2375294.476173, 1020, 21.3, 51 
2375354.513184, 1020, 21.3, 51 
2375414.576564, 1020, 21.3, 51 
2375474.639766, 1020, 21.3, 51 
2375534.70385, 1020, 21.3, 51 
2375594.709843, 1020, 21.3, 51 
2375654.773138, 1020, 21.3, 51 
2375714.829766, 1020, 21.3, 51 
2375774.89378, 1020, 21.3, 51 
2375834.957075, 1020, 21.3, 51 
2375895.020441, 1020, 21.3, 51 
2375955.039801, 1020, 21.3, 51 
2376015.103826, 1020, 21.3, 51 
2376075.159813, 1020, 21.3, 51 
2376135.219804, 1020, 21.3, 51 
2376195.279787, 1020, 21.3, 51 
2376255.343888, 1020, 21.3, 51 
2376315.399905, 1020, 21.3, 51 
2376375.463866, 1020, 21.3, 51 
2376435.525381, 1020, 21.3, 51 
2376495.579583, 1020, 21.3, 51 
2376555.639562, 1020, 21.3, 51 
2376615.701129, 1020, 21.3, 51 
2376675.709636, 1020, 21.3, 51 
2376735.76957, 1020, 21.3, 51 
2376795.831461, 1020, 21.3, 51 
2376855.889626, 1020, 21.3, 51 
2376915.95139, 1020, 21.3, 51 
2376976.012923, 1020, 21.3, 51 
2377036.074584, 1020, 21.3, 51 
2377096.13766, 1020, 21.3, 51 
2377156.19925, 1020, 21.3, 51 
2377216.219884, 1020, 21.3, 51 
2377276.283199, 1020, 21.3, 51 
2377336.346566, 1020, 21.3, 51 
2377396.409989, 1020, 21.3, 51 
2377456.459811, 1020, 21.3, 51 
2377516.523123, 1020, 21.3, 51 
2377576.586442, 1020, 21.3, 51 
2377636.609767, 1020, 21.3, 51 
2377696.673806, 1020, 21.3, 51 
2377756.737776, 1020, 21.3, 51 
2377816.800946, 1020, 21.3, 51 
2377876.864139, 1020, 21.3, 51 
2377936.927327, 1020, 21.3, 51 
2377996.990667, 1020, 21.3, 51 
2378057.009804, 1020, 21.3, 51 
2378117.029765, 1020, 21.3, 51 
2378177.091953, 1020, 21.3, 51 
2378237.155402, 1020, 21.3, 51 
2378297.218577, 1020, 21.2, 51 
2378357.281907, 1020, 21.3, 51 
2378417.289747, 1020, 21.3, 51 
2378477.353039, 1020, 21.3, 51 
2378537.416282, 1020, 21.2, 51 
2378597.479579, 1020, 21.3, 51 
2378657.489789, 1020, 21.3, 51 
2378717.553076, 1020, 21.3, 51 
2378777.616285, 1020, 21.3, 51 
2378837.671105, 1020, 21.3, 51 
2378897.735001, 1020, 21.3, 51 
2378957.798229, 1020, 21.3, 51 
2379017.861556, 1020, 21.3, 51 
2379077.924736, 1020, 21.3, 51 
2379137.979814, 1020, 21.3, 51 
2379198.039772, 1020, 21.3, 51 
2379258.103733, 1020, 21.3, 51 
2379318.167051, 1020, 21.3, 51 
2379378.229772, 1020, 21.3, 51 
2379438.293053, 1020, 21.3, 51 
2379498.356286, 1020, 21.3, 51 
2379558.409787, 1020, 21.3, 51 
2379618.473046, 1020, 21.3, 51 
2379678.536331, 1020, 21.3, 51 
2379738.599626, 1020, 21.3, 51 
2379798.609782, 1020, 21.3, 51 
2379858.669741, 1020, 21.3, 51 
2379918.733703, 1020, 21.3, 51 
2379978.792164, 1020, 21.3, 51 
2380038.849739, 1020, 21.3, 51 
2380098.909782, 1020, 21.3, 51 
2380158.969747, 1020, 21.3, 51 
2380219.029782, 1020, 21.3, 51 
2380279.039763, 1020, 21.3, 51 
2380339.103785, 1020, 21.3, 51 
2380399.166968, 1020, 21.3, 51 
2380459.189801, 1020, 21.3, 51 
2380519.253075, 1020, 21.3, 51 
2380579.316282, 1020, 21.3, 51 
2380639.37958, 1020, 21.3, 51 
2380699.399797, 1020, 21.3, 51 
2380759.462712, 1020, 21.2, 51 
2380819.525913, 1020, 21.2, 51 
2380879.589117, 1020, 21.3, 51 
2380939.652453, 1020, 21.3, 51 
2380999.715836, 1020, 21.3, 51 
2381059.779176, 1020, 21.3, 51 
2381119.842524, 1020, 21.3, 51 
2381179.902988, 1020, 21.3, 51 
2381239.966288, 1020, 21.3, 51 
2381300.029609, 1020, 21.3, 51 
2381360.059798, 1020, 21.3, 51 
2381420.119837, 1020, 21.3, 51 
2381480.17981, 1020, 21.3, 51 
2381540.240778, 1020, 21.3, 51 
2381600.249797, 1020, 21.3, 51 
2381660.313145, 1020, 21.3, 51 
2381720.376428, 1020, 21.3, 51 
2381780.439763, 1020, 21.3, 51 
2381840.449796, 1020, 21.3, 51 
2381900.457683, 1020, 21.3, 51 
2381960.469777, 1020, 21.3, 51 
2382020.52981, 1020, 21.3, 51 
2382080.593101, 1020, 21.3, 51 
2382140.656391, 1020, 21.3, 51 
2382200.719679, 1020, 21.3, 51 
2382260.729753, 1020, 21.3, 51 
2382320.749855, 1020, 21.3, 51 
2382380.80984, 1020, 21.3, 51 
2382440.819793, 1020, 21.3, 51 
2382500.883129, 1020, 21.3, 51 
2382560.946442, 1020, 21.3, 51 
2382621.009895, 1020, 21.3, 51 
2382681.069794, 1020, 21.3, 51 
2382741.133077, 1020, 21.3, 51 
2382801.189767, 1020, 21.3, 51 
2382861.209789, 1020, 21.3, 51 
2382921.27307, 1020, 21.3, 51 
2382981.329739, 1020, 21.3, 51 
2383041.389765, 1020, 21.3, 51 
2383101.409805, 1020, 21.3, 51 
2383161.473133, 1020, 21.3, 51 
2383221.529748, 1020, 21.3, 51 
2383281.593776, 1020, 21.3, 51 
2383341.649784, 1020, 21.3, 51 
2383401.713154, 1020, 21.3, 51 
2383461.769783, 1020, 21.3, 51 
2383521.779824, 1020, 21.3, 51 
2383581.843098, 1020, 21.3, 51 
2383641.847124, 1020, 21.3, 51 
2383701.864837, 1020, 21.3, 51 
2383761.919774, 1020, 21.3, 51 
2383821.979821, 1020, 21.3, 51 
2383882.039803, 1020, 21.3, 51 
2383942.099806, 1020, 21.3, 51 
2384002.149741, 1020, 21.3, 51 
2384062.209773, 1020, 21.3, 51 
2384122.269763, 1020, 21.3, 51 
2384182.340576, 1020, 21.3, 51 
2384242.399806, 1020, 21.3, 51 
2384302.439161, 1020, 21.3, 51 
2384362.494889, 1020, 21.3, 51 
2384422.55487, 1020, 21.3, 51 
2384482.614835, 1020, 21.3, 51 
2384542.673375, 1020, 21.3, 51 
2384602.733334, 1020, 21.3, 51 
2384662.784875, 1020, 21.3, 51 
2384722.844872, 1020, 21.3, 51 
2384782.90477, 1020, 21.3, 51 
2384842.959815, 1020, 21.3, 51 
2384903.019781, 1020, 21.3, 51 
2384963.079831, 1020, 21.3, 51 
2385023.139651, 1020, 21.3, 51 
2385083.199607, 1020, 21.3, 51 
2385143.249816, 1020, 21.3, 51 
2385203.309762, 1020, 21.3, 51 
2385263.3697, 1020, 21.3, 51 
2385323.429709, 1020, 21.3, 51 
2385383.489646, 1020, 21.3, 51 
2385443.549877, 1020, 21.3, 51 
2385503.609845, 1020, 21.3, 51 
2385563.669995, 1020, 21.3, 51 
2385623.729751, 1020, 21.3, 51 
2385683.789726, 1020, 21.3, 51 
2385743.850367, 1020, 21.3, 51 
2385803.899945, 1020, 21.3, 51 
2385863.959777, 1020, 21.3, 51 
2385924.019847, 1020, 21.3, 51 
2385984.079854, 1020, 21.3, 51 
2386044.13983, 1020, 21.3, 51 
2386104.200087, 1020, 21.3, 51 
2386164.259814, 1020, 21.3, 51 
2386224.31977, 1020, 21.3, 51 
2386284.366004, 1020, 21.3, 51 
2386344.419811, 1020, 21.3, 51 
2386404.479831, 1020, 21.3, 51 
2386464.539776, 1020, 21.3, 51 
2386524.599837, 1020, 21.3, 51 
2386584.663825, 1020, 21.3, 51 
2386644.727063, 1020, 21.3, 51 
2386704.790336, 1020, 21.3, 51 
2386764.849764, 1020, 21.3, 51 
2386824.913701, 1020, 21.3, 51 
2386884.969792, 1020, 21.3, 51 
2386945.033756, 1020, 21.3, 51 
2387005.09776, 1020, 21.3, 51 
2387065.161153, 1020, 21.3, 51 
2387125.179796, 1020, 21.3, 51 
2387185.243117, 1020, 21.3, 51 
2387245.306394, 1020, 21.3, 51 
2387305.361052, 1020, 21.3, 51 
2387365.424354, 1020, 21.3, 51 
2387425.487554, 1020, 21.3, 51 
2387485.550869, 1020, 21.3, 51 
2387545.614033, 1020, 21.3, 51 
2387605.619752, 1020, 21.3, 51 
2387665.682993, 1020, 21.3, 51 
2387725.746074, 1020, 21.3, 51 
2387785.809475, 1020, 21.3, 51 
2387845.872734, 1020, 21.3, 51 
2387905.929821, 1020, 21.3, 51 
2387965.993113, 1020, 21.3, 51 
2388026.009788, 1020, 21.3, 51 
2388086.073058, 1020, 21.3, 51 
2388146.136257, 1020, 21.3, 51 
2388206.171315, 1020, 21.3, 51 
2388266.234644, 1020, 21.3, 51 
2388326.239799, 1020, 21.3, 51 
2388386.30306, 1020, 21.3, 51 
2388446.359723, 1020, 21.3, 51 
2388506.419798, 1020, 21.3, 51 
2388566.483496, 1020, 21.3, 51 
2388626.546702, 1020, 21.3, 51 
2388686.609753, 1020, 21.3, 51 
2388746.673022, 1020, 21.3, 51 
2388806.737044, 1020, 21.2, 51 
2388866.800478, 1020, 21.3, 51 
2388926.863753, 1020, 21.3, 51 
2388986.919746, 1020, 21.3, 51 
2389046.983739, 1020, 21.3, 51 
2389107.047022, 1020, 21.3, 51 
2389167.059798, 1020, 21.3, 51 
2389227.095267, 1020, 21.3, 51 
2389287.158603, 1020, 21.3, 51 
2389347.221979, 1020, 21.3, 51 
2389407.28528, 1020, 21.3, 51 
2389467.299753, 1020, 21.3, 51 
2389527.363089, 1020, 21.3, 51 
2389587.426229, 1020, 21.3, 51 
2389647.439772, 1020, 21.3, 51 
2389707.503041, 1020, 21.3, 51 
2389767.566332, 1020, 21.3, 51 
2389827.629748, 1020, 21.3, 51 
2389887.693029, 1020, 21.3, 51 
2389947.756259, 1020, 21.3, 51 
2390007.819593, 1020, 21.3, 51 
2390067.882824, 1020, 21.3, 51 
2390127.899787, 1020, 21.3, 51 
2390187.963015, 1020, 21.3, 51 
2390248.019766, 1020, 21.3, 51 
2390308.029841, 1020, 21.3, 51 
2390368.049805, 1020, 21.3, 51 
2390428.069848, 1020, 21.3, 51 
2390488.133911, 1020, 21.3, 51 
2390548.197129, 1020, 21.3, 51 
2390608.26053, 1020, 21.3, 51 
2390668.323698, 1020, 21.3, 51 
2390728.386994, 1020, 21.3, 51 
2390788.40988, 1020, 21.3, 51 
2390848.459796, 1020, 21.3, 51 
2390908.469804, 1020, 21.3, 51 
2390968.532911, 1020, 21.3, 51 
2391028.595862, 1020, 21.3, 51 
2391088.659091, 1020, 21.3, 51 
2391148.722536, 1020, 21.3, 51 
2391208.729793, 1020, 21.3, 51 
2391268.79307, 1020, 21.3, 51 
2391328.856306, 1020, 21.3, 51 
2391388.919624, 1020, 21.3, 51 
2391448.982941, 1020, 21.3, 51 
2391509.046094, 1020, 21.3, 51 
2391569.10934, 1020, 21.3, 51 
2391629.142335, 1020, 21.3, 51 
2391689.179786, 1020, 21.3, 51 
2391749.229795, 1020, 21.3, 51 
2391809.293045, 1020, 21.3, 51 
2391869.356209, 1020, 21.3, 51 
2391929.419597, 1020, 21.3, 51 
2391989.479818, 1020, 21.3, 51 
2392049.543138, 1020, 21.3, 51 
2392109.606445, 1020, 21.3, 51 
2392169.629809, 1020, 21.3, 51 
2392229.693092, 1020, 21.3, 51 
2392289.749778, 1020, 21.3, 51 
2392349.799983, 1020, 21.3, 51 
2392409.863439, 1020, 21.3, 51 
2392469.879924, 1020, 21.3, 51 
2392529.943978, 1020, 21.3, 51 
2392589.949895, 1020, 21.3, 51 
2392650.013552, 1020, 21.3, 51 
2392710.019759, 1020, 21.3, 51 
2392770.083122, 1020, 21.3, 51 
2392830.099762, 1020, 21.3, 51 
2392890.163581, 1020, 21.3, 51 
2392950.226916, 1020, 21.3, 51 
2393010.290323, 1020, 21.3, 51 
2393070.353633, 1020, 21.3, 51 
2393130.417564, 1020, 21.3, 51 
2393190.480928, 1020, 21.3, 51 
2393250.544182, 1020, 21.3, 51 
2393310.607384, 1020, 21.3, 51 
2393370.669722, 1020, 21.3, 51 
2393430.733726, 1020, 21.3, 51 
2393490.79702, 1020, 21.3, 51 
2393550.849738, 1020, 21.3, 51 
2393610.909598, 1020, 21.3, 51 
2393670.971141, 1020, 21.3, 51 
2393731.032992, 1020, 21.3, 51 
2393791.094861, 1020, 21.3, 51 
2393851.149601, 1020, 21.3, 51 
2393911.211388, 1020, 21.3, 51 
2393971.269575, 1020, 21.3, 51 
2394031.331449, 1020, 21.3, 51 
2394091.389594, 1020, 21.3, 51 
2394151.43436, 1020, 21.3, 51 
2394211.489591, 1020, 21.3, 51 
2394271.551331, 1020, 21.3, 51 
2394331.609758, 1020, 21.3, 51 
2394391.629763, 1020, 21.3, 51 
2394451.692905, 1020, 21.3, 51 
2394511.756206, 1020, 21.3, 51 
2394571.819568, 1020, 21.3, 51 
2394631.882901, 1020, 21.3, 51 
2394691.946264, 1020, 21.3, 51 
2394751.999755, 1020, 21.3, 51 
2394812.019795, 1020, 21.3, 51 
2394872.083083, 1020, 21.3, 51 
2394932.147115, 1020, 21.3, 51 
2394992.211153, 1020, 21.3, 51 
2395052.269755, 1020, 21.3, 51 
2395112.333, 1020, 21.3, 51 
2395172.396164, 1020, 21.3, 51 
2395232.459496, 1020, 21.3, 51 
2395292.522802, 1020, 21.3, 51 
2395352.586038, 1020, 21.3, 51 
2395412.650088, 1020, 21.3, 51 
2395472.71335, 1020, 21.3, 51 
2395532.776637, 1020, 21.3, 51 
2395592.840724, 1020, 21.3, 51 
2395652.903988, 1020, 21.3, 51 
2395712.967003, 1020, 21.3, 51 
2395773.030372, 1020, 21.3, 51 
2395833.039801, 1020, 21.3, 51 
2395893.103094, 1020, 21.3, 51 
2395953.166321, 1020, 21.3, 51 
2396013.229705, 1020, 21.3, 51 
2396073.292989, 1020, 21.3, 51 
2396133.356207, 1020, 21.3, 51 
2396193.419586, 1020, 21.3, 51 
2396253.482821, 1020, 21.3, 51 
2396313.54602, 1020, 21.3, 51 
2396373.609313, 1020, 21.3, 51 
2396433.672727, 1020, 21.3, 51 
2396493.679764, 1020, 21.3, 51 
2396553.743793, 1020, 21.3, 51 
2396613.807035, 1020, 21.3, 51 
2396673.829808, 1020, 21.3, 51 
2396733.892887, 1020, 21.3, 51 
2396793.956121, 1020, 21.3, 51 
2396853.992041, 1020, 21.3, 51 
2396914.009768, 1020, 21.3, 51 
2396974.069798, 1020, 21.3, 51 
2397034.133071, 1020, 21.3, 51 
2397094.189775, 1020, 21.3, 51 
2397154.249785, 1020, 21.3, 51 
2397214.269748, 1020, 21.3, 51 
2397274.33296, 1020, 21.3, 51 
2397334.396197, 1020, 21.3, 51 
2397394.459577, 1020, 21.3, 51 
2397454.522921, 1020, 21.3, 51 
2397514.586088, 1020, 21.3, 51 
2397574.649231, 1020, 21.3, 51 
2397634.669812, 1020, 21.3, 51 
2397694.679821, 1020, 21.3, 51 
2397754.743062, 1020, 21.3, 51 
2397814.806306, 1020, 21.3, 51 
2397874.851917, 1020, 21.3, 51 
2397934.915965, 1020, 21.3, 51 
2397994.92982, 1020, 21.3, 51 
2398054.993106, 1020, 21.3, 51 
2398115.049772, 1020, 21.3, 51 
2398175.059835, 1020, 21.3, 51 
2398235.123128, 1020, 21.3, 51 
2398295.186234, 1020, 21.3, 51 
2398355.250238, 1020, 21.3, 51 
2398415.313605, 1020, 21.3, 51 
2398475.339881, 1020, 21.3, 51 
2398535.403078, 1020, 21.3, 51 
2398595.466399, 1020, 21.3, 51 
2398655.529874, 1020, 21.3, 51 
2398715.593146, 1020, 21.3, 51 
2398775.609811, 1020, 21.3, 51 
2398835.673079, 1020, 21.3, 51 
2398895.736363, 1020, 21.3, 51 
2398955.778384, 1020, 21.3, 51 
2399015.841879, 1020, 21.3, 51 
2399075.905185, 1020, 21.3, 51 
2399135.968464, 1020, 21.3, 51 
2399196.031751, 1020, 21.3, 51 
2399256.094883, 1020, 21.3, 51 
2399316.158079, 1020, 21.3, 51 
2399376.221312, 1020, 21.3, 51 
2399436.284695, 1020, 21.3, 51 
2399496.348009, 1020, 21.3, 51 
2399556.411408, 1020, 21.3, 51 
2399616.429781, 1020, 21.3, 51 
2399676.493073, 1020, 21.3, 51 
2399736.556355, 1020, 21.3, 51 
2399796.609763, 1020, 21.3, 51 
2399856.673021, 1020, 21.3, 51 
2399916.736282, 1020, 21.3, 51 
2399976.799575, 1020, 21.3, 51 
2400036.862671, 1020, 21.3, 51 
2400096.925828, 1020, 21.3, 51 
2400156.989097, 1020, 21.3, 51 
2400217.049748, 1020, 21.3, 51 
2400277.113858, 1020, 21.3, 51 
2400337.177213, 1020, 21.3, 51 
2400397.240574, 1020, 21.3, 51 
2400457.299787, 1020, 21.3, 51 
2400517.363088, 1020, 21.3, 51 
2400577.426362, 1020, 21.3, 51 
2400637.489641, 1020, 21.3, 51 
2400697.549805, 1020, 21.3, 51 
2400757.609735, 1020, 21.3, 51 
2400817.673838, 1020, 21.3, 51 
2400877.72981, 1020, 21.3, 51 
2400937.792888, 1020, 21.3, 51 
2400997.856137, 1020, 21.3, 51 
2401057.91002, 1020, 21.3, 51 
2401117.939947, 1020, 21.3, 51 
2401177.999701, 1020, 21.3, 51 
2401238.06136, 1020, 21.3, 51 
2401298.123256, 1020, 21.3, 51 
2401358.179596, 1020, 21.3, 51 
2401418.199618, 1020, 21.3, 51 
2401478.219606, 1020, 21.3, 51 
2401538.279595, 1020, 21.3, 51 
2401598.28961, 1020, 21.3, 51 
2401658.351436, 1020, 21.3, 51 
2401718.409613, 1020, 21.3, 51 
2401778.471174, 1020, 21.3, 51 
2401838.532657, 1020, 21.3, 51 
2401898.594149, 1020, 21.3, 51 
2401958.609567, 1020, 21.3, 51 
2402018.670973, 1020, 21.3, 51 
2402078.72987, 1020, 21.3, 51 
2402138.745513, 1020, 21.3, 51 
2402198.777231, 1020, 21.3, 51 
2402258.809702, 1020, 21.3, 51 
2402318.872848, 1020, 21.3, 51 
2402378.936188, 1020, 21.3, 51 
2402438.999569, 1020, 21.3, 51 
2402499.062788, 1020, 21.3, 51 
2402559.12586, 1020, 21.3, 51 
2402619.139803, 1020, 21.3, 51 
2402679.199761, 1020, 21.3, 51 
2402739.259783, 1020, 21.3, 51 
2402799.323747, 1020, 21.3, 51 
2402859.331311, 1020, 21.3, 51 
2402919.394599, 1020, 21.3, 51 
2402979.457902, 1020, 21.3, 51 
2403039.521215, 1020, 21.3, 51 
2403099.58448, 1020, 21.3, 51 
2403159.647666, 1020, 21.3, 51 
2403219.659802, 1020, 21.3, 51 
2403279.679788, 1020, 21.3, 51 
2403339.743078, 1020, 21.3, 51 
2403399.806363, 1020, 21.3, 51 
2403459.869739, 1020, 21.3, 51 
2403519.933009, 1020, 21.3, 51 
2403579.996295, 1020, 21.3, 51 
2403640.059665, 1020, 21.3, 51 
2403700.122891, 1020, 21.3, 51 
2403760.186089, 1020, 21.3, 51 
2403820.249358, 1020, 21.3, 51 
2403880.312771, 1020, 21.3, 51 
2403940.376047, 1020, 21.3, 51 
2404000.439788, 1020, 21.3, 51 
2404060.503783, 1020, 21.3, 51 
2404120.555589, 1020, 21.3, 51 
2404180.609767, 1020, 21.3, 51 
2404240.669779, 1020, 21.3, 51 
2404300.732528, 1020, 21.3, 51 
2404360.789871, 1020, 21.3, 51 
2404420.813187, 1020, 21.3, 51 
2404480.869752, 1020, 21.3, 51 
2404540.933728, 1020, 21.3, 51 
2404600.989741, 1020, 21.3, 51 
2404661.053672, 1020, 21.3, 51 
2404721.059794, 1020, 21.3, 51 
2404781.123108, 1020, 21.3, 51 
2404841.139865, 1020, 21.3, 51 
2404901.156397, 1020, 21.3, 51 
2404961.219574, 1020, 21.3, 51 
2405021.233948, 1020, 21.3, 51 
2405081.297331, 1020, 21.3, 51 
2405141.360681, 1020, 21.3, 51 
2405201.398054, 1020, 21.3, 51 
2405261.459828, 1020, 21.3, 51 
2405321.523901, 1020, 21.3, 51 
2405381.587212, 1020, 21.3, 51 
2405441.650463, 1020, 21.3, 51 
2405501.7137, 1020, 21.3, 51 
2405561.727876, 1020, 21.3, 51 
2405621.750771, 1020, 21.3, 51 
2405681.766775, 1020, 21.3, 51 
2405741.830123, 1020, 21.3, 51 
2405801.893417, 1020, 21.3, 51 
2405861.956512, 1020, 21.3, 51 
2405922.019797, 1020, 21.3, 51 
2405982.079738, 1020, 21.3, 51 
2406042.099789, 1020, 21.3, 51 
2406102.163758, 1020, 21.3, 51 
2406162.226291, 1020, 21.3, 51 
2406222.289495, 1020, 21.3, 51 
2406282.352779, 1020, 21.3, 51 
2406342.419915, 1020, 21.3, 51 
2406402.483528, 1020, 21.3, 51 
2406462.539772, 1020, 21.3, 51 
2406522.603647, 1020, 21.3, 51 
2406582.66723, 1020, 21.3, 51 
2406642.731031, 1020, 21.3, 51 
2406702.789817, 1020, 21.3, 51 
2406762.854333, 1020, 21.3, 51 
2406822.918013, 1020, 21.3, 51 
2406882.940213, 1020, 21.3, 51 
2406943.003924, 1020, 21.3, 51 
2407003.059793, 1020, 21.3, 51 
2407063.079831, 1020, 21.3, 51 
2407123.143559, 1020, 21.3, 51 
2407183.149891, 1020, 21.3, 51 
2407243.209863, 1020, 21.3, 51 
2407303.274408, 1020, 21.3, 51 
2407363.338254, 1020, 21.3, 51 
2407423.402071, 1020, 21.3, 51 
2407483.460126, 1020, 21.3, 51 
2407543.519887, 1020, 21.3, 51 
2407603.579886, 1020, 21.3, 51 
2407663.599829, 1020, 21.3, 51 
2407723.659837, 1020, 21.3, 51 
2407783.72439, 1020, 21.3, 51 
2407843.739883, 1020, 21.3, 51 
2407903.759878, 1020, 21.3, 51 
2407963.819794, 1020, 21.3, 51 
2408023.879784, 1020, 21.3, 51 
2408083.939899, 1020, 21.3, 51 
2408143.969805, 1020, 21.3, 51 
2408204.034324, 1020, 21.3, 51 
2408264.097753, 1020, 21.3, 51 
2408324.119864, 1020, 21.3, 51 
2408384.184378, 1020, 21.3, 51 
2408444.239824, 1020, 21.3, 51 
2408504.303478, 1020, 21.3, 51 
2408564.319869, 1020, 21.3, 51 
2408624.379864, 1020, 21.3, 51 
2408684.439808, 1020, 21.3, 51 
2408744.504361, 1020, 21.3, 51 
2408804.559858, 1020, 21.3, 51 
2408864.619775, 1020, 21.3, 51 
2408924.67978, 1020, 21.3, 51 
2408984.73987, 1020, 21.3, 51 
2409044.804284, 1020, 21.3, 51 
2409104.868842, 1020, 21.3, 51 
2409164.932013, 1020, 21.3, 51 
2409224.996663, 1020, 21.3, 51 
2409285.05982, 1020, 21.3, 51 
2409345.123698, 1020, 21.3, 51 
2409405.179809, 1020, 21.3, 51 
2409465.244308, 1020, 21.3, 51 
2409525.308045, 1020, 21.3, 51 
2409585.369814, 1020, 21.3, 51 
2409645.399077, 1020, 21.3, 51 
2409705.433427, 1020, 21.3, 51 
2409765.497091, 1020, 21.3, 51 
2409825.559957, 1020, 21.3, 51 
2409885.623826, 1020, 21.3, 51 
2409945.679754, 1020, 21.3, 51 
2410005.699777, 1020, 21.3, 51 
2410065.759707, 1020, 21.3, 51 
2410125.819693, 1020, 21.3, 51 
2410185.881712, 1020, 21.3, 51 
2410245.943316, 1020, 21.3, 51 
2410305.999621, 1020, 21.3, 51 
2410366.061172, 1020, 21.3, 51 
2410426.122781, 1020, 21.3, 51 
2410486.139616, 1020, 21.3, 51 
2410546.201601, 1020, 21.3, 51 
2410606.263186, 1020, 21.3, 51 
2410666.324864, 1020, 21.3, 51 
2410726.379785, 1020, 21.3, 51 
2410786.44359, 1020, 21.3, 51 
2410846.499836, 1020, 21.3, 51 
2410906.562622, 1020, 21.3, 51 
2410966.629832, 1020, 21.3, 51 
2411026.689857, 1020, 21.3, 51 
2411086.749824, 1020, 21.3, 51 
2411146.813487, 1020, 21.3, 51 
2411206.829847, 1020, 21.3, 51 
2411266.894462, 1020, 21.3, 51 
2411326.91245, 1020, 21.3, 51 
2411386.976202, 1020, 21.3, 51 
2411447.012447, 1020, 21.3, 51 
2411507.029912, 1020, 21.3, 51 
2411567.09356, 1020, 21.3, 51 
2411627.149773, 1020, 21.3, 51 
2411687.214191, 1020, 21.3, 51 
2411747.269884, 1020, 21.3, 51 
2411807.32984, 1020, 21.3, 51 
2411867.394283, 1020, 21.3, 51 
2411927.458062, 1020, 21.3, 51 
2411987.522605, 1020, 21.3, 51 
2412047.579896, 1020, 21.3, 51 
2412107.643214, 1020, 21.3, 51 
2412167.699775, 1020, 21.3, 51 
2412227.729812, 1020, 21.3, 51 
2412287.793098, 1020, 21.3, 51 
2412347.856369, 1020, 21.3, 51 
2412407.869814, 1020, 21.3, 51 
2412467.933084, 1020, 21.3, 51 
2412527.949787, 1020, 21.3, 51 
2412587.979802, 1020, 21.3, 51 
2412648.043089, 1020, 21.3, 51 
2412708.107079, 1020, 21.3, 51 
2412768.170477, 1020, 21.3, 51 
2412828.229809, 1020, 21.3, 51 
2412888.289774, 1020, 21.3, 51 
2412948.329807, 1020, 21.3, 51 
2413008.389774, 1020, 21.3, 51 
2413068.450883, 1020, 21.3, 51 
2413128.459791, 1020, 21.3, 51 
2413188.479827, 1020, 21.3, 51 
2413248.49977, 1020, 21.3, 51 
2413308.563809, 1020, 21.3, 51 
2413368.627827, 1020, 21.3, 51 
2413428.689845, 1020, 21.3, 51 
2413488.74978, 1020, 21.3, 51 
2413548.813101, 1020, 21.3, 51 
2413608.876333, 1020, 21.3, 51 
2413668.939696, 1020, 21.3, 51 
2413728.999767, 1020, 21.3, 51 
2413789.063039, 1020, 21.3, 51 
2413849.126332, 1020, 21.3, 51 
2413909.189653, 1020, 21.3, 51 
2413969.229818, 1020, 21.3, 51 
2414029.293181, 1020, 21.3, 51 
2414089.35651, 1020, 21.3, 51 
2414149.419937, 1020, 21.3, 51 
2414209.449818, 1020, 21.3, 51 
2414269.469796, 1020, 21.3, 51 
2414329.514398, 1020, 21.3, 51 
2414389.569757, 1020, 21.3, 51 
2414449.633067, 1020, 21.3, 51 
2414509.697081, 1020, 21.3, 51 
2414569.729782, 1020, 21.3, 51 
2414629.793789, 1020, 21.3, 51 
2414689.857057, 1020, 21.3, 51 
2414749.869777, 1020, 21.3, 51 
2414809.93309, 1020, 21.3, 51 
2414869.979804, 1020, 21.3, 51 
2414930.008293, 1020, 21.3, 51 
2414990.029757, 1020, 21.3, 51 
2415050.081244, 1020, 21.3, 51 
2415110.145289, 1020, 21.3, 51 
2415170.209253, 1020, 21.3, 51 
2415230.229808, 1020, 21.3, 51 
2415290.249823, 1020, 21.3, 51 
2415350.313056, 1020, 21.3, 51 
2415410.377149, 1020, 21.3, 51 
2415470.440561, 1020, 21.3, 51 
2415530.479809, 1020, 21.3, 51 
2415590.499789, 1020, 21.3, 51 
2415650.529794, 1020, 21.3, 51 
2415710.593034, 1020, 21.3, 51 
2415770.649891, 1020, 21.3, 51 
2415830.714521, 1020, 21.3, 51 
2415890.729796, 1020, 21.3, 51 
2415950.793033, 1020, 21.3, 51 
2416010.849778, 1020, 21.3, 51 
2416070.913058, 1020, 21.3, 51 
2416130.939911, 1020, 21.3, 51 
2416190.999769, 1020, 21.3, 51 
2416251.04981, 1020, 21.3, 51 
2416311.112947, 1020, 21.3, 51 
2416371.119832, 1020, 21.3, 51 
2416431.179865, 1020, 21.3, 51 
2416491.243283, 1020, 21.3, 51 
2416551.306607, 1020, 21.3, 51 
2416611.365043, 1020, 21.3, 51 
2416671.379797, 1020, 21.3, 51 
2416731.440678, 1020, 21.3, 51 
2416791.504006, 1020, 21.3, 51 
2416851.56729, 1020, 21.3, 51 
2416911.631428, 1020, 21.3, 51 
2416971.694704, 1020, 21.3, 51 
2417031.75801, 1020, 21.3, 51 
2417091.821395, 1020, 21.3, 51 
2417151.884828, 1020, 21.3, 51 
2417211.889833, 1020, 21.3, 51 
2417271.899822, 1020, 21.3, 51 
2417331.96323, 1020, 21.3, 51 
2417392.027281, 1020, 21.3, 51 
2417452.059798, 1020, 21.3, 51 
2417512.123151, 1020, 21.3, 51 
2417572.179835, 1020, 21.3, 51 
2417632.243908, 1020, 21.3, 51 
2417692.30725, 1020, 21.3, 51 
2417752.319827, 1020, 21.3, 51 
2417812.382977, 1020, 21.3, 51 
2417872.439777, 1020, 21.3, 51 
2417932.499775, 1020, 21.3, 51 
2417992.563841, 1020, 21.3, 51 
2418052.627081, 1020, 21.3, 51 
2418112.690495, 1020, 21.3, 51 
2418172.753985, 1020, 21.3, 51 
2418232.817369, 1020, 21.3, 51 
2418292.880858, 1020, 21.3, 51 
2418352.899804, 1020, 21.3, 51 
2418412.963905, 1020, 21.3, 51 
2418473.027261, 1020, 21.3, 51 
2418533.089796, 1020, 21.3, 51 
2418593.153164, 1020, 21.3, 51 
2418653.216716, 1020, 21.3, 51 
2418713.280171, 1020, 21.3, 51 
2418773.341797, 1020, 21.3, 51 
2418833.403379, 1020, 21.3, 51 
2418893.464885, 1020, 21.3, 51 
2418953.526312, 1020, 21.3, 51 
2419013.539613, 1020, 21.3, 51 
2419073.599606, 1020, 21.3, 51 
2419133.661232, 1020, 21.3, 51 
2419193.719577, 1020, 21.3, 51 
2419253.779607, 1020, 21.3, 51 
2419313.841403, 1020, 21.3, 51 
2419373.903245, 1020, 21.3, 51 
2419433.964903, 1020, 21.3, 51 
2419494.014973, 1020, 21.3, 51 
2419554.069811, 1020, 21.3, 51 
2419614.133159, 1020, 21.3, 51 
2419674.196504, 1020, 21.3, 51 
2419734.259926, 1020, 21.3, 51 
2419794.32336, 1020, 21.3, 51 
2419854.384845, 1020, 21.3, 51 
2419914.439755, 1020, 21.3, 51 
2419974.504327, 1020, 21.3, 51 
2420034.567662, 1020, 21.3, 51 
2420094.631853, 1020, 21.3, 51 
2420154.695242, 1020, 21.3, 51 
2420214.749768, 1020, 21.3, 51 
2420274.813105, 1020, 21.3, 51 
2420334.876456, 1020, 21.3, 51 
2420394.940003, 1020, 21.3, 51 
2420455.003723, 1020, 21.3, 51 
2420515.067742, 1020, 21.3, 51 
2420575.131134, 1020, 21.3, 51 
2420635.194435, 1020, 21.3, 51 
2420695.257868, 1020, 21.3, 51 
2420755.321994, 1020, 21.3, 51 
2420815.339779, 1020, 21.3, 51 
2420875.403858, 1020, 21.3, 51 
2420935.467248, 1020, 21.3, 51 
2420995.489787, 1020, 21.3, 51 
2421055.553203, 1020, 21.3, 51 
2421115.60979, 1020, 21.3, 51 
2421175.673889, 1020, 21.3, 51 
2421235.737225, 1020, 21.3, 51 
2421295.759794, 1020, 21.3, 51 
2421355.779861, 1020, 21.3, 51 
2421415.843195, 1020, 21.3, 51 
2421475.849791, 1020, 21.3, 51 
2421535.913176, 1020, 21.3, 51 
2421595.976545, 1020, 21.3, 51 
2421656.03974, 1020, 21.3, 51 
2421716.103018, 1020, 21.3, 51 
2421776.167168, 1020, 21.3, 51 
2421836.23068, 1020, 21.3, 51 
2421896.29414, 1020, 21.3, 51 
2421956.357468, 1020, 21.3, 51 
2422016.419811, 1020, 21.3, 51 
2422076.479784, 1020, 21.3, 51 
2422136.539786, 1020, 21.3, 51 
2422196.603965, 1020, 21.3, 51 
2422256.638596, 1020, 21.3, 51 
2422316.701686, 1020, 21.3, 51 
2422376.765849, 1020, 21.3, 51 
2422436.830015, 1020, 21.3, 51 
2422496.893386, 1020, 21.3, 51 
2422556.95674, 1020, 21.3, 51 
2422617.020223, 1020, 21.3, 51 
2422677.039782, 1020, 21.3, 51 
2422737.103168, 1020, 21.3, 51 
2422797.109784, 1020, 21.3, 51 
2422857.119789, 1020, 21.3, 51 
2422917.183181, 1020, 21.3, 51 
2422977.24629, 1020, 21.3, 51 
2423037.249769, 1020, 21.3, 51 
2423097.313111, 1020, 21.3, 51 
2423157.376502, 1020, 21.3, 51 
2423217.439935, 1020, 21.3, 51 
2423277.499766, 1020, 21.3, 51 
2423337.529818, 1020, 21.3, 51 
2423397.593926, 1020, 21.3, 51 
2423457.657237, 1020, 21.3, 51 
2423517.721379, 1020, 21.3, 51 
2423577.779789, 1020, 21.3, 51 
2423637.843146, 1020, 21.3, 51 
2423697.907313, 1020, 21.3, 51 
2423757.970751, 1020, 21.3, 51 
2423818.029776, 1020, 21.3, 51 
2423878.093843, 1020, 21.3, 51 
2423938.155073, 1020, 21.3, 51 
2423998.171361, 1020, 21.3, 51 
2424058.235441, 1020, 21.3, 51 
2424118.298725, 1020, 21.3, 51 
2424178.359869, 1020, 21.3, 51 
2424238.41976, 1020, 21.3, 51 
2424298.483186, 1020, 21.3, 51 
2424358.546618, 1020, 21.3, 51 
2424418.609754, 1020, 21.3, 51 
2424478.6732, 1020, 21.3, 51 
2424538.737146, 1020, 21.3, 51 
2424598.800631, 1020, 21.3, 51 
2424658.864082, 1020, 21.3, 51 
2424718.879819, 1020, 21.3, 51 
2424778.909779, 1020, 21.3, 51 
2424838.969814, 1020, 21.3, 51 
2424899.020093, 1020, 21.3, 51 
2424959.029831, 1020, 21.3, 51 
2425019.093923, 1020, 21.3, 51 
2425079.099823, 1020, 21.3, 51 
2425139.1098, 1020, 21.3, 51 
2425199.173096, 1020, 21.3, 51 
2425259.229749, 1020, 21.3, 51 
2425319.259779, 1020, 21.3, 51 
2425379.279768, 1020, 21.3, 51 
2425439.343942, 1020, 21.3, 51 
2425499.349815, 1020, 21.3, 51 
2425559.413917, 1020, 21.3, 51 
2425619.477265, 1020, 21.3, 51 
2425679.540695, 1020, 21.3, 51 
2425739.549792, 1020, 21.3, 51 
2425799.609776, 1020, 21.3, 51 
2425859.673232, 1020, 21.3, 51 
2425919.736677, 1020, 21.3, 51 
2425979.800152, 1020, 21.3, 51 
2426039.859752, 1020, 21.3, 51 
2426099.919782, 1020, 21.3, 51 
2426159.979781, 1020, 21.3, 51 
2426220.04314, 1020, 21.3, 51 
2426280.106467, 1020, 21.3, 51 
2426340.169956, 1020, 21.3, 51 
2426400.229751, 1020, 21.3, 51 
2426460.28979, 1020, 21.3, 51 
2426520.35385, 1020, 21.3, 51 
2426580.399795, 1020, 21.3, 51 
2426640.463144, 1020, 21.3, 51 
2426700.519822, 1020, 21.3, 51 
2426760.569807, 1020, 21.3, 51 
2426820.629782, 1020, 21.3, 51 
2426880.68983, 1020, 21.3, 51 
2426940.749709, 1020, 21.3, 51 
2427000.811439, 1020, 21.3, 51 
2427060.869944, 1020, 21.3, 51 
2427120.933326, 1020, 21.3, 51 
2427180.995073, 1020, 21.3, 51 
2427241.049738, 1020, 21.3, 51 
2427301.111485, 1020, 21.3, 51 
2427361.170222, 1020, 21.3, 51 
2427421.229642, 1020, 21.3, 51 
2427481.289604, 1020, 21.3, 51 
2427541.349607, 1020, 21.3, 51 
2427601.411124, 1020, 21.3, 51 
2427661.469563, 1020, 21.3, 51 
2427721.531125, 1020, 21.3, 51 
2427781.589592, 1020, 21.3, 51 
2427841.651294, 1020, 21.3, 51 
2427901.709826, 1020, 21.3, 51 
2427961.769801, 1020, 21.3, 51 
2428021.799815, 1020, 21.3, 51 
2428081.859827, 1020, 21.3, 51 
2428141.923899, 1020, 21.3, 51 
2428201.987228, 1020, 21.3, 51 
2428262.049742, 1020, 21.3, 51 
2428322.067942, 1020, 21.3, 51 
2428382.131419, 1020, 21.3, 51 
2428442.194755, 1020, 21.3, 51 
2428502.257955, 1020, 21.3, 51 
2428562.321337, 1020, 21.3, 51 
2428622.38468, 1020, 21.3, 51 
2428682.439825, 1020, 21.3, 51 
2428742.499759, 1020, 21.3, 51 
2428802.553529, 1020, 21.3, 51 
2428862.617451, 1020, 21.3, 51 
2428922.680941, 1020, 21.3, 51 
2428982.744259, 1020, 21.3, 51 
2429042.799808, 1020, 21.3, 51 
2429102.863165, 1020, 21.3, 51 
2429162.926547, 1020, 21.3, 51 
2429222.990698, 1020, 21.3, 51 
2429283.019798, 1020, 21.3, 51 
2429343.083621, 1020, 21.3, 51 
2429403.099779, 1020, 21.3, 51 
2429463.159794, 1020, 21.3, 51 
2429523.189923, 1020, 21.3, 51 
2429583.254136, 1020, 21.3, 51 
2429643.31752, 1020, 21.3, 51 
2429703.380717, 1020, 21.3, 51 
2429763.444115, 1020, 21.3, 51 
2429823.507461, 1020, 21.3, 51 
2429883.529805, 1020, 21.3, 51 
2429943.589802, 1020, 21.3, 51 
2430003.649823, 1020, 21.3, 51 
2430063.709799, 1020, 21.3, 51 
2430123.773848, 1020, 21.3, 51 
2430183.829779, 1020, 21.3, 51 
2430243.893137, 1020, 21.3, 51 
2430303.950168, 1020, 21.3, 51 
2430364.013014, 1020, 21.3, 51 
2430424.06982, 1020, 21.3, 51 
2430484.133183, 1020, 21.3, 51 
2430544.139772, 1020, 21.3, 51 
2430604.203167, 1020, 21.3, 51 
2430664.266551, 1020, 21.3, 51 
2430724.33003, 1020, 21.3, 51 
2430784.394166, 1020, 21.3, 51 
2430844.449782, 1020, 21.3, 51 
2430904.481344, 1020, 21.3, 51 
2430964.544701, 1020, 21.3, 51 
2431024.602589, 1020, 21.3, 51 
2431084.66668, 1020, 21.3, 51 
2431144.729808, 1020, 21.3, 51 
2431204.749752, 1020, 21.3, 51 
2431264.813082, 1020, 21.3, 51 
2431324.869773, 1020, 21.3, 51 
2431384.889816, 1020, 21.3, 51 
2431444.949811, 1020, 21.3, 51 
2431505.013177, 1020, 21.3, 51 
2431565.076589, 1020, 21.3, 51 
2431625.140777, 1020, 21.3, 51 
2431685.204212, 1020, 21.3, 51 
2431745.267617, 1020, 21.3, 51 
2431805.329852, 1020, 21.3, 51 
2431865.393234, 1020, 21.3, 51 
2431925.456556, 1020, 21.3, 51 
2431985.520016, 1020, 21.3, 51 
2432045.583359, 1020, 21.3, 51 
2432105.646814, 1020, 21.3, 51 
2432165.710379, 1020, 21.3, 51 
2432225.769786, 1020, 21.3, 51 
2432285.779836, 1020, 21.3, 51 
2432345.843223, 1020, 21.3, 51 
2432405.863473, 1020, 21.3, 51 
2432465.879778, 1020, 21.3, 51 
2432525.939779, 1020, 21.3, 51 
2432586.003931, 1020, 21.3, 51 
2432646.067121, 1020, 21.3, 51 
2432706.099846, 1020, 21.3, 51 
2432766.159751, 1020, 21.3, 51 
2432826.223085, 1020, 21.3, 51 
2432886.279758, 1020, 21.3, 51 
2432946.343196, 1020, 21.3, 51 
2433006.401098, 1020, 21.3, 51 
2433066.409834, 1020, 21.3, 51 
2433126.430117, 1020, 21.3, 51 
2433186.49407, 1020, 21.3, 51 
2433246.549747, 1020, 21.3, 51 
2433306.609747, 1020, 21.3, 51 
2433366.619046, 1020, 21.3, 51 
2433426.682522, 1020, 21.3, 51 
2433486.745222, 1020, 21.3, 51 
2433546.808598, 1020, 21.3, 51 
2433606.869789, 1020, 21.3, 51 
2433666.933138, 1020, 21.3, 51 
2433726.996528, 1020, 21.3, 51 
2433787.019828, 1020, 21.3, 51 
2433847.0831, 1020, 21.3, 51 
2433907.146394, 1020, 21.3, 51 
2433967.209851, 1020, 21.3, 51 
2434027.273155, 1020, 21.3, 51 
2434087.336477, 1020, 21.3, 51 
2434147.399831, 1020, 21.3, 51 
2434207.409848, 1020, 21.3, 51 
2434267.473253, 1020, 21.3, 51 
2434327.536636, 1020, 21.3, 51 
2434387.59976, 1020, 21.3, 51 
2434447.659787, 1020, 21.3, 51 
2434507.723891, 1020, 21.3, 51 
2434567.787242, 1020, 21.3, 51 
2434627.850693, 1020, 21.3, 51 
2434687.914064, 1020, 21.3, 51 
2434747.969834, 1020, 21.3, 51 
2434808.033127, 1020, 21.3, 51 
2434868.096491, 1020, 21.3, 51 
2434928.15974, 1020, 21.3, 51 
2434988.223098, 1020, 21.3, 51 
2435048.286448, 1020, 21.3, 51 
2435108.309749, 1020, 21.3, 51 
2435168.329835, 1020, 21.3, 51 
2435228.392771, 1020, 21.3, 51 
2435288.458015, 1020, 21.3, 51 
2435348.507196, 1020, 21.3, 51 
2435408.569734, 1020, 21.3, 51 
2435468.629775, 1020, 21.3, 51 
2435528.689752, 1020, 21.2, 51 
2435588.749685, 1020, 21.3, 51 
2435648.809707, 1020, 21.3, 51 
2435708.829784, 1020, 21.3, 51 
2435768.88978, 1020, 21.3, 51 
2435828.951881, 1020, 21.3, 51 
2435889.013434, 1020, 21.3, 51 
2435949.069625, 1020, 21.3, 51 
2436009.131414, 1020, 21.3, 51 
2436069.194843, 1020, 21.3, 51 
2436129.256423, 1020, 21.3, 51 
2436189.30958, 1020, 21.3, 51 
2436249.339895, 1020, 21.3, 51 
2436309.399902, 1020, 21.3, 51 
2436369.463663, 1020, 21.3, 51 
2436429.525407, 1020, 21.3, 51 
2436489.579842, 1020, 21.3, 51 
2436549.644277, 1020, 21.3, 51 
2436609.704451, 1020, 21.3, 51 
2436669.759782, 1020, 21.3, 51 
2436729.769863, 1020, 21.3, 51 
2436789.829819, 1020, 21.3, 51 
2436849.889793, 1020, 21.3, 51 
2436909.954464, 1020, 21.3, 51 
2436970.017993, 1020, 21.3, 51 
2437030.079837, 1020, 21.3, 51 
2437090.139816, 1020, 21.3, 51 
2437150.203506, 1020, 21.3, 51 
2437210.268122, 1020, 21.3, 51 
2437270.329857, 1020, 21.3, 51 
2437330.359891, 1020, 21.3, 51 
2437390.424393, 1020, 21.3, 51 
2437450.469854, 1020, 21.3, 51 
2437510.529776, 1020, 21.3, 51 
2437570.593544, 1020, 21.3, 51 
2437630.658094, 1020, 21.3, 51 
2437690.72007, 1020, 21.3, 51 
2437750.784654, 1020, 21.3, 51 
2437810.834576, 1020, 21.3, 51 
2437870.898233, 1020, 21.3, 51 
2437930.960065, 1020, 21.3, 51 
2437991.019931, 1020, 21.3, 51 
2438051.080005, 1020, 21.3, 51 
2438111.089831, 1020, 21.3, 51 
2438171.154412, 1020, 21.3, 51 
2438231.218163, 1020, 21.3, 51 
2438291.282695, 1020, 21.3, 51 
2438351.309928, 1020, 21.3, 51 
2438411.369772, 1020, 21.3, 51 
2438471.434236, 1020, 21.3, 51 
2438531.45231, 1020, 21.3, 51 
2438591.510102, 1020, 21.3, 51 
2438651.573975, 1020, 21.3, 51 
2438711.637736, 1020, 21.3, 51 
2438771.699843, 1020, 21.3, 51 
2438831.759831, 1020, 21.3, 51 
2438891.824315, 1020, 21.3, 51 
2438951.88791, 1020, 21.3, 51 
2439011.95268, 1020, 21.3, 51 
2439072.009846, 1020, 21.3, 51 
2439132.069804, 1020, 21.3, 51 
2439192.129871, 1020, 21.3, 51 
2439252.189805, 1020, 21.3, 51 
2439312.25363, 1020, 21.3, 51 
2439372.31737, 1020, 21.3, 51 
2439432.379832, 1020, 21.3, 51 
2439492.439833, 1020, 21.3, 51 
2439552.483145, 1020, 21.3, 51 
2439612.539792, 1020, 21.3, 51 
2439672.60348, 1020, 21.3, 51 
2439732.666944, 1020, 21.3, 51 
2439792.730804, 1020, 21.3, 51 
2439852.789877, 1020, 21.3, 51 
2439912.853618, 1020, 21.3, 51 
2439972.909794, 1020, 21.3, 51 
2440032.973696, 1020, 21.3, 51 
2440092.979836, 1020, 21.3, 51 
2440153.044409, 1020, 21.3, 51 
2440213.099813, 1020, 21.3, 51 
2440273.163505, 1020, 21.3, 51 
2440333.208702, 1020, 21.3, 51 
2440393.269821, 1020, 21.3, 51 
2440453.329839, 1020, 21.3, 51 
2440513.339938, 1020, 21.3, 51 
2440573.359829, 1020, 21.3, 51 
2440633.39381, 1020, 21.3, 51 
2440693.457608, 1020, 21.3, 51 
2440753.509897, 1020, 21.3, 51 
2440813.569883, 1020, 21.3, 51 
2440873.621904, 1020, 21.3, 51 
2440933.679892, 1020, 21.3, 51 
2440993.739833, 1020, 21.3, 51 
2441053.759828, 1020, 21.3, 51 
2441113.82044, 1020, 21.3, 51 
2441173.879919, 1020, 21.3, 51 
2441233.943633, 1020, 21.3, 51 
2441293.979825, 1020, 21.3, 51 
2441354.044337, 1020, 21.3, 51 
2441414.0999, 1020, 21.3, 51 
2441474.163593, 1020, 21.3, 51 
2441534.219846, 1020, 21.3, 51 
2441594.283457, 1020, 21.3, 51 
2441654.347088, 1020, 21.3, 51 
2441714.410975, 1020, 21.3, 51 
2441774.469855, 1020, 21.3, 51 
2441834.489862, 1020, 21.3, 51 
2441894.549849, 1020, 21.3, 51 
2441954.609803, 1020, 21.3, 51 
2442014.673397, 1020, 21.3, 51 
2442074.704871, 1020, 21.3, 51 
2442134.759876, 1020, 21.3, 51 
2442194.819835, 1020, 21.3, 51 
2442254.879791, 1020, 21.3, 51 
2442314.939897, 1020, 21.3, 51 
2442375.003602, 1020, 21.3, 51 
2442435.067332, 1020, 21.3, 51 
2442495.131864, 1020, 21.3, 51 
2442555.195563, 1020, 21.3, 51 
2442615.259169, 1020, 21.3, 51 
2442675.319835, 1020, 21.3, 51 
2442735.379813, 1020, 21.3, 51 
2442795.443452, 1020, 21.3, 51 
2442855.507127, 1020, 21.3, 51 
2442915.570981, 1020, 21.3, 51 
2442975.634462, 1020, 21.3, 51 
2443035.689781, 1020, 21.3, 51 
2443095.749773, 1020, 21.3, 51 
2443155.811744, 1020, 21.3, 51 
2443215.869859, 1020, 21.3, 51 
2443275.929854, 1020, 21.3, 51 
2443335.994298, 1020, 21.3, 51 
2443396.057937, 1020, 21.3, 51 
2443456.079855, 1020, 21.3, 51 
2443516.139865, 1020, 21.3, 51 
2443576.203639, 1020, 21.3, 51 
2443636.259918, 1020, 21.3, 51 
2443696.323731, 1020, 21.3, 51 
2443756.350075, 1020, 21.3, 51 
2443816.409738, 1020, 21.3, 51 
2443876.469696, 1020, 21.3, 51 
2443936.529659, 1020, 21.3, 51 
2443996.589769, 1020, 21.3, 51 
2444056.651801, 1020, 21.3, 51 
2444116.707353, 1020, 21.3, 51 
2444176.759598, 1020, 21.3, 51 
2444236.821176, 1020, 21.3, 51 
2444296.882721, 1020, 21.3, 51 
2444356.937311, 1020, 21.3, 51 
2444416.989573, 1020, 21.3, 51 
2444477.009737, 1020, 21.3, 51 
2444537.071391, 1020, 21.3, 51 
2444597.129775, 1020, 21.3, 51 
2444657.198693, 1020, 21.3, 51 
2444717.26211, 1020, 21.3, 51 
2444777.325326, 1020, 21.3, 51 
2444837.388642, 1020, 21.3, 51 
2444897.452708, 1020, 21.3, 51 
2444957.515816, 1020, 21.3, 51 
2445017.579041, 1020, 21.3, 51 
2445077.642402, 1020, 21.3, 51 
2445137.705637, 1020, 21.3, 51 
2445197.769664, 1020, 21.3, 51 
2445257.832776, 1020, 21.3, 51 
2445317.895991, 1020, 21.3, 51 
2445377.959203, 1020, 21.3, 51 
2445438.019814, 1020, 21.3, 51 
2445498.08006, 1020, 21.3, 51 
2445558.144184, 1020, 21.3, 51 
2445618.149815, 1020, 21.3, 51 
2445678.213793, 1020, 21.3, 51 
2445738.277006, 1020, 21.3, 51 
2445798.319844, 1020, 21.3, 51 
2445858.383838, 1020, 21.3, 51 
2445918.43974, 1020, 21.3, 51 
2445978.50375, 1020, 21.3, 51 
2446038.559743, 1020, 21.3, 51 
2446098.623771, 1020, 21.3, 51 
2446158.687024, 1020, 21.3, 51 
2446218.75033, 1020, 21.3, 51 
2446278.759812, 1020, 21.3, 51 
2446338.822975, 1020, 21.3, 51 
2446398.8398, 1020, 21.3, 51 
2446458.899746, 1020, 21.3, 51 
2446518.963141, 1020, 21.3, 51 
2446579.027176, 1020, 21.3, 51 
2446639.049803, 1020, 21.3, 51 
2446699.060205, 1020, 21.3, 51 
2446759.119789, 1020, 21.3, 51 
2446819.179777, 1020, 21.3, 51 
2446879.243024, 1020, 21.3, 51 
2446939.306551, 1020, 21.3, 51 
2446999.369946, 1020, 21.3, 51 
2447059.429778, 1020, 21.3, 51 
2447119.493005, 1020, 21.3, 51 
2447179.556228, 1020, 21.3, 51 
2447239.619594, 1020, 21.3, 51 
2447299.6829, 1020, 21.3, 51 
2447359.746144, 1020, 21.3, 51 
2447419.749737, 1020, 21.3, 51 
2447479.812865, 1020, 21.3, 51 
2447539.876832, 1020, 21.3, 51 
2447599.940278, 1020, 21.3, 51 
2447660.004275, 1020, 21.3, 51 
2447720.06749, 1020, 21.3, 51 
2447780.089779, 1020, 21.3, 51 
2447840.099799, 1020, 21.3, 51 
2447900.159746, 1020, 21.3, 51 
2447960.188762, 1020, 21.3, 51 
2448020.252148, 1020, 21.3, 51 
2448080.315411, 1020, 21.3, 51 
2448140.369746, 1020, 21.3, 51 
2448200.379799, 1020, 21.3, 51 
2448260.43979, 1020, 21.3, 51 
2448320.499777, 1020, 21.3, 51 
2448380.563715, 1020, 21.3, 51 
2448440.627155, 1020, 21.3, 51 
2448500.649816, 1020, 21.3, 51 
2448560.713106, 1020, 21.3, 51 
2448620.776436, 1020, 21.3, 51 
2448680.829778, 1020, 21.3, 51 
2448740.893029, 1020, 21.3, 51 
2448800.949752, 1020, 21.3, 51 
2448861.009774, 1020, 21.3, 51 
2448921.073022, 1020, 21.3, 51 
2448981.136251, 1020, 21.3, 51 
2449041.159809, 1020, 21.3, 51 
2449101.219745, 1020, 21.3, 51 
2449161.283062, 1020, 21.3, 51 
2449221.34628, 1020, 21.3, 51 
2449281.409552, 1020, 21.3, 51 
2449341.472851, 1020, 21.3, 51 
2449401.529922, 1020, 21.3, 51 
2449461.593262, 1020, 21.3, 51 
2449521.656515, 1020, 21.3, 51 
2449581.719909, 1020, 21.3, 51 
2449641.779853, 1020, 21.3, 51 
2449701.839771, 1020, 21.3, 51 
2449761.899835, 1020, 21.3, 51 
2449821.909816, 1020, 21.3, 51 
2449881.972877, 1020, 21.3, 51 
2449942.036136, 1020, 21.3, 51 
2450002.089757, 1020, 21.3, 51 
2450062.153761, 1020, 21.3, 51 
2450122.217021, 1020, 21.3, 51 
2450182.280357, 1020, 21.3, 51 
2450242.34365, 1020, 21.3, 51 
2450302.399808, 1020, 21.3, 51 
2450362.406876, 1020, 21.3, 51 
2450422.469787, 1020, 21.3, 51 
2450482.533073, 1020, 21.3, 51 
2450542.539803, 1020, 21.3, 51 
2450602.559796, 1020, 21.3, 51 
2450662.619779, 1020, 21.3, 51 
2450722.679779, 1020, 21.3, 51 
2450782.739806, 1020, 21.3, 51 
2450842.803067, 1020, 21.3, 51 
2450902.866348, 1020, 21.3, 51 
2450962.929666, 1020, 21.3, 51 
2451022.989815, 1020, 21.3, 51 
2451083.009815, 1020, 21.3, 51 
2451143.039801, 1020, 21.3, 51 
2451203.099781, 1020, 21.3, 51 
2451263.163733, 1020, 21.3, 51 
2451323.22768, 1020, 21.3, 51 
2451383.291071, 1020, 21.3, 51 
2451443.351727, 1020, 21.3, 51 
2451503.415685, 1020, 21.3, 51 
2451563.478925, 1020, 21.3, 51 
2451623.539767, 1020, 21.3, 51 
2451683.60374, 1020, 21.3, 51 
2451743.666949, 1020, 21.3, 51 
2451803.730306, 1020, 21.3, 51 
2451863.793705, 1020, 21.3, 51 
2451923.809819, 1020, 21.3, 51 
2451983.873129, 1020, 21.3, 51 
2452043.936539, 1020, 21.3, 51 
2452103.999951, 1020, 21.3, 51 
2452164.06007, 1020, 21.3, 51 
2452224.119736, 1020, 21.3, 51 
2452284.179999, 1020, 21.3, 51 
2452344.243736, 1020, 21.3, 51 
2452404.305439, 1020, 21.3, 51 
2452464.360955, 1020, 21.3, 51 
2452524.423019, 1020, 21.3, 51 
2452584.479617, 1020, 21.3, 51 
2452644.541292, 1020, 21.3, 51 
2452704.602954, 1020, 21.3, 51 
2452764.659606, 1020, 21.3, 51 
2452824.719612, 1020, 21.3, 51 
2452884.779679, 1020, 21.3, 51 
2452944.839583, 1020, 21.3, 51 
2453004.859821, 1020, 21.3, 51 
2453064.923502, 1020, 21.3, 51 
2453124.929824, 1020, 21.3, 51 
2453184.99447, 1020, 21.3, 51 
2453245.049956, 1020, 21.3, 51 
2453305.113097, 1020, 21.3, 51 
2453365.177577, 1020, 21.3, 51 
2453425.24225, 1020, 21.3, 51 
2453485.305912, 1020, 21.3, 51 
2453545.319825, 1020, 21.3, 51 
2453605.379835, 1020, 21.3, 51 
2453665.439808, 1020, 21.3, 51 
2453725.499856, 1020, 21.3, 51 
2453785.55982, 1020, 21.3, 51 
2453845.624291, 1020, 21.3, 51 
2453905.67985, 1020, 21.3, 51 
2453965.739861, 1020, 21.3, 51 
2454025.80348, 1020, 21.3, 51 
2454085.809842, 1020, 21.3, 51 
2454145.869862, 1020, 21.3, 51 
2454205.929854, 1020, 21.3, 51 
2454265.989806, 1020, 21.3, 51 
2454326.017665, 1020, 21.3, 51 
2454386.079836, 1020, 21.3, 51 
2454446.139829, 1020, 21.3, 51 
2454506.203796, 1020, 21.3, 51 
2454566.268281, 1020, 21.3, 51 
2454626.288928, 1020, 21.3, 51 
2454686.31988, 1020, 21.3, 51 
2454746.383547, 1020, 21.3, 51 
2454806.448012, 1020, 21.3, 51 
2454866.489815, 1020, 21.3, 51 
2454926.549819, 1020, 21.3, 51 
2454986.609795, 1020, 21.3, 51 
2455046.669839, 1020, 21.3, 51 
2455106.729827, 1020, 21.3, 51 
2455166.793619, 1020, 21.3, 51 
2455226.849795, 1020, 21.3, 51 
2455286.914347, 1020, 21.3, 51 
2455346.977961, 1020, 21.3, 51 
2455407.041835, 1020, 21.3, 51 
2455467.105421, 1020, 21.3, 51 
2455527.169058, 1020, 21.3, 51 
2455587.23286, 1020, 21.3, 51 
2455647.296566, 1020, 21.3, 51 
2455707.360473, 1020, 21.3, 51 
2455767.424771, 1020, 21.3, 51 
2455827.488386, 1020, 21.3, 51 
2455887.509826, 1020, 21.3, 51 
2455947.569851, 1020, 21.3, 51 
2456007.629849, 1020, 21.3, 51 
2456067.689854, 1020, 21.3, 51 
2456127.753442, 1020, 21.3, 51 
2456187.809797, 1020, 21.3, 51 
2456247.873561, 1020, 21.3, 51 
2456307.937226, 1020, 21.3, 51 
2456368.000937, 1020, 21.3, 51 
2456428.064689, 1020, 21.3, 51 
2456488.12828, 1020, 21.3, 51 
2456548.189778, 1020, 21.3, 51 
2456608.24988, 1020, 21.3, 51 
2456668.309822, 1020, 21.3, 51 
2456728.369837, 1020, 21.3, 51 
2456788.434237, 1020, 21.3, 51 
2456848.449841, 1020, 21.3, 51 
2456908.509871, 1020, 21.3, 51 
2456968.569869, 1020, 21.3, 51 
2457028.629793, 1020, 21.3, 51 
2457088.694341, 1020, 21.3, 51 
2457148.699895, 1020, 21.3, 51 
2457208.759814, 1020, 21.3, 51 
2457268.819827, 1020, 21.3, 51 
2457328.879762, 1020, 21.3, 51 
2457388.944282, 1020, 21.3, 51 
2457449.008171, 1020, 21.3, 51 
2457509.063861, 1020, 21.3, 51 
2457569.127602, 1020, 21.3, 51 
2457629.189817, 1020, 21.3, 51 
2457689.253579, 1020, 21.3, 51 
2457749.309823, 1020, 21.3, 51 
2457809.374469, 1020, 21.3, 51 
2457869.43815, 1020, 21.3, 51 
2457929.502976, 1020, 21.3, 51 
2457989.566791, 1020, 21.3, 51 
