#2021-10-25 17:33:32.669796
#Timestamp[ms]	Pressure[mbar]	Temp[°C]	Humidity[%]
2136815.038857, 1018, 23.2, 47 
2136876.046698, 1018, 23.2, 47 
2136936.110192, 1018, 23.2, 47 
2136996.167831, 1018, 23.1, 47 
2137056.232083, 1018, 23.1, 47 
2137116.247914, 1018, 23.2, 47 
2137176.308073, 1018, 23.2, 47 
2137236.37171, 1018, 23.2, 47 
2137296.427918, 1018, 23.1, 47 
2137356.491475, 1018, 23.1, 47 
2137416.554935, 1018, 23.1, 47 
2137476.618543, 1018, 23.2, 47 
2137536.682281, 1018, 23.2, 47 
2137596.737847, 1018, 23.2, 47 
2137656.7581, 1018, 23.2, 47 
2137716.817874, 1018, 23.1, 47 
2137776.847887, 1018, 23.2, 47 
2137836.911284, 1018, 23.1, 47 
2137896.957918, 1018, 23.1, 47 
2137957.021235, 1018, 23.1, 47 
2138017.07781, 1018, 23.1, 47 
2138077.137909, 1018, 23.2, 47 
2138137.157894, 1018, 23.1, 47 
2138197.221331, 1018, 23.1, 47 
2138257.277979, 1018, 23.1, 47 
2138317.337863, 1018, 23.1, 47 
2138377.357884, 1018, 23.1, 47 
2138437.421315, 1018, 23.2, 47 
2138497.484742, 1018, 23.1, 47 
2138557.507881, 1018, 23.1, 47 
2138617.571331, 1018, 23.1, 47 
2138677.62782, 1018, 23.1, 47 
2138737.687856, 1018, 23.1, 47 
2138797.751656, 1018, 23.2, 47 
2138857.816093, 1018, 23.1, 47 
2138917.86385, 1018, 23.1, 47 
2138977.917844, 1018, 23.1, 47 
2139037.977851, 1018, 23.1, 47 
2139098.041222, 1018, 23.1, 47 
2139158.105034, 1018, 23.1, 47 
2139218.168163, 1018, 23.1, 47 
2139278.231993, 1018, 23.1, 47 
2139338.295802, 1018, 23.1, 47 
2139398.359424, 1018, 23.1, 47 
2139458.377883, 1018, 23.1, 47 
2139518.397885, 1018, 23.1, 47 
2139578.407861, 1018, 23.1, 47 
2139638.471672, 1018, 23.1, 47 
2139698.534925, 1018, 23.1, 47 
2139758.547899, 1018, 23.1, 47 
2139818.611334, 1018, 23.1, 47 
2139878.627895, 1018, 23.1, 47 
2139938.687817, 1018, 23.2, 47 
2139998.75199, 1018, 23.2, 47 
2140058.815426, 1018, 23.1, 47 
2140118.837941, 1018, 23.1, 47 
2140178.901436, 1018, 23.1, 47 
2140238.965169, 1018, 23.1, 47 
2140299.028704, 1018, 23.1, 47 
2140359.092137, 1018, 23.1, 47 
2140419.097943, 1018, 23.1, 47 
2140479.161315, 1018, 23.1, 47 
2140539.21782, 1018, 23.1, 47 
2140599.227852, 1018, 23.1, 47 
2140659.237916, 1018, 23.1, 47 
2140719.298027, 1018, 23.1, 47 
2140779.348507, 1018, 23.1, 47 
2140839.411785, 1018, 23.1, 47 
2140899.427974, 1018, 23.1, 47 
2140959.487798, 1018, 23.1, 47 
2141019.507857, 1018, 23.1, 47 
2141079.572243, 1018, 23.1, 47 
2141139.635447, 1018, 23.1, 47 
2141199.699526, 1018, 23.1, 47 
2141259.757852, 1018, 23.1, 47 
2141319.791546, 1018, 23.1, 47 
2141379.852393, 1018, 23.1, 47 
2141439.867827, 1018, 23.1, 47 
2141499.931053, 1018, 23.1, 47 
2141559.992923, 1018, 23.1, 47 
2141620.048025, 1018, 23.1, 47 
2141680.111435, 1018, 23.1, 47 
2141740.174741, 1018, 23.1, 47 
2141800.238212, 1018, 23.1, 47 
2141860.301515, 1018, 23.1, 47 
2141920.3657, 1018, 23.1, 47 
2141980.42921, 1018, 23.1, 47 
2142040.487878, 1018, 23.1, 47 
2142100.55187, 1018, 23.1, 47 
2142160.607828, 1018, 23.1, 47 
2142220.627854, 1018, 23.1, 47 
2142280.657861, 1018, 23.1, 47 
2142340.722277, 1018, 23.1, 47 
2142400.777861, 1018, 23.1, 47 
2142460.841956, 1018, 23.1, 47 
2142520.897858, 1018, 23.1, 47 
2142580.961886, 1018, 23.1, 47 
2142641.025183, 1018, 23.1, 47 
2142701.088605, 1018, 23.1, 47 
2142761.147848, 1018, 23.1, 47 
2142821.212225, 1018, 23.1, 47 
2142881.267826, 1018, 23.1, 47 
2142941.327832, 1018, 23.1, 47 
2143001.388005, 1018, 23.1, 47 
2143061.451617, 1018, 23.1, 47 
2143121.507842, 1018, 23.1, 47 
2143181.571292, 1018, 23.1, 47 
2143241.62785, 1018, 23.1, 47 
2143301.691265, 1018, 23.1, 47 
2143361.754556, 1018, 23.1, 47 
2143421.818387, 1018, 23.1, 47 
2143481.841146, 1018, 23.1, 47 
2143541.857843, 1018, 23.1, 47 
2143601.922313, 1018, 23.1, 47 
2143661.981223, 1018, 23.1, 47 
2143722.037657, 1018, 23.1, 47 
2143782.057983, 1018, 23.1, 47 
2143842.117992, 1018, 23.1, 47 
2143902.177842, 1018, 23.1, 47 
2143962.237833, 1018, 23.1, 47 
2144022.297835, 1018, 23.1, 47 
2144082.358052, 1018, 23.1, 47 
2144142.417848, 1018, 23.1, 47 
2144202.477855, 1018, 23.1, 47 
2144262.48788, 1018, 23.1, 47 
2144322.517837, 1018, 23.1, 47 
2144382.581241, 1018, 23.1, 47 
2144442.644646, 1018, 23.1, 47 
2144502.708405, 1018, 23.1, 47 
2144562.737963, 1018, 23.1, 47 
2144622.80137, 1018, 23.1, 47 
2144682.864407, 1018, 23.1, 47 
2144742.927838, 1018, 23.1, 47 
2144802.947869, 1018, 23.1, 47 
2144862.987864, 1018, 23.1, 47 
2144923.051504, 1018, 23.1, 47 
2144983.067816, 1018, 23.1, 47 
2145043.127863, 1018, 23.1, 47 
2145103.187857, 1018, 23.1, 47 
2145163.237862, 1018, 23.1, 47 
2145223.301165, 1018, 23.1, 47 
2145283.359687, 1018, 23.1, 47 
2145343.423973, 1018, 23.1, 47 
2145403.487378, 1018, 23.1, 47 
2145463.511427, 1018, 23.1, 47 
2145523.574807, 1018, 23.1, 47 
2145583.637802, 1018, 23.1, 47 
2145643.647811, 1018, 23.1, 47 
2145703.711116, 1018, 23.1, 47 
2145763.737872, 1018, 23.1, 47 
2145823.797855, 1018, 23.1, 47 
2145883.86191, 1018, 23.1, 47 
2145943.91784, 1018, 23.1, 47 
2146003.979559, 1018, 23.1, 47 
2146064.044479, 1018, 23.1, 47 
2146124.108723, 1018, 23.1, 47 
2146184.1679, 1018, 23.1, 47 
2146244.231657, 1018, 23.1, 47 
2146304.295304, 1018, 23.1, 47 
2146364.359671, 1018, 23.1, 47 
2146424.394159, 1018, 23.1, 47 
2146484.46037, 1018, 23.1, 47 
2146544.487924, 1018, 23.1, 47 
2146604.547863, 1018, 23.1, 47 
2146664.611714, 1018, 23.1, 47 
2146724.667906, 1018, 23.1, 47 
2146784.727934, 1018, 23.1, 47 
2146844.791628, 1018, 23.1, 47 
2146904.848043, 1018, 23.1, 47 
2146964.867999, 1018, 23.1, 47 
2147024.927961, 1018, 23.1, 47 
2147084.987865, 1018, 23.1, 47 
2147145.051678, 1018, 23.1, 47 
2147205.107908, 1018, 23.1, 47 
2147265.117914, 1018, 23.1, 47 
2147325.127919, 1018, 23.1, 47 
2147385.191607, 1018, 23.1, 47 
2147445.197952, 1018, 23.1, 47 
2147505.262787, 1018, 23.1, 47 
2147565.32672, 1018, 23.1, 47 
2147625.390463, 1018, 23.1, 47 
2147685.454511, 1018, 23.1, 47 
2147745.517851, 1018, 23.1, 47 
2147805.527882, 1018, 23.1, 47 
2147865.587991, 1018, 23.1, 47 
2147925.647848, 1018, 23.1, 47 
2147985.711711, 1018, 23.1, 47 
2148045.727898, 1018, 23.1, 47 
2148105.791745, 1018, 23.1, 47 
2148165.852624, 1018, 23.1, 47 
2148225.917159, 1018, 23.1, 47 
2148285.981106, 1018, 23.1, 47 
2148346.037864, 1018, 23.1, 47 
2148406.065723, 1018, 23.1, 47 
2148466.087869, 1018, 23.1, 47 
2148526.151602, 1018, 23.1, 47 
2148586.21538, 1018, 23.1, 47 
2148646.278036, 1018, 23.1, 47 
2148706.337858, 1018, 23.1, 47 
2148766.401581, 1018, 23.1, 47 
2148826.438122, 1018, 23.1, 47 
2148886.497861, 1018, 23.1, 47 
2148946.557853, 1018, 23.1, 47 
2149006.597417, 1018, 23.1, 47 
2149066.657867, 1018, 23.1, 47 
2149126.722003, 1018, 23.1, 47 
2149186.780299, 1018, 23.1, 47 
2149246.844536, 1018, 23.1, 47 
2149306.908567, 1018, 23.1, 47 
2149366.967915, 1018, 23.1, 47 
2149427.027966, 1018, 23.1, 47 
2149487.067879, 1018, 23.1, 47 
2149547.127666, 1018, 23.1, 47 
2149607.135441, 1018, 23.1, 47 
2149667.187984, 1018, 23.1, 47 
2149727.24767, 1018, 23.1, 47 
2149787.309311, 1018, 23.1, 47 
2149847.367695, 1018, 23.1, 47 
2149907.427773, 1018, 23.1, 47 
2149967.487667, 1018, 23.1, 47 
2150027.549425, 1018, 23.1, 47 
2150087.611203, 1018, 23.1, 47 
2150147.675453, 1018, 23.1, 47 
2150207.727699, 1018, 23.1, 47 
2150267.789606, 1018, 23.1, 47 
2150327.847967, 1018, 23.1, 47 
2150387.911773, 1018, 23.1, 47 
2150447.935212, 1018, 23.1, 47 
2150507.999066, 1018, 23.1, 47 
2150568.062752, 1018, 23.1, 47 
2150628.126544, 1018, 23.1, 47 
2150688.190429, 1018, 23.1, 47 
2150748.254074, 1018, 23.1, 47 
2150808.317992, 1018, 23.1, 47 
2150868.381884, 1018, 23.1, 47 
2150928.43811, 1018, 23.1, 47 
2150988.502102, 1018, 23.1, 47 
2151048.56657, 1018, 23.1, 47 
2151108.631157, 1018, 23.1, 47 
2151168.694914, 1018, 23.1, 47 
2151228.757867, 1018, 23.1, 47 
2151288.817852, 1018, 23.1, 47 
2151348.827803, 1018, 23.1, 47 
2151408.864223, 1018, 23.1, 47 
2151468.877873, 1018, 23.1, 47 
2151528.941182, 1018, 23.1, 47 
2151589.004555, 1018, 23.1, 47 
2151649.068047, 1018, 23.1, 47 
2151709.087903, 1018, 23.1, 47 
2151769.151235, 1018, 23.1, 47 
2151829.207865, 1018, 23.1, 47 
2151889.267853, 1018, 23.1, 47 
2151949.331065, 1018, 23.1, 47 
2152009.387826, 1018, 23.1, 47 
2152069.44797, 1018, 23.1, 47 
2152129.507858, 1018, 23.1, 47 
2152189.527862, 1018, 23.1, 47 
2152249.591223, 1018, 23.1, 47 
2152309.65489, 1018, 23.1, 47 
2152369.677844, 1018, 23.1, 47 
2152429.687886, 1018, 23.1, 47 
2152489.737825, 1018, 23.1, 47 
2152549.797867, 1018, 23.1, 47 
2152609.861149, 1018, 23.1, 47 
2152669.924497, 1018, 23.1, 47 
2152729.957853, 1018, 23.1, 47 
2152789.987901, 1018, 23.1, 47 
2152850.017869, 1018, 23.1, 47 
2152910.081928, 1018, 23.1, 47 
2152970.087958, 1018, 23.1, 47 
2153030.147837, 1018, 23.1, 47 
2153090.207882, 1018, 23.1, 48 
2153150.237872, 1018, 23.1, 47 
2153210.301207, 1018, 23.1, 47 
2153270.364752, 1018, 23.1, 47 
2153330.428098, 1018, 23.1, 47 
2153390.487991, 1018, 23.1, 47 
2153450.55128, 1018, 23.1, 47 
2153510.614614, 1018, 23.1, 47 
2153570.678044, 1018, 23.1, 47 
2153630.687833, 1018, 23.1, 47 
2153690.707881, 1018, 23.1, 47 
2153750.717862, 1018, 23.1, 47 
2153810.737906, 1018, 23.1, 47 
2153870.801101, 1018, 23.1, 47 
2153930.864783, 1018, 23.1, 47 
2153990.928089, 1018, 23.1, 47 
2154050.987835, 1018, 23.1, 47 
2154111.05145, 1018, 23.1, 47 
2154171.114774, 1018, 23.1, 47 
2154231.177851, 1018, 23.1, 47 
2154291.237867, 1018, 23.1, 47 
2154351.302271, 1018, 23.1, 47 
2154411.363785, 1018, 23.1, 47 
2154471.427115, 1018, 23.1, 47 
2154531.437851, 1018, 23.1, 47 
2154591.447958, 1018, 23.1, 47 
2154651.507855, 1018, 23.1, 47 
2154711.527857, 1018, 23.1, 47 
2154771.592014, 1018, 23.1, 47 
2154831.655376, 1018, 23.1, 47 
2154891.718827, 1018, 23.1, 47 
2154951.737823, 1018, 23.1, 47 
2155011.797876, 1018, 23.1, 47 
2155071.861297, 1018, 23.1, 47 
2155131.924648, 1018, 23.1, 47 
2155191.987804, 1018, 23.1, 47 
2155252.051161, 1018, 23.1, 47 
2155312.107918, 1018, 23.1, 47 
2155372.171322, 1018, 23.1, 47 
2155432.227828, 1018, 23.1, 47 
2155492.237826, 1018, 23.1, 47 
2155552.301184, 1018, 23.1, 47 
2155612.357825, 1018, 23.1, 47 
2155672.421129, 1018, 23.1, 47 
2155732.43787, 1018, 23.1, 47 
2155792.487868, 1018, 23.1, 47 
2155852.547829, 1018, 23.1, 47 
2155912.61124, 1018, 23.1, 47 
2155972.674877, 1018, 23.1, 47 
2156032.737861, 1018, 23.1, 47 
2156092.801919, 1018, 23.1, 47 
2156152.86508, 1018, 23.1, 47 
2156212.927809, 1018, 23.1, 47 
2156272.987863, 1018, 23.1, 47 
2156333.007876, 1018, 23.1, 47 
2156393.071991, 1018, 23.1, 47 
2156453.136066, 1018, 23.1, 47 
2156513.199889, 1018, 23.1, 47 
2156573.237871, 1018, 23.1, 47 
2156633.301251, 1018, 23.1, 47 
2156693.364597, 1018, 23.1, 47 
2156753.428053, 1018, 23.1, 47 
2156813.487857, 1018, 23.1, 47 
2156873.551234, 1018, 23.1, 47 
2156933.61454, 1018, 23.1, 47 
2156993.677968, 1018, 23.1, 47 
2157053.737874, 1018, 23.1, 47 
2157113.799772, 1018, 23.1, 47 
2157173.863469, 1018, 23.1, 47 
2157233.867862, 1018, 23.1, 47 
2157293.927842, 1018, 23.1, 47 
2157353.987856, 1018, 23.1, 47 
2157414.047862, 1018, 23.1, 47 
2157474.111232, 1018, 23.1, 47 
2157534.167826, 1018, 23.1, 47 
2157594.213908, 1018, 23.1, 47 
2157654.237837, 1018, 23.1, 47 
2157714.301259, 1018, 23.1, 47 
2157774.364638, 1018, 23.1, 47 
2157834.428072, 1018, 23.1, 47 
2157894.487865, 1018, 23.1, 47 
2157954.551159, 1018, 23.1, 47 
2158014.614542, 1018, 23.1, 47 
2158074.647892, 1018, 23.1, 47 
2158134.70785, 1018, 23.1, 47 
2158194.737943, 1018, 23.1, 47 
2158254.801456, 1018, 23.1, 47 
2158314.807691, 1018, 23.1, 47 
2158374.867669, 1018, 23.1, 47 
2158434.932742, 1018, 23.1, 47 
2158494.987661, 1018, 23.1, 47 
2158555.049536, 1018, 23.1, 47 
2158615.107634, 1018, 23.1, 47 
2158675.169359, 1018, 23.1, 47 
2158735.232533, 1018, 23.1, 47 
2158795.287651, 1018, 23.1, 47 
2158855.347666, 1018, 23.1, 47 
2158915.410454, 1018, 23.1, 47 
2158975.467828, 1018, 23.1, 47 
2159035.477636, 1018, 23.1, 47 
2159095.538333, 1018, 23.1, 47 
2159155.597812, 1018, 23.1, 47 
2159215.657874, 1018, 23.1, 47 
2159275.717845, 1018, 23.1, 47 
2159335.757, 1018, 23.1, 47 
2159395.777875, 1018, 23.1, 47 
2159455.8411, 1018, 23.1, 47 
2159515.85785, 1018, 23.1, 47 
2159575.877862, 1018, 23.1, 47 
2159635.887864, 1018, 23.1, 47 
2159695.92786, 1018, 23.1, 47 
2159755.98783, 1018, 23.1, 47 
2159816.017837, 1018, 23.1, 47 
2159876.081539, 1018, 23.1, 47 
2159936.097814, 1018, 23.1, 47 
2159996.161105, 1018, 23.1, 47 
2160056.167851, 1018, 23.1, 47 
2160116.231222, 1018, 23.1, 47 
2160176.237883, 1018, 23.1, 47 
2160236.30123, 1018, 23.1, 47 
2160296.364526, 1018, 23.1, 47 
2160356.42799, 1018, 23.1, 47 
2160416.457839, 1018, 23.1, 47 
2160476.487898, 1018, 23.1, 47 
2160536.547882, 1018, 23.1, 47 
2160596.607851, 1018, 23.1, 47 
2160656.667845, 1018, 23.1, 47 
2160716.731157, 1018, 23.1, 47 
2160776.767844, 1018, 23.1, 47 
2160836.831189, 1018, 23.1, 47 
2160896.887835, 1018, 23.1, 47 
2160956.947835, 1018, 23.1, 47 
2161017.007811, 1018, 23.1, 47 
2161077.071777, 1018, 23.1, 47 
2161137.135171, 1018, 23.1, 47 
2161197.198503, 1018, 23.1, 47 
2161257.257917, 1018, 23.1, 47 
2161317.307858, 1018, 23.1, 47 
2161377.371876, 1018, 23.1, 47 
2161437.435938, 1018, 23.1, 47 
2161497.487862, 1018, 23.1, 47 
2161557.551353, 1018, 23.1, 47 
2161617.615001, 1018, 23.1, 47 
2161677.678433, 1018, 23.1, 47 
2161737.717857, 1018, 23.0, 47 
2161797.737852, 1018, 23.1, 47 
2161857.801199, 1018, 23.1, 47 
2161917.864408, 1018, 23.1, 47 
2161977.927841, 1018, 23.1, 47 
2162037.987842, 1018, 23.1, 47 
2162098.049428, 1018, 23.1, 47 
2162158.107832, 1018, 23.1, 47 
2162218.12786, 1018, 23.1, 47 
2162278.191054, 1018, 23.1, 47 
2162338.24785, 1018, 23.1, 47 
2162398.31118, 1018, 23.1, 47 
2162458.327856, 1018, 23.0, 47 
2162518.391201, 1018, 23.1, 47 
2162578.454527, 1018, 23.1, 47 
2162638.48786, 1018, 23.0, 47 
2162698.507819, 1018, 23.1, 47 
2162758.572084, 1018, 23.0, 47 
2162818.635624, 1018, 23.1, 47 
2162878.647857, 1018, 23.1, 47 
2162938.711232, 1018, 23.1, 47 
2162998.737829, 1018, 23.1, 47 
2163058.801169, 1018, 23.0, 47 
2163118.864522, 1018, 23.1, 47 
2163178.927932, 1018, 23.1, 47 
2163238.987812, 1018, 23.1, 47 
2163299.007848, 1018, 23.0, 47 
2163359.07109, 1018, 23.1, 47 
2163419.134382, 1018, 23.0, 47 
2163479.198197, 1018, 23.1, 47 
2163539.207848, 1018, 23.1, 47 
2163599.237861, 1018, 23.1, 47 
2163659.29966, 1018, 23.1, 47 
2163719.362945, 1018, 23.0, 47 
2163779.377688, 1018, 23.1, 47 
2163839.38786, 1018, 23.1, 47 
2163899.448922, 1018, 23.1, 47 
2163959.487873, 1018, 23.1, 47 
2164019.551228, 1018, 23.1, 47 
2164079.615233, 1018, 23.0, 47 
2164139.679342, 1018, 23.1, 47 
2164199.737875, 1018, 23.1, 47 
2164259.801207, 1018, 23.1, 47 
2164319.857817, 1018, 23.1, 47 
2164379.917835, 1018, 23.1, 47 
2164439.981123, 1018, 23.1, 47 
2164499.987888, 1018, 23.1, 47 
2164560.051272, 1018, 23.1, 47 
2164620.107803, 1018, 23.1, 47 
2164680.121007, 1018, 23.1, 47 
2164740.131165, 1018, 23.0, 47 
2164800.194579, 1018, 23.1, 47 
2164860.217852, 1018, 23.1, 47 
2164920.277804, 1018, 23.1, 47 
2164980.327811, 1018, 23.0, 47 
2165040.391138, 1018, 23.1, 47 
2165100.454477, 1018, 23.0, 47 
2165160.487855, 1018, 23.1, 47 
2165220.551176, 1018, 23.1, 47 
2165280.608034, 1018, 23.1, 47 
2165340.647911, 1018, 23.1, 47 
2165400.711219, 1018, 23.0, 47 
2165460.73787, 1018, 23.0, 47 
2165520.801165, 1018, 23.0, 47 
2165580.864533, 1018, 23.0, 47 
2165640.92829, 1018, 23.1, 47 
2165700.987847, 1018, 23.1, 47 
2165761.051446, 1018, 23.1, 47 
2165821.114764, 1018, 23.1, 47 
2165881.178202, 1018, 23.1, 47 
2165941.197856, 1018, 23.1, 47 
2166001.237831, 1018, 23.1, 47 
2166061.301124, 1018, 23.1, 47 
2166121.365233, 1018, 23.1, 47 
2166181.428719, 1018, 23.1, 47 
2166241.487865, 1018, 23.1, 47 
2166301.551147, 1018, 23.0, 47 
2166361.608028, 1018, 23.1, 47 
2166421.671925, 1018, 23.1, 47 
2166481.73512, 1018, 23.0, 47 
2166541.777819, 1018, 23.1, 47 
2166601.826109, 1018, 23.0, 47 
2166661.887833, 1018, 23.1, 47 
2166721.947823, 1018, 23.1, 47 
2166781.987852, 1018, 23.0, 47 
2166842.051178, 1018, 23.0, 47 
2166902.114508, 1018, 23.1, 47 
2166962.177683, 1018, 23.1, 47 
2167022.237999, 1018, 23.1, 47 
2167082.301402, 1018, 23.0, 47 
2167142.358141, 1018, 23.0, 47 
2167202.437942, 1018, 23.0, 47 
2167262.507979, 1018, 23.1, 47 
2167322.571165, 1018, 23.0, 47 
2167382.587645, 1018, 23.1, 47 
2167442.647792, 1018, 23.0, 47 
2167502.667697, 1018, 23.1, 47 
2167562.729272, 1018, 23.0, 47 
2167622.787633, 1018, 23.1, 47 
2167682.849259, 1018, 23.0, 47 
2167742.907672, 1018, 23.0, 47 
2167802.967633, 1018, 23.0, 47 
2167862.987653, 1018, 23.0, 47 
2167923.027645, 1018, 23.0, 47 
2167983.08766, 1018, 23.0, 47 
2168043.12768, 1018, 23.0, 47 
2168103.189385, 1018, 23.0, 47 
2168163.247846, 1018, 23.0, 47 
2168223.311176, 1018, 23.0, 47 
2168283.37126, 1018, 23.0, 47 
2168343.434656, 1018, 23.0, 47 
2168403.457809, 1018, 23.1, 47 
2168463.487812, 1018, 23.0, 47 
2168523.507887, 1018, 23.0, 47 
2168583.571228, 1018, 23.0, 47 
2168643.633633, 1018, 23.0, 47 
2168703.696975, 1018, 23.0, 47 
2168763.737836, 1018, 23.0, 47 
2168823.797844, 1018, 23.0, 47 
2168883.817876, 1018, 23.1, 47 
2168943.881966, 1018, 23.0, 47 
2169003.887851, 1018, 23.0, 47 
2169063.897838, 1018, 23.0, 47 
2169123.907862, 1018, 23.1, 47 
2169183.971149, 1018, 23.0, 47 
2169243.987891, 1018, 23.0, 47 
2169304.051226, 1018, 23.0, 47 
2169364.114528, 1018, 23.0, 47 
2169424.143728, 1018, 23.0, 47 
2169484.197989, 1018, 23.0, 47 
2169544.237846, 1018, 23.0, 47 
2169604.301243, 1018, 23.0, 47 
2169664.365398, 1018, 23.0, 47 
2169724.428803, 1018, 23.0, 47 
2169784.487845, 1018, 23.0, 47 
2169844.551159, 1018, 23.0, 47 
2169904.614312, 1018, 23.0, 47 
2169964.668054, 1018, 23.0, 47 
2170024.727809, 1018, 23.0, 47 
2170084.787815, 1018, 23.0, 47 
2170144.851921, 1018, 23.0, 47 
2170204.867861, 1018, 23.0, 47 
2170264.931932, 1018, 23.1, 47 
2170324.994843, 1018, 23.0, 47 
2170385.058305, 1018, 23.0, 47 
2170445.06781, 1018, 23.1, 47 
2170505.077877, 1018, 23.0, 47 
2170565.127865, 1018, 23.0, 47 
2170625.191211, 1018, 23.0, 47 
2170685.207881, 1018, 23.0, 47 
2170745.227858, 1018, 23.0, 47 
2170805.267829, 1018, 23.0, 47 
2170865.287883, 1018, 23.0, 47 
2170925.351197, 1018, 23.0, 47 
2170985.406953, 1018, 23.0, 47 
2171045.417853, 1018, 23.0, 47 
2171105.437843, 1018, 23.0, 47 
2171165.487833, 1018, 23.0, 47 
2171225.551231, 1018, 23.0, 47 
2171285.615308, 1018, 23.0, 47 
2171345.679671, 1018, 23.0, 47 
2171405.737855, 1018, 23.0, 47 
2171465.801226, 1018, 23.0, 47 
2171525.864629, 1018, 23.0, 47 
2171585.897851, 1018, 23.0, 47 
2171645.961632, 1018, 23.0, 47 
2171705.987855, 1018, 23.0, 47 
2171766.051135, 1018, 23.0, 47 
2171826.10784, 1018, 23.0, 47 
2171886.171558, 1018, 23.0, 47 
2171946.227869, 1018, 23.0, 47 
2172006.237861, 1018, 23.0, 47 
2172066.301186, 1018, 23.0, 47 
2172126.3615, 1018, 23.0, 47 
2172186.421056, 1018, 23.0, 47 
2172246.48442, 1018, 23.0, 47 
2172306.487852, 1018, 23.0, 47 
2172366.547794, 1018, 23.0, 47 
2172426.611209, 1018, 23.0, 47 
2172486.674597, 1018, 23.0, 47 
2172546.73788, 1018, 23.0, 47 
2172606.767812, 1018, 23.0, 47 
2172666.831209, 1018, 23.0, 47 
2172726.894553, 1018, 23.0, 47 
2172786.958406, 1018, 23.0, 47 
2172847.01786, 1018, 23.0, 47 
2172907.077803, 1018, 23.0, 47 
2172967.141178, 1018, 23.0, 47 
2173027.147809, 1018, 23.0, 47 
2173087.207972, 1018, 23.0, 47 
2173147.217859, 1018, 23.0, 47 
2173207.277829, 1018, 23.0, 47 
2173267.34188, 1018, 23.0, 47 
2173327.405212, 1018, 23.0, 47 
2173387.46862, 1018, 23.0, 47 
2173447.48789, 1018, 23.0, 47 
2173507.547825, 1018, 23.0, 47 
2173567.607837, 1018, 23.0, 47 
2173627.671515, 1018, 23.0, 47 
2173687.687824, 1018, 23.0, 47 
2173747.747945, 1018, 23.0, 47 
2173807.811334, 1018, 23.0, 47 
2173867.874641, 1018, 23.0, 47 
2173927.93807, 1018, 23.0, 47 
2173987.997812, 1018, 23.0, 47 
2174048.061131, 1018, 23.0, 47 
2174108.124852, 1018, 23.0, 47 
2174168.188349, 1018, 23.0, 47 
2174228.247878, 1018, 23.0, 47 
2174288.311025, 1018, 23.0, 47 
2174348.317865, 1018, 23.0, 47 
2174408.327819, 1018, 23.0, 47 
2174468.391183, 1018, 23.0, 47 
2174528.421743, 1018, 23.0, 47 
2174588.48491, 1018, 23.0, 47 
2174648.547841, 1018, 23.0, 47 
2174708.612718, 1018, 23.0, 47 
2174768.676499, 1018, 23.0, 47 
2174828.73813, 1018, 23.0, 47 
2174888.797896, 1018, 23.0, 47 
2174948.807998, 1018, 23.0, 47 
2175008.871836, 1018, 23.0, 47 
2175068.935571, 1018, 23.0, 47 
2175128.999622, 1018, 23.0, 47 
2175189.057888, 1018, 23.0, 47 
2175249.121612, 1018, 23.0, 47 
2175309.177934, 1018, 23.0, 47 
2175369.23784, 1018, 23.0, 47 
2175429.297928, 1018, 23.0, 47 
2175489.357937, 1018, 23.0, 47 
2175549.41277, 1018, 23.0, 47 
2175609.432683, 1018, 23.0, 47 
2175669.487979, 1018, 23.0, 47 
2175729.507866, 1018, 23.0, 47 
2175789.52787, 1018, 23.0, 47 
2175849.592288, 1018, 23.0, 46 
2175909.647828, 1018, 23.0, 46 
2175969.707842, 1018, 23.0, 47 
2176029.771164, 1018, 23.0, 46 
2176089.77796, 1018, 23.0, 46 
2176149.841282, 1018, 23.0, 47 
2176209.897827, 1018, 23.0, 46 
2176269.957943, 1018, 23.0, 46 
2176330.028071, 1018, 23.0, 46 
2176390.091335, 1018, 23.0, 46 
2176450.107692, 1018, 23.0, 46 
2176510.167669, 1018, 23.0, 46 
2176570.229245, 1018, 23.0, 47 
2176630.237704, 1018, 23.0, 46 
2176690.299292, 1018, 23.0, 46 
2176750.360834, 1018, 23.0, 46 
2176810.377662, 1018, 23.0, 46 
2176870.437638, 1018, 23.0, 47 
2176930.487677, 1018, 23.0, 46 
2176990.549213, 1018, 23.0, 46 
2177050.610737, 1018, 23.0, 46 
2177110.67228, 1018, 23.0, 46 
2177170.680109, 1018, 23.0, 46 
2177230.738193, 1018, 23.0, 46 
2177290.767706, 1018, 23.0, 46 
2177350.777692, 1018, 23.0, 46 
2177410.807723, 1018, 23.0, 46 
2177470.827865, 1018, 23.0, 46 
2177530.837875, 1018, 23.0, 46 
2177590.901257, 1018, 23.0, 46 
2177650.964541, 1018, 23.0, 46 
2177711.027812, 1018, 23.0, 46 
2177771.09121, 1018, 23.0, 46 
2177831.147791, 1018, 23.0, 46 
2177891.21122, 1018, 23.0, 46 
2177951.237817, 1018, 23.0, 46 
2178011.297816, 1018, 23.0, 46 
2178071.361118, 1018, 23.0, 46 
2178131.424477, 1018, 23.0, 46 
2178191.477809, 1018, 23.0, 46 
2178251.487864, 1018, 23.0, 46 
2178311.547837, 1018, 23.0, 46 
2178371.611935, 1018, 23.0, 46 
2178431.67561, 1018, 23.0, 46 
2178491.73781, 1018, 23.0, 46 
2178551.801517, 1018, 23.0, 46 
2178611.857876, 1018, 23.0, 46 
2178671.917846, 1018, 23.0, 46 
2178731.938789, 1018, 23.0, 46 
2178791.987862, 1018, 23.0, 46 
2178852.051181, 1018, 23.0, 46 
2178912.114562, 1018, 23.0, 46 
2178972.178305, 1018, 23.0, 46 
2179032.237862, 1018, 23.0, 46 
2179092.292806, 1018, 23.0, 46 
2179152.31785, 1018, 23.0, 46 
2179212.381064, 1018, 23.0, 46 
2179272.397848, 1018, 23.0, 46 
2179332.417873, 1018, 23.0, 46 
2179392.47015, 1018, 23.0, 46 
2179452.487823, 1018, 23.0, 46 
2179512.530326, 1018, 23.0, 46 
2179572.594516, 1018, 23.0, 46 
2179632.657805, 1018, 23.0, 46 
2179692.721522, 1018, 23.0, 46 
2179752.72784, 1018, 23.0, 46 
2179812.737913, 1018, 23.0, 46 
2179872.797932, 1018, 23.0, 46 
2179932.808004, 1018, 23.0, 46 
2179992.868855, 1018, 23.0, 46 
2180052.933207, 1018, 23.0, 46 
2180112.987824, 1018, 23.0, 46 
2180173.05159, 1018, 23.0, 46 
2180233.057857, 1018, 23.0, 46 
2180293.121566, 1018, 23.0, 46 
2180353.184922, 1018, 23.0, 46 
2180413.237853, 1018, 23.0, 46 
2180473.297823, 1018, 23.0, 46 
2180533.362226, 1018, 23.0, 46 
2180593.425557, 1018, 23.0, 46 
2180653.487813, 1018, 23.0, 46 
2180713.547825, 1018, 23.0, 46 
2180773.607826, 1018, 23.0, 46 
2180833.671898, 1018, 23.0, 46 
2180893.727878, 1018, 23.0, 46 
2180953.763011, 1018, 23.0, 46 
2181013.817923, 1018, 23.0, 46 
2181073.881279, 1018, 23.0, 46 
2181133.937805, 1018, 23.0, 47 
2181193.947853, 1018, 23.0, 46 
2181253.967822, 1018, 23.0, 46 
2181313.987831, 1018, 23.0, 46 
2181374.04785, 1018, 23.0, 47 
2181434.10788, 1018, 23.0, 46 
2181494.171875, 1018, 23.0, 46 
2181554.235304, 1018, 23.0, 46 
2181614.297828, 1018, 23.0, 46 
2181674.315239, 1018, 23.0, 47 
2181734.378698, 1018, 23.0, 46 
2181794.442025, 1018, 23.0, 47 
2181854.49783, 1018, 23.0, 47 
2181914.55783, 1018, 23.0, 47 
2181974.617804, 1018, 23.0, 47 
2182034.647872, 1018, 23.0, 47 
2182094.707838, 1018, 23.0, 47 
2182154.717847, 1018, 23.0, 47 
2182214.737862, 1018, 23.0, 47 
2182274.798069, 1018, 23.0, 47 
2182334.861546, 1018, 23.0, 47 
2182394.887851, 1018, 23.0, 47 
2182454.951158, 1018, 23.0, 47 
2182514.987857, 1018, 23.0, 47 
2182575.051168, 1018, 23.0, 47 
2182635.067822, 1018, 23.0, 47 
2182695.127862, 1018, 23.0, 47 
2182755.187887, 1018, 23.0, 47 
2182815.247893, 1018, 23.0, 47 
2182875.311354, 1018, 23.0, 47 
2182935.328469, 1018, 23.0, 47 
2182995.391857, 1018, 23.0, 47 
2183055.455164, 1018, 23.0, 47 
2183115.517864, 1018, 23.0, 47 
2183175.581198, 1018, 23.0, 47 
2183235.637804, 1018, 23.0, 47 
2183295.701225, 1018, 23.0, 47 
2183355.737882, 1018, 23.0, 47 
2183415.797975, 1018, 23.0, 47 
2183475.857934, 1018, 23.0, 46 
2183535.917818, 1018, 23.0, 47 
2183595.981167, 1018, 23.0, 47 
2183655.987853, 1018, 23.0, 46 
2183716.051164, 1018, 23.0, 46 
2183776.114442, 1018, 23.0, 46 
2183836.177855, 1018, 23.0, 46 
2183896.197859, 1018, 22.9, 46 
2183956.237854, 1018, 23.0, 46 
2184016.267835, 1018, 23.0, 46 
2184076.277838, 1018, 23.0, 46 
2184136.335427, 1018, 23.0, 46 
2184196.351931, 1018, 23.0, 46 
2184256.36788, 1018, 23.0, 46 
2184316.431928, 1018, 23.0, 46 
2184376.487668, 1018, 23.0, 46 
2184436.547857, 1018, 23.0, 46 
2184496.557842, 1018, 23.0, 46 
2184556.621152, 1018, 23.0, 46 
2184616.677836, 1018, 23.0, 46 
2184676.737847, 1018, 23.0, 46 
2184736.801436, 1018, 23.0, 46 
2184796.807849, 1018, 23.0, 46 
2184856.867867, 1018, 23.0, 46 
2184916.931953, 1018, 23.0, 46 
2184976.967843, 1018, 23.0, 46 
2185036.987829, 1018, 23.0, 46 
2185097.05184, 1018, 23.0, 46 
2185157.11515, 1018, 23.0, 46 
2185217.177831, 1018, 23.0, 46 
2185277.237858, 1018, 23.0, 46 
2185337.301197, 1018, 23.0, 46 
2185397.364385, 1018, 22.9, 46 
2185457.427743, 1018, 23.0, 46 
2185517.447865, 1018, 23.0, 46 
2185577.457863, 1018, 23.0, 46 
2185637.467889, 1018, 22.9, 46 
2185697.487848, 1018, 23.0, 46 
2185757.547908, 1018, 23.0, 46 
2185817.567864, 1018, 22.9, 46 
2185877.627842, 1018, 23.0, 46 
2185937.687884, 1018, 23.0, 46 
2185997.747924, 1018, 22.9, 46 
2186057.758019, 1018, 23.0, 46 
2186117.821316, 1018, 23.0, 46 
2186177.883194, 1018, 23.0, 46 
2186237.897838, 1018, 23.0, 46 
2186297.961095, 1018, 23.0, 46 
2186358.017769, 1018, 23.0, 46 
2186418.077681, 1018, 23.0, 46 
2186478.097644, 1018, 23.0, 46 
2186538.157663, 1018, 22.9, 46 
2186598.219248, 1018, 23.0, 46 
2186658.237677, 1018, 23.0, 46 
2186718.299202, 1018, 23.0, 46 
2186778.360773, 1018, 22.9, 46 
2186838.422334, 1018, 23.0, 46 
2186898.477628, 1018, 23.0, 46 
2186958.517672, 1018, 23.0, 46 
2187018.577636, 1018, 23.0, 46 
2187078.637806, 1018, 22.9, 46 
2187138.697841, 1018, 22.9, 46 
2187198.737874, 1018, 23.0, 46 
2187258.757867, 1018, 22.9, 46 
2187318.817919, 1018, 22.9, 46 
2187378.877994, 1018, 22.9, 46 
2187438.937814, 1018, 22.9, 46 
2187498.967933, 1018, 22.9, 46 
2187559.027837, 1018, 22.9, 46 
2187619.091562, 1018, 22.9, 46 
2187679.154924, 1018, 23.0, 46 
2187739.207913, 1018, 23.0, 46 
2187799.267793, 1018, 23.0, 46 
2187859.2878, 1018, 23.0, 46 
2187919.351139, 1018, 22.9, 46 
2187979.407826, 1018, 23.0, 46 
2188039.467839, 1018, 22.9, 46 
2188099.527861, 1018, 23.0, 46 
2188159.591054, 1018, 22.9, 46 
2188219.654395, 1018, 22.9, 46 
2188279.71779, 1018, 23.0, 47 
2188339.73788, 1018, 22.9, 46 
2188399.801236, 1018, 22.9, 46 
2188459.864696, 1018, 23.0, 46 
2188519.907877, 1018, 22.9, 46 
2188579.971225, 1018, 23.0, 46 
2188639.987867, 1018, 23.0, 46 
2188700.051201, 1018, 22.9, 46 
2188760.114548, 1018, 23.0, 46 
2188820.12783, 1018, 22.9, 46 
2188880.188354, 1018, 22.9, 46 
2188940.207942, 1018, 23.0, 46 
2189000.271671, 1018, 23.0, 46 
2189060.322841, 1018, 22.9, 46 
2189120.386736, 1018, 23.0, 46 
2189180.450612, 1018, 22.9, 46 
2189240.487933, 1018, 22.9, 46 
2189300.552133, 1018, 22.9, 46 
2189360.607888, 1018, 22.9, 46 
2189420.671681, 1018, 22.9, 46 
2189480.735433, 1018, 23.0, 46 
2189540.799368, 1018, 22.9, 46 
2189600.828022, 1018, 22.9, 46 
2189660.888311, 1018, 23.0, 46 
2189720.918065, 1018, 22.9, 46 
2189780.981853, 1018, 22.9, 46 
2189841.037864, 1018, 23.0, 46 
2189901.102432, 1018, 22.9, 46 
2189961.163073, 1018, 22.9, 46 
2190021.217915, 1018, 23.0, 46 
2190081.277892, 1018, 22.9, 46 
2190141.341715, 1018, 22.9, 46 
2190201.397888, 1018, 22.9, 46 
2190261.418836, 1018, 23.0, 46 
2190321.479668, 1018, 23.0, 46 
2190381.54354, 1018, 23.0, 46 
2190441.608306, 1018, 22.9, 46 
2190501.671314, 1018, 22.9, 46 
2190561.732656, 1018, 23.0, 46 
2190621.787834, 1018, 22.9, 46 
2190681.851834, 1018, 23.0, 46 
2190741.909766, 1018, 22.9, 46 
2190801.971599, 1018, 22.9, 46 
2190862.036287, 1018, 22.9, 46 
2190922.100198, 1018, 22.9, 46 
2190982.157896, 1018, 22.9, 46 
2191042.217857, 1018, 22.9, 46 
2191102.281789, 1018, 22.9, 46 
2191162.320958, 1018, 22.9, 46 
2191222.378479, 1018, 22.9, 46 
2191282.442267, 1018, 23.0, 46 
2191342.497862, 1018, 22.9, 46 
2191402.562517, 1018, 22.9, 46 
2191462.617954, 1018, 23.0, 46 
2191522.67943, 1018, 22.9, 46 
2191582.742301, 1018, 22.9, 46 
2191642.797854, 1018, 23.0, 46 
2191702.862654, 1018, 23.0, 46 
2191762.926703, 1018, 22.9, 46 
2191822.990635, 1018, 23.0, 46 
2191882.998008, 1018, 22.9, 46 
2191943.061651, 1018, 22.9, 46 
2192003.117928, 1018, 23.0, 46 
2192063.181609, 1018, 22.9, 46 
2192123.198023, 1018, 22.9, 46 
2192183.25794, 1018, 22.9, 46 
2192243.322489, 1018, 23.0, 46 
2192303.377684, 1018, 23.0, 46 
2192363.437894, 1018, 22.9, 46 
2192423.501883, 1018, 22.9, 46 
2192483.557826, 1018, 22.9, 46 
2192543.617885, 1018, 22.9, 46 
2192603.681631, 1018, 22.9, 46 
2192663.738946, 1018, 22.9, 46 
2192723.803476, 1018, 22.9, 46 
2192783.857872, 1018, 22.9, 46 
2192843.918089, 1018, 22.9, 46 
2192903.981856, 1018, 22.9, 46 
2192964.045741, 1018, 22.9, 46 
2193024.107917, 1018, 22.9, 46 
2193084.167839, 1018, 22.9, 46 
2193144.231764, 1018, 22.9, 46 
2193204.29481, 1018, 23.0, 46 
2193264.358735, 1018, 22.9, 46 
2193324.410013, 1018, 22.9, 46 
2193384.467905, 1018, 22.9, 46 
2193444.527834, 1018, 22.9, 46 
2193504.587851, 1018, 22.9, 46 
2193564.64789, 1018, 22.9, 46 
2193624.711713, 1018, 22.9, 46 
2193684.775297, 1018, 22.9, 46 
2193744.837895, 1018, 22.9, 46 
2193804.901591, 1018, 22.9, 46 
2193864.958001, 1018, 22.9, 46 
2193925.021822, 1018, 23.0, 46 
2193985.086356, 1018, 22.9, 46 
2194045.150343, 1018, 22.9, 46 
2194105.157913, 1018, 22.9, 46 
2194165.22205, 1018, 22.9, 46 
2194225.247818, 1018, 22.9, 46 
2194285.311923, 1018, 22.9, 46 
2194345.367801, 1018, 22.9, 46 
2194405.377813, 1018, 22.9, 46 
2194465.438753, 1018, 22.9, 46 
2194525.500714, 1018, 22.9, 46 
2194585.557689, 1018, 22.9, 46 
2194645.577821, 1018, 22.9, 46 
2194705.647864, 1018, 22.9, 46 
2194765.707735, 1018, 22.9, 46 
2194825.769331, 1018, 22.9, 46 
2194885.827654, 1018, 22.9, 46 
2194945.889567, 1018, 22.9, 46 
2195005.94804, 1018, 22.9, 46 
2195066.012281, 1018, 22.9, 46 
2195126.067665, 1018, 22.9, 46 
2195186.127656, 1018, 22.9, 46 
2195246.189404, 1018, 22.9, 46 
2195306.251135, 1018, 22.9, 46 
2195366.257891, 1018, 22.9, 46 
2195426.321308, 1018, 22.9, 46 
2195486.385357, 1018, 22.9, 46 
2195546.447855, 1018, 22.9, 46 
2195606.511963, 1018, 22.9, 46 
2195666.517843, 1018, 22.9, 46 
2195726.581167, 1018, 22.9, 46 
2195786.638484, 1018, 22.9, 46 
2195846.67953, 1018, 22.9, 46 
2195906.697882, 1018, 22.9, 46 
2195966.707916, 1018, 22.9, 46 
2196026.767835, 1018, 22.9, 46 
2196086.787875, 1018, 22.9, 46 
2196146.847872, 1018, 22.9, 46 
2196206.911299, 1018, 22.9, 46 
2196266.968361, 1018, 22.9, 46 
2196327.032547, 1018, 22.9, 46 
2196387.095982, 1018, 22.9, 46 
2196447.11786, 1018, 22.9, 46 
2196507.181187, 1018, 22.9, 46 
2196567.187865, 1018, 22.9, 46 
2196627.207891, 1018, 22.9, 46 
2196687.267881, 1018, 22.9, 46 
2196747.327887, 1018, 22.9, 46 
2196807.387818, 1018, 22.9, 46 
2196867.397856, 1018, 22.9, 46 
2196927.461284, 1018, 22.9, 46 
2196987.517871, 1018, 22.9, 46 
2197047.581334, 1018, 22.9, 46 
2197107.637826, 1018, 22.9, 46 
2197167.701215, 1018, 22.9, 46 
2197227.727878, 1018, 22.9, 46 
2197287.791699, 1018, 22.9, 46 
2197347.847855, 1018, 22.9, 46 
2197407.911351, 1018, 22.9, 46 
2197467.968094, 1018, 22.9, 46 
2197528.03186, 1018, 22.9, 46 
2197588.095624, 1018, 22.9, 46 
2197648.157817, 1018, 22.9, 46 
2197708.221613, 1018, 22.9, 46 
2197768.28508, 1018, 22.9, 46 
2197828.348627, 1018, 22.9, 46 
2197888.407824, 1018, 22.9, 46 
2197948.462988, 1018, 22.9, 46 
2198008.517859, 1018, 22.9, 46 
2198068.577938, 1018, 22.9, 46 
2198128.587861, 1018, 22.9, 46 
2198188.651683, 1018, 22.9, 46 
2198248.715445, 1018, 22.9, 46 
2198308.777884, 1018, 22.9, 46 
2198368.841749, 1018, 22.9, 46 
2198428.897819, 1018, 22.9, 46 
2198488.962095, 1018, 22.9, 46 
2198549.017955, 1018, 22.9, 46 
2198609.077807, 1018, 22.9, 46 
2198669.141995, 1018, 22.9, 46 
2198729.205416, 1018, 22.9, 46 
2198789.268835, 1018, 22.9, 46 
2198849.332275, 1018, 22.9, 46 
2198909.395731, 1018, 22.9, 46 
2198969.4592, 1018, 22.9, 46 
2199029.466023, 1018, 22.9, 46 
2199089.528219, 1018, 22.9, 46 
2199149.592366, 1018, 22.9, 46 
2199209.655791, 1018, 22.9, 46 
2199269.719312, 1018, 22.9, 46 
2199329.727878, 1018, 22.9, 46 
2199389.787823, 1018, 22.9, 46 
2199449.817901, 1018, 22.9, 46 
2199509.882069, 1018, 22.9, 46 
2199569.94554, 1018, 22.9, 46 
2199630.009188, 1018, 22.9, 46 
2199690.073098, 1018, 22.9, 46 
2199750.136601, 1018, 22.9, 46 
2199810.197851, 1018, 22.9, 46 
2199870.262043, 1018, 22.9, 46 
2199930.32543, 1018, 22.9, 46 
2199990.347879, 1018, 22.9, 46 
2200050.412058, 1018, 22.9, 46 
2200110.475524, 1018, 22.9, 46 
2200170.530963, 1018, 22.9, 46 
2200230.594404, 1018, 22.9, 46 
2200290.657881, 1018, 22.9, 46 
2200350.721225, 1018, 22.9, 46 
2200410.737856, 1018, 22.9, 46 
2200470.767914, 1018, 22.9, 46 
2200530.786639, 1018, 22.9, 46 
2200590.85006, 1018, 22.9, 46 
2200650.913402, 1018, 22.9, 46 
2200710.969968, 1018, 22.9, 46 
2200771.033328, 1018, 22.9, 46 
2200831.09674, 1018, 22.9, 46 
2200891.160174, 1018, 22.9, 46 
2200951.223536, 1018, 22.9, 46 
2201011.277859, 1018, 22.9, 46 
2201071.287871, 1018, 22.9, 46 
2201131.297832, 1018, 22.9, 46 
2201191.362237, 1018, 22.9, 46 
2201251.425537, 1018, 22.9, 46 
2201311.447987, 1018, 22.9, 46 
2201371.505042, 1018, 22.9, 46 
2201431.567837, 1018, 22.9, 46 
2201491.631155, 1018, 22.9, 46 
2201551.637842, 1018, 22.9, 46 
2201611.701204, 1018, 22.9, 46 
2201671.737857, 1018, 22.9, 46 
2201731.757857, 1018, 22.9, 46 
2201791.822235, 1018, 22.9, 46 
2201851.885572, 1018, 22.9, 46 
2201911.949006, 1018, 22.9, 46 
2201972.008066, 1018, 22.9, 46 
2202032.067867, 1018, 22.9, 46 
2202092.097878, 1018, 22.9, 46 
2202152.16121, 1018, 22.8, 46 
2202212.224582, 1018, 22.9, 46 
2202272.277865, 1018, 22.9, 46 
2202332.341242, 1018, 22.9, 46 
2202392.357845, 1018, 22.9, 46 
2202452.421234, 1018, 22.9, 46 
2202512.481184, 1018, 22.9, 46 
2202572.487815, 1018, 22.9, 46 
2202632.517874, 1018, 22.9, 46 
2202692.577862, 1018, 22.9, 46 
2202752.622215, 1018, 22.9, 46 
2202812.647868, 1018, 22.9, 46 
2202872.701194, 1018, 22.9, 46 
2202932.758006, 1018, 22.9, 46 
2202992.81779, 1018, 22.9, 46 
2203052.877744, 1018, 22.9, 46 
2203112.939713, 1018, 22.9, 46 
2203172.987685, 1018, 22.9, 46 
2203233.047859, 1018, 22.9, 46 
2203293.087942, 1018, 22.9, 46 
2203353.147828, 1018, 22.9, 46 
2203413.211104, 1018, 22.9, 46 
2203473.237684, 1018, 22.8, 46 
2203533.299458, 1018, 22.9, 46 
2203593.364067, 1018, 22.9, 46 
2203653.42584, 1018, 22.9, 46 
2203713.487892, 1018, 22.9, 46 
2203773.55127, 1018, 22.9, 46 
2203833.610394, 1018, 22.9, 46 
2203893.627822, 1018, 22.9, 46 
2203953.687893, 1018, 22.9, 46 
2204013.747849, 1018, 22.9, 46 
2204073.807837, 1018, 22.9, 46 
2204133.871492, 1018, 22.9, 46 
2204193.877913, 1018, 22.9, 46 
2204253.937898, 1018, 22.8, 46 
2204313.997895, 1018, 22.9, 46 
2204374.058238, 1018, 22.9, 46 
2204434.118582, 1018, 22.9, 46 
2204494.177895, 1018, 22.9, 46 
2204554.237862, 1018, 22.9, 46 
2204614.287879, 1018, 22.9, 46 
2204674.348006, 1018, 22.9, 46 
2204734.408134, 1018, 22.9, 46 
2204794.468258, 1018, 22.9, 46 
2204854.528075, 1018, 22.9, 46 
2204914.572884, 1018, 22.9, 46 
2204974.627981, 1018, 22.8, 46 
2205034.68848, 1018, 22.9, 46 
2205094.748051, 1018, 22.9, 46 
2205154.807903, 1018, 22.9, 46 
2205214.867958, 1018, 22.9, 46 
2205274.9281, 1018, 22.9, 46 
2205334.987942, 1018, 22.8, 46 
2205395.048155, 1018, 22.8, 46 
2205455.108191, 1018, 22.9, 46 
2205515.168515, 1018, 22.9, 46 
2205575.228195, 1018, 22.9, 46 
2205635.287903, 1018, 22.8, 46 
2205695.347872, 1018, 22.9, 46 
2205755.408111, 1018, 22.9, 46 
2205815.46913, 1018, 22.8, 46 
2205875.528047, 1018, 22.9, 46 
2205935.587969, 1018, 22.8, 46 
2205995.647959, 1018, 22.9, 46 
2206055.708018, 1018, 22.8, 46 
2206115.770371, 1018, 22.9, 46 
2206175.836647, 1018, 22.9, 46 
2206235.900219, 1018, 22.9, 46 
2206295.95783, 1018, 22.8, 46 
2206356.021206, 1018, 22.9, 46 
2206416.078813, 1018, 22.9, 46 
2206476.142329, 1018, 22.9, 46 
2206536.197847, 1018, 22.9, 46 
2206596.261267, 1018, 22.9, 46 
2206656.324757, 1018, 22.8, 46 
2206716.387845, 1018, 22.8, 46 
2206776.44785, 1018, 22.8, 46 
2206836.511324, 1018, 22.9, 46 
2206896.527887, 1018, 22.9, 46 
2206956.588059, 1018, 22.9, 46 
2207016.651704, 1018, 22.8, 46 
2207076.715119, 1018, 22.9, 46 
2207136.777822, 1018, 22.9, 46 
2207196.841251, 1018, 22.9, 46 
2207256.90464, 1018, 22.9, 46 
2207316.967818, 1018, 22.9, 46 
2207377.031272, 1018, 22.9, 46 
2207437.047877, 1018, 22.9, 46 
2207497.111419, 1018, 22.9, 46 
2207557.174918, 1018, 22.9, 46 
2207617.207847, 1018, 22.8, 46 
2207677.267861, 1018, 22.9, 46 
2207737.331322, 1018, 22.9, 46 
2207797.347883, 1018, 22.9, 46 
2207857.411666, 1018, 22.8, 46 
2207917.475033, 1018, 22.8, 46 
2207977.538482, 1018, 22.8, 46 
2208037.547862, 1018, 22.8, 46 
2208097.611302, 1018, 22.9, 46 
2208157.675452, 1018, 22.8, 46 
2208217.687862, 1018, 22.8, 46 
2208277.751295, 1018, 22.8, 46 
2208337.814705, 1018, 22.9, 46 
2208397.87827, 1018, 22.8, 46 
2208457.941734, 1018, 22.9, 46 
2208517.997871, 1018, 22.9, 46 
2208578.061666, 1018, 22.8, 46 
2208638.125753, 1018, 22.9, 46 
2208698.187931, 1018, 22.8, 46 
2208758.251404, 1018, 22.9, 46 
2208818.314747, 1018, 22.8, 46 
2208878.377884, 1018, 22.8, 46 
2208938.387897, 1018, 22.9, 46 
2208998.407858, 1018, 22.9, 46 
2209058.427889, 1018, 22.9, 46 
2209118.487943, 1018, 22.8, 46 
2209178.552545, 1018, 22.8, 46 
2209238.567856, 1018, 22.9, 46 
2209298.631271, 1018, 22.8, 46 
2209358.687821, 1018, 22.8, 46 
2209418.751311, 1018, 22.9, 46 
2209478.814726, 1018, 22.9, 46 
2209538.878286, 1018, 22.8, 46 
2209598.941713, 1018, 22.9, 46 
2209659.00509, 1018, 22.8, 46 
2209719.068669, 1018, 22.9, 46 
2209779.077869, 1018, 22.9, 46 
2209839.09784, 1018, 22.8, 46 
2209899.157952, 1018, 22.8, 46 
2209959.221501, 1018, 22.9, 46 
2210019.237884, 1018, 22.8, 46 
2210079.257859, 1018, 22.8, 46 
2210139.321293, 1018, 22.8, 46 
2210199.377835, 1018, 22.8, 46 
2210259.441675, 1018, 22.9, 46 
2210319.50548, 1018, 22.9, 46 
2210379.569028, 1018, 22.8, 46 
2210439.627837, 1018, 22.8, 46 
2210499.632977, 1018, 22.8, 46 
2210559.645146, 1018, 22.8, 46 
2210619.707807, 1018, 22.8, 46 
2210679.767905, 1018, 22.8, 46 
2210739.831333, 1018, 22.9, 46 
2210799.890227, 1018, 22.9, 46 
2210859.953525, 1018, 22.8, 46 
2210920.007647, 1018, 22.8, 46 
2210980.069574, 1018, 22.9, 46 
2211040.077871, 1018, 22.8, 46 
2211100.138258, 1018, 22.8, 46 
2211160.197838, 1018, 22.9, 46 
2211220.23781, 1018, 22.8, 46 
2211280.29787, 1018, 22.8, 46 
2211340.307866, 1018, 22.8, 46 
2211400.371986, 1018, 22.8, 46 
2211460.436268, 1018, 22.8, 46 
2211520.501012, 1018, 22.9, 46 
2211580.564335, 1018, 22.9, 46 
2211640.577805, 1018, 22.8, 46 
2211700.630045, 1018, 22.9, 46 
2211760.691674, 1018, 22.8, 46 
2211820.75314, 1018, 22.8, 46 
2211880.814699, 1018, 22.8, 46 
2211940.81767, 1018, 22.8, 46 
2212000.82767, 1018, 22.8, 46 
2212060.887669, 1018, 22.8, 46 
2212120.949213, 1018, 22.8, 46 
2212180.967781, 1018, 22.8, 46 
2212240.977674, 1018, 22.8, 46 
2212300.987675, 1018, 22.8, 46 
2212361.024422, 1018, 22.8, 46 
2212421.085995, 1018, 22.8, 46 
2212481.141593, 1018, 22.9, 46 
2212541.205257, 1018, 22.9, 46 
2212601.237868, 1018, 22.8, 46 
2212661.297812, 1018, 22.8, 46 
2212721.36119, 1018, 22.8, 46 
2212781.367856, 1018, 22.8, 46 
2212841.431199, 1018, 22.8, 46 
2212901.48782, 1018, 22.8, 46 
2212961.551876, 1018, 22.8, 46 
2213021.56785, 1018, 22.8, 46 
2213081.631192, 1018, 22.8, 46 
2213141.687879, 1018, 22.8, 46 
2213201.737877, 1018, 22.8, 46 
2213261.797825, 1018, 22.8, 46 
2213321.857806, 1018, 22.8, 46 
2213381.877807, 1018, 22.8, 46 
2213441.941126, 1018, 22.8, 46 
2213501.987859, 1018, 22.8, 46 
2213562.051156, 1018, 22.8, 46 
2213622.109307, 1018, 22.8, 46 
2213682.117833, 1018, 22.8, 46 
2213742.177972, 1018, 22.8, 46 
2213802.23784, 1018, 22.8, 46 
2213862.297861, 1018, 22.8, 46 
2213922.361173, 1018, 22.8, 46 
2213982.424496, 1018, 22.8, 46 
2214042.487893, 1018, 22.9, 46 
2214102.551971, 1018, 22.8, 46 
2214162.567874, 1018, 22.8, 46 
2214222.631213, 1018, 22.8, 46 
2214282.687835, 1018, 22.8, 46 
2214342.747799, 1018, 22.8, 46 
2214402.807818, 1018, 22.8, 46 
2214462.867856, 1018, 22.8, 46 
2214522.931215, 1018, 22.9, 46 
2214582.987851, 1018, 22.8, 46 
2214643.047876, 1018, 22.8, 46 
2214703.107825, 1018, 22.8, 46 
2214763.168057, 1018, 22.8, 46 
2214823.227989, 1018, 22.8, 46 
2214883.237916, 1018, 22.8, 46 
2214943.301288, 1018, 22.9, 46 
2215003.307831, 1018, 22.8, 46 
2215063.371146, 1018, 22.8, 46 
2215123.387853, 1018, 22.8, 46 
2215183.449628, 1018, 22.8, 46 
2215243.487864, 1018, 22.8, 46 
2215303.551179, 1018, 22.8, 46 
2215363.614536, 1018, 22.8, 46 
2215423.674511, 1018, 22.8, 46 
2215483.68784, 1018, 22.8, 46 
2215543.737876, 1018, 22.8, 46 
2215603.801186, 1018, 22.8, 46 
2215663.857838, 1018, 22.8, 46 
2215723.921482, 1018, 22.8, 46 
2215783.977879, 1018, 22.9, 46 
2215843.987823, 1018, 22.8, 46 
2215904.027816, 1018, 22.8, 46 
2215964.087847, 1018, 22.8, 46 
2216024.147857, 1018, 22.8, 46 
2216084.167856, 1018, 22.8, 46 
2216144.227947, 1018, 22.8, 46 
2216204.291261, 1018, 22.8, 46 
2216264.354516, 1018, 22.8, 46 
2216324.418015, 1018, 22.8, 46 
2216384.482088, 1018, 22.8, 46 
2216444.497861, 1018, 22.8, 46 
2216504.561056, 1018, 22.8, 46 
2216564.625872, 1018, 22.8, 46 
2216624.689348, 1018, 22.8, 46 
2216684.752998, 1018, 22.8, 46 
2216744.817096, 1018, 22.8, 46 
2216804.837849, 1018, 22.8, 46 
2216864.901058, 1018, 22.8, 46 
2216924.964694, 1018, 22.8, 46 
2216985.028109, 1018, 22.8, 46 
2217045.087832, 1018, 22.8, 46 
2217105.147791, 1018, 22.8, 46 
2217165.157852, 1018, 22.8, 46 
2217225.217999, 1018, 22.8, 46 
2217285.277823, 1018, 22.8, 46 
2217345.341279, 1018, 22.8, 46 
2217405.404683, 1018, 22.8, 46 
2217465.467861, 1018, 22.8, 46 
2217525.532323, 1018, 22.8, 46 
2217585.596408, 1018, 22.8, 46 
2217645.659801, 1018, 22.8, 46 
2217705.717988, 1018, 22.8, 46 
2217765.747913, 1018, 22.8, 46 
2217825.811236, 1018, 22.8, 46 
2217885.874636, 1018, 22.8, 46 
2217945.938062, 1018, 22.8, 46 
2218005.947896, 1018, 22.8, 46 
2218066.01116, 1018, 22.8, 46 
2218126.074501, 1018, 22.8, 46 
2218186.077885, 1018, 22.8, 46 
2218246.141221, 1018, 22.8, 46 
2218306.147866, 1018, 22.8, 46 
2218366.167879, 1018, 22.8, 46 
2218426.187872, 1018, 22.8, 46 
2218486.251935, 1018, 22.8, 46 
2218546.30784, 1018, 22.8, 46 
2218606.371181, 1018, 22.8, 46 
2218666.427804, 1018, 22.8, 46 
2218726.482162, 1018, 22.8, 46 
2218786.545505, 1018, 22.8, 46 
2218846.607828, 1018, 22.8, 46 
2218906.671905, 1018, 22.8, 46 
2218966.735291, 1018, 22.8, 46 
2219026.798647, 1018, 22.8, 46 
2219086.861861, 1018, 22.8, 46 
2219146.925917, 1018, 22.8, 46 
2219206.987842, 1018, 22.8, 46 
2219267.051182, 1018, 22.8, 46 
2219327.11439, 1018, 22.8, 46 
2219387.170242, 1018, 22.8, 46 
2219447.234517, 1018, 22.8, 46 
2219507.297813, 1018, 22.8, 46 
2219567.362259, 1018, 22.8, 46 
2219627.425556, 1018, 22.8, 46 
2219687.489948, 1018, 22.8, 46 
2219747.517911, 1018, 22.8, 46 
2219807.537866, 1018, 22.8, 46 
2219867.601552, 1018, 22.8, 46 
2219927.665288, 1018, 22.8, 46 
2219987.727119, 1018, 22.8, 46 
2220047.791323, 1018, 22.8, 46 
2220107.854684, 1018, 22.8, 46 
2220167.877807, 1018, 22.8, 46 
2220227.934542, 1018, 22.8, 46 
2220287.968015, 1018, 22.8, 46 
2220347.987844, 1018, 22.8, 46 
2220408.007835, 1018, 22.8, 46 
2220468.068044, 1018, 22.8, 46 
2220528.127792, 1018, 22.8, 46 
2220588.157853, 1018, 22.8, 46 
2220648.217811, 1018, 22.8, 46 
2220708.280015, 1018, 22.8, 46 
2220768.341564, 1018, 22.8, 46 
2220828.403111, 1018, 22.8, 46 
2220888.457665, 1018, 22.8, 46 
2220948.517642, 1018, 22.8, 46 
2221008.57925, 1018, 22.8, 46 
2221068.597692, 1018, 22.8, 46 
2221128.637671, 1018, 22.8, 46 
2221188.697628, 1018, 22.8, 46 
2221248.759293, 1018, 22.8, 46 
2221308.768606, 1018, 22.8, 46 
2221368.830203, 1018, 22.8, 46 
2221428.887872, 1018, 22.8, 46 
2221488.947791, 1018, 22.8, 46 
2221549.007659, 1018, 22.8, 46 
2221609.069386, 1018, 22.8, 46 
2221669.132732, 1018, 22.8, 46 
2221729.187794, 1018, 22.8, 46 
2221789.251274, 1018, 22.8, 46 
2221849.314817, 1018, 22.8, 46 
2221909.377896, 1018, 22.8, 46 
2221969.437886, 1018, 22.8, 46 
2222029.501969, 1018, 22.8, 46 
2222089.531665, 1018, 22.8, 46 
2222149.591943, 1018, 22.8, 46 
2222209.655341, 1018, 22.8, 46 
2222269.667816, 1018, 22.8, 46 
2222329.731227, 1018, 22.8, 46 
2222389.747422, 1018, 22.8, 46 
2222449.810965, 1018, 22.8, 46 
2222509.874188, 1018, 22.8, 46 
2222569.937633, 1018, 22.8, 46 
2222629.997876, 1018, 22.8, 46 
2222690.057829, 1018, 22.8, 46 
2222750.07093, 1018, 22.8, 46 
2222810.134172, 1018, 22.8, 46 
2222870.197389, 1018, 22.8, 46 
2222930.251322, 1018, 22.8, 46 
2222990.280274, 1018, 22.8, 46 
2223050.351005, 1018, 22.8, 46 
2223110.414094, 1018, 22.8, 46 
2223170.47751, 1018, 22.8, 46 
2223230.540843, 1018, 22.8, 46 
2223290.604911, 1018, 22.8, 46 
2223350.668344, 1018, 22.8, 46 
2223410.731703, 1018, 22.8, 46 
2223470.758374, 1018, 22.8, 46 
2223530.821801, 1018, 22.8, 46 
2223590.885835, 1018, 22.8, 46 
2223650.949166, 1018, 22.8, 46 
2223710.967828, 1018, 22.8, 46 
2223771.027833, 1018, 22.8, 46 
2223831.091155, 1018, 22.8, 46 
2223891.155557, 1018, 22.8, 46 
2223951.218961, 1018, 22.8, 46 
2224011.282277, 1018, 22.8, 46 
2224071.345755, 1018, 22.8, 46 
2224131.367876, 1018, 22.8, 46 
2224191.427855, 1018, 22.8, 46 
2224251.447865, 1018, 22.8, 46 
2224311.46782, 1018, 22.8, 45 
2224371.531077, 1018, 22.8, 46 
2224431.594261, 1018, 22.8, 46 
2224491.607867, 1018, 22.8, 46 
2224551.671906, 1018, 22.8, 46 
2224611.735238, 1018, 22.8, 46 
2224671.79948, 1018, 22.8, 46 
2224731.857825, 1018, 22.8, 46 
2224791.921181, 1018, 22.8, 46 
2224851.984855, 1018, 22.8, 45 
2224912.048672, 1018, 22.8, 45 
2224972.112032, 1018, 22.8, 46 
2225032.175304, 1018, 22.8, 45 
2225092.239146, 1018, 22.8, 46 
2225152.303393, 1018, 22.8, 45 
2225212.357864, 1018, 22.8, 46 
2225272.421898, 1018, 22.8, 46 
2225332.427879, 1018, 22.8, 46 
2225392.447852, 1018, 22.8, 46 
2225452.511061, 1018, 22.8, 46 
2225512.527816, 1018, 22.8, 46 
2225572.591202, 1018, 22.8, 46 
2225632.6545, 1018, 22.8, 46 
2225692.717864, 1018, 22.8, 46 
2225752.781587, 1018, 22.8, 46 
2225812.84352, 1018, 22.8, 46 
2225872.897807, 1018, 22.8, 46 
2225932.907902, 1018, 22.8, 46 
2225992.972691, 1018, 22.8, 46 
2226053.035022, 1018, 22.8, 46 
2226113.097835, 1018, 22.8, 46 
2226173.161141, 1018, 22.8, 46 
2226233.217896, 1018, 22.8, 46 
2226293.277892, 1018, 22.8, 46 
2226353.338291, 1018, 22.8, 46 
2226413.403232, 1018, 22.8, 46 
2226473.443759, 1018, 22.8, 46 
2226533.507134, 1018, 22.8, 46 
2226593.570623, 1018, 22.8, 46 
2226653.577818, 1018, 22.8, 46 
2226713.641937, 1018, 22.8, 45 
2226773.70571, 1018, 22.8, 46 
2226833.767867, 1018, 22.8, 45 
2226893.827816, 1018, 22.8, 46 
2226953.891907, 1018, 22.8, 46 
2227013.916419, 1018, 22.8, 46 
2227073.977868, 1018, 22.8, 46 
2227133.997891, 1018, 22.8, 46 
2227194.057851, 1018, 22.8, 46 
2227254.118173, 1018, 22.8, 46 
2227314.181409, 1018, 22.8, 46 
2227374.244664, 1018, 22.8, 46 
2227434.267854, 1018, 22.8, 46 
2227494.327969, 1018, 22.8, 46 
2227554.362255, 1018, 22.8, 46 
2227614.374412, 1018, 22.8, 46 
2227674.434971, 1018, 22.8, 46 
2227734.493234, 1018, 22.8, 46 
2227794.552922, 1018, 22.8, 46 
2227854.613123, 1018, 22.8, 45 
2227914.671243, 1018, 22.8, 46 
2227974.727851, 1018, 22.8, 46 
2228034.767813, 1018, 22.8, 46 
2228094.79479, 1018, 22.8, 46 
2228154.80233, 1018, 22.7, 46 
2228214.807878, 1018, 22.8, 46 
2228274.817883, 1018, 22.8, 46 
2228334.881636, 1018, 22.8, 46 
2228394.887916, 1018, 22.8, 46 
2228454.951358, 1018, 22.8, 46 
2228515.014734, 1018, 22.8, 46 
2228575.027854, 1018, 22.8, 46 
2228635.09129, 1018, 22.8, 46 
2228695.097842, 1018, 22.8, 46 
2228755.161618, 1018, 22.8, 46 
2228815.225072, 1018, 22.8, 46 
2228875.28862, 1018, 22.8, 46 
2228935.352146, 1018, 22.8, 46 
2228995.40789, 1018, 22.8, 46 
2229055.427892, 1018, 22.8, 46 
2229115.48802, 1018, 22.8, 46 
2229175.551487, 1018, 22.8, 45 
2229235.607811, 1018, 22.8, 45 
2229295.617825, 1018, 22.8, 45 
2229355.681208, 1018, 22.8, 46 
2229415.743423, 1018, 22.8, 46 
2229475.806674, 1018, 22.8, 46 
2229535.867788, 1018, 22.8, 45 
2229595.929507, 1018, 22.8, 46 
2229655.987809, 1018, 22.8, 45 
2229716.049447, 1018, 22.8, 46 
2229776.111004, 1018, 22.8, 46 
2229836.167631, 1018, 22.8, 46 
2229896.227649, 1018, 22.8, 46 
2229956.237641, 1018, 22.8, 46 
2230016.299199, 1018, 22.8, 46 
2230076.31768, 1018, 22.8, 46 
2230136.379261, 1018, 22.8, 46 
2230196.43767, 1018, 22.8, 46 
2230256.487645, 1018, 22.7, 46 
2230316.549236, 1018, 22.8, 46 
2230376.607825, 1018, 22.8, 46 
2230436.617671, 1018, 22.8, 46 
2230496.679143, 1018, 22.8, 46 
2230556.737854, 1018, 22.7, 46 
2230616.801177, 1018, 22.8, 46 
2230676.864526, 1018, 22.8, 46 
2230736.871731, 1018, 22.8, 46 
2230796.887935, 1018, 22.8, 46 
2230856.907869, 1018, 22.7, 46 
2230916.972303, 1018, 22.7, 46 
2230976.987879, 1018, 22.8, 46 
2231037.047837, 1018, 22.8, 46 
2231097.107789, 1018, 22.8, 46 
2231157.171308, 1018, 22.8, 46 
2231217.227913, 1018, 22.8, 46 
2231277.237823, 1018, 22.8, 46 
2231337.301029, 1018, 22.7, 46 
2231397.358206, 1018, 22.8, 46 
2231457.423153, 1018, 22.7, 46 
2231517.486504, 1018, 22.8, 45 
2231577.549981, 1018, 22.8, 46 
2231637.613246, 1018, 22.8, 46 
2231697.667843, 1018, 22.8, 46 
2231757.687823, 1018, 22.8, 46 
2231817.737864, 1018, 22.8, 46 
2231877.797873, 1018, 22.8, 46 
2231937.861216, 1018, 22.8, 46 
2231997.924545, 1018, 22.7, 46 
2232057.987821, 1018, 22.7, 46 
2232118.051223, 1018, 22.8, 46 
2232178.107829, 1018, 22.8, 46 
2232238.171443, 1018, 22.8, 46 
2232298.234831, 1018, 22.8, 46 
2232358.297825, 1018, 22.8, 46 
2232418.361185, 1018, 22.8, 46 
2232478.417861, 1018, 22.8, 46 
2232538.481142, 1018, 22.8, 46 
2232598.537789, 1018, 22.8, 46 
2232658.601844, 1018, 22.7, 46 
2232718.657785, 1018, 22.8, 46 
2232778.667885, 1018, 22.8, 46 
2232838.727835, 1018, 22.8, 46 
2232898.791185, 1018, 22.8, 46 
2232958.85453, 1018, 22.8, 46 
2233018.877805, 1018, 22.8, 46 
2233078.917908, 1018, 22.8, 46 
2233138.977864, 1018, 22.8, 46 
2233198.987868, 1018, 22.8, 46 
2233259.051549, 1018, 22.7, 46 
2233319.11487, 1018, 22.8, 46 
2233379.177839, 1018, 22.7, 46 
2233439.237823, 1018, 22.7, 46 
2233499.297888, 1018, 22.7, 46 
2233559.361233, 1018, 22.8, 46 
2233619.37787, 1018, 22.7, 46 
2233679.437941, 1018, 22.7, 46 
2233739.487824, 1018, 22.8, 46 
2233799.55115, 1018, 22.7, 46 
2233859.614578, 1018, 22.7, 46 
2233919.677831, 1018, 22.8, 46 
2233979.737845, 1018, 22.8, 46 
2234039.801502, 1018, 22.8, 46 
2234099.857839, 1018, 22.8, 46 
2234159.921125, 1018, 22.8, 46 
2234219.967864, 1018, 22.8, 46 
2234279.987874, 1018, 22.7, 46 
2234340.051221, 1018, 22.8, 46 
2234400.114513, 1018, 22.7, 46 
2234460.177811, 1018, 22.7, 46 
2234520.237817, 1018, 22.7, 46 
2234580.301516, 1018, 22.8, 46 
2234640.364805, 1018, 22.7, 46 
2234700.42838, 1018, 22.8, 46 
2234760.487815, 1018, 22.7, 46 
2234820.54801, 1018, 22.7, 46 
2234880.611793, 1018, 22.7, 46 
2234940.647842, 1018, 22.8, 46 
2235000.657857, 1018, 22.8, 46 
2235060.721243, 1018, 22.8, 46 
2235120.737856, 1018, 22.8, 46 
2235180.801601, 1018, 22.7, 46 
2235240.80786, 1018, 22.8, 46 
2235300.867833, 1018, 22.8, 46 
2235360.877879, 1018, 22.8, 46 
2235420.887186, 1018, 22.8, 46 
2235480.93046, 1018, 22.7, 46 
2235540.957648, 1018, 22.8, 46 
2235600.967869, 1018, 22.8, 46 
2235661.031455, 1018, 22.8, 46 
2235721.08787, 1018, 22.8, 46 
2235781.148031, 1018, 22.8, 46 
2235841.211565, 1018, 22.7, 46 
2235901.267818, 1018, 22.7, 46 
2235961.327879, 1018, 22.7, 46 
2236021.391332, 1018, 22.7, 46 
2236081.397822, 1018, 22.7, 46 
2236141.461326, 1018, 22.7, 46 
2236201.477865, 1018, 22.8, 45 
2236261.538841, 1018, 22.7, 45 
2236321.547873, 1018, 22.7, 46 
2236381.611304, 1018, 22.7, 46 
2236441.667874, 1018, 22.7, 46 
2236501.687874, 1018, 22.7, 46 
2236561.75116, 1018, 22.7, 46 
2236621.814661, 1018, 22.7, 45 
2236681.827867, 1018, 22.8, 45 
2236741.89127, 1018, 22.7, 45 
2236801.945836, 1018, 22.8, 46 
2236861.987897, 1018, 22.8, 45 
2236922.047863, 1018, 22.8, 45 
2236982.111632, 1018, 22.7, 45 
2237042.127894, 1018, 22.7, 45 
2237102.191327, 1018, 22.8, 45 
2237162.254771, 1018, 22.7, 45 
2237222.318657, 1018, 22.7, 45 
2237282.337877, 1018, 22.7, 45 
2237342.401295, 1018, 22.8, 46 
2237402.457967, 1018, 22.8, 45 
2237462.519014, 1018, 22.8, 45 
2237522.582455, 1018, 22.7, 45 
2237582.645822, 1018, 22.7, 45 
2237642.707851, 1018, 22.8, 46 
2237702.772003, 1018, 22.7, 46 
2237762.783579, 1018, 22.8, 46 
2237822.844443, 1018, 22.7, 45 
2237882.907844, 1018, 22.7, 45 
2237942.93323, 1018, 22.8, 46 
2238002.996752, 1018, 22.7, 46 
2238063.016379, 1018, 22.7, 46 
2238123.080016, 1018, 22.7, 46 
2238183.143409, 1018, 22.7, 45 
2238243.197825, 1018, 22.7, 46 
2238303.262844, 1018, 22.7, 46 
2238363.326173, 1018, 22.7, 46 
2238423.337861, 1018, 22.7, 46 
2238483.39783, 1018, 22.7, 46 
2238543.458021, 1018, 22.7, 46 
2238603.468007, 1018, 22.7, 45 
2238663.531752, 1018, 22.7, 45 
2238723.587778, 1018, 22.7, 45 
2238783.64958, 1018, 22.7, 45 
2238843.711555, 1018, 22.8, 45 
2238903.727822, 1018, 22.7, 45 
2238963.789442, 1018, 22.7, 45 
2239023.84769, 1018, 22.7, 45 
2239083.909287, 1018, 22.7, 46 
2239143.953856, 1018, 22.8, 46 
2239203.997697, 1018, 22.7, 46 
2239264.059268, 1018, 22.7, 46 
2239324.117674, 1018, 22.7, 46 
2239384.179247, 1018, 22.7, 46 
2239444.240962, 1018, 22.7, 46 
2239504.304288, 1018, 22.7, 46 
2239564.367744, 1018, 22.7, 46 
2239624.377828, 1018, 22.7, 46 
2239684.437927, 1018, 22.7, 46 
2239744.461192, 1018, 22.7, 46 
2239804.497998, 1018, 22.7, 46 
2239864.52464, 1018, 22.7, 46 
2239924.588172, 1018, 22.7, 46 
2239984.651555, 1018, 22.7, 46 
2240044.707823, 1018, 22.7, 46 
2240104.767883, 1018, 22.7, 46 
2240164.831723, 1018, 22.7, 46 
2240224.895575, 1018, 22.7, 46 
2240284.917896, 1018, 22.7, 46 
2240344.981815, 1018, 22.7, 46 
2240405.045627, 1018, 22.7, 46 
2240465.1079, 1018, 22.7, 46 
2240525.137904, 1018, 22.7, 46 
2240585.201613, 1018, 22.7, 46 
2240645.217894, 1018, 22.7, 46 
2240705.281725, 1018, 22.7, 46 
2240765.342631, 1018, 22.7, 46 
2240825.397961, 1018, 22.8, 46 
2240885.462386, 1018, 22.7, 46 
2240945.526124, 1018, 22.7, 46 
2241005.587884, 1018, 22.7, 46 
2241065.64794, 1018, 22.7, 46 
2241125.711647, 1018, 22.7, 46 
2241185.754089, 1018, 22.7, 46 
2241245.817952, 1018, 22.7, 46 
2241305.832653, 1018, 22.7, 46 
2241365.844204, 1018, 22.7, 46 
2241425.908724, 1018, 22.7, 46 
2241485.927878, 1018, 22.7, 46 
2241545.991763, 1018, 22.7, 46 
2241606.00801, 1018, 22.8, 46 
2241666.017853, 1018, 22.7, 46 
2241726.078942, 1018, 22.7, 46 
2241786.142271, 1018, 22.8, 46 
2241846.159268, 1018, 22.7, 46 
2241906.222543, 1018, 22.7, 46 
2241966.277921, 1018, 22.7, 46 
2242026.342304, 1018, 22.7, 46 
2242086.397893, 1018, 22.7, 46 
2242146.46198, 1018, 22.7, 46 
2242206.518278, 1018, 22.7, 46 
2242266.582587, 1018, 22.7, 46 
2242326.645967, 1018, 22.7, 46 
2242386.707847, 1018, 22.7, 46 
2242446.767855, 1018, 22.7, 46 
2242506.831921, 1018, 22.7, 46 
2242566.895256, 1018, 22.7, 46 
2242626.907862, 1018, 22.7, 46 
2242686.971091, 1018, 22.7, 46 
2242747.034466, 1018, 22.7, 46 
2242807.097778, 1018, 22.7, 46 
2242867.161805, 1018, 22.7, 46 
2242927.217798, 1018, 22.7, 46 
2242987.281902, 1018, 22.7, 46 
2243047.345939, 1018, 22.7, 46 
2243107.367826, 1018, 22.7, 46 
2243167.431061, 1018, 22.7, 46 
2243227.487892, 1018, 22.7, 46 
2243287.547869, 1018, 22.7, 46 
2243347.611365, 1018, 22.7, 46 
2243407.617863, 1018, 22.7, 46 
2243467.681214, 1018, 22.7, 46 
2243527.697859, 1018, 22.7, 46 
2243587.757817, 1018, 22.7, 46 
2243647.82195, 1018, 22.7, 46 
2243707.88532, 1018, 22.7, 46 
2243767.897853, 1018, 22.7, 46 
2243827.961109, 1018, 22.7, 46 
2243888.027087, 1018, 22.7, 46 
2243948.090504, 1018, 22.7, 46 
2244008.147816, 1018, 22.7, 46 
2244068.211884, 1018, 22.7, 46 
2244128.267829, 1018, 22.7, 46 
2244188.277852, 1018, 22.7, 46 
2244248.337821, 1018, 22.7, 46 
2244308.397858, 1018, 22.7, 46 
2244368.461191, 1018, 22.7, 46 
2244428.467895, 1018, 22.7, 46 
2244488.531879, 1018, 22.7, 46 
2244548.54788, 1018, 22.7, 46 
2244608.611286, 1018, 22.7, 46 
2244668.674599, 1018, 22.7, 46 
2244728.737863, 1018, 22.7, 46 
2244788.801907, 1018, 22.7, 46 
2244848.865283, 1018, 22.7, 46 
2244908.877866, 1018, 22.7, 46 
2244968.941904, 1018, 22.7, 46 
2245028.997837, 1018, 22.7, 46 
2245089.057926, 1018, 22.7, 46 
2245149.121342, 1018, 22.7, 46 
2245209.185009, 1018, 22.7, 46 
2245269.237862, 1018, 22.7, 46 
2245329.301578, 1018, 22.7, 46 
2245389.364863, 1018, 22.7, 46 
2245449.428292, 1018, 22.7, 46 
2245509.487828, 1018, 22.7, 46 
2245569.547994, 1018, 22.7, 46 
2245629.607845, 1018, 22.7, 46 
2245689.671524, 1018, 22.7, 46 
2245749.687864, 1018, 22.7, 46 
2245809.7379, 1018, 22.7, 46 
2245869.76792, 1018, 22.7, 46 
2245929.827857, 1018, 22.7, 46 
2245989.847832, 1018, 22.7, 46 
2246049.91113, 1018, 22.7, 46 
2246109.975223, 1018, 22.7, 46 
2246169.98781, 1018, 22.7, 46 
2246230.051214, 1018, 22.7, 46 
2246290.067857, 1018, 22.7, 46 
2246350.131153, 1018, 22.7, 46 
2246410.194499, 1018, 22.7, 46 
2246470.207858, 1018, 22.7, 46 
2246530.237825, 1018, 22.7, 46 
2246590.301429, 1018, 22.7, 46 
2246650.357827, 1018, 22.7, 46 
2246710.3779, 1018, 22.7, 46 
2246770.397864, 1018, 22.7, 46 
2246830.417878, 1018, 22.7, 46 
2246890.481556, 1018, 22.7, 46 
2246950.527881, 1018, 22.7, 46 
2247010.591528, 1018, 22.7, 46 
2247070.654879, 1018, 22.7, 46 
2247130.718373, 1018, 22.7, 46 
2247190.728061, 1018, 22.7, 46 
2247250.787926, 1018, 22.7, 46 
2247310.810025, 1018, 22.7, 46 
2247370.867935, 1018, 22.7, 46 
2247430.877923, 1018, 22.7, 46 
2247490.887875, 1018, 22.7, 46 
2247550.95725, 1018, 22.7, 46 
2247610.987851, 1018, 22.7, 46 
2247671.050691, 1018, 22.7, 46 
2247731.057823, 1018, 22.7, 46 
2247791.074274, 1018, 22.7, 46 
2247851.12786, 1018, 22.7, 46 
2247911.148066, 1018, 22.7, 46 
2247971.207991, 1018, 22.7, 46 
2248031.237641, 1018, 22.7, 46 
2248091.299513, 1018, 22.7, 46 
2248151.363495, 1018, 22.7, 46 
2248211.426895, 1018, 22.7, 46 
2248271.487807, 1018, 22.7, 46 
2248331.549574, 1018, 22.7, 46 
2248391.61308, 1018, 22.7, 46 
2248451.667638, 1018, 22.7, 46 
2248511.727826, 1018, 22.7, 46 
2248571.737684, 1018, 22.7, 46 
2248631.797643, 1018, 22.7, 46 
2248691.817645, 1018, 22.7, 46 
2248751.847751, 1018, 22.7, 46 
2248811.907801, 1018, 22.7, 46 
2248871.971599, 1018, 22.7, 46 
2248931.987869, 1018, 22.7, 46 
2248992.051202, 1018, 22.7, 46 
2249052.107863, 1018, 22.7, 46 
2249112.12786, 1018, 22.7, 46 
2249172.157932, 1018, 22.7, 46 
2249232.217829, 1018, 22.7, 46 
2249292.237878, 1018, 22.7, 46 
2249352.301182, 1018, 22.7, 46 
2249412.357841, 1018, 22.7, 46 
2249472.377877, 1018, 22.7, 46 
2249532.441223, 1018, 22.7, 46 
2249592.487857, 1018, 22.7, 46 
2249652.551523, 1018, 22.7, 46 
2249712.614849, 1018, 22.7, 46 
2249772.67784, 1018, 22.7, 46 
2249832.687847, 1018, 22.7, 46 
2249892.727908, 1018, 22.7, 46 
2249952.737818, 1018, 22.7, 46 
2250012.757851, 1018, 22.7, 46 
2250072.821208, 1018, 22.7, 46 
2250132.877822, 1018, 22.7, 46 
2250192.897822, 1018, 22.7, 46 
2250252.961225, 1018, 22.7, 46 
2250312.967858, 1018, 22.7, 46 
2250372.987849, 1018, 22.7, 46 
2250433.027879, 1018, 22.7, 46 
2250493.087833, 1018, 22.7, 46 
2250553.147828, 1018, 22.7, 46 
2250613.167872, 1018, 22.7, 46 
2250673.187879, 1018, 22.7, 46 
2250733.237881, 1018, 22.7, 46 
2250793.301206, 1018, 22.7, 46 
2250853.364483, 1018, 22.7, 46 
2250913.427828, 1018, 22.7, 46 
2250973.487864, 1018, 22.7, 46 
2251033.550531, 1018, 22.7, 46 
2251093.608029, 1018, 22.7, 46 
2251153.647884, 1018, 22.7, 46 
2251213.687921, 1018, 22.7, 46 
2251273.737897, 1018, 22.7, 46 
2251333.800118, 1018, 22.7, 46 
2251393.863436, 1018, 22.7, 46 
2251453.9268, 1018, 22.7, 46 
2251513.987863, 1018, 22.7, 46 
2251574.047839, 1018, 22.7, 46 
2251634.10784, 1018, 22.7, 46 
2251694.171874, 1018, 22.7, 46 
2251754.235599, 1018, 22.7, 46 
2251814.297828, 1018, 22.7, 46 
2251874.362223, 1018, 22.7, 46 
2251934.42556, 1018, 22.7, 46 
2251994.45786, 1018, 22.7, 46 
2252054.517872, 1018, 22.7, 46 
2252114.58118, 1018, 22.7, 46 
2252174.64454, 1018, 22.7, 46 
2252234.707977, 1018, 22.7, 46 
2252294.737857, 1018, 22.7, 46 
2252354.801176, 1018, 22.7, 46 
2252414.864467, 1018, 22.7, 46 
2252474.927874, 1018, 22.7, 46 
2252534.987858, 1018, 22.7, 46 
2252595.017814, 1018, 22.7, 46 
2252655.057879, 1018, 22.7, 46 
2252715.103897, 1018, 22.7, 46 
2252775.167331, 1018, 22.7, 46 
2252835.227783, 1018, 22.7, 46 
2252895.23787, 1018, 22.7, 46 
2252955.267815, 1018, 22.7, 46 
2253015.331157, 1018, 22.7, 46 
2253075.394809, 1018, 22.7, 46 
2253135.457839, 1018, 22.7, 46 
2253195.517899, 1018, 22.7, 46 
2253255.527847, 1018, 22.7, 46 
2253315.547843, 1018, 22.7, 46 
2253375.607969, 1018, 22.7, 46 
2253435.671792, 1018, 22.7, 46 
2253495.707868, 1018, 22.7, 46 
2253555.737888, 1018, 22.7, 46 
2253615.801593, 1018, 22.7, 46 
2253675.817864, 1018, 22.7, 46 
2253735.881223, 1018, 22.7, 46 
2253795.94437, 1018, 22.7, 46 
2253855.997836, 1018, 22.7, 46 
2253916.061111, 1018, 22.7, 46 
2253976.077853, 1018, 22.7, 46 
2254036.127852, 1018, 22.7, 46 
2254096.18793, 1018, 22.7, 46 
2254156.237885, 1018, 22.7, 46 
2254216.301103, 1018, 22.7, 46 
2254276.307865, 1018, 22.7, 46 
2254336.371211, 1018, 22.7, 46 
2254396.435341, 1018, 22.7, 46 
2254456.487877, 1018, 22.7, 46 
2254516.547791, 1018, 22.7, 46 
2254576.611944, 1018, 22.7, 46 
2254636.675376, 1018, 22.7, 46 
2254696.737824, 1018, 22.7, 46 
2254756.801521, 1018, 22.7, 46 
2254816.857828, 1018, 22.7, 46 
2254876.917845, 1018, 22.7, 46 
2254936.98128, 1018, 22.7, 46 
2254997.037821, 1018, 22.7, 46 
2255057.057957, 1018, 22.7, 46 
2255117.12165, 1018, 22.7, 46 
2255177.184806, 1018, 22.7, 46 
2255237.237895, 1018, 22.7, 46 
2255297.301231, 1018, 22.7, 46 
2255357.357837, 1018, 22.7, 46 
2255417.421162, 1018, 22.7, 46 
2255477.427839, 1018, 22.7, 46 
2255537.487898, 1018, 22.7, 46 
2255597.507858, 1018, 22.7, 46 
2255657.52785, 1018, 22.7, 46 
2255717.591196, 1018, 22.7, 46 
2255777.647871, 1018, 22.7, 46 
2255837.711291, 1018, 22.7, 46 
2255897.737872, 1018, 22.7, 46 
2255957.797669, 1018, 22.7, 46 
2256017.859385, 1018, 22.7, 46 
2256077.92275, 1018, 22.7, 46 
2256137.927862, 1018, 22.7, 46 
2256197.987862, 1018, 22.7, 46 
2256258.051533, 1018, 22.7, 46 
2256318.067843, 1018, 22.7, 46 
2256378.131154, 1018, 22.7, 46 
2256438.19485, 1018, 22.7, 46 
2256498.21788, 1018, 22.7, 46 
2256558.277913, 1018, 22.7, 46 
2256618.342056, 1018, 22.7, 46 
2256678.39783, 1018, 22.7, 46 
2256738.461201, 1018, 22.7, 46 
2256798.487877, 1018, 22.7, 46 
2256858.547717, 1018, 22.7, 46 
2256918.609517, 1018, 22.7, 46 
2256978.672917, 1018, 22.7, 46 
2257038.73491, 1018, 22.7, 46 
2257098.798429, 1018, 22.7, 46 
2257158.860216, 1018, 22.7, 46 
2257218.923705, 1018, 22.7, 46 
2257278.927669, 1018, 22.7, 46 
2257338.987669, 1018, 22.7, 46 
2257399.047715, 1018, 22.7, 46 
2257459.109367, 1018, 22.7, 46 
2257519.167791, 1018, 22.7, 46 
2257579.184606, 1018, 22.7, 46 
2257639.237697, 1018, 22.7, 46 
2257699.297659, 1018, 22.7, 46 
2257759.317671, 1018, 22.7, 46 
2257819.337851, 1018, 22.7, 46 
2257879.401049, 1018, 22.7, 46 
2257939.462758, 1018, 22.7, 46 
2257999.487816, 1018, 22.7, 46 
2258059.547854, 1018, 22.7, 46 
2258119.566439, 1018, 22.7, 46 
2258179.629835, 1018, 22.7, 46 
2258239.693838, 1018, 22.7, 46 
2258299.757894, 1018, 22.7, 46 
2258359.821678, 1018, 22.7, 46 
2258419.88544, 1018, 22.7, 46 
2258479.947886, 1018, 22.7, 46 
2258540.011586, 1018, 22.7, 46 
2258600.075449, 1018, 22.7, 46 
2258660.139205, 1018, 22.7, 46 
2258720.20295, 1018, 22.7, 46 
2258780.257823, 1018, 22.7, 46 
2258840.321694, 1018, 22.7, 46 
2258900.37788, 1018, 22.7, 46 
2258960.441605, 1018, 22.7, 46 
2259020.447883, 1018, 22.7, 46 
2259080.511712, 1018, 22.7, 46 
2259140.575496, 1018, 22.7, 46 
2259200.607949, 1018, 22.7, 46 
2259260.672931, 1018, 22.7, 46 
2259320.738011, 1018, 22.7, 46 
2259380.797927, 1018, 22.7, 46 
2259440.857934, 1018, 22.7, 46 
2259500.922936, 1018, 22.7, 46 
2259560.927942, 1018, 22.7, 46 
2259620.991654, 1018, 22.7, 46 
2259681.055516, 1018, 22.7, 46 
2259741.117997, 1018, 22.7, 46 
2259801.177869, 1018, 22.7, 46 
2259861.206046, 1018, 22.7, 46 
2259921.267851, 1018, 22.7, 46 
2259981.277857, 1018, 22.7, 46 
2260041.337934, 1018, 22.7, 46 
2260101.401754, 1018, 22.7, 46 
2260161.465532, 1018, 22.7, 46 
2260221.529312, 1018, 22.7, 46 
2260281.591991, 1018, 22.7, 46 
2260341.647902, 1018, 22.7, 46 
2260401.70796, 1018, 22.7, 46 
2260461.767833, 1018, 22.7, 46 
2260521.831775, 1018, 22.7, 46 
2260581.895516, 1018, 22.7, 46 
2260641.959774, 1018, 22.7, 46 
2260702.024528, 1018, 22.7, 46 
2260762.089703, 1018, 22.7, 46 
2260822.1535, 1018, 22.7, 46 
2260882.217206, 1018, 22.7, 46 
2260942.281037, 1018, 22.7, 46 
2261002.344841, 1018, 22.7, 46 
2261062.408339, 1018, 22.7, 46 
2261122.467903, 1018, 22.7, 46 
2261182.531622, 1018, 22.7, 46 
2261242.587879, 1018, 22.7, 46 
2261302.607876, 1018, 22.7, 46 
2261362.627852, 1018, 22.7, 46 
2261422.680198, 1018, 22.7, 46 
2261482.737997, 1018, 22.7, 46 
2261542.787911, 1018, 22.7, 46 
2261602.847899, 1018, 22.7, 46 
2261662.911072, 1018, 22.7, 46 
2261722.975278, 1018, 22.7, 46 
2261783.038791, 1018, 22.7, 46 
2261843.102631, 1018, 22.7, 46 
2261903.157823, 1018, 22.7, 46 
2261963.167866, 1018, 22.7, 46 
2262023.17783, 1018, 22.7, 46 
2262083.237864, 1018, 22.7, 46 
2262143.243964, 1018, 22.7, 46 
2262203.247905, 1018, 22.7, 46 
2262263.307853, 1018, 22.7, 46 
2262323.371286, 1018, 22.7, 46 
2262383.434711, 1018, 22.7, 46 
2262443.497825, 1018, 22.7, 46 
2262503.561302, 1018, 22.7, 46 
2262563.567881, 1018, 22.7, 46 
2262623.627864, 1018, 22.7, 46 
2262683.691277, 1018, 22.7, 46 
2262743.755973, 1018, 22.7, 46 
2262803.820619, 1018, 22.7, 46 
2262863.877879, 1018, 22.7, 46 
2262923.937818, 1018, 22.7, 46 
2262983.957902, 1018, 22.7, 46 
2263044.021381, 1018, 22.7, 46 
2263104.084842, 1018, 22.7, 46 
2263164.107873, 1018, 22.7, 46 
2263224.171167, 1018, 22.7, 46 
2263284.187862, 1018, 22.7, 46 
2263344.225114, 1018, 22.7, 46 
2263404.238163, 1018, 22.7, 46 
2263464.300222, 1018, 22.7, 46 
2263524.363705, 1018, 22.7, 46 
2263584.37786, 1018, 22.7, 46 
2263644.437855, 1018, 22.7, 46 
2263704.501359, 1018, 22.7, 46 
2263764.564831, 1018, 22.7, 46 
2263824.629182, 1018, 22.7, 46 
2263884.692587, 1018, 22.7, 46 
2263944.697882, 1018, 22.7, 46 
2264004.762061, 1018, 22.7, 46 
2264064.82552, 1018, 22.7, 46 
2264124.889057, 1018, 22.7, 46 
2264184.952458, 1018, 22.7, 46 
2264245.015896, 1018, 22.7, 46 
2264305.079408, 1018, 22.7, 46 
2264365.142825, 1018, 22.7, 46 
2264425.147902, 1018, 22.7, 46 
2264485.211746, 1018, 22.7, 46 
2264545.234678, 1018, 22.7, 46 
2264605.247884, 1018, 22.7, 46 
2264665.312062, 1018, 22.7, 46 
2264725.367823, 1018, 22.7, 46 
2264785.431333, 1018, 22.7, 46 
2264845.487847, 1018, 22.7, 46 
2264905.497814, 1018, 22.7, 46 
2264965.561239, 1018, 22.7, 46 
2265025.617817, 1018, 22.7, 46 
2265085.681591, 1018, 22.7, 46 
2265145.745045, 1018, 22.7, 46 
2265205.808101, 1018, 22.7, 46 
2265265.872354, 1018, 22.7, 46 
2265325.927867, 1018, 22.7, 46 
2265385.992029, 1018, 22.7, 46 
2265446.055923, 1018, 22.7, 46 
2265506.119577, 1018, 22.7, 46 
2265566.183381, 1018, 22.7, 46 
2265626.23789, 1018, 22.7, 46 
2265686.297862, 1018, 22.7, 46 
2265746.309801, 1018, 22.7, 46 
2265806.374024, 1018, 22.7, 46 
2265866.437859, 1018, 22.7, 46 
2265926.501287, 1018, 22.7, 46 
2265986.558112, 1018, 22.7, 46 
2266046.622037, 1018, 22.7, 46 
2266106.677668, 1018, 22.7, 46 
2266166.738011, 1018, 22.7, 46 
2266226.801376, 1018, 22.7, 46 
2266286.857762, 1018, 22.7, 46 
2266346.919442, 1018, 22.7, 46 
2266406.981039, 1018, 22.7, 46 
2266467.042645, 1018, 22.7, 46 
2266527.104154, 1018, 22.7, 46 
2266587.111837, 1018, 22.7, 46 
2266647.175165, 1018, 22.6, 46 
2266707.236697, 1018, 22.6, 46 
2266767.257679, 1018, 22.7, 46 
2266827.307723, 1018, 22.7, 46 
2266887.367712, 1018, 22.7, 46 
2266947.429417, 1018, 22.7, 46 
2267007.437679, 1018, 22.6, 46 
2267067.49962, 1018, 22.7, 46 
2267127.563064, 1018, 22.7, 46 
2267187.617822, 1018, 22.7, 46 
2267247.681288, 1018, 22.7, 46 
2267307.737806, 1018, 22.7, 46 
2267367.80317, 1018, 22.7, 46 
2267427.867112, 1018, 22.7, 46 
2267487.930532, 1018, 22.7, 46 
2267547.987874, 1018, 22.7, 46 
2267608.051232, 1018, 22.7, 46 
2267668.067881, 1018, 22.7, 46 
2267728.132279, 1018, 22.7, 46 
2267788.195064, 1018, 22.6, 46 
2267848.259251, 1018, 22.7, 46 
2267908.317825, 1018, 22.7, 46 
2267968.381172, 1018, 22.7, 46 
2268028.442575, 1018, 22.7, 46 
2268088.497841, 1018, 22.7, 46 
2268148.50782, 1018, 22.7, 46 
2268208.571235, 1018, 22.7, 46 
2268268.635627, 1018, 22.7, 46 
2268328.698011, 1018, 22.7, 46 
2268388.758012, 1018, 22.7, 46 
2268448.817993, 1018, 22.7, 46 
2268508.877928, 1018, 22.7, 46 
2268568.94278, 1018, 22.7, 46 
2268629.006447, 1018, 22.7, 46 
2268689.067866, 1018, 22.7, 46 
2268749.131644, 1018, 22.7, 46 
2268809.195391, 1018, 22.6, 46 
2268869.259244, 1018, 22.6, 46 
2268929.31807, 1018, 22.7, 46 
2268989.337905, 1018, 22.7, 46 
2269049.401752, 1018, 22.7, 46 
2269109.465519, 1018, 22.7, 46 
2269169.529373, 1018, 22.7, 46 
2269229.593119, 1018, 22.7, 46 
2269289.607895, 1018, 22.7, 46 
2269349.671652, 1018, 22.7, 46 
2269409.727896, 1018, 22.7, 46 
2269469.791656, 1018, 22.7, 46 
2269529.848127, 1018, 22.7, 46 
2269589.908023, 1018, 22.7, 46 
2269649.968009, 1018, 22.7, 46 
2269710.031702, 1018, 22.7, 46 
2269770.087958, 1018, 22.7, 46 
2269830.151703, 1018, 22.6, 46 
2269890.207871, 1018, 22.7, 46 
2269950.27322, 1018, 22.6, 46 
2270010.313744, 1018, 22.7, 46 
2270070.377597, 1018, 22.7, 46 
2270130.441337, 1018, 22.7, 46 
2270190.497868, 1018, 22.6, 46 
2270250.557681, 1018, 22.7, 46 
2270310.617849, 1018, 22.6, 46 
2270370.681296, 1018, 22.7, 46 
2270430.707866, 1018, 22.7, 46 
2270490.768818, 1018, 22.6, 46 
2270550.832355, 1018, 22.7, 46 
2270610.89573, 1018, 22.6, 46 
2270670.959207, 1018, 22.7, 46 
2270731.017803, 1018, 22.7, 46 
2270791.081309, 1018, 22.7, 46 
2270851.087863, 1018, 22.7, 46 
2270911.151284, 1018, 22.7, 46 
2270971.207869, 1018, 22.7, 46 
2271031.230483, 1018, 22.7, 46 
2271091.28791, 1018, 22.7, 46 
2271151.347829, 1018, 22.7, 46 
2271211.367921, 1018, 22.7, 46 
2271271.427811, 1018, 22.6, 46 
2271331.447847, 1018, 22.7, 46 
2271391.495457, 1018, 22.7, 46 
2271451.557875, 1018, 22.7, 46 
2271511.6213, 1018, 22.6, 46 
2271571.684746, 1018, 22.6, 46 
2271631.717907, 1018, 22.7, 46 
2271691.7683, 1018, 22.6, 46 
2271751.82788, 1018, 22.7, 46 
2271811.878063, 1018, 22.7, 46 
2271871.941559, 1018, 22.7, 46 
2271932.00612, 1018, 22.6, 46 
2271992.067908, 1018, 22.7, 46 
2272052.132078, 1018, 22.7, 46 
2272112.187891, 1018, 22.7, 46 
2272172.207809, 1018, 22.7, 46 
2272232.267836, 1018, 22.7, 46 
2272292.277851, 1018, 22.6, 46 
2272352.341171, 1018, 22.6, 46 
2272412.367905, 1018, 22.6, 46 
2272472.431613, 1018, 22.6, 46 
2272532.487859, 1018, 22.6, 46 
2272592.551152, 1018, 22.7, 46 
2272652.614436, 1018, 22.6, 46 
2272712.667908, 1018, 22.7, 46 
2272772.731248, 1018, 22.7, 46 
2272832.737839, 1018, 22.6, 46 
2272892.80121, 1018, 22.6, 46 
2272952.858001, 1018, 22.6, 46 
2273012.921334, 1018, 22.7, 46 
2273072.985044, 1018, 22.6, 46 
2273133.047853, 1018, 22.6, 46 
2273193.111261, 1018, 22.7, 46 
2273253.17444, 1018, 22.6, 46 
2273313.236162, 1018, 22.7, 46 
2273373.257858, 1018, 22.7, 46 
2273433.321165, 1018, 22.6, 46 
2273493.377931, 1018, 22.7, 46 
2273553.442018, 1018, 22.6, 46 
2273613.497827, 1018, 22.7, 46 
2273673.507824, 1018, 22.7, 46 
2273733.567821, 1018, 22.6, 46 
2273793.62783, 1018, 22.7, 46 
2273853.687977, 1018, 22.6, 46 
2273913.697857, 1018, 22.6, 46 
2273973.707812, 1018, 22.6, 46 
2274033.72786, 1018, 22.6, 46 
2274093.737879, 1018, 22.6, 46 
2274153.777835, 1018, 22.6, 46 
2274213.841184, 1018, 22.6, 46 
2274273.89802, 1018, 22.6, 46 
2274333.957796, 1018, 22.6, 46 
2274393.987832, 1018, 22.7, 46 
2274454.049566, 1018, 22.6, 46 
2274514.107748, 1018, 22.7, 46 
2274574.169649, 1018, 22.6, 46 
2274634.227667, 1018, 22.7, 46 
2274694.237671, 1018, 22.6, 46 
2274754.257662, 1018, 22.6, 46 
2274814.31925, 1018, 22.6, 46 
2274874.380845, 1018, 22.6, 46 
2274934.437647, 1018, 22.6, 46 
2274994.497673, 1018, 22.7, 46 
2275054.559551, 1018, 22.7, 46 
2275114.621107, 1018, 22.7, 46 
2275174.677794, 1018, 22.7, 46 
2275234.687871, 1018, 22.6, 46 
2275294.737881, 1018, 22.6, 46 
2275354.757838, 1018, 22.6, 46 
2275414.821184, 1018, 22.6, 46 
2275474.884671, 1018, 22.6, 46 
2275534.949018, 1018, 22.6, 46 
2275595.00783, 1018, 22.6, 46 
2275655.071891, 1018, 22.6, 46 
2275715.087813, 1018, 22.7, 46 
2275775.151068, 1018, 22.7, 46 
2275835.177865, 1018, 22.6, 46 
2275895.207888, 1018, 22.6, 46 
2275955.217857, 1018, 22.6, 46 
2276015.237865, 1018, 22.6, 46 
2276075.257874, 1018, 22.6, 46 
2276135.277867, 1018, 22.6, 46 
2276195.337795, 1018, 22.6, 46 
2276255.397877, 1018, 22.7, 46 
2276315.461224, 1018, 22.6, 46 
2276375.48782, 1018, 22.6, 46 
2276435.547847, 1018, 22.6, 46 
2276495.610535, 1018, 22.6, 46 
2276555.673907, 1018, 22.6, 46 
2276615.687882, 1018, 22.6, 46 
2276675.737836, 1018, 22.6, 46 
2276735.801244, 1018, 22.6, 46 
2276795.857833, 1018, 22.6, 46 
2276855.921257, 1018, 22.6, 46 
2276915.927851, 1018, 22.7, 46 
2276975.987884, 1018, 22.6, 46 
2277036.00792, 1018, 22.6, 47 
2277096.071292, 1018, 22.6, 46 
2277156.134607, 1018, 22.6, 46 
2277216.198028, 1018, 22.6, 46 
2277276.237857, 1018, 22.6, 46 
2277336.301209, 1018, 22.6, 46 
2277396.36454, 1018, 22.7, 46 
2277456.428317, 1018, 22.6, 46 
2277516.487868, 1018, 22.6, 46 
2277576.551938, 1018, 22.6, 46 
2277636.60783, 1018, 22.6, 46 
2277696.671904, 1018, 22.7, 46 
2277756.733868, 1018, 22.6, 46 
2277816.737855, 1018, 22.6, 46 
2277876.801007, 1018, 22.6, 46 
2277936.807843, 1018, 22.6, 46 
2277996.867842, 1018, 22.6, 46 
2278056.928299, 1018, 22.6, 46 
2278116.987954, 1018, 22.6, 46 
2278177.051702, 1018, 22.6, 46 
2278237.107834, 1018, 22.7, 46 
2278297.167893, 1018, 22.6, 46 
2278357.232489, 1018, 22.7, 46 
2278417.296203, 1018, 22.6, 46 
2278477.357915, 1018, 22.6, 46 
2278537.417906, 1018, 22.6, 46 
2278597.482815, 1018, 22.6, 46 
2278657.53795, 1018, 22.6, 46 
2278717.601757, 1018, 22.6, 46 
2278777.66551, 1018, 22.6, 46 
2278837.729857, 1018, 22.6, 46 
2278897.787907, 1018, 22.6, 46 
2278957.847903, 1018, 22.6, 46 
2279017.912509, 1018, 22.6, 46 
2279077.967896, 1018, 22.6, 46 
2279138.03188, 1018, 22.6, 46 
2279198.095625, 1018, 22.6, 46 
2279258.157928, 1018, 22.6, 46 
2279318.221693, 1018, 22.6, 46 
2279378.285573, 1018, 22.6, 46 
2279438.349813, 1018, 22.6, 46 
2279498.407879, 1018, 22.6, 46 
2279558.467879, 1018, 22.6, 46 
2279618.529908, 1018, 22.6, 46 
2279678.593457, 1018, 22.6, 46 
2279738.657788, 1018, 22.6, 46 
2279798.679792, 1018, 22.6, 46 
2279858.697663, 1018, 22.6, 46 
2279918.757908, 1018, 22.6, 46 
2279978.822733, 1018, 22.6, 46 
2280038.886548, 1018, 22.6, 46 
2280098.948143, 1018, 22.6, 46 
2280159.01231, 1018, 22.6, 46 
2280219.067994, 1018, 22.6, 46 
2280279.077847, 1018, 22.6, 46 
2280339.141138, 1018, 22.6, 46 
2280399.204469, 1018, 22.6, 46 
2280459.237854, 1018, 22.6, 46 
2280519.301931, 1018, 22.6, 46 
2280579.32787, 1018, 22.6, 46 
2280639.391523, 1018, 22.6, 46 
2280699.454868, 1018, 22.6, 46 
2280759.51788, 1018, 22.6, 46 
2280819.581204, 1018, 22.6, 46 
2280879.644581, 1018, 22.6, 46 
2280939.674285, 1018, 22.6, 46 
2280999.737703, 1018, 22.6, 46 
2281059.801446, 1018, 22.6, 46 
2281119.807853, 1018, 22.6, 46 
2281179.827875, 1018, 22.6, 46 
2281239.891651, 1018, 22.6, 46 
2281299.952633, 1018, 22.6, 46 
2281360.016628, 1018, 22.6, 46 
2281420.080104, 1018, 22.6, 46 
2281480.143447, 1018, 22.6, 46 
2281540.206792, 1018, 22.6, 46 
2281600.217868, 1018, 22.6, 46 
2281660.277853, 1018, 22.6, 46 
2281720.341187, 1018, 22.6, 46 
2281780.397867, 1018, 22.6, 46 
2281840.457811, 1018, 22.6, 46 
2281900.521248, 1018, 22.6, 46 
2281960.537873, 1018, 22.6, 46 
2282020.597918, 1018, 22.6, 46 
2282080.657861, 1018, 22.6, 46 
2282140.721913, 1018, 22.6, 46 
2282200.727889, 1018, 22.6, 46 
2282260.787834, 1018, 22.6, 46 
2282320.847634, 1018, 22.6, 46 
2282380.909378, 1018, 22.6, 46 
2282440.967974, 1018, 22.6, 46 
2282501.031352, 1018, 22.6, 46 
2282561.094708, 1018, 22.6, 46 
2282621.157864, 1018, 22.6, 46 
2282681.207903, 1018, 22.6, 46 
2282741.237883, 1018, 22.6, 46 
2282801.301207, 1018, 22.6, 46 
2282861.364677, 1018, 22.6, 46 
2282921.427801, 1018, 22.6, 46 
2282981.48786, 1018, 22.6, 46 
2283041.547858, 1018, 22.6, 46 
2283101.60782, 1018, 22.6, 46 
2283161.668037, 1018, 22.6, 46 
2283221.729631, 1018, 22.6, 46 
2283281.787769, 1018, 22.6, 46 
2283341.849528, 1018, 22.6, 46 
2283401.907684, 1018, 22.6, 46 
2283461.967827, 1018, 22.6, 46 
2283522.030078, 1018, 22.6, 46 
2283582.091938, 1018, 22.6, 46 
2283642.15349, 1018, 22.6, 46 
2283702.215076, 1018, 22.6, 46 
2283762.23767, 1018, 22.6, 46 
2283822.299226, 1018, 22.6, 46 
2283882.361019, 1018, 22.6, 46 
2283942.424392, 1018, 22.6, 46 
2284002.487656, 1018, 22.6, 46 
2284062.547804, 1018, 22.6, 46 
2284122.611887, 1018, 22.6, 46 
2284182.647896, 1018, 22.6, 46 
2284242.711264, 1018, 22.6, 46 
2284302.737819, 1018, 22.6, 46 
2284362.80116, 1018, 22.6, 46 
2284422.864492, 1018, 22.6, 46 
2284482.877865, 1018, 22.6, 46 
2284542.941519, 1018, 22.6, 46 
2284602.967856, 1018, 22.6, 46 
2284662.987912, 1018, 22.6, 46 
2284723.051369, 1018, 22.6, 46 
2284783.114786, 1018, 22.6, 46 
2284843.177847, 1018, 22.6, 46 
2284903.237825, 1018, 22.6, 46 
2284963.297833, 1018, 22.6, 46 
2285023.361259, 1018, 22.6, 46 
2285083.424661, 1018, 22.6, 46 
2285143.487856, 1018, 22.6, 46 
2285203.547844, 1018, 22.6, 46 
2285263.607886, 1018, 22.6, 46 
2285323.671268, 1018, 22.6, 46 
2285383.67787, 1018, 22.6, 46 
2285443.737837, 1018, 22.6, 46 
2285503.803321, 1018, 22.6, 47 
2285563.866769, 1018, 22.6, 47 
2285623.931003, 1018, 22.6, 47 
2285683.992755, 1018, 22.6, 47 
2285744.047865, 1018, 22.6, 47 
2285804.111314, 1018, 22.6, 47 
2285864.167817, 1018, 22.6, 47 
2285924.23114, 1018, 22.6, 47 
2285984.2931, 1018, 22.6, 47 
2286044.347808, 1018, 22.6, 47 
2286104.40781, 1018, 22.6, 47 
2286164.427868, 1018, 22.6, 47 
2286224.491363, 1018, 22.6, 47 
2286284.553088, 1018, 22.6, 47 
2286344.619425, 1018, 22.6, 47 
2286404.677796, 1018, 22.6, 47 
2286464.741196, 1018, 22.6, 47 
2286524.800047, 1018, 22.6, 47 
2286584.858017, 1018, 22.6, 47 
2286644.921414, 1018, 22.6, 47 
2286704.952682, 1018, 22.6, 47 
2286764.957849, 1018, 22.6, 47 
2286825.018026, 1018, 22.6, 47 
2286885.076419, 1018, 22.6, 47 
2286945.139895, 1018, 22.6, 47 
2287005.197867, 1018, 22.6, 47 
2287065.257857, 1018, 22.6, 47 
2287125.317833, 1018, 22.6, 47 
2287185.381145, 1018, 22.6, 47 
2287245.444463, 1018, 22.6, 47 
2287305.507778, 1018, 22.6, 47 
2287365.570995, 1018, 22.6, 47 
2287425.634118, 1018, 22.6, 47 
2287485.697587, 1018, 22.6, 47 
2287545.760228, 1018, 22.6, 47 
2287605.817864, 1018, 22.6, 47 
2287665.881518, 1018, 22.6, 47 
2287725.907848, 1018, 22.6, 47 
2287785.927854, 1018, 22.6, 47 
2287845.987767, 1018, 22.6, 47 
2287906.048154, 1018, 22.6, 47 
2287966.112386, 1018, 22.6, 47 
2288026.171317, 1018, 22.6, 47 
2288086.232823, 1018, 22.6, 47 
2288146.288776, 1018, 22.6, 47 
2288206.347812, 1018, 22.6, 47 
2288266.407817, 1018, 22.6, 47 
2288326.427951, 1018, 22.6, 47 
2288386.491739, 1018, 22.6, 47 
2288446.518362, 1018, 22.6, 47 
2288506.558307, 1018, 22.6, 47 
2288566.621782, 1018, 22.6, 47 
2288626.646416, 1018, 22.6, 47 
2288686.709889, 1018, 22.6, 47 
2288746.767883, 1018, 22.6, 47 
2288806.831442, 1018, 22.6, 47 
2288866.895444, 1018, 22.6, 47 
2288926.946965, 1018, 22.6, 47 
2288986.968172, 1018, 22.6, 47 
2289047.032398, 1018, 22.6, 47 
2289107.095994, 1018, 22.6, 47 
2289167.107904, 1018, 22.6, 47 
2289227.172077, 1018, 22.6, 47 
2289287.227845, 1018, 22.6, 47 
2289347.287861, 1018, 22.6, 47 
2289407.351673, 1018, 22.6, 47 
2289467.407855, 1018, 22.6, 47 
2289527.467812, 1018, 22.6, 47 
2289587.47789, 1018, 22.6, 47 
2289647.541747, 1018, 22.6, 47 
2289707.547925, 1018, 22.6, 47 
2289767.611376, 1018, 22.6, 47 
2289827.617831, 1018, 22.6, 47 
2289887.677854, 1018, 22.6, 47 
2289947.741307, 1018, 22.6, 47 
2290007.805042, 1018, 22.6, 47 
2290067.868137, 1018, 22.6, 47 
2290127.931834, 1018, 22.6, 47 
2290187.995278, 1018, 22.6, 47 
2290248.058067, 1018, 22.6, 47 
2290308.117916, 1018, 22.6, 47 
2290368.181358, 1018, 22.6, 47 
2290428.237852, 1018, 22.6, 47 
2290488.297852, 1018, 22.6, 47 
2290548.317835, 1018, 22.6, 47 
2290608.37781, 1018, 22.6, 47 
2290668.442019, 1018, 22.6, 47 
2290728.505359, 1018, 22.6, 47 
2290788.554303, 1018, 22.6, 47 
2290848.617384, 1018, 22.6, 47 
2290908.677859, 1018, 22.6, 47 
2290968.737862, 1018, 22.6, 47 
2291028.797672, 1018, 22.6, 47 
2291088.859429, 1018, 22.6, 47 
2291148.922845, 1018, 22.6, 47 
2291208.977839, 1018, 22.6, 47 
2291268.99786, 1018, 22.6, 47 
2291329.061422, 1018, 22.6, 47 
2291389.120299, 1018, 22.6, 47 
2291449.183817, 1018, 22.6, 47 
2291509.245657, 1018, 22.6, 47 
2291569.309153, 1018, 22.6, 47 
2291629.371016, 1018, 22.6, 47 
2291689.387834, 1018, 22.6, 47 
2291749.447857, 1018, 22.6, 47 
2291809.507677, 1018, 22.6, 47 
2291869.565987, 1018, 22.6, 47 
2291929.627578, 1018, 22.6, 47 
2291989.689159, 1018, 22.6, 47 
2292049.750919, 1018, 22.6, 47 
2292109.807665, 1018, 22.6, 47 
2292169.869583, 1018, 22.6, 46 
2292229.931168, 1018, 22.6, 46 
2292289.992929, 1018, 22.6, 46 
2292350.056179, 1018, 22.6, 46 
2292410.118102, 1018, 22.6, 46 
2292470.181568, 1018, 22.6, 46 
2292530.24499, 1018, 22.6, 46 
2292590.308507, 1018, 22.6, 46 
2292650.367872, 1018, 22.6, 46 
2292710.377874, 1018, 22.6, 46 
2292770.437928, 1018, 22.6, 46 
2292830.457861, 1018, 22.6, 46 
2292890.521688, 1018, 22.6, 46 
2292950.585133, 1018, 22.6, 46 
2293010.597963, 1018, 22.6, 46 
2293070.657866, 1018, 22.6, 46 
2293130.667825, 1018, 22.6, 47 
2293190.687862, 1018, 22.6, 47 
2293250.751181, 1018, 22.6, 47 
2293310.767873, 1018, 22.6, 47 
2293370.831291, 1018, 22.6, 47 
2293430.887884, 1018, 22.6, 46 
2293490.951252, 1018, 22.6, 47 
2293551.014782, 1018, 22.6, 46 
2293611.078827, 1018, 22.6, 46 
2293671.137958, 1018, 22.6, 47 
2293731.177878, 1018, 22.6, 46 
2293791.241308, 1018, 22.6, 46 
2293851.304761, 1018, 22.6, 46 
2293911.317896, 1018, 22.6, 47 
2293971.381153, 1018, 22.6, 46 
2294031.444631, 1018, 22.6, 46 
2294091.508132, 1018, 22.6, 46 
2294151.571532, 1018, 22.6, 46 
2294211.634988, 1018, 22.6, 47 
2294271.698865, 1018, 22.6, 47 
2294331.762298, 1018, 22.6, 47 
2294391.825784, 1018, 22.6, 47 
2294451.889392, 1018, 22.6, 47 
2294511.952804, 1018, 22.6, 47 
2294571.967864, 1018, 22.6, 47 
2294632.031299, 1018, 22.6, 47 
2294692.087911, 1018, 22.6, 47 
2294752.151304, 1018, 22.6, 47 
2294812.214808, 1018, 22.6, 46 
2294872.227875, 1018, 22.6, 47 
2294932.287874, 1018, 22.6, 47 
2294992.351274, 1018, 22.6, 46 
2295052.407817, 1018, 22.6, 46 
2295112.427888, 1018, 22.6, 46 
2295172.492095, 1018, 22.6, 46 
2295232.547877, 1018, 22.6, 46 
2295292.557875, 1018, 22.6, 46 
2295352.621329, 1018, 22.6, 47 
2295412.634377, 1018, 22.6, 47 
2295472.687895, 1018, 22.6, 46 
2295532.747984, 1018, 22.6, 47 
2295592.757883, 1018, 22.6, 46 
2295652.821294, 1018, 22.6, 46 
2295712.884697, 1018, 22.6, 46 
2295772.897885, 1018, 22.6, 46 
2295832.961624, 1018, 22.6, 46 
2295893.025363, 1018, 22.6, 46 
2295953.088881, 1018, 22.6, 46 
2296013.152335, 1018, 22.6, 46 
2296073.215808, 1018, 22.6, 46 
2296133.279377, 1018, 22.6, 46 
2296193.287878, 1018, 22.6, 46 
2296253.351342, 1018, 22.6, 46 
2296313.407856, 1018, 22.6, 46 
2296373.471277, 1018, 22.6, 46 
2296433.521001, 1018, 22.6, 46 
2296493.584463, 1018, 22.6, 46 
2296553.647946, 1018, 22.6, 46 
2296613.711317, 1018, 22.6, 46 
2296673.737915, 1018, 22.6, 46 
2296733.801583, 1018, 22.6, 46 
2296793.827849, 1018, 22.6, 46 
2296853.891188, 1018, 22.6, 46 
2296913.954482, 1018, 22.6, 46 
2296973.987849, 1018, 22.6, 46 
2297034.051517, 1018, 22.6, 46 
2297094.11126, 1018, 22.6, 46 
2297154.167919, 1018, 22.6, 46 
2297214.227848, 1018, 22.6, 46 
2297274.287654, 1018, 22.6, 46 
2297334.349504, 1018, 22.6, 46 
2297394.372234, 1018, 22.6, 46 
2297454.435604, 1018, 22.6, 46 
2297514.44787, 1018, 22.6, 46 
2297574.487833, 1018, 22.6, 46 
2297634.537844, 1018, 22.6, 46 
2297694.601913, 1018, 22.6, 46 
2297754.617829, 1018, 22.6, 46 
2297814.681228, 1018, 22.6, 46 
2297874.737868, 1018, 22.6, 46 
2297934.801195, 1018, 22.6, 46 
2297994.858632, 1018, 22.6, 46 
2298054.923572, 1018, 22.6, 46 
2298114.98701, 1018, 22.6, 46 
2298175.047824, 1018, 22.6, 46 
2298235.111271, 1018, 22.6, 46 
2298295.127851, 1018, 22.6, 46 
2298355.191319, 1018, 22.6, 46 
2298415.207898, 1018, 22.6, 46 
2298475.271368, 1018, 22.6, 46 
2298535.33479, 1018, 22.6, 46 
2298595.398328, 1018, 22.6, 46 
2298655.461751, 1018, 22.6, 46 
2298715.525123, 1018, 22.6, 46 
2298775.547859, 1018, 22.6, 46 
2298835.611306, 1018, 22.6, 46 
2298895.669697, 1018, 22.6, 46 
2298955.734238, 1018, 22.6, 47 
2299015.798094, 1018, 22.6, 47 
2299075.861662, 1018, 22.6, 47 
2299135.92516, 1018, 22.5, 47 
2299195.988652, 1018, 22.6, 47 
2299256.052115, 1018, 22.6, 47 
2299316.067866, 1018, 22.6, 47 
2299376.131248, 1018, 22.5, 46 
2299436.194754, 1018, 22.6, 46 
2299496.257834, 1018, 22.6, 47 
2299556.321277, 1018, 22.6, 46 
2299616.337875, 1018, 22.6, 46 
2299676.401324, 1018, 22.6, 46 
2299736.464584, 1018, 22.6, 46 
2299796.528139, 1018, 22.6, 46 
2299856.591417, 1018, 22.6, 46 
2299916.654886, 1018, 22.6, 46 
2299976.697937, 1018, 22.6, 46 
2300036.757858, 1018, 22.6, 46 
2300096.819705, 1018, 22.5, 46 
2300156.8279, 1018, 22.6, 46 
2300216.89119, 1018, 22.6, 46 
2300276.954617, 1018, 22.6, 46 
2300337.017948, 1018, 22.6, 46 
2300397.02783, 1018, 22.6, 46 
2300457.087976, 1018, 22.5, 46 
2300517.151492, 1018, 22.5, 46 
2300577.213136, 1018, 22.6, 46 
2300637.258291, 1018, 22.6, 46 
2300697.319978, 1018, 22.6, 46 
2300757.38148, 1018, 22.6, 46 
2300817.387646, 1018, 22.5, 46 
2300877.449751, 1018, 22.6, 47 
2300937.457678, 1018, 22.6, 46 
2300997.487683, 1018, 22.6, 46 
2301057.505486, 1018, 22.5, 46 
2301117.527681, 1018, 22.6, 46 
2301177.587652, 1018, 22.5, 46 
2301237.607661, 1018, 22.6, 47 
2301297.6692, 1018, 22.5, 47 
2301357.730812, 1018, 22.6, 46 
2301417.737866, 1018, 22.6, 47 
2301477.801039, 1018, 22.5, 46 
2301537.80784, 1018, 22.6, 47 
2301597.867835, 1018, 22.5, 47 
2301657.931295, 1018, 22.6, 47 
2301717.987843, 1018, 22.5, 47 
2301778.051212, 1018, 22.6, 47 
2301838.114586, 1018, 22.5, 47 
2301898.178, 1018, 22.5, 47 
2301958.237856, 1018, 22.5, 47 
2302018.297843, 1018, 22.6, 47 
2302078.361179, 1018, 22.6, 47 
2302138.424517, 1018, 22.6, 47 
2302198.487812, 1018, 22.6, 47 
2302258.527857, 1018, 22.5, 47 
2302318.567877, 1018, 22.6, 47 
2302378.631221, 1018, 22.6, 47 
2302438.693552, 1018, 22.5, 47 
2302498.737811, 1018, 22.5, 47 
2302558.757868, 1018, 22.6, 47 
2302618.821953, 1018, 22.5, 47 
2302678.885311, 1018, 22.5, 47 
2302738.948733, 1018, 22.5, 46 
2302799.011229, 1018, 22.5, 46 
2302859.029106, 1018, 22.6, 47 
2302919.092503, 1018, 22.6, 47 
2302979.147839, 1018, 22.6, 47 
2303039.208077, 1018, 22.5, 47 
2303099.271694, 1018, 22.5, 47 
2303159.277825, 1018, 22.6, 47 
2303219.341218, 1018, 22.6, 47 
2303279.404425, 1018, 22.5, 47 
2303339.467804, 1018, 22.5, 47 
2303399.487818, 1018, 22.5, 47 
2303459.547903, 1018, 22.5, 47 
2303519.611998, 1018, 22.5, 47 
2303579.675312, 1018, 22.5, 47 
2303639.73792, 1018, 22.5, 46 
2303699.80129, 1018, 22.5, 47 
2303759.864439, 1018, 22.5, 47 
2303819.917845, 1018, 22.5, 46 
2303879.981872, 1018, 22.5, 46 
2303939.987871, 1018, 22.5, 46 
2304000.051193, 1018, 22.5, 46 
2304060.067828, 1018, 22.6, 46 
2304120.131154, 1018, 22.5, 46 
2304180.194449, 1018, 22.5, 46 
2304240.258655, 1018, 22.5, 46 
2304300.321982, 1018, 22.5, 46 
2304360.347873, 1018, 22.5, 46 
2304420.40805, 1018, 22.5, 46 
2304480.467806, 1018, 22.5, 46 
2304540.487869, 1018, 22.5, 46 
2304600.55116, 1018, 22.5, 46 
2304660.614523, 1018, 22.5, 46 
2304720.677831, 1018, 22.5, 46 
2304780.737839, 1018, 22.5, 46 
2304840.797841, 1018, 22.6, 46 
2304900.857815, 1018, 22.5, 47 
2304960.867868, 1018, 22.6, 47 
2305020.931166, 1018, 22.6, 46 
2305080.937845, 1018, 22.5, 46 
2305140.997848, 1018, 22.6, 46 
2305201.061224, 1018, 22.6, 46 
2305261.124578, 1018, 22.5, 46 
2305321.188736, 1018, 22.5, 46 
2305381.252431, 1018, 22.6, 46 
2305441.316035, 1018, 22.6, 46 
2305501.357209, 1018, 22.5, 46 
2305561.4206, 1018, 22.5, 46 
2305621.47784, 1018, 22.6, 46 
2305681.487874, 1018, 22.5, 46 
2305741.551218, 1018, 22.5, 46 
2305801.61456, 1018, 22.5, 46 
2305861.67803, 1018, 22.5, 46 
2306509.477692, 1018, 22.5, 46 
2306569.541809, 1018, 22.6, 46 
